<?xml version="1.0" encoding="UTF-8"?>
<robot generator="Robot 6.1 (Python 3.11.4 on win32)" generated="20230718 08:48:37.470" rpa="false" schemaversion="4">
<suite id="s1" name="Tests" source="C:\Users\monsh\PycharmProjects\Occazio\Tests">
<suite id="s1-s1" name="HomeTest" source="C:\Users\monsh\PycharmProjects\Occazio\Tests\HomeTest.robot">
<test id="s1-s1-t1" name="Lancer le slide" line="8">
<kw name="Run Keyword" library="BuiltIn" type="SETUP">
<arg>Occazio Remote</arg>
<doc>Executes the given keyword with the given arguments.</doc>
<kw name="Occazio Remote" library="Base">
<doc>Ouvrir l'application occazio</doc>
<kw name="Open Application" library="AppiumLibrary">
<arg>${REMOTE_URL}</arg>
<arg>deviceName=${DEVICE_NAME_BROWSERSTACK}</arg>
<arg>app=${APP_BROWSERSTACK}</arg>
<arg>platformVersion=${PLATFORM_VERSION_BROWSERSTACK}</arg>
<arg>automationName=${AUTOMATION_NAME}</arg>
<arg>platformName=${PLATFORM_NAME_BROWSERSTACK}</arg>
<doc>Opens a new application to given Appium server.
Capabilities of appium server, Android and iOS,
Please check https://github.com/appium/appium/blob/master/docs/en/writing-running-appium/server-args.md
| *Option*            | *Man.* | *Description*     |
| remote_url          | Yes    | Appium server url |
| alias               | no     | alias             |
| strict_ssl          | No     | allows you to send commands to an invalid certificate host like a self-signed one. |</doc>
<status status="PASS" starttime="20230718 08:48:37.728" endtime="20230718 08:49:05.118"/>
</kw>
<status status="PASS" starttime="20230718 08:48:37.728" endtime="20230718 08:49:05.118"/>
</kw>
<status status="PASS" starttime="20230718 08:48:37.728" endtime="20230718 08:49:05.118"/>
</kw>
<kw name="Derouler le slide" library="Home">
<kw name="Wait Until Element Is Visible" library="AppiumLibrary">
<arg>${BtnDemarrer}</arg>
<arg>10</arg>
<doc>Waits until element specified with `locator` is visible.</doc>
<msg timestamp="20230718 08:49:09.311" level="INFO">criteria is bt_start_showcase
criteria is bt_start_showcase
criteria is bt_start_showcase
criteria is bt_start_showcase
criteria is bt_start_showcase
criteria is bt_start_showcase
criteria is bt_start_showcase</msg>
<status status="PASS" starttime="20230718 08:49:05.118" endtime="20230718 08:49:09.311"/>
</kw>
<kw name="Click Element" library="AppiumLibrary">
<arg>${BtnDemarrer}</arg>
<doc>Click element identified by `locator`.</doc>
<msg timestamp="20230718 08:49:09.311" level="INFO">Clicking element 'id=bt_start_showcase'.</msg>
<msg timestamp="20230718 08:49:09.814" level="INFO">criteria is bt_start_showcase</msg>
<status status="PASS" starttime="20230718 08:49:09.311" endtime="20230718 08:49:09.814"/>
</kw>
<kw name="Sleep" library="BuiltIn">
<arg>2s</arg>
<doc>Pauses the test executed for the given time.</doc>
<msg timestamp="20230718 08:49:11.814" level="INFO">Slept 2 seconds</msg>
<status status="PASS" starttime="20230718 08:49:09.814" endtime="20230718 08:49:11.814"/>
</kw>
<kw name="Wait Until Element Is Visible" library="AppiumLibrary">
<arg>${fragement}</arg>
<doc>Waits until element specified with `locator` is visible.</doc>
<msg timestamp="20230718 08:49:12.365" level="INFO">criteria is indicator_showcase</msg>
<status status="PASS" starttime="20230718 08:49:11.814" endtime="20230718 08:49:12.365"/>
</kw>
<kw name="Run Keyword And Return Status" library="BuiltIn">
<var>${buttons}</var>
<arg>Page Should Not Contain Element</arg>
<arg>${StopShowcase}</arg>
<doc>Runs the given keyword with given arguments and returns the status as a Boolean value.</doc>
<kw name="Page Should Not Contain Element" library="AppiumLibrary">
<arg>${StopShowcase}</arg>
<doc>Verifies that current page not contains `locator` element.</doc>
<msg timestamp="20230718 08:49:12.656" level="INFO">Current page not contains element 'id=bt_stop_showcase'.</msg>
<msg timestamp="20230718 08:49:12.656" level="INFO">criteria is bt_stop_showcase</msg>
<status status="PASS" starttime="20230718 08:49:12.373" endtime="20230718 08:49:12.656"/>
</kw>
<msg timestamp="20230718 08:49:12.656" level="INFO">${buttons} = True</msg>
<status status="PASS" starttime="20230718 08:49:12.365" endtime="20230718 08:49:12.656"/>
</kw>
<for flavor="IN RANGE">
<var>${index}</var>
<value>4</value>
<iter>
<var name="${index}">0</var>
<kw name="Run Keyword If" library="BuiltIn">
<arg>${buttons}</arg>
<arg>Swipe By Percent</arg>
<arg>90</arg>
<arg>50</arg>
<arg>10</arg>
<arg>50</arg>
<arg>200</arg>
<arg>ELSE</arg>
<arg>Exit For Loop</arg>
<doc>Runs the given keyword with the given arguments, if ``condition`` is true.</doc>
<kw name="Swipe By Percent" library="AppiumLibrary">
<arg>90</arg>
<arg>50</arg>
<arg>10</arg>
<arg>50</arg>
<arg>200</arg>
<doc>Swipe from one percent of the screen to another percent, for an optional duration.
Normal swipe fails to scale for different screen resolutions, this can be avoided using percent.</doc>
<status status="PASS" starttime="20230718 08:49:12.656" endtime="20230718 08:49:14.542"/>
</kw>
<status status="PASS" starttime="20230718 08:49:12.656" endtime="20230718 08:49:14.542"/>
</kw>
<status status="PASS" starttime="20230718 08:49:12.656" endtime="20230718 08:49:14.542"/>
</iter>
<iter>
<var name="${index}">1</var>
<kw name="Run Keyword If" library="BuiltIn">
<arg>${buttons}</arg>
<arg>Swipe By Percent</arg>
<arg>90</arg>
<arg>50</arg>
<arg>10</arg>
<arg>50</arg>
<arg>200</arg>
<arg>ELSE</arg>
<arg>Exit For Loop</arg>
<doc>Runs the given keyword with the given arguments, if ``condition`` is true.</doc>
<kw name="Swipe By Percent" library="AppiumLibrary">
<arg>90</arg>
<arg>50</arg>
<arg>10</arg>
<arg>50</arg>
<arg>200</arg>
<doc>Swipe from one percent of the screen to another percent, for an optional duration.
Normal swipe fails to scale for different screen resolutions, this can be avoided using percent.</doc>
<status status="PASS" starttime="20230718 08:49:14.542" endtime="20230718 08:49:16.500"/>
</kw>
<status status="PASS" starttime="20230718 08:49:14.542" endtime="20230718 08:49:16.500"/>
</kw>
<status status="PASS" starttime="20230718 08:49:14.542" endtime="20230718 08:49:16.500"/>
</iter>
<iter>
<var name="${index}">2</var>
<kw name="Run Keyword If" library="BuiltIn">
<arg>${buttons}</arg>
<arg>Swipe By Percent</arg>
<arg>90</arg>
<arg>50</arg>
<arg>10</arg>
<arg>50</arg>
<arg>200</arg>
<arg>ELSE</arg>
<arg>Exit For Loop</arg>
<doc>Runs the given keyword with the given arguments, if ``condition`` is true.</doc>
<kw name="Swipe By Percent" library="AppiumLibrary">
<arg>90</arg>
<arg>50</arg>
<arg>10</arg>
<arg>50</arg>
<arg>200</arg>
<doc>Swipe from one percent of the screen to another percent, for an optional duration.
Normal swipe fails to scale for different screen resolutions, this can be avoided using percent.</doc>
<status status="PASS" starttime="20230718 08:49:16.500" endtime="20230718 08:49:18.138"/>
</kw>
<status status="PASS" starttime="20230718 08:49:16.500" endtime="20230718 08:49:18.138"/>
</kw>
<status status="PASS" starttime="20230718 08:49:16.500" endtime="20230718 08:49:18.138"/>
</iter>
<iter>
<var name="${index}">3</var>
<kw name="Run Keyword If" library="BuiltIn">
<arg>${buttons}</arg>
<arg>Swipe By Percent</arg>
<arg>90</arg>
<arg>50</arg>
<arg>10</arg>
<arg>50</arg>
<arg>200</arg>
<arg>ELSE</arg>
<arg>Exit For Loop</arg>
<doc>Runs the given keyword with the given arguments, if ``condition`` is true.</doc>
<kw name="Swipe By Percent" library="AppiumLibrary">
<arg>90</arg>
<arg>50</arg>
<arg>10</arg>
<arg>50</arg>
<arg>200</arg>
<doc>Swipe from one percent of the screen to another percent, for an optional duration.
Normal swipe fails to scale for different screen resolutions, this can be avoided using percent.</doc>
<status status="PASS" starttime="20230718 08:49:18.138" endtime="20230718 08:49:19.794"/>
</kw>
<status status="PASS" starttime="20230718 08:49:18.138" endtime="20230718 08:49:19.794"/>
</kw>
<status status="PASS" starttime="20230718 08:49:18.138" endtime="20230718 08:49:19.794"/>
</iter>
<status status="PASS" starttime="20230718 08:49:12.656" endtime="20230718 08:49:19.794"/>
</for>
<kw name="Click Element" library="AppiumLibrary">
<arg>${glissaire}</arg>
<doc>Click element identified by `locator`.</doc>
<msg timestamp="20230718 08:49:19.794" level="INFO">Clicking element 'id=v_seekbar_overlay'.</msg>
<msg timestamp="20230718 08:49:20.901" level="INFO">criteria is v_seekbar_overlay</msg>
<status status="PASS" starttime="20230718 08:49:19.794" endtime="20230718 08:49:20.901"/>
</kw>
<kw name="Click Element" library="AppiumLibrary">
<arg>${StopShowcase}</arg>
<doc>Click element identified by `locator`.</doc>
<msg timestamp="20230718 08:49:20.909" level="INFO">Clicking element 'id=bt_stop_showcase'.</msg>
<msg timestamp="20230718 08:49:21.960" level="INFO">criteria is bt_stop_showcase</msg>
<status status="PASS" starttime="20230718 08:49:20.901" endtime="20230718 08:49:21.968"/>
</kw>
<kw name="Wait Until Element Is Visible" library="AppiumLibrary">
<arg>${permission}</arg>
<doc>Waits until element specified with `locator` is visible.</doc>
<msg timestamp="20230718 08:49:27.867" level="INFO">&lt;?xml version='1.0' encoding='UTF-8' standalone='yes' ?&gt;
&lt;hierarchy index="0" class="hierarchy" rotation="0" width="1080" height="2186"&gt;
  &lt;android.widget.FrameLayout index="0" package="fr.dsquad.occazio" class="android.widget.FrameLayout" text="" checkable="false" checked="false" clickable="false" enabled="true" focusable="false" focused="false" long-clickable="false" password="false" scrollable="false" selected="false" bounds="[42,538][1038,1829]" displayed="true"&gt;
    &lt;android.widget.LinearLayout index="0" package="fr.dsquad.occazio" class="android.widget.LinearLayout" text="" checkable="false" checked="false" clickable="false" enabled="true" focusable="false" focused="false" long-clickable="false" password="false" scrollable="false" selected="false" bounds="[42,538][1038,1829]" displayed="true"&gt;
      &lt;android.widget.FrameLayout index="0" package="fr.dsquad.occazio" class="android.widget.FrameLayout" text="" resource-id="android:id/content" checkable="false" checked="false" clickable="false" enabled="true" focusable="false" focused="false" long-clickable="false" password="false" scrollable="false" selected="false" bounds="[42,538][1038,1829]" displayed="true"&gt;
        &lt;android.view.ViewGroup index="0" package="fr.dsquad.occazio" class="android.view.ViewGroup" text="" checkable="false" checked="false" clickable="false" enabled="true" focusable="false" focused="false" long-clickable="false" password="false" scrollable="false" selected="false" bounds="[42,538][1038,1829]" displayed="true"&gt;
          &lt;android.widget.TextView index="0" package="fr.dsquad.occazio" class="android.widget.TextView" text="Je suis là pour" resource-id="fr.dsquad.occazio:id/tv_why_user_title" checkable="false" checked="false" clickable="false" enabled="true" focusable="false" focused="false" long-clickable="false" password="false" scrollable="false" selected="false" bounds="[243,622][837,745]" displayed="true" /&gt;
          &lt;android.widget.GridLayout index="1" package="fr.dsquad.occazio" class="android.widget.GridLayout" text="" resource-id="fr.dsquad.occazio:id/grid_why_user" checkable="false" checked="false" clickable="false" enabled="true" focusable="false" focused="false" long-clickable="false" password="false" scrollable="false" selected="false" bounds="[84,829][996,1607]" displayed="true"&gt;
            &lt;android.view.ViewGroup index="0" package="fr.dsquad.occazio" class="android.view.ViewGroup" text="" resource-id="fr.dsquad.occazio:id/grid_why_buy" checkable="false" checked="false" clickable="false" enabled="true" focusable="false" focused="false" long-clickable="false" password="false" scrollable="false" selected="false" bounds="[84,829][452,1197]" displayed="true"&gt;
              &lt;android.view.View index="0" package="fr.dsquad.occazio" class="android.view.View" text="" resource-id="fr.dsquad.occazio:id/v_click_why_buy" checkable="false" checked="false" clickable="true" enabled="true" focusable="true" focused="false" long-clickable="false" password="false" scrollable="false" selected="false" bounds="[84,829][452,1197]" displayed="true" /&gt;
              &lt;android.widget.ImageView index="1" package="fr.dsquad.occazio" class="android.widget.ImageView" text="" resource-id="fr.dsquad.occazio:id/iv_why_buy" checkable="false" checked="false" clickable="false" enabled="true" focusable="false" focused="false" long-clickable="false" password="false" scrollable="false" selected="false" bounds="[203,871][334,1002]" displayed="true" /&gt;
              &lt;android.widget.TextView index="2" package="fr.dsquad.occazio" class="android.widget.TextView" text="CHERCHER UN VÉHICULE" checkable="false" checked="false" clickable="false" enabled="true" focusable="false" focused="false" long-clickable="false" password="false" scrollable="false" selected="false" bounds="[105,1049][431,1150]" displayed="true" /&gt;
            &lt;/android.view.ViewGroup&gt;
            &lt;android.view.ViewGroup index="1" package="fr.dsquad.occazio" class="android.view.ViewGroup" text="" resource-id="fr.dsquad.occazio:id/grid_why_sell" checkable="false" checked="false" clickable="false" enabled="true" focusable="false" focused="false" long-clickable="false" password="false" scrollable="false" selected="false" bounds="[628,829][996,1197]" displayed="true"&gt;
              &lt;android.view.View index="0" package="fr.dsquad.occazio" class="android.view.View" text="" resource-id="fr.dsquad.occazio:id/v_click_why_sell" checkable="false" checked="false" clickable="true" enabled="true" focusable="true" focused="false" long-clickable="false" password="false" scrollable="false" selected="false" bounds="[628,829][996,1197]" displayed="true" /&gt;
              &lt;android.widget.ImageView index="1" package="fr.dsquad.occazio" class="android.widget.ImageView" text="" resource-id="fr.dsquad.occazio:id/iv_why_sell" checkable="false" checked="false" clickable="false" enabled="true" focusable="false" focused="false" long-clickable="false" password="false" scrollable="false" selected="false" bounds="[747,871][878,1002]" displayed="true" /&gt;
              &lt;android.widget.TextView index="2" package="fr.dsquad.occazio" class="android.widget.TextView" text="VENDRE UN VÉHICULE" resource-id="fr.dsquad.occazio:id/tv_why_sell" checkable="false" checked="false" clickable="false" enabled="true" focusable="false" focused="false" long-clickable="false" password="false" scrollable="false" selected="false" bounds="[649,1049][975,1150]" displayed="true" /&gt;
            &lt;/android.view.ViewGroup&gt;
            &lt;android.view.ViewGroup index="2" package="fr.dsquad.occazio" class="android.view.ViewGroup" text="" resource-id="fr.dsquad.occazio:id/grid_why_buy_sell" checkable="false" checked="false" clickable="false" enabled="true" focusable="false" focused="false" long-clickable="false" password="false" scrollable="false" selected="false" bounds="[84,1239][452,1607]" displayed="true"&gt;
              &lt;android.view.View index="0" package="fr.dsquad.occazio" class="android.view.View" text="" resource-id="fr.dsquad.occazio:id/v_click_why_buy_sell" checkable="false" checked="false" clickable="true" enabled="true" focusable="true" focused="false" long-clickable="false" password="false" scrollable="false" selected="false" bounds="[84,1239][452,1607]" displayed="true" /&gt;
              &lt;android.widget.ImageView index="1" package="fr.dsquad.occazio" class="android.widget.ImageView" text="" resource-id="fr.dsquad.occazio:id/iv_why_buy_sell" checkable="false" checked="false" clickable="false" enabled="true" focusable="false" focused="false" long-clickable="false" password="false" scrollable="false" selected="false" bounds="[203,1281][334,1412]" displayed="true" /&gt;
              &lt;android.widget.TextView index="2" package="fr.dsquad.occazio" class="android.widget.TextView" text="REMPLACER MON VÉHICULE" resource-id="fr.dsquad.occazio:id/tv_why_buy_sell" checkable="false" checked="false" clickable="false" enabled="true" focusable="false" focused="false" long-clickable="false" password="false" scrollable="false" selected="false" bounds="[84,1480][452,1581]" displayed="true" /&gt;
            &lt;/android.view.ViewGroup&gt;
            &lt;android.view.ViewGroup index="3" package="fr.dsquad.occazio" class="android.view.ViewGroup" text="" resource-id="fr.dsquad.occazio:id/grid_why_other" checkable="false" checked="false" clickable="false" enabled="true" focusable="false" focused="false" long-clickable="false" password="false" scrollable="false" selected="false" bounds="[628,1239][996,1607]" displayed="true"&gt;
              &lt;android.view.View index="0" package="fr.dsquad.occazio" class="android.view.View" text="" resource-id="fr.dsquad.occazio:id/v_click_why_other" checkable="false" checked="false" clickable="true" enabled="true" focusable="true" focused="false" long-clickable="false" password="false" scrollable="false" selected="false" bounds="[628,1239][996,1607]" displayed="true" /&gt;
              &lt;android.widget.ImageView index="1" package="fr.dsquad.occazio" class="android.widget.ImageView" text="" resource-id="fr.dsquad.occazio:id/iv_why_other" checkable="false" checked="false" clickable="false" enabled="true" focusable="false" focused="false" long-clickable="false" password="false" scrollable="false" selected="false" bounds="[747,1281][878,1412]" displayed="true" /&gt;
              &lt;android.widget.TextView index="2" package="fr.dsquad.occazio" class="android.widget.TextView" text="DÉCOUVRIR" checkable="false" checked="false" clickable="false" enabled="true" focusable="false" focused="false" long-clickable="false" password="false" scrollable="false" selected="false" bounds="[703,1504][922,1558]" displayed="true" /&gt;
            &lt;/android.view.ViewGroup&gt;
          &lt;/android.widget.GridLayout&gt;
          &lt;android.widget.TextView index="2" package="fr.dsquad.occazio" class="android.widget.TextView" text="Je ne souhaite pas optimiser Occazio" resource-id="fr.dsquad.occazio:id/tv_why_skip" checkable="false" checked="false" clickable="true" enabled="true" focusable="true" focused="false" long-clickable="false" password="false" scrollable="false" selected="false" bounds="[285,1691][996,1787]" displayed="true" /&gt;
        &lt;/android.view.ViewGroup&gt;
      &lt;/android.widget.FrameLayout&gt;
    &lt;/android.widget.LinearLayout&gt;
  &lt;/android.widget.FrameLayout&gt;
&lt;/hierarchy&gt;</msg>
<kw name="Capture Page Screenshot" library="AppiumLibrary">
<doc>Takes a screenshot of the current page and embeds it into the log.</doc>
<msg timestamp="20230718 08:49:29.595" level="INFO" html="true">&lt;/td&gt;&lt;/tr&gt;&lt;tr&gt;&lt;td colspan="3"&gt;&lt;img src="data:image/png;base64, iVBORw0KGgoAAAANSUhEUgAABDgAAAlgCAYAAABtGofVAAAAAXNSR0IArs4c6QAAAARzQklUCAgI
CHwIZIgAACAASURBVHic7N15eFtnnTf879E52lfLkrzFu7PaSZo96d4mtA1tWrrRDUrpAgwzpTAz
MFDKzPO+Dw0wz7wDhZmHgZZOpyxdoNAFSLekWwpJk2Z14qxeEsf7Klv7ct4/FMuWJduSLC9yvp/r
6nVZ8tHRbTfWOed7fvfvFkzmMhlERERERERERFlMMdMDICIiIiIiIiKaLAYcRERERERERJT1GHAQ
ERERERERUdZjwEFEREREREREWY8BBxERERERERFlPQYcRERERERERJT1GHAQERERERERUdZjwEFE
REREREREWY8BBxERERERERFlPQYcRERERERERJT1GHAQERERERERUdZjwEFEREREREREWY8BBxER
ERERERFlPQYcRERERERERJT1GHAQERERERERUdZjwEFEREREREREWY8BBxERERERERFlPQYcRERE
RERERJT1GHAQERERERERUdZjwEFEREREREREWY8BBxERERERERFlPQYcRERERERERJT1GHAQERER
ERERUdZjwEFEREREREREWY8BBxERERERERFlPQYcRERERERERJT1GHAQERERERERUdZjwEFERERE
REREWY8BBxERERERERFlPQYcRERERERERJT1GHAQERERERERUdZjwEFEREREREREWY8BBxERERER
ERFlPQYcRERERERERJT1GHAQERERERERUdZjwEFEREREREREWY8BBxERERERERFlPQYcRERERERE
RJT1GHAQERERERERUdZjwEFEREREREREWY8BBxERERERERFlPWmmB0BEF57XXv31TA8hzpYb75np
IRARERER0SSwgoMogfmrAhCE5LcXBGDR+sDUDYiIiIiIiIjGxQoOogT8HgHLrvTj4DuqpLZfuC6A
gDeFRISIiIiIaAbU1CxO+HxnZxfa2zuneTQXjsLCfOh02jG/73Z70NLSNo0jmpsYcBAlcPa4iI33
enB6nxIeF6DSypCUgEKMfD8cAoKBSBCi0sq47DYP/vtbxpkdNBERERHRCHl5dlRXL8LSmsVYunQJ
HA7bhK9paDiDw7V1qK2tw65de6dhlHOf1ZqDpUuXTLid1+tDT0/vNIxo7mLAQZRAOCTghe8bsOle
N3ILwtAaZYhKQCHK0e+HgoBnUED3OREv/sCAYIAVHEREREQ0866++jKsX7ca69evgpDKvGsAFRWl
qKgoxY1broXL7cGuXXuxY8cHOHz46BSNdvrU1CzG0prFePW11+FyuWd6ODQFGHBMAUkS4XDYEQqF
MlrmpVIpYbfbIIdldHR2IhgMZWzfM0Wn08Fuz8XAwOCsSisdJSFc+4AHtqLEv2NRkiFKgEojw2wL
w2wL4a1ndWg9LU7zSImIiIiIIq6++jLcfdetyMuzj7udy+1BfX1j9PHSBNNWBEGAQa/Dpo2XY+PV
l+FwbR2ef/4PWRt0lJeXYuvj34YgCNi48XI8+NBXZ3pINAUYcGRIQX4ebr75etQsXYyiwgIoFJGk
NBgMobm5BfsPHMbvf/9H9PX1p7Tf8vJSbLnhGlRXL0ZBgSOawIZCYZxracXhw0fx6quvT/t8rW8/
+vew23Ojj//rZ8/g2LGTSb32iisuwVVXXoIFC6tgNOijz/c7B3DqZD1ef2PHjJbDFVaFcOvfD0JK
rv0GACC3KIzb/3EQv/+RHs3H+WdFRERERNOnvLwUDz74GSxLMA2io6MrOuWkvr4RDQ1nxtxPTc1i
lJeXRqa0LFsC/fmeEYIgYNnSJeerH97Ac8+9lHUVEBvWr45eS00UAFH2EkzmMnmmB5HtbrppM+6+
+zbotJpxt3MODOIXv/gVduz4IKn93vvZO/CpT30SSuX4F8xerw8vvPgyfve7V5Me82TceefNuOfu
22Ke+5f/9QPs23do3NcZDHr84z/8LVatWj7udrIs4513P8RPfvLzaa9SUShk3PfdQZgdYQBAa72I
P/1Uh033elC2NBizbcspEX/6mQ7XPeBB8aLI9wZ6FHj6WwaEQ5yuMh4uE0tERESUGVu2XIeHHvxM
3FSU7Ts+wO5de7Fr98eQ5dQu+QRBgE6nxfr1q3HTjZtRXl4S8/1Blxtbt/4wq6o57r7rVtx11y3R
x1N17ldYmI/FixdAkiZ/0zMYDKKu7gSbj6aAt5on6Z67b8Mdd3wq5gPF5/Oju7sXoqhAbq4VkhSZ
tmAyGvCVh78AtUqFba9vH3e/X/6b+7F588aY5wKBYHQah82WC1GMrPKr0ajxuXvvgE6rxbO/fCGT
P16c0tJi3HzzDSm/TqVS4p+/83UsXjw/5nm3xwvXoAsmkxFqdaRkQhAEXH3VpVCrVfj+95/IyLiT
deltvmi4AQCH3lVhoFeB3X/SoGzpYMy2e7apMdirwIHt6mjAYbSGcfntPrz7/PhhFxERERHRZOj1
Ojz4wGewadMVMc/v3r0PTz717KSmysuyDJfLje3b38eOHR+gpmYxvvrIF6NNSg16HR7/7qN44sc/
x/bt70/q55hrKspL4fP64IMvY/tjwJE8BhyTsGLFUtx++03RcMPvD+CVV7fhlVe2ob/fCQCw23Nx
661bcN21GyGKCoiiAp+99w4crq1Dc3NLwv1eesk6XHfd1dHHgUAQL7/yZ/zhD3/CwMBgdL93fPpm
XHPNldH3v/XWLdh/4PCUJqlf/OLnJqxUSeQzn/l0TLjR1taBX//md9i5cxeCwRB0Oh2uv/4TuO22
G6P7v+Titbj11i146aXXMjb+8YiSjKqVgZjnLrnVC3txCJUrgnHbb/ysB8WLQ5g/6jWVFwXwwe/U
CAWnt4pDpVLCas1BUVEBLBYzJEmC1+tDZ0cnWlrb4XQOIBwOT7wjIiIiIprV9Hodtj7+GCoqSqPP
udwePP74v6O2tm7Mig29Xofy8shrystLYdDr0N7RiY6OLgBAbW1d3GtkWcbhw0fx4ENfxV133hKt
ghAEAV995IuoqVmMJ574WaZ/RKK0MOCYhFtu2RKtopBlGT9/8lm88caOmG06O7vxX//1DPr6+qPT
OowGPW65+Xr8+CdPJtzvjTdujoYWsizjv372DN588524/f7Hfz6F/n4nPv3pmwAACoWAW26+fsoC
ji1brkvYgGgieXl2fHLzpujj9vZOPPadrTGpstvtxm9/+wpOnqzHN7/5SHS+3803X4833tiBwUHX
5H+ACYgSoDPGBgAGs4yVn/An3N5gkbFyU3wyqzWGIUpAKD4TmTKVlWW47bYbsXbNSiiVUsy/H1kG
enp68cabO/Daa29k3XxJIiIiIorlcNiRl++IPj5cW4etW3+Y8Jw5L8+OtWtXYdPGy2OmmoysQB8K
RFxuDw4fOopdu/di9+6PY84bZVnGb557Cbt278W3H/37aDVHZUUZ9HodzzGTVDW/Im653o6OLpw6
WT9DI5pbGHCkyWazoqZ6UfRx7ZFjceHGSM8//wdceul6lJbMAwCsWbMCkiTG9ZgwGg2oqiqPPj5+
/HRcuDHSL3/1Ii69dD0KC/MAAAsXzR9z28nIy7Pjzjtvjj6ur2+KSYzHs3nzpuj0EwB49pcvjlky
d+DAYfz2t6/gvs/dCQAwm4y49tqrp6WKQ1AAyhQai45FUgGKaVpMRZJE3HzzDbj+k5+A1WqJm3sp
CAIEIfLv9c47bsHaNSvx5JO/RN2xE9MzQCIiIiLKuIaGJjz66P/G1q3fwa5de/HEEz+Lq9rIy7Pj
zjtuxsaNl0+4VOzQ9w16HTZsWI0NG1Zj0OXGq69si1tStb6+CV955Fv43tbvAAAe/fZ3Z024MRTm
fPTRxxldzTKTNl59GcxmU8xztUeOMeDIEAYcaVqzekW0twYAfLhz94Sv+Wj3vmjAYbGYUV29GAcP
1sZsU1JcFNNU9Gjd8Qn3e+RIXTTgMBr0yMuzZ/wP+qEH74XJaAAAnDl7Djs/3J10wDGy6qOlpR3v
v/+Xcbd/6aXXsOWGa5GbmwMAWL68ZloCDp9bwA8fMk/5+2SKQqHAzTffgHvuvi1aSTQeUVRg/vwK
/MM/fBk/+Ncf4yQ/RImIiIiyVn19Ex555Ftx5/16vQ533XUrbtxy7ZjBRkPDGQy6hqs98hz2uKoC
g16Hu+++FTfetBlPPfXLmF4bLpcb33r0f0e/ng3y8uz40Y+2Rsd9110Pzcg4vvGNh8f83o4dO3D/
/Z+Pe/6nP/3puK/bedPE15oUwYAjTRUVZTGPP9qzb8LXHDhYi9tvvzH6uKqqPC7gMJqMMY+dzoEJ
99t3vt/HEIvFnDDg+NKX7sNVV12GUCiEl1/+M1588eUJ9w1E1tNeu3YFgMjytL/4xa+ic/eSUVxc
FP361OnkLqoPHKzFxqsvAxCZfpFpFcsD2HSvB7IMvPWMDo21EtQ6GV/+sXPiFyfhp4+Y4HUJKKsJ
4pr73IAAvP0/WtQfUmZk/wBw2WUbcNedtyQVboyUl2fHV77yBTz22NZorxiaGZdffjE2b96IhQuq
AADHT5zCtm3bJwwBiYiIiADEnfPn5dnx6Le+FncjsqOjC7t2f4zt298bd5nY9etWYd361Vi/fnV0
yrhBr0vYa2O2BBtD7HYbDHodgMiYa2oWJ+wpMpPefffduOfWrFkDh8MRvzGlhQFHmuz23OjXA4Mu
dHZ2T/iaU6caIMtyNEmdV1QQt41z1AWnwaCfcL9GgyH6tSzL0ZVWRlqyeAE+uXlT9L3vuvMWbNv2
drRp6VgsFjM+d++d0dft2PE+9u07lHTAYTDooR3RlDSZ3xMQKbsDIgGHyWjAwoVVOH78VFKvTcaV
d3qgN8vRr595zDjBK9J8n7s80Fvk6NeZCji0Wi0+ddPmCZcQHkvxvCJs3Hg5XnllG0Kh6V2KlyLu
v/8e3PypT8Y8V1O9CDXVi1BVVY6nn559S+kSERHR7FVeXoqtWx+LXuQDkWDjued/j+3b309qqdi/
7tqLv+7aC71eh5tu3Iwbb9ocDTo2bbwcFeWls2pKSjbp6OjAkSNH4p6/4YbUV6iksTHgSJNpRKXF
gHP8kGCI2+3GoMsN4/nQQqfTxW1z4uRpDAy6otssSqKnxoIFldGvOzq6EoYIeoM+pkRNkkTodNoJ
A44HHvgMrFYLgEg48d/PPDfheEYyjapICfgDY2wZq7s7NqSx5Vox8WSd5Jntwx/wOXlTt7JIzogl
Z0e+52QIgoBVK5eh5Px0p9H8/gCO1p2A0+lE8bwilJUVx5UniqICm6/bCI/bA69v/CWsRoZyIwUC
QezevReBwDR2U50jLr/84rhwY6SbP/VJnDrVwEoOIiIiSlpFRWlMuPHqa2/gqad+mVSwMZrL5cZv
nnsJr7y6Dd/b+p1oc9KJennQ2P74xz/GPVdaWoqampoZGM3cxYAjTWqNOvq13594lY1ERl7ga8+n
oSMFgyHs+usefOITVwIAqpcsxKWXrsfOnbsS7m/zdRtjStDef/+vCbfbv/8Qjh07hUWLIqXwH/7l
own7dKxfvxpXXL4BQOQi93+efWHCQGS0rq7umAtkg3HiihQgEgaNNLoRT0ad/5zORIPRsfadSZIk
YtXqi6BSxVeDeL0+fO/7P8Lhw0cRDIagUavxwAOfiVlOeEh+vgNf/vL9aY/D5fbg4MFaBAKp/Zsg
YPPmjUltw4CDiIiIkrV9+/sQBAGPfOULeOLHP8fbb7835rYjl4sFEi8PC0SCjke++ii+8pUvYNnS
JazeSJPL5cI778QvHMHqjcxjwJEmSRz+1aVS4h8IDAccGrU64Ta//s3vUF29GIWFeRAEAV95+CHY
7bl47bXXo6uuqFRK3HrLFtx223BPjxMnTuOFF/+QcJ/BYAjfevT/xdKlS+D3+XHk6Pj1EFqtFp+/
7+7oRfHu3fvw3nsfJv1zDvH7AxgYdEUblI5VdTBaKBRbVaEZMc1lqghiZiosppokSpg/vyLh9157
7Q3s3384mtR7vF78z7PPo6KidMzX0PQb6rkx2W2IiIiIRnr77fewa9feMZeL3bLlOqxftyquoSgQ
aTz69vb3sWPH+3HLwz7xxM+Ql2dPuF+a2O7du+Nu4AKAwWCIm7Zit9vZk2MSGHCkKRPlWWPto7u7
Fz/41yfw6Le+hrw8O7RaDe7//N24/fab0NnRBQDIL8iDbsRFf319E773/R/B5xu7miQYDGH//sNJ
je2+z90ZXZnFOTCIp37xy2R/rDgNDU1YvqwaQOSizWrNSdgnZKQ1a1bEPE6ntG6uEhSKMSta3nl3
Z9zvyuVy48TJ0ww4iIiIiC4Ao0MIvV6HBx/4zITLxVZUlOILFZ/F3Xffildf2Ybnnv99zPdn67Kr
2SDR9BQA+MEPfhD33H333YctW7ZM9ZDmrNSWX6BpU1/fhK/9/WPYf2B4lRWjQY+KilJUVJTGhBvb
d3yAf/jH76Crqycj771sWTWuueaq6OMXXnh5Uh9ohw8fjX6tVqtiVpJJZPnyGlx37dUxz/nHCW4u
RGP1MsnLs8c9J4oKGEY0oqWZd/zExA1zk9mGiIiIaDzl5aXY+vhj2LTpioThhsvtiXtuaJnVRx75
IvT6+J6BYzEaDZAkcVLjnUh5eSnuuvOWlFZ0nGkNDQ1oampKatvS0lKGG5PECo5ZymrNwec/fzeW
LV0y4baXXrIOHo8Hzzzz3LgVHMmQJBEPPfjZ6IdT7ZFjePXVbZPa5+uv78ANN1wLy/mqg+uu3Yjj
x0/h3Xfjp7xsWL8aX3nki1CrYxtieLzeSY1hLgmHQ2hr74hZyWfIfffddb4vxnDjz5KSeVi/btV0
DpEmsG3bdtRUL5pwGyIiIqLJGLo5OmRoVZXDh4+i43xlOACUl5dg48YrsHHj5dFVUzZsWIPXXnsd
9fUTX5wbjQasXn0RfF4f9uzdPyVN6PV6XXSVmLvuugUPfeFrWVFVkqj3RiJarRbf/OY3p3g0cx8D
jlnIaDTgX/7569EPI1mWcbTuBPbs2Y/WljYoRBElxUXYsGENysqKoVarcMP116CgIB/f/e6/Rft0
pOOee25HWVkxgEjDyieffHbSP09/vxOvvLINn7v3DgCREOVrX/0bXHLxOhw8WIu+fidsNisuumgp
Vq5YCkEQEAqFIYrDBUZ9ff2THsdc4fcHcPBgLWqqF8Ul8SXFRfiXf/kGXnllG9rbO7Fs6RLcfvtN
cYEREJmy1NPTi3A4fhUZlUoVXT1ntPb2TsiyDI/Hm/C1NLH33/8LqqrKx1xJ5Q8v/5kNRomIiGjS
RjYefe653+O553+fcOp3fX0T6uufxW9+8zt89ZEvYemyJfj2t7+bUrihUqmgUqmwZvWKKQk5ysuH
V4kRBAF2uy0rAo77778f998f29j/hRdewIsvvhi3HXtvTB4DjjRloidEWE58cfj1rz8cDTdCoTB+
8fSv8dprr8dt95vnXsL9998TvUhatXIZ/u7vHsKPfvRfaY1n/vwKbLnh2ujjV19NLrFNxu9+9yqK
CvOxadMVAACFQsD69auwfn18ZcGgy4233no35uLvzJnmjIxjLgiHw9i162Nc/8lrkJNjjvmeIAhY
vqw62vNkPHv27McPf/jThNUx1UsW4vvf/+eEr/vbv/vGpCuFCHj66V/j1KkGbN68MdpQ9PiJU9i2
bTvDDSIiIsqYt99+D4cPH00qDHC53Nj6vR/C4UguPBgZbkSfMxmnLOSYKzo6OmIer1mzBldfffUY
W1MqGHCkaeTSsGIKc82UyuGlPROtvnLJxWux4qLhtZD/vO2thOHGkKef/jUcDhsuuXgtAOCqKy/F
m2/swNG6E0mPacgXHvpc9E5/Y+NZPPf8SynvYzxP/PjncLk9+OTmTVAqE//TO1p3Aj/72TNYu3Zl
9DmX25Ox/iJDQiEB4vlVU4KBqVvPOxQQICoj7xMKZu59mprOYu/e/WPOp5yI2+PFK6/8mVN/Ztj7
7/+FYQYRERFNuVQqHWRZjtn+8ce/DQDYseMDbN/+fvT5ROFG9HsmIxYunD/m8rMXut27d0e/ttls
ePjhh2dwNHMLA440eb2+6NcqZfwf9ViUquGAw+uJv7i87PIN0a99Pj9eeOHlCff53HO/x8Ub1kAQ
BCgUAq666rKUA47bbrsRixYNL0tZV3cCN4yo5hht5Fw+AFixYlnMErDbtr2d8C7/U0/9Eq+/vh1X
X3UZysqKYTAY4PX50NnRhQ927sKBA5FVXm69dbi5ztkz51L6WZLRdFhCxUWRRp2Nh6buz6DhsISq
leff50hm3+dXv/4dFi1egOJ5hSm9LhQK46233mUTSyIiIqILVHl5Kb796NfgcNhwuLYOW7f+MGZp
2JGW1iyGIAg4Unss5vmiooJouBEIBKI3coe+LioqQEtL24SrJ15odu/eDY9nuLnrN7/5Tej1+hkc
0dzCgCNNLtfw8ktGU3IrVKjVKui02uhj58Bg3DZFRQXRr1ta2tDf75xwv01NZ9HV1RNtOllaWpzU
eEa65ZYbYh5v3rwxpdd/6qbNMY937twFny9x1UVzcwue/eUL4+6veslwA8YTJ0+nNJZkvPk/Glzt
B8Jh4J3nI/9PpmIl2ref1SLoBwQBePd5zcQvSEFPTy+2bv0hHn30a5hXVJBUJUcgEMSbb72D//7v
3ySsICIiIiKiue9rX/1SdPW9ZUuXYOPGK1JeWODYsZOQpMjlpMfjQVVVBQCgtrYOVZXlaGw6y3Aj
gY8++ij69ac//WmUl5fP4GjmHgYcaWpta49+bTToYbNZJ5xGUVlRFtM4s3NE5+IhWs3wRXAq0wfc
I1JArTb1C2lDCktATbU1a1YgNzcn+vjjjw9k/D08Awr86eexP7PfIyAUAETlGC9K530GBWx7aup+
t83NLfinf/p/8OCDn8WqVcthMhoSBh3BYAidnd3445/exGuvvZ6RHjJERERENDcMhR2pGpqCUllZ
Fn0uGAzhL3/dk4lhzUlD01Oqq6txxx13zPBo5h4GHGlqajob83jN6hXY9vr4yzrWjFry9XR9Y9w2
nhHTVlJZd9owoqxpZNiRrA927kqpl4PDbsPChcNTWvbtPxxT1TJyCk+qPn37p6JfnzxZj337DqW9
r1QEfQK6z4lwlE2usiHgA8LTWBwxMDCIH//45ygtnYd1a1dh1arlKJpXCI1aDadzACdOnMZHe/bh
o4/2wekcYLhBREREdIHbtWsvystLYh6PptfrEk5bGev5TCgvL8X6davQ0Hgm4Ziy3dD0FK1Wi3/6
p3+a6eHMSQw40rR//2EEgyFI5xuMrlu3asKAY9Wq5dGvPR4v9u+Pv3Dv6uqOLtNaVFiAgvy8mGqR
RBYurIqpeOjs7E765xjyf/7Pf6S0/a23bokJOF555c8ZCSK+/Df3x/QCmeh3mknhMPD60zrc9Hcu
mB3pLX/qcws49J4KAd/UNS5NJBQKob6+CU1NzXjl1dehVEoQBAHhcBh+vx8+nz+lYOP4iVO493N/
m/B7fn8gU8MmIiIiohnwm+deQkdnFxz2SA+Ow4ePxnx/48bL8cADn8Fjjz0e8/wjj3wRFeWlePTb
352SkGPr1seileVfeeRRNDRkZkXH2WJoesrDDz/MvhtThAFHmtrbO1F75BguWh5ZjnPFimVYt24V
du/+OOH2l166HosXzY8+PnToaMImnAcO1mL16osAAJIk4rP3fhr/+q8/GXcs99xze8zjffsOpvSz
zAZ5eXY8+MBnY5aNPVxbh7feendax9HdosDTjxphtofx+a0DGFnUsuPXWhx8J9JIadF6PzY/OFwp
I8vA/3zHiN42xehdTqtQKAS3e/IHm2AwhN7evgyMiIiIiIhmo7fffi/h8zU1i/HIV74AQRDw+OOP
Rau8t9x4XTR8+OojX8LW7/0w45XBI6fNb1i/es4FHLt378b111+PdevWzfRQ5iwGHJPwpz+9iWVL
l0ChiKxe8vDDD0EpSdj54e6Y7S67bAP+5m8+H/1wCIdlvDrG0q9vvvkuttxwbXQe3GWXrkcoFMYz
z/wG3d2xTXry8ux46MF7Y5aVbWw6ix07Pki47y996T5cddVlCIVCePnlP+PFFydeoWWqGAx6lJbM
Q3l5KWqWLsbKFctieoe0tLTjiSd+NmPjIyIiIiK6ENXW1mH7jg+waePlMYHD0NcutwfPPf9STLjh
8XijDUUDAVb7JuJyuVBTU8O+G1OMAcck7Nq1F2+99S6uvfYqAIDZZMQ3vvEwPt34KTSfa4EgCJhX
VIjS0nkx/S3+9Oc3cejQkYT79Hg8eOoXv8I//P2XodGoAQBXXnEx1q1diVOnG9DT0wdBAGy2XFRW
lEGtHl6idmDQhZ///NmE+12yeAE+uXlTdBx33XkLtm17GwMJVnKZSqtWLcc/f+frUCjGnsJx8mQ9
/u3f/jOl9bqJiIiIiCgzhm40btp4eczzLrcH3/72d1FfH1tZ0dLShpaWtmkbXzbS6/X45je/OdPD
mPMYcEzSf/znUxAEAZ/4xBUQBAGCIKC8vCSmac8QWZbx2h/fxJNPJg4hhuzatRf/37//X3zhoXuj
S79qtRosrVk85mtaWtrxf3/6dNz8uSF6gz4mZJEkETqddtoDDlEUxww3+vr6sW3bdrz425cRDHIJ
UyIiIiKimTI65BgKN06fbpyW9x/McI+PTO+PZicGHBnwk/94Evv2HcQtt9yAysrymKVgASAUCuPk
yXq8+NuXsWfP/qT2uWvXXtTVncAtt9yASy9ZB4fDlnC7lpZ27Ny5Cy/9/o/j9l7Yv/8Qjh07FW3g
+eFfPprRColgMIRBlws93b0429yC2tqjeOednQn7khARERER0fQbCjk2bFgzLeFGQ8MZlJeXwOX2
YPfu2FVUamvr0NHRBYfDBpfbE9efo6GhCS63B3qdFh0dXdElbIfs3r0Xd999K/Q6LRoazkzZz1B7
5BhqqhdldH+UPMFkLuOakRmUl2fHkiULYbGYIcsyenv7ceRIHbq6eia13/LyUsyfXwGDIdJtVft5
fQAAIABJREFUd2BgEHV1J9Dc3JL0PiRJxNKlS+D3+XHk6PFJjSddkiRCoVDM+pU4tAYZX/x3J4QR
WdUL39ej5VQkE7QXhXDP/xqMNiGVZeDJr5vg6pve1VOy1Wuv/nqmhxBny433zPQQiIiIiGalvDz7
tNwc1et1qKgoQ0dHZ8L3G/p+Q0MTBgddcd83GPQoLy9FfX1jwlVe8vLscDjsY34/U9avX43ysviK
/lTN1eVypxIDDqIxLFgTwOW3e6E1hnF8jwrbn9UgFIwEGKIo48q7vFi8wQ+/R8CHf9DgyIeqCfZI
QxhwEBERERFRpnGKCtEYTuxR4sQeZcLvhUICtv9Ki+2/0k7zqIiIiIiIiCgRVnAQERERERERUdZT
TLwJEREREREREdHsxoCDiIiIiIiIiLIeAw4iIiIiIiIiynoMOIiIiIiIiIgo6zHgICIiIiIiIqKs
x4CDiIiIiIiIiLIeAw4iIiIiIiIiynoMOIiIiIiIiIgo6zHgICIiIiIiIqKsx4CDiIiIiIiIiLIe
Aw4iIiIiIiIiynoMOIiIiIiIiIgo6zHgICIiIiIiIqKsx4CDiIiIiIiIiLIeAw4iIiIiIiIiynoM
OIiIiIiIiIgo6zHgICIiIiIiIqKsx4CDiIiIiIiIiLIeAw4iIiIiIiIiynoMOIiIiIiIiIgo6zHg
ICIiIiIiIqKsx4CDiIiIiIiIiLIeAw4iIiIiIiIiynoMOIiIiIiIiIgo6zHgICIiIiIiIqKsx4CD
iIiIiIiIiLIeAw4iIiIiIiIiynoMOIiIiIiIiIgo6zHgICIiIiIiIqKsx4CDiIiIiIiIiLIeAw4i
IiIiIiIiynoMOIiIiIiIiIgo6zHgICIiIiIiIqKsx4CDiIiIiIiIiLIeAw4iIiIiIiIiynoMOIiI
iIiIiIgo6zHgICIiIiIiIqKsx4CDiIiIiIiIiLIeAw4iIiIiIiIiynoMOIiIiIiIiIgo6zHgICIi
IiIiIqKsx4CDiIiIiIiIiLIeAw4iIiIiIiIiynoMOIiIiIiIiIgo6zHgICIiIiIiIqKsx4CDiIiI
iIiIiLIeAw4iIiIiIiIiynoMOIiIiIiIiIgo6zHgICIiIiIiIqKsJ830AIiIiIiIiIimwq3XDkIp
yQCAjh4RO/6qm+ER0VRiwEFERERERJTFyosDMOjCMc81NCsx6Jp8wb7FHEJxfjDmuX6nAmdalZPe
N1GmMeAgIiIiIiLKYuXzAnBYQzHPqZUy9tZqJr3v6ip/XMBxtk1iwEGzEntwEBERERERzTHFBUEo
FPKk9qFWhVFoD068IdEswYCDiIiIiIhojlGrZJTPC0xqH1WlAYhihgZENA0YcBAREREREc1B5fMm
V31RVsTqDcouDDiIiIiIiIjmIFtOCBZTaOINE8i3B2HUhyfekGgWYcBBREREREQ0Rwy4FBjZeaOq
NL1pKlUlw68LhQG3V5jkyIimHldRISLKAEkpwmwywG7PgTRisqrJpEc4HIbb7UU4HDndcHu86O8f
RG/fAMIh3hmBQgGlVg+lVg+FSgWFpIRCkqAQlRCVSghC5IQqFAwi5Pci5Pch5Pci6PEg4HFBDqV3
ZyodWm0Y9pwQLKYwtGoZalUYGpUMjVqGWi1DlgGfT4DXr4DXB/j8Crg9Ajp6RPT0iwgGeXJINJcJ
AqDWqGC1mJBrs0CtVsJk1MdtF/ms8KOvfwCDgx709Q3A6XTNwIhpLvIFBHi6RThyI8fHkoIg9h2V
EQ4lfwxSq8MocAxPT2ntkNKuBAEAgz6MAlsQWo0MSZLhDwhwexQ41y7C50//nrtaFca8giD0WhmS
KMPnF9DTL6KtU4I8uf6qAACTMYx8WzC6BK/Xp0DfgAKtnSLkMI/psxEDDiKiNGi1ahQU2DCvyAGr
1QS1WhW9EE+F0+lCX98AWlo70XyuE8HAhTHXVSFJUBnNkf90RiiS6GAmShJEyQDoDDHPB/1e+Aed
8Pb1IOj1ICNnNCNYTCEU5gVRaA/BYgxBmuDIKelk6HVDJ4HDJ4Nur4CObhEtHRLau0X4fBdmEaVW
q0Z5eRHy86wpva6joxf1jefgdnmnaGSZ53BYsWB+CVSq7D3d6uzqw+HDpzKyL6VKQkG+DYUFtpRe
5xxw4/jxRoRmaSCsVEooKnKgsNAGu80CrTb5ZTlLkB/9OhgMob2jB+fOdaC1tQsej28qhksXAFEh
41SjKhpwqJSRZqOnm1RJ76OqJABxxGHq1Bkl1i5LPeAodASxdIEPOebEf7+yDLR3izhQp0afM/lu
piqljJXVXpQUBKFIcDj1+gQcPa3CiYbkf+aR8mxBLF3ghy0n8c8cCAo41aTE4RMqhBl0zCrZe8Ql
IppmWq0alRXzUFycB6NRB0WiI2qKTCY9TCY9SkoiJ7ntHT0419yBxqYW+P1zLOwQBKgMRmgsuVAZ
TFAoMtOWXVJpIFk10FkdCPo88PR2w+fsRTiQfud4UZRRYA+iqjQAm2XiUCMZOo2MsqIgyoqC8AcE
tHWJONmoRHefeEGdHNntOSgrzYfJZJh44xG0Og0GXR40ulqmaGSZp9GoYLNZoNGkd4I9G/gzGLqK
ooicHBPKygpTel1nZy9OnDwTqZGfJZRKCfPmOVBWVog8R2ph3VgkSURRoR1FhXaEQmF0d/ejofEc
zja3IxiYvko1yn6iAmhqUWL5Yh+06kjoXz4vmFLAMbK5qHNQgbZOKWGQMJ7VS70x01wSEQQg3xbC
NZe4ceCYOqlAQq8L4+r1bui1Y9/Q0KhlrFzig3WMYGU8yxf5sKjCj/HuWyklGYsr/ci3BbF9l44V
mrPIhRtwCIA1x4Sy0kJYLAbo9Vro9VoAQF/fAPz+AM61dKKjoxe9fU4gszcEiSiL5OaaUVpagPKy
QiiVU/uxmeewIs9hxeLFZahvaEF9wzm4XZ5MFyVMLwFQGUzQ2fKh1OrTqnRJlqTWwpg/D1qrHe7u
dvj6+yCHkr9AkyQZJQUBLCgLwGwMj3tyMxkqpYySgiCKHEG0dko43nBhBB1KlYTcXHPK4QYAGA06
2GwWtLR2wu+b3LKHROkQhEjQVlpSgAXzS6DVqqfsvURRAYcjBw5HDlauWITT9c04fryJVR2UFIUi
UhlxpkXCwvLI56XNEoLFHEJf/8Q3Fwocsc1FG5qVkf2mcIhau8yLiuLYz+pepwI9fSICQQFqlQy7
NQiDTo6OeeUSHwQAx8cJOSRRxlXrPHHhRk+/ItJ7JCxApwvDZglBoQDKilI7XqxY4o3+zoDIJWBn
t4i+AQXCYcCgk5FnC0EpRd4/xxzGpas8eHe3LqX3oalzwQUcgkJAfl4uli+bD4vFmHCboecd5xP5
js5eHD1aj/b2HshZfZVBRKkwmfRYurQKhQU2iNO8CLxWq0H1kgosmF+Ck6fO4vjxJvh8/mkdQyaI
Gg309sLzFRvTNyVDUqlhKihBwGKDq7MF/sGBCaeu5NmCWFLlhz0nlPJdqnSJIjAvP4gCexBnWiXU
1avgHJjef2vTyZZrgc1mSfv1ublmOGw5aD7XkcFREU1Mo1WhekklykoLpjzoHk2plLBoYRmqKovR
0tKJ/QeOM+igcSmEyPHuRKMKC8oC0bB+fmkAew5NfIypHBFMBEPA6TPnAw5FctdBpUWBmHDD6xfw
0SENWtrj/3YWlvuxfJEvetxdtsiHzvN9qxJZvtgX7YcBAC6PgF0HNOjsid23ThvGmqVeFNiTr34q
KQzEhBtuj4C/7Neiqzd2LBp1GJeu9sJmiew73xZCaVEATeeUSb8XTZ0LZwKwECkvX7+2BldcvnLM
cCMRhz0HV16xCitXLoIoXTi/MqILlaSUUF1dgU2b1qF4Xt60hxsjKZUSliwux8ar16CoyA5RzJLP
IAFQm60wF1dCY7JMa7gxklKrg2leBfSOQiiUie8I6bRhrKz24uIVXuTlTl+4MZIoRsqHL13pRUlR
AKI498J0haiAzWZBjsWU9j4sZgNsNgsU2fJ3QFlPUoooLy/EtZ/YgPlVxdMebsSMRRJRXJyHTRvX
YsH8khkbB81+Q8cxl1uB9u7hc5ji/OCEx5fRzUXPtUvwByIJSTIfvYJCxkWLhgO4cBj48OPE4QYQ
qdbYXzdcDSUqgJXViQM8jTocG74EgQ/2auPCDQBwexR4b48OrR3JncMJChkXLR5+X39AwLsf6eLC
DSDSaHTnXg2CI7KTReXZdxNqrrowzhAEQKfT4IorVqG0tCDt3cyvKsaVV6yCTqcB5nYVMdEFKzfX
jGs2rUNNdSVUM3giO5rJpMdll67AmjXVkc+gWUxQKGDImwdjQTEk1dSVcCdLoVBAb8uDqbAEkja2
hDQ3J4QNF3mxoCwAtWrmQwWTIYy1S71YvsgHvW729BvIBKvVBFuuGYpUapxHEQQBuTYz7JOoAiFK
hiAAZosBG9Yvw7q1NVM6HSUVgiBAr9fioosW4MorVsJkil+hhWhkUD9UfQEMNxsdz/xRzUVPNkVe
LwhIatpmZXEAWs3w8bT+rDJhADHSyUZVTJBgywnBZo2fXlpZEoj52eqbleM3JpWB3Yc0SbXvqSwO
QDdi3CcalHAOjn2p7PUpcKZ1+HebYw5PapUZypy5H3AIgF6nxeWXrYTFnPqc39Hsthxs2LBsRhN8
Ipoa84rzcPllK2AyTW2fiMkoKy3A+nU1sOQYp6w/xGQIogRjUSm0VltSK6NMJ5XBBGNhKVQGIyAA
jtwgVi7xwm6dXSckkggsKAucb442u8aWNgGw2yzIzZ18MGHNMcNuz+GNBpoyggBYrWZccvFyFBXa
Z3o4CSkUCuTl5eLSSy5Cbq55podDs8zIqSRn25Rwe4Y/MCvmjd+XqmzE93udCnSdDyckKbmbAPPy
h18vy8DR08k1Nj3REDu9o6Qgfpx5tuFjoozxe3UM8foUSfW3GjnucBg4kURD1oazsdeD+bY5cszO
cnP+Kl2llLB61eKE4YYsA319Tpw714mOzh709Q0AiPTgcNitKCsrhMGgjXud3WbB6lVLsHfvUQQu
kCUdiea6i5YvQFXVPEiZWC5jijkcVly8YRk+/rgOnV29CIdmvvIAABRKFYwFxVAZTLM2IFJqtDAW
lsIiN2BBYSfMhtlbJVGUF4QgyKg9qUZP3+wKi1JlMRuRm2uBJE3+5xBFBXJzzbBaTejpdmZgdETD
REmBokIH1qxeMutvZgmCEK3u27vvKJrPsjcNRcQUyslAY4sSSyojUyislhCs5lDCHhcFjmBMf4uh
5qJApLlnMkauWtLrFOH2JHc//WybEoGgL9q8M9HyrBbj8L4HBhVwuTN3r37kuPucIvz+ic9juvtF
hMPDFTMW0+w9p7iQzO5P7kkSJQXKygpRkGC99XA4jNoj9ThaVx+3QkpHRy86Onpx/GTT+SZ/pXEl
taUl+Th7tg0trV0Iz6Jly4goddkUbgwxGfVYv24pPvzLQXR39834KiuCJMFYeD7cmOW31gtzelFu
7odOOfvvtBQ6QhAEH2pPqtGdYB5wtrDbcyJVFxmSazXDbsthwEEZFQ031iyBMouOBxqNCqtXLgEA
hhwE4PwFt4DoNc7JJiUWlfujF+JVZQF8dDD+mDJySddAUED9iOktyRRl6rRhqJTDJyR9A8kHELIc
WY4293zjztGrpEiSHLPv/nGmj6RKo44dtyTJWFntTeq14bAQrZhRq3hNOBtkz6d3Goa6To/m8fjw
3vsfo69vcNzXB/xBHDhwAh2dvbhkw7K4RoOLFpaho7MXfgYcRFkrEm4UZ+TO8nTTatVYu7Yau3bX
orenf+ZCDoUCxvx5UOmNsz7cyDe0o8zcBJ3SM9NDSVqBPQR/wI8jQTWcKZwszhYGgxa5VhPUqsx1
l1eplLDlWtBq6oLT6crYfinW4KAHra1dMz2MaZGt4cYQjUaFNasYctAwSZQRDEaOyR6PAm1dIgod
kfCgOD+IfbUygqHhY7ZGHUaBfbgy/WybFPN9MYkVVDTq2G283tTOCXwjqiZUSjkmpBm9b18SFRbJ
GtkzBIj0wzKlUeE5y4u+LhjZd6aUJEkSUVpSENeMLxQK4cjR+gnDjZFaznXixMkzCIdj/6HbbBZY
c0yTaphGRDOnoqIIFRVFUxJuBINBdHf3o+lMK9rau9Hb60RoCsLQSCVHDaxW88z05BAAQ14RVEYz
BGF2H1KyMdwYUlIQRGlhAKosvDtks01uadix5OaaM1oVQrF8Pj+azrTidH3zTA9lyglCpCpoqsKN
UCiM3l4n2tq70XSmFd3d/QgGMz/FWa1WYdWKxezJQQBGTVMBcPrMcE8JpSSjvDi22WhVaWwDz5ON
saF0Mof40dNYgikeskauSiIIsaHK6H2HM3g4VCbZX2QiM7RgHI0yZ3Mmxfk5uiOFwzLa23tw6tTZ
lPd38OBJ2Gw5sOWaY+aWlxTnobunH2E/e3EQZROTWY9lS6ugytBdZY/Hh9P1zWhr60ZPrzMuEB0i
SRJsuWYUFtpRVloIlWryH8Mmox4LFpTi4METcLuTK6nMFI3FBrXRDIVi8iFRKOCH3zUA/6ATIb8P
4VAQ4fMXAQpRgkKphKTSQNJoodQbIKk1SYcqDn0HSs1nMhZu9DkV6OoV0eNUYGBQAY9XAY9PgCBE
7jqpVDIMWhmO3CAKHUHotfKkAihBiJQOu9wCGs8pk2qYNhuo1Erk5pphMOgm3jhFOp0GuVYzzp3r
gNc7O5fna2/vwc4PD0z7MskKhQCHPQcLFpZCSqPZbzAYQvO5DtTVNcRN452LjEY9LrpoYcbCDb8/
gMamVrS0dKJrnDBDVCiQk2NCQYENFeVFGVmpRaNRY82aary9/SME2SeORjjXLmHQLcCgi/xRl88L
4GTjcOhRVjT876W7T0Rvgh4dEwkEY49Nqd4/GhlihMNAaEQFyeh9Z3K18NCoY2pnj4jONKaFjmzm
SjNnzgYcoqhAQX5s741QKISjxxrS3mdTUytyLMaYu70ms2HaT1yIaHIkpYS1a6qhVifX2Xs87e09
aGhqQXNzO4KBiXs6BANBtLV1o629G4cOn0J5WSEqK4pgMukn9VlSWpKPzo4eNJ5pTWocmSCq1dBa
bRCV6f8ew+EwvP098PZ1I+j1jHlLJhz2IxzwI+geno4g6fTQ5pwPWMSxD2cOfQfKLU3QK91pjxOI
3Flq7ZBwskmJ7j4x5sQrZrugALcH6OsHmtsl7DsKmA0hlBUFUFoYhE6b3hWjWiWjoiQIl0eB9q7s
OHzbbTmw2aauyiLXZobDYcWZM21T9h6T4fP54fNNc/giAA67FYWF9rTCjXBYRlt7N2prTyMYnP19
aiZLo1WhsnIerDmmSe0nHA6j3zmIhoYWnD3bDo/XN2E4FAqF0dXVh66uPtTVNSA/Pxfz55cgz2FN
exyCABj0Wly0fAH27j2a9n5obmo8p0TN/PPNRs1h5OaE0N0rojAvtrlofXN6xxjPqCkpOnVqxzvN
iIzPPyrQ8PhiH2dyaffRU2kG3QocOjY7loam1GXHGVIaBAhx3a9lGZO6u9nXPwB51NHKbDJAMUtX
CyCixBYtKIXFbJjUSh9Opwsf7TmCnp5+hMNpHGTlSNhx8uQZnDx1BmWlBVi+bMGk7uBVV1eizzmI
7q7paTqqs+VDUmsm3nAMfrcLro4WBNyDSGfAQbcLA24XXEoVtFY7tJZcKEbdgc07H27oJhFuhMJA
Y7MSx+pVGHClGEKd/7H6B0QcPC6iuT2E6iof8m2htEpZbZYQ8u1B9A0o4PPN7nBdkkTY7RbkWIxJ
vyYYDEKWkfTqFWaTAXZ7Dlpbu7iq2Xk5FiMWLSqDJYXf+0hd3X04fPgUPB5fhkc2+4iSAnkOKyor
iia1H4/HhwMHT6DpTGvaFS/BYAjNzR1oaemENdeMtaurYTLp09qXJIkoKc5DT3c/6hvOpTcgmpNO
NSmxuNIfrX6oKgmgu1dE5YjpKj6/ELN6Siq8PgW8fgGa8+GDxZR8SKpQyDAZhrcfGNVENBwS4PEJ
0J4PTdLpkTEWt09AKDTcSNVsnPvh7lw2u8+O0iQIQlzvDQAIBAJwu9IPOLo6+yCPupBRKqVZuxwi
EcXT6tSorJzciikNjS3YvmMPurr60gs3RpOBxsZWvPPuXnR09Iw5vWUiWq0a5WWF0Gim/q6DymSB
UmdIq+9GOByCq7MVzuZ6BFwDaYUbMfsL+OFqP4eBtrMI+oY/4/MN7Si3NE4q3PB4Beyt1WB/nTr1
cGM0GejuFfGXA1ocPqGGO8Xma0NKC4LIs87+ky9rrhm51uR7AYTDYTQ0tkYuElN5H6tpSnp8ZCOD
QYuqymIUJlg9Lhl9fQM4dqwB/f3J9ynLZnq9FgsXlqV9PJBlGT09Trzz7h40NaUfbowUDsvo6uzD
jnf2oKGxJe39KJVKLFxYColdD2kEr0+B1o7hfxPz8oMw6Ec1F22VEB6jQjEZPX3Dx0qzKQxjkkFE
SWEwZkpLd4Ll0fucw/s2GZLf90TksIBe5/D75ZjCMOizr+cVRczRgCP+7o8sy/Dz7g7RBW/hgrKk
7w6PFgwGsWfvUXz8cd2UlJ07nS68v/MATp1uTvtudGXFPFitJigyOTl1NAHQmK1pTU0Jh0MYaDkD
V1cbwoHAxC9Iga+/F87mBvgGncjTt026oWhPvwK7D2rQ2CxFO9FnQjAgoK5ehQPH1Gktc6fTyih0
BDN69yrjBMCWa4E1hYCjt28ArS2d6Orqh8uV/P+3HIsRdpsFwgXe8FutVqK0tAAVaVYjuFwenDrd
jJaWC2PVFEkpwWG3pj01JRgMoaGxBTve3Qunc3LT3xLxev34eF8d9n58NK2GpIIQ6VNTUV6Y8bFR
djs1YulXpSTj0pWeaEWhDOBE0+Sm7za1DO9fAFBdmdz50sKy4e1kGahPUEXS0h57/raofOJ9W0yh
pFaAaRkR/AgCUDM/ySo2AXDk8hpzNpmTAUc4LKPfGXv3QRAE6HWatC9sAMA8yZJ2IppZOp0GpSX5
aa+acuDgSTQ1tU7pvPRgIIh9+4+hta0r7VVXKivmZaRZ3VhUehMkjSblz8NwOITB1rPwDfQDmah8
SSDo9SAnfBwl+lOTCjc6Bq3Yf8qGth4VZHkKPvdl4Mw5JepOqeBMI+TId4RgNc/eKg5rTqSqQkwh
aOvu7kdXdx96evrR3d2f9OsUCgVybZYLeuUISRJRXJyHxYvK0zpP8fkDaGpqxanTqTdhz1Y6nTrt
MCgUCqOlpRMf7TkypY08g4EQGhtbceDQybReL0kSKivmsYqDYrR1SjHHHYtp+Fyjs0ec9HLkTS1K
DLqH91FaFEBR/vh/J9XzfcgxD4+jtTPxOOqblfAHhj/jyuYFYLOOvW+VUsb65d6kpoSeaFDGLD1b
VhRE+bwJbsQIwPrlHly13oPli+b+tL5sMScDDgAJywQFQYDZYkh7lxZLfMDhdA6mXU5ORNNr4cLS
tEPOhsYWnD3bNj1N92Rg//7jkb4/aUzfKCy0w2I2TFkVhzqN6o1wOIzBtmb4nH2ZXdttlLJ5AVRX
emHUpf//qW3Qgfr+SsiWBdCYrVO67lvjOSWO1Ssx4ErtolSjkmG1hKDVzM7jj92eA1tu8tNGBgc9
6O11wu8PwjngQndPasto5lpNcNjTb8yYzQSFgIICG6qXVKYV3gaDIZxrbsfRC2TFFCDSe8OaY06r
ekOWZfT1DWD/gePT8vsKBkM4e6Y9rekqrOKgsTSeS9xjo/5sBlaWk4G9teron4cgABuWe7Gg3B+3
mpgoylixxIuaBcOVGP6AgI+PJO7vFQoJOHp6+PxDVACXrfJGgohR+y5wBLHpYndMgDOeYEjAwVGN
Rdcs9WLZQh8UYvwfu9USwqYNbpQVBSEAWFzpR76dlRyzwZyNdEOhENraupGfnxt9TqFQoLDAjq7O
vrT2WVhgh2JUCWx//2Bm5uAT0ZSSlBJKitOr3nA6XTh8+BR8vsxOqRiPx+PDwUMnsW5NNfR6bcqv
dzis6O7uhzeU2ak0olp9vnojtYt+T3cH/AP9kKc63KjywziJebNtgw409pfCHdBBIQKGvMgdXm9/
z5QFM/XNKhh0MuaXBaCUkj+e2CxhmI1heLyz616F0aRDrtWc0hLIMVUbMtDT40RPjxOOJFeTkCQJ
ubkmWCwG9PVdGP0jAAACkOfIQU1NZVpVW7IcWTHl0AWyYsoQjVqVdp8Sl8uDg4dOTmsTVp/Pj8O1
p5BrNafceFSSJFSUz8OJE2emaHSUjU41KbGkyhfT88LrE9A0RvCRqrZOCUdOqqIrtkiSjJVLfFhS
5UefUwF/INKI1GoOQxpx3AuHI+GIyz32ce1YvQqF9iAcuZHPLLVKxrrlXixf7ItUjsiAThuGThO7
32TuVdSfVSLHHML80sj5nkIBLKnyY0FZAN39Cvh8AiRJhkEnx00TPVavQlvnnL20ziqz66wog0Lh
MLq6Y4MMUVRgwfxi2OypNyMrLLShqMgRt4xja1s3QqEL56SAKFsV5OemVC4/JNJ340hkyb9p1tHe
g5OnzqbV76OwwJ6RZXBHU+qN4y7JmkjQ54VvoA/hNOaRJysSbvgmFW60Duahsb8M7oAu+pxCFGHI
K5raSg4ZaDwnobMntf1bTCGYDWEokphbPJ0iS8Mmf5wNBILo6XHCOTC8BHBvrxNd3amtBmTLtSQd
iMwVuVYzliyugNmUXnVqZ1cfao+chvcCWDFlJJVKCbsj9eWL/f4AGpta0dHRMwWjGp/H48Oevan3
4xAEQKtVxdzwI/IHhLh+Fk0tUkZXYKs9ocbBY+qYewMalYx8WwglBZGAYmS44Q8I+MsBLc60TBCy
yMD7e7Xo6o29YaVRybBZQrDlhGLCjSMnVejpT/7m1se1GtSeVMWMW5Jk5OWGUFIYRKEjFBNuhMPA
gTo1DtRxWdnZYs4GHMFgCGfOtCEw6kAgihJWr1qSUpm6Uhl5zeg7v263Fy0tnWnPkyebU9xQAAAg
AElEQVSi6VOQb4Mopl690dbWDeeAO24FpenS1NQKbxoBh9GoQ06OEaKU2Y95ld4IhZT8HR4ZgLu7
I2Z1k0wbDjfS/3/UMlhwPtyIr5aZjpDDOSiipUOCy5P8VBWFItKhXqedPQGHRqOC1WpOuJLZWHp6
neju6Y8p9w8GQ5HQw5l8NYZarUJurjmtiqdsZDTqUFVVnHao09c3gGPHG9HXO5Dhkc1uoqSA2WyE
No3VptweH06fbp6CUU1MDssYGHChrS31cEUURQYcFGdks1FZBk5OsrloInWnVXh9px7NbWM36/b5
BdSfVeLP7+nQ3Jrc9VkwKODtv+pQe0IFjy9+vzKAnj4R734UWbXMn2IBbu0JNd78UIfmNgmBMcYd
DgNtXSJ27NLhWH3mf3eUvrlbRyMPHYjOYdHC0ujTggCYTXpcccVK7N17dMJSVrvdgjWrq6HVxp+s
HTveGBegENHslJ9mBUd9w7m0VzTJBI/Hh7a2bui0qTdJtttz0N7eA08wM3dnFSoVRJU6pSaG/oF+
BNyDUza9o7QogCWV/kmHG039JfAExr4oj4QckXnsUzVd5WyrBLs1BL02+X9vBl0YWk0Yg5NdwjZD
7PYc2FOo3pDlyPSUnp74pqI9vU50d/fBbE6+OsFqNcPuyIGrIf0Gs9lAo1GhrKwQZaXp9VZwu72o
rz+HlnOdGR7Z7Jfu9JRgMIju7r5pnZoymj8QRH3jOcyb50jpdaIooiDfhgM4MUUjo9lgx191E280
Qke3hOf/ZEx6+75+MaXthzgHFNj5sRYKhQxHbqS6QinJ8AUEDLoFdPVK6fWzkYHak2rUnlLDYQ3C
qA9DFCNTbbp6Rbg9w8fF9/ek9rsBgD6niJ0fayEoZDisIei0MlRKGaEQ4PYo0NUrxjQ8pdlj7gYc
iByMTp8+i5LivJi7SYIgwJZrwTWfWI/ao/VoOdcRF3RYLAaUlRViwfzSuL4bANDvHERjUytCQVZv
EM12DkdOWuGGx+NDX98gwjNcpXXuXCeKCh0pBxzWHBOUSiljJ+SSWgNBkVoVjM/Zi1Bgai4IrJYQ
FpQFJrVcavNAIc70F8MbnLjiQCFK0OU6EA744B/M/F1vn1+B9m4RuZYQDLrkzvYMujC06tlRwSEp
RdhslpQCif7+AXR39yeshHS7vOjucaKwyA9NktOtjAYdbLkWtJzrgN8/N29ASEoRJSX5WLSwNK5h
XzJ8Pj8aG1tw8tSF2ZNBlEQYjalf7Ph8AZxrmdlAKBwKo69vAB6PL6WeK4IQWUbYkmO84Cp2aPYI
h4Wp6VEhR8Kaju7M7xoA5LCA9q45fck858zt/1syMOjyYNdHtbjskoviLg4UCgWW1VRhWU0VZBno
7OyBUikhZ4Ku2oFAEB/sPAB/qvVORDQjLBYjhDSmFsx09caQjo4eOAdc0OnUcX2AxmM06tJeEjcR
UaVJ6fcYCvgR9PumZElYlSqMJZV+5ExiqdRUwo0hkloDldGCoM+HcCCzDVyByB2yQbcChiRXgdFp
ZOg0MhQKGeHwzN5JstksKa2cAgw3Ex3v+93d/f8/e/fd3daVpon+OREHOTGTIikqWrLLLrsruaur
u2fNmjX3A9wvO6v7Tnd12eV2lbNki8oMopgAIuPkc/8AQBAkQOCAiOTz85KZEDYBEMB+zrvfjeWl
2Z4vM52OY24uhd3dQ19jmQaiKGB5aQ6PPtjoa8md4zh49+4QP//yZqBr7aeJLPkPODzPQ7miT0TF
i2XaePPmHR492vB1PlEUkUww4CCi628yalqHyHM9HB+d4Kv/fnLpREUQarsO9BZufIdyuXpjtlMj
mnbJZAxiH4c6d3YPJmYZ2uFhFqbPsEWWZQSD2sC2i/VbwWFVyvCGdPvNJl1Ewy7aFNh15XnAdm4R
Wzl/4UaDEgxDUoez3jZXElvKansRCHhQlPG+IImigNmZJJLJ3suXdd1ANptHpdK5P0uuXuHhZzv2
RDyC2dn+qrYmmgDMz6fx4eM70DT/jz/X8/B+P4Ofnt6sHVPOEiURoZAGWfZ3fM8wrIkINwDAsm3s
9BHeiaKAZML/8gIiomlzzV7923NdD3vvj/Dn//ru0jdS3eTzJfzbv3+Nw6OTsTUcJCL/wiGt7VKz
bizLnpggs1o1+loqEwyqvqo+LiPKCgQft6Nj6vDc4Uyk4lEHAdX/neN5wOYbBT/8UEE+U4Hn+b9N
JVWF4HMnmV65joByVfC1rleRPIx7Lp9KxZFOx3091jKZPI7b9N44y3O9Wo+Ok85VHucJgoBUKu5r
J5dpMDOTwONHG30trwCA46MTPHnyCtXKzdox5SxJFKH1uZ3upITd8NDXWERRRIIBBxHdADci4ABq
b5KOjk/wf/7tK7x8uePrvJZl4+df3uD//sffkS+UJmbCQ0S98h9udOoLMC7FYnm84xEECJIEwcdt
6dhWXwFCLyQJffUf2HyjYPONinLJRfFgF3o+53uMntf433CYlgA/8xdZrt0e4zQ7m8BMOt7z6R3H
QSabRz7XvVw+k83j+DjX9XRnJRNRzM4m+/nTn0ixeAT37672HdrkckVsPt9Crofb+zoTBAFKH8v2
LNvGiY+Qbdgcu/b34981+YMgIrrE9e7BcZ4H6FUTf//2F2w+38L6+hKWl+aQSLRviJbLlfB2aw9v
3ryDYVoMNoimVD89OCzbHuok1i/LsuH1MZ5kMoZ3e0ewr9hLRJQkX7unAIBr20OrditXBFg20GPv
SXhebbu6528V6EbtseDZNkoHtS0ftXgCgtDbY8SxDHjO8Er8DVOob0vX220nSx5kaXyP1XgignQ6
4avs/+SkiGy20NOfmGXWJpelUgWRSG/VC7IsYSYdRyoVQzYzORPTfmjBAG6vL2F1daGv85fLVbx6
/Q7vJmSJxTjJsoRoJOz/jJ43Ef2YGjz4H48gCAiH/S/JIyKaNjcr4GjwgGKxgp9+eomfnrwEAMzN
NveRNy2reZRjcuY3RNQnVfX/VFfIl32t+x+2YrECp49J9cCO1/kMNzzPq4UAQwqJShWxvoyjt8s/
H240eLaN8sEuAA9aPNlTyGGWCrCN/pc7dr18S4Dt+FiiInuQxPG9WM3Npnw3F81k88hkej8Cnc0W
cJzJ9xxwALVlM3OzqakOOBRFxvrqAu7fW+3r/KZpYWt7Hy9v6I4pg2LbLorFyriHccp1XBQKZSzM
p3s+Ty3gCA5xVEREk+FmBhxn1d8THh5mxzsOIqJJ5jOoqFWbDG/SfXwiIZOTEA17UOTO1+O6wNOX
Kl5uKzCM9uGFa9soH7wDgK4hh1HMwyzk4DnDPZrr5+Z2PcAbU+l5KKwhnYr5anpZLFaQzeZ9HYFu
nGdlebbnShFVVZBOxxGNhVAsTM7ktFeiJGJlZQ4fPNroq2Gq7TjY3T240TumEBHRzXNjenAQEfkR
DAV6XrIwCrLif4nIIHme62uSJIriUMfrugKevFCx817u2K/CMAV8/0sAL96qHcON08uzbZT236GS
OYTb5gI9eNDzWZQO3sHWq4P4FTqSZX9LTizbX8+OQZqdSSLdT/XGJVvDdpLNFnB87K/vQLpexTF1
BGBxIY3Hj+4goCq+z+55HvYbO6ZM0NKKaSX22Zx0WERRRMjneDxgopbZEBENy42s4BBEActLs0jE
o1BV+bSr9Nxc801Qo6IjlyvBNC3k8kW82zvi7ilEUyiXKyIWC/va4SEU1HztGDJssWgYUh+dJKu6
2dfuK+d5jgu/FRmiEgDEcq2MYggMQ8TXP2nYP5Zwb81CKu5AkmpLPA4zEp69VpDJS/Dc3u5Hz7FR
PtiDWSpAjcQgqRoAD7ah15al6NWh/S5nhYOerx1iLFuA0+PvOEiKKmNmJu5rVw/TtJDN5lHqo9w/
e1LAcSaH+fl0zyumQiENMzMJvNs7hF41fV/nuMzNJvHo0QYikf6WFBwd5/D059c3eseUdlzPg93P
DiSSgKAWgF6djNtTEAQEQ/76aXiui5Mb3mSWiG6GmxNwCLUJwr17q1hbXey6Jr8RdpwNPUzTxtb2
e7x4sY1Cscz+HERTwjT9v6ENBgMQx1gxcZ4WDEDso0y9WjXgDCiYdS0Lnuf1XJkhaxrEkjTcXiYe
sL2nYPu9AlX2oGkudF30tc3qeVa5BKtcGuAg/QkHXQQCPgIOC2Op4JibTfruvZH12XvjLNdxcXJS
QD5f9LXdZToVw9xcCttb+31d76glEhHcv7eKdKr3XWnOyuWK2NzcwkkfVTLXnWM7KJT8h2uSKCIY
DODkZAiD6oMg1gIX3/i+lYhugGsfcIiSiFsrc7h7dxWzfW6v1qCqMu7dvYV7d2/h+DiHFy+3sbN7
OJCjo0Q0PJZl+V6DHgpNVgVHSAtA6mM8tm0PbKtWxzLhuS6EHitJJFWDIEoArIFc/6W8WuWGaY15
v9QrCgVdhDQPfu5q2/bXlHQQREnEzEwC8XjvQYPnechkC1c6itxoNuon4IhGI5hNJ7D37gi2Pbzd
bwYhFNJw+/YyVlbm+zp/paLj9Zt3ePfucMAju9nEesAxKURRRMhvBYdXey0kIrruJmeB+RAoiozP
Pn2IP/z+V1cON86bmUngD7//FX710V3IyrXPiYim2kmu2FcVwcJ8GpI8GU+Tc3MpKIr/tfjFYgWO
PZiAw7VMX2GJrAV7DkOoJhJyofmo3gAAcwwBx0w6gXQ6AdFHEpPLFZHN5q90UKBaNZA9KUDXe19u
IghAOh3H3Gyy7+sdBVWVsb6+iHt3b/V1ftO08PbtHl683BnwyK4Py6ptOeyXqsqYm5uMx48sS1iY
999XxnEcHByxoT4RXX/Xc2YuAJFwEJ999gEWF2aGelUPH6wjHo/gm29+QalcZfkf0QQ6PMz2NWm4
tTKPd+8O4djjXbuvBQOIJyK+d1I4OSkMtKmcbVRrW7/KvQUtkqxA0UJwjGq9hwd1M5tyEIv0fltV
dQG6IYz8tWdmJo5UMubrPIIgYn4+jWTC3/nOC4U135UYiUQUM7NJvD/ITGQvLUkScevWAh4+uO2r
V1CD47jY3T3Ez8/eTOTvN0kc20GxVEHUx5bDkiQhmYgiGg2NfbtYWZH6qvBxXQ+5E/bgIKLr79oF
HKIoYHY2iU9//RDxeKTj6VzXw9utPeRyReRyJQAeDo+aiytrR3oEJBIRJBJRrK8tdnzTsbgwg3/6
46/x7XfPcHSc45IVoglTq+Dw/6Z/YSENLRiAbphjDS/X1xahBXrfhrOhWKzAdgZXkm9VK3B9bo8a
TM3AqpZhV6dvm85RS8YdzKYcqErvD7aTgohSZbRVRslkDDPpBGTZX3VO7fW08+vyMImiiHQ6jpl0
HEdHubGMoRNBAJaWZvH40UbX/mDt1HZMOcaTn1/BtiZ7Cc4ksG0XxaK/gAMANC2AtbVFPHnyakgj
604QBcSiYSzMp32f13VdHB5OSBMRIqIhul4BhwBEY2H88R8/gdJm2YjneSiVqnj+Ygtvt97Xjmx2
eB/ZeBE4PMwCAvDd95tYW1vE/XuriEZCF5rsxeMR/PEfP8G//39fI5cvsZKDaIJYpo1KRYemqb63
Lr21Mo9yqTrW7fWWlmah9rFVZPakMNgtIl0XtqFD1kI9H2WWA0GokVitf8e49jKdBgKwPG8jFfcX
kOcKEkqV0S5PmZtLYmbAyz5HIZWMYXY2NXEBx9xcCo8+uO27p0LD0dEJnjx9jUpZH/DIrqfGMpWl
RX8VvooiY34uhWfK27EFSYoi91m94SJfGF/jZCKiUbpWAYemqfj1xw/ahhu27eD7Hzbx8tWu//DB
q02QXr7YwcuXO/jg4ToeP7pz4eiVosj45OMH+Orrn6ZqOzqim2B7Zx+xWLjt88Nlbq8v4dXr3bEF
HEvLs4iEg76DGdt2cHiY7WsHmUsvt1qGF4kBYu8VJcHkDMxysa/tGW+KdMLBnM/qDcMUUCiJMM3R
VXBEoiGkU/G+ArdxUxQZM+k4EolIvXJz/JLJGB7cX0PS53KfhlyuhOcvtvvqK3FTmaaJoyP/lQyC
ICAU0jA3m8Le3tEQRtadIktYWZ7zfT7LdvD69bshjIhugpUFG3/8rHr69fe/BPDstf+qUqJRmYzu
eQOgKDLW15awsHCxbK9S0fHFlz/g5cs+wo3zPOCXX97iiy9/QKVy8WjJwkIat9eXfE+iiGi4dnYO
4PSxXCMU0vDw/npfpeNXJSsSHj283Vf3/lq4MfiO+WapANf2d7mSoiIytwRZCw58PNdBUHNxb83E
TMrf43Mcy1PmZhJIp/vbvnQSpOpbxk6CcFjDxsYylpZm+zp/paLjzdt32N3ljil+eB5QLlf7CjlC
IQ2PPrgNbQw7qgQCCj788G5flT6O7WB/PzOEUdEgra9Y+OiBgY8eGLi7xgOlRP26FgGHIApIJqN4
/Gij5fue5+HkpID//PO3eP/+eKDX+f79Mf7zz9+iVKpcyEwefbCBZDLqq7s8EQ1XpaIjlyv1tZvK
/furWFyc8d3k86p+/ckDJBJR39UbALC9vY+qbgx8TK5lwSyX4PoMi9RwFMH0PESVR33OUhUPj+6a
WFmwfW0NCwCZnIRCaXSPSTWgIJVOIBye3qBK0wKYSScQDve3HGRQ1ICC27eXcWdjpa/zm6aFra33
ePFie8AjuxlM027pu9YrQai93/z1J/eHMKrOZFnCrVvzuL2+5Pu8juPg/f7xWJdZUneS5OGzxwYe
3zXx+K6Jzx4bCAXZ04+oH9ci4AgGA/j4V/cvVE2YpoVvvn2GfH44paj5fAlf/fcTGEZryqooMj7+
1f2xJPxE1Nmr17u+d19o+IfPHiEaDQMjyi3v3l3B8tKs70aOQG33lOxJYWDbw55nFHJwLf9Hl4KJ
FILJGYiscAMAiJKHhxsm1pZs+L2bMzkJhxkJpjW6IH1+LoWZ9PT13jgvOeYqDkmWsLa6gAf31/o6
EHJ2x5R+micTYBgmdncPofcRAkuShPm5NB4+XB/8wNqoHcSL4eNf9ReqWBaXp0yD2ysWFLn59ywI
wJ3VwVdh3hQrCzZWFy2sLlqYSbL58k0z9QGHJIuYm01dKJm1bRsvXu7g+Hi4zcSOj3N4+XIH1rm1
5el0HHNzqb4mJ0Q0HDs7BygUy/A8/5MCRZHx+R8+QiwWGXrIsbw8i0cfbEDT+gtJX73eRaU6vIaD
drUMs9JfNUxoZgHhuaUbX8kRUF18/MDAvTXLV98NoFZiv7svIXMyutcXWZYwM5O4dHeyaRGNhDAz
kxjLsjNBFLBS//vuZymr53l4X98xxRpwf52bplLR8arPib+mqbh3bxVLy/0tL+qZAMSiYfzmHz7o
6/HiuC4Oj7LIZPJDGBwN0vryxb/ntSX+jffrD59U8fmnOj7/VMfje4OvZqXJNvUBh6ooWFlpbbjk
ui6Oj/PY3NwayRg2N7eQz5cuTJpWlufYi4NowmxubvVdqhuLRfAvf/oUiwszEIe0XOXDD+/gd7/9
sO8dFU5OCjg8PBl6l/9q5hCO6T9EEQAEEzOI39qAEo6OrCJmkqTiDn73sY576xYUn+EGABxmJBxl
JdjO6G68mZkE0qk4+lgtNZHSqfhYqjgW5tN49MFGX311AODoOIeff+GOKYNQq+I46KuKAwDCIQ2/
++2H+Oiju5CVwYeNoiRicWEG//ynT2vBeh8s0x7Ze2HqXzTsIt2myiAScrEwy5CDyK/pDjiEWsOn
8x2lTdPGs823I1tvaFk2njx5BcNoLSVbWZ5DKKzdyDfwRJNqZ+cA2Wy+r+oDoPac889/+hSPH21A
GeAR4GAwgD/+8RN88PD2lXao2NzcQrlS7X7CK3JMo7ZUpc+dURQthPit2wil5yDINyMIliUPd1ZN
/P4THUtzju+eGwDgOMC7AxnZ/OiqNwRRwMxMsu+dPiZRPB7B3GxypH110uk4Htxf7bsKJpcr4cWL
bWQz3DFlUK5SxQEAAVXBwwdr+P1vPxrosmRVlfHhow38858+7Tvsth0H7/YOWb0xBe6smqdTBcsW
UK42Xxw2VrhMhcivqX5XqQVUrJ9ruOR6Hkqlysi7Re/vZ1AsVaCqSsua2pXlORSLFZgGn6CIJsW3
3z/H//iXz/peAgIAjx9tYGE+jZevdrCzc9B3b49gMIBbK/O4d3+1r+1gz3r1ehcHh9mh9d44r5o9
ghKKQI3E+spxRUlGZH4FoZkFGMU89FwGVrUC9Bk+TSJB9JCKu7i1aGFl3kY46F2pCuLtOwXvDmW4
7uiS81Qyhpl03FcY4LouyhUd1erwS4MFQUA4pPmaCAqCgGQqjpmZBA4OskMcXU0kGsKdjWUsLMz0
df5KRcfrt++ws3Mw4JHdbIZh4e3bPczOJjE3m+zrMiRJwvLyLOLxCF682MbO7kHfj3tZkXBrZR53
79y60m5FngeUS1V8//3zvi+DRmd1sXmg4P2hhIou4uFGrc/V0pwNWfZg2zxaStSrqQ44FEXGyrn1
j5Zl4/Wb8TRT2tnZRzwWbjn6ur62iDdv9hhwEE2QQr6EX569xYeP71xpGVk6HUc6HcdHH97F9s4+
3r7dQ75QhtdD47+5uRTW1xdxa2V+IEvZisUKnj/fHsmEssFzHJQP9yDJypW2gBUlGcFEGsFEGrZp
wDF0OJYBxzLhmmZ9x5bOt6ljWbWmp330VumVLHuIhNyu/TJUxUMo6CGkuQgFPSRjDsJBD+IACgUO
jiW82ZVRHvXWsHNJ35Otk5Mifnr6Cvv7g93BrJM7Gyv4+Ff3fFU/pZJRzM2lcHCYvfoW8pfQNBUb
t5dw+/ZyX+e3LBtb2/t4yR1ThqJUquDJk1f40z/9uu++aYIgIBoN4dNPH+Kjj+5iZ/cAb9++x+Fh
9/BMFAXEYhHcvr2EWyvzfVdsnGUYBr7+21PunDIFlhdshILNJ6C37xQUKyIebNSqOmQZ2Lhl4fmb
q/Wtmk3ZSCdcaAEPoujBtATkihL2D6+23FEQPSzPOYhHHQRUD44joFgWsXcoQTf6e62KRV0szNiI
hGoHO3RDRK4o4v2RBK9DuB+LuBClM0/kZ04mSUAi3jwIZZoCKtXuY+tnHA2q4iEUah6sKVdEWF2a
gp8/T6UiXmgkLsseIuHmaUpl8TT8WpyzkU44UBUPlaqIZ69vbq+zqQ44EokogsHWFwLbsrE9piMc
r9/s4cH9tZY3WMGghng8gkKhPJYxEVF7m5tbSKfjWF6eg3TF2WcopOHhg3U8fLCOTCYPXTeQL5RQ
KlVRLlfhuh7S6Tg0TUU8FkEkEkI4rEEcxKwXgG07+O77ZyiWKgO5PF/XXa2gkj1EeHYRknL1F1NZ
DUBW/VfWuLaNau4Y1exxXzu8dDKXtnF/3cT8jNvS4X7UiiUBz9+qOD4Z7ct2LB5BOpXwHcIdZ3LI
ZHJDDQ7Oyp4UcHR8guWlue4nrpMkCelUDKlkDNnscJZ9yIqEtbVF3L+3dqXqrIX5FNKpzwY4Mn9y
+RKebb69lr0/PA/I5Qp48vMrfNLnTiVnKYqMjdvLWF9bRLlcRalURb5Qgm6YKORLcBwX4XAQkUgI
8XgYmhZAOtV/tcZ5lmXj5csdLk2ZEreXmwdAK7qAvcPac202JyGdqE3K15fs/gIOAXh0x8S9NRNB
rf2Tse3UQpUfnwV87colCMAHdw08vN2+UbbjAm93FXzzcwBujwHK/IyNj+6bHXc9sWwBL7cU/PRc
vVDF+KffVBAJtf8d51IO/vcfm++PdvZlfPFN54MyVxlHw60lC7/5sHnA6asfNLzdvTyAX1mw8dtf
NZ9jv/5Rw+ud1vMszDj442fNZchffa8hVxLx+Sc6YpFm8OG6YMAxrc436bJtB/v7GdhjSqxty8Zx
Jg9NC7SU8vbbTIyIhutvf/sZqqJgbi45sLChcaR7ebn3idZV2LaDr//2FAeHWbjOeJZ26CcZiLKC
UGoO4pj6aYiyjPDMAiRVQ/lwD45x9YnYww0TD253fmM4KqYlYPOtivfHo9+Va24mgVTKX++NUqmC
bLYw0l0+8rkijo/ztQbAPv6WU6k4FubTQwk4ajumzOODh7evtKOaoshj738iCMK13hXONG28ef0O
iizj8aONgVymKIqIRsOIRsNYXOxvaZJftu3g1etdPHn6eiTXR1ejKh4WzzQR3d1vvn7uvJdPA45U
wkEi5iBX6P1vUFE8/Mtvq6eX0YksAXdXLSzM2PivvweRL3a/DlEE/vV3FcylO1+2JNa2uY1HXfz7
V8GuFQ8fPzTwcMO8dAmnInv44I6JhRkb//5VaCjLdiZlHL2Khl18+ti4EDLd9A3Ep7rJaCwabvna
dV3kC6UxjaYmk8nBcVr/4M+Pk4gmg2XZ+OLLH3B4eNJ309Fxe7b5FvsHmZH13eikcryP6skxXGe8
JdFaLAEtkYao9N+oFQBWlyzcvmWNPdxwXeDFloKd93LPR8EGJRTSkJ5J+C6Zz2TzyGZHe/TYdT2c
nBRwclL0dT5VVZBKxRGNhgY+pkQ8ilu35qFp1+Qo2jV/x2wYFl682Mbm8+ncdcR1XRwdn+Apw42p
sbFqQTqTJ7w+c4T/9a6Cs8cs7qz2vtRdEIB//k1ruOG6wPsjCc/fKnj2WsX2e7mlYiMS8vCn31Sh
Bbq/l/jgjnkabpiWgPdHEl7vKNh+L6Oit75OzSQdfHjv8qrKXz/S8cGdZqjgobZbWG2sCnb3ZVhn
QoRk3G2pYgCAg2MZe4fNf2dXrFYNoeVnmVz7EGcQ4xi1D+6YF8MND9f++bqbqa7giMYuBhzjXgpS
KJThnDuKGosx4CCaVJZl49vvN/H73z5GMhm7Uhn5qD15+grPX2xPRo8fDygf7gEAgqkZiNL4Xl6C
yTSsShGm1d/tEgq6WF+2EI+MNzSyHeD5WxUvthQY5uiPR8zOJn2XzluWjUwmj2Jx9MulGstU/PYL
SaZimJ9LDXzMggCIU/R80tU1+lU60XUTm8+3ENQCWF1dGPdweua6Lg4Osvjyr0yJjjgAACAASURB
VD+y78YUWVtqvkblCiJyZ3bHMk0BB8cSluZqQcKtBRvfPu2t1dSju0bL8opcQcRfvg2iVG59HVEV
D7/7WMfyfO0xEw56+PSRgS+/u7ynliJ78ABsvlbw5EWgpYJBEGpBwf315u+2sWLhp8321eyrSxYe
3D6zTKcq4Mvvgjg+aQ0htICLP/6Djpl6aLMw42Bt2cLWu1oo9LefWoP4//d/F0/Do1xBxJ//dvnv
NKhxjFqjYHHnvYyX2woyOQm2LfQUVF1nU13BETy3A4LreqhUx7s+tFLR4Z179rnKTg1ENHyFfAn/
9z++we7uwYWAchI1lqU823w7GeHGGeWjPZSP9uHY4xuXKMmQtRCEPkOWRNQde+VGVRfw3S8B/PxC
ha6P/qVaVmTMzMR9B/S16o3xbGNqGhay2QJKJX9H1ML1SpVA4JpUWtCVVMo6vvn2Fzx5+mrcQ+mJ
bdt4/nwb//lf3zLcmCKpuINkrPl+Y3v/4uvV1l5z0qwFPNxa7P66qigeHm40T1fVBfz57xfDDaBW
ffGXb4I4PlPRcGvJRjjY/X3Qdz8H8P0v2oXlGZ4HfPtUa6mSCGoeom0OGAiih08+aPapMC0B//F1
6EKoANQafP7l7xrOblj38PZg+m1Nyjj69d0vAXzxbRAHx/Lp/dFvg9frYqp/+/NvvFzXRSE/ARUc
Lis4iKaNZdn44q8/4sXL7b63fB2FYrGCr/77J2xtvYdtTeA4PaCaOUTx3RbsAfTB6JekBiBK/fUM
CAe775YyTCcFEX97ouH1tnql7vZXMTebRDqV8HUezwMymTxOTsYTcADAyUkBx8cnvs+XTsWwsJAa
wohoGhmGhV+evcGXf/1xol8PDMPCN98+w/c/Pr/xJenT5uySE88D3rRpQLn9XoZhNl8Dbq90Dzju
rlotDbGfvVYv3THE84AfnzXDXQG1kOMye4dy16ane4etr7/J2MW/ozu3LITOHEx4/kZBodR5rLoh
Yvt983ZKxl0k2lyuX5Myjn7sH0vYvMHNRDuZ6oDj7PZblmVjZ/dwjKNpOtjPwLabTw69bBNGRBPA
A77/4Tn+8sX3ODkpwB3itqP9ePVqF3/+r2/x7t3hxFeamKUCclsvUM1lxtLfxHOdC9V0vbIcAc6Y
goXdfRlf/6hh70Ae5q63lxIlAbOzSSSSUV/ny+eLyGbzY31sFosVHGfzLa/BvYjGIpidSV7rRprk
j2O72NnZx7/9+39jb+9o3MNp0ViS8uf/+hZv3uwx3JgyguhhZaH5HHWUlVBtE0J4bnNXFQCYTztd
lx4szTUv17aBl9vdl04cZlr7ccTCl1/HYab78+T57czbHTQ4exu4LvB8q/tE/c1Oa6XLwszVg4VJ
GUc/9o+mutvE0Ez1rfLi5Q481I687Owc4M2bd+MeEgDg+YttiKKI1dV5ZLMF/PzszbiHRES98oD9
/QwymTw2Npbx+NFGy9bP41AsVvD9D8+xv3888cHGWa5lobi3BaOYQ3h2sbZsZETX7ZgmPLe/cu1y
RfC1Xd4g5Aoinr9VsHugwDTH2+wgnUognYr57h9xnBnf8pSzcie1HVUWFtI9n0cAkErFMDeXxN7e
8fAGR1OltoVsCV9+9SNWlufw+NGdoTSk9cM0rdP+Sww2ptPaoo2A2rzztvY6T8fe7MqnlRuiWKvQ
ePKiw9J3AUicWfaSK0o9h/X/54sQJLE2JnMAu4Kcrz5sV1CZip8Za0Hq6bUvk5fgus3eE2d/335N
yjhocKY64NjZOcDOzsG4h3FBoVDG1397iq//9nTcQyGiPlmWjc3NLezsHODBgzWs3lqApgUu3Tps
0LInBWxtvcebt3sT12ujZx5gFvKwymVoiRSCqVlIamCoQYelV2FXK/D6DIMyOQkneRGJqINh73pb
KNWCjZ19GcYkrJkVgLm5pO+tYatVA9lsHtWq0f3EQ3aSK+A4k8P8fNrX32siEcXsbArv9zPwXM4c
qcm2HLx9+x5774+xsb6M1bUFpEa4da/neahUDTx/XntNqlTG22+Ormb9zFIT2xYubVB5mJFRqoiI
hGqvZ6tLdseAI6S5LctTCm36bnTSrkfHIJ1/KtYCrUtBZdnDp497e1y7rgCxHsYE1KsFC5MyDhqs
qQ44iIiGrVLR8d33m3jy5BU2NpaxcXsZ0WgYoji8KfrhYRYvXu7g/f7xZPbZ6IPn2KhmDlE9OUYg
GkcwOQM5GIYoDvZNles6qGQOYFX778fkugI236qIhF0szg7+9nddIFuQ8HZXxu6BPJYmop0kElGk
U3HIPpOdTCY38q1hO3FsF9lsAfl8EYlE78tsRFFEOhXDTDqOo6PcEEdI08o0LDzbfIsXr7YxO5PE
3bu3sDCfHtrSJsdxsX+QwZs377D77pAVG9dAKOhiLtV8Xdk7krr2Wtp5L+ODO7VGlrGIi7m0jcPM
xedoLdD6ADHH2/vyUucbecciLmJ97FymXHEmOynjoMHi3UFE1I3XrOjYfL6FWCyMpcVZrCzPIZWK
XXmSbts29g+yODjI4t3eIaoVfWz9F4bOdWHkT2DkTyDKCpRwBGokBiUUhaSqV6rssKoVlA/3YJaL
ve2ld4lSWcQ3TzU8umvi1oJ15TcvpiXg+ETEuwMZ74/lWtO3CbyP5+dSvrdZtR0Hx5k88vnSkEbl
30l9y1g/AQcAJJMxzM2lGHAMjYeJfOD75Ngu9vczODjIIhQKYGVlHmtriwOp6nBdF9mTAvbfZ/Dq
zW6tKmr6bzKqu3PLwtm3DJrq4TcfXV4xcHY5CwBs3GofcMhS6+kcd3L3dj5baXIVVz1GMinjoMFi
wEFE5IcHFPJlFPJlPNt8C0WWEY9HMDubQDQSQigchCiKCAUDCIWCLZUe2WwBtuPUP8+jWKwgny/h
5KRQ233phr2JdW3rNOwAAFFWIAeDkANBiIoCUZQhyBIEUcTFAtcm29BhFnOwKmV4zuAqLkplEV//
qOHVtozFGQeJWL2UtdNQPMB2ah3WDVOAbgowDAEVXUC+KMIwJ/8d0ObzWojn24Q9dqtVA9988wzf
fPtsbGPIZgv4zz9/e9lDd7oM4D7WqyZ++OEFfvjxxViuf9A8z0O5rJ+G35IoIpmMIZmMYXY2gWQi
dmnPDs/zoOsmjo5OkM0VcHyUQz5fgmXbE/n70tWtntuhZC7tYC7t73Vred6GLHkXKj+sc70zzgce
k+R8+HKUlXDUZlvWbirVqz3BTso4aLAYcBAR9ate2XF8nMPxMY/4XpVrWzCLFszi+BtVnvKAzImM
zMkNebmc3PfD/ZmE32cSxjBpruNt4tWWlDReD1682B73iGjCzM/YiHbZoaQXiuxhfcXCy3O7fehG
6yR7zP3RL6XrrWMtVUT8+KxD89QbMA4arBvyjo2IiIiIiGg8Nm61Ngvf2pPh+VhGsrrUXN6yvmxf
CDiqugjTEk6bZvbTS2JUKoYAx2nurhKPjqff2NDGcS7EZX3HaDHgICIiIiIiGhJZ8rA015w85woi
/vpd0NdlBALNxtfppINoxEWx1Lr08SQvYn6mdpp41IEse7B72Pb180+r0Oq9Pt4fyfjlldrlHFfj
uQJOChJmkrWxJmMuImF36Lu5jGocF5YLDajXB/Vm8hcEExERERERTan1FauloeX2e//rR7b2mucR
ANxdvbhNys5+89i1LAH317tvMR8Nu7i1aJ/2A5FG1Ltj77A5VkEAPrzX4zbjAjCXti89iZ/fYBjj
OL9cqJelSYkxVbFcRww4iIiIiIiIhmR9uTkRdl3gza7/IvrtPRmm1Zw4ry7aF9Y+vN5VoJvNbz7c
MBGLXjK5FoDPPtRPL8ZDa5AyTM/fKDDOjHV92cbtlS6BjAD8/uMq/vX3VXz8sHMQ4Z5Z+tNtF7Rh
jOM4J8E9c7Mvz9kQxc6xy8Ksjbtr3cOo867tjntXxICDiIiIiIhoCGIRF+lk8+j80YmEqu5/Cua6
AvYOmrP1oOZhZb61gsB1BDx53lxeoioe/vk3lbaVBpGwi3/9XQULM82xbe0qF5a9DIvtCPjhXEPP
33yk41cPDIhtqkhSCQf/8w8VrC/bEAB8cMfEwmz3CopkzEEy3rk64qrjeLhxcRyuI+Ao29yNJRzy
8KffVBEJu2hul+1BC7j48L6Bf/qsCkGoBRaNfzXeuX/1n+N69moeFPbgICIiIiIiGoI7q2ZLocX2
Xv/Tr9e7MtbPVBfcXrGwu996eS+3VCzOOliuhx/hoIf/8fsqCiURxbIIx619LxV3IJwZWDYv4u9P
R7uDyOsdBcm4g3v16gVRBB7dNXF/3UImL8IwBMiyh0jIu9A09dlrFftH7W/L45x0enpJAv7XP1aQ
L4nwXKBUFfHFN639T3odRzjoIR7tbRy/vFYxm66e3vfzaQf/z5/KKJZqzWADAQ+RkAuxY4uUdhGG
1+ZH7U53s9uaMuAgIiIiIiIaNAG4tdg8um/bArbe9b8E5DAjo1QREAnVJrULszYCqgvDbK26+Mu3
Gv7x1zpWFprXHYu4HXdWeX8k4a/fBXtqSDpo3zzRYJgCHt0xT3eJkWUP8+n2VReuC/y4GcCz150b
oT57rWJ1wT5t7ikIQKIeTJxvADq4cbQGDftHEn5+qeLx3WavFFHAuYDEOx3TszcqPuq1/0dX50OP
mxV4MOAgIiIiIiIasJV5GyGtOdncO5JgO1ebbO7uK3i4UZs0SyJwZ9XGzy9bJ/ueK+Av3wSxumjh
wYZ1oVqjIVcQ8fytitc7o+m70cmT5wHs7sv48J6J+RmnpSFrg+sCh1kJT54HcHwitbmUpkJRxJ//
ruG3vzIQCZ0LdS65+XseR0bCTy8CyJyIuGyxyJPnKvJFEY/vmm23oLUdAe8PZfz4XEVA8fDRvebP
Ol9qP4tTblbgIcTi61zCQ0REREREdA1pARfppAst4EISAdMUcHQioVyZvHaMguhhLuUgFPSgKh4c
B6hURRyfSC1NVnu7MGA+bSMedeF5QNUQcZQRL1S8XDoOrT4OFyhXRWRORP/jQK2CJpVwoCqAbQMV
XcRhRoLTfYOVzmPs/6wDv5RJwoCDiIiIiIiIqK3+psvjmGT3H1dcn6CDS1SIiIiIiIiIWviLKCah
aqD/lqONc05/0MGAg4iIiIiIiAhAr1HFJAQavTg7zu7xhb9TTyIGHERERERERHTDjSLY6PXcwwkX
+gs7pivoYMBBREREREREN1T30GH0i1V6uYyrBQ+9xxfela9rlBhwEBERERER0Q0zqGCjw6kGvYbl
QsbQf8eNdpdy+Tmnp5qDAQcRERERERHdIJenD75/OoqGHD3lGedP1HsgcV2CDgYcREREREREdAP0
G2x4l37Z+7UPLgkRIPQQevhvGtp70DGZIQcDDiIiIiIiIrrmeo4vOv+kx3xCEABRFCGKEgRRhCgI
EEQRgiDU/kEABOE0IvAAwPPgwYPn1f+5LtzGR9eB47rwvOYA2oUlbUOP0xxi0C1GJ7OagwEHERER
ERERXVNXDDZ6CDVESYQkyZAkCZIoQRRFPwOsRQSnwUf9m9LF07muC8d14DgOHMeG4zjnRt0aYgjn
x38h7BhU0DE5IQcDDiIiIiIiIrqG/IYbvQUbggBIsgxZUiDJMkRhNBP8WlWICEVWAACu58GxLdiO
Ddu2Wyo8mnGH0Pz/hbRiUHupTE7IwYCDiIiIiIiIrpmuEUb7714SbMiyDEVRINcDhnETBQGiokJR
VACAZVuwLQuWbZ05lVf/f5ug48I3rtJidDKWrDDgICIiIiIiomvCT9VG92BDFMVaqKGoI6vU6Jci
K1BkBQHPg22ZMC0TruvWf9om6Gh+23fQManVHAw4iIiIiIiI6BroNdzoHmxIkgRFVU+Xg0wTURCg
qgGoagCWbcEyDdin/TqaQceFDVd8LF3pXs0xnpCDAQcRERERERFNuV6XpHiXnRySJEFVA5Dl6zFV
blR12LYF81zQ0ejR0TnX6B5UdD7FeEKO63GvERERERER0Q119XBDFAWoqgZFmb6KjV7Icq13iGWZ
MEyjZenKVZetTFLIwYCDiIiIiIiIplQv4cblVRtqIICAGhjkoCaWUm9Kahg6DNOof7fXZSuTH3Iw
4CAiIiIiIqIpdLVwQ5IlBAJBSKI46IFNvEBAg6woMAwdtm3Xv+u1DzmAnqo5JiHkuHn3JBERERER
EU25q4UbgYCGUDB8I8ONBkmUEAqGoQW0M9/16v+d43X84sLJ/GzQO2is4CAiIiIiIqIp0n+4IUoi
tEAQkiQNY2BTSVUDkCQZul6F455tQtqtmsPvkpXhV3Lc3LiKiIiIiIiIpkz/4YaiKAiHIgw32pAk
CeFwBGpLk9U2lRy1b5//pK1xVHIw4CAiIiIiIqIp0G3KXF8g0WadRCAQgKYFhze0a0LTQtACZxuu
tl2w0nPI0d7wQg4GHERERERERDThegk32p9MCwah3pBdUgZBVTUEtSBab91uIYffeo3hhBwMOIiI
iIiIiGjqXN4IExAEIBgKQZGV86ekLhRFRSgUaenCcXnIceGLLt+9/Cf9YsBBREREREREE+ziRPhC
z43z4YYoIBgMQ5a4r0a/ZElGKBSGKPgJOdobzR4q3EWFiIiIiIiIJlYP4cY5tXAjBElkM9GrkiQJ
wVAY1UoZrle7rdvsr3Jmg5TOO6UMcmeVSCSM5eVFaJoGSRROgxcGHERERERERDSBuh33v9h3QxCA
oMZwY5AkUUIwGEalUj4NEsYZciwuzGNxaR7wvHoLVPf0Z1yiQkRERERERFOhW1NRLRjiNrBDUKvk
CMFf49HBW1pcqIUbp9ffej2s4CAiIiIiIqIJc9nSlE7hRpA9N4ZIlmQEtRCqegWNiot+Kjn6reII
ahoWFucAAIahY2dnG4VCAbZtN8fY829DRERERERENHTd+m5c/EYgEOBuKSOgKCpcz4Vh6GgGEm3C
iSGEHMsriwCAYrGA58834TjOhdNwiQoRERERERFNiYs7piiKAlUNjGc4N1BA1aAoKhp3xNn/t+d3
+9iLgpqGWCwKy7I6hhsAAw4iIiIiIiKaGD0sTTlDlERoWnCoI6KLmo1cLwk5+mrD0f5MM7NpAMDu
7k7HcANgwEFEREREREQTqmvfjQDDjXHRtFD9s15CDj9VHBe/m0wmYJomjo+PLh2T/OtP1i49ARER
EREREdEweF73w/yN05z/mMlWUSiYwxscXUqSJCwvzSKZCEAQBAhCrX/G+Y8N3b7uJBgMYm1tGTs7
O7i9PnvpaVnBQURERERERBOpU7hRqVoMNyZAsWihqtvwPK/jfXVV4XAYnuchl8t1PS0DDiIiIiIi
Ihq5q0yAsyf6AEdCV5HL1YKmdiHHWee/1+v9r6oqXNdFsVjseloGHERERERERDRxOlUEnOR0WKY7
tnFRK8tykcs3q2nOBhf9hhpnqaqKSqXS02kZcBAREREREdFI9TrRPX86y3KQyxnDGBJdQaFgwrLc
S8ONdno5jSRJDDiIiIiIiIhoOnU68s9wY3LlixeXqjS+PstvFYcgCJduDXsWAw4iIiIiIiKaOOcn
wrpuo1S2xjQa6qZStmEYrUHEoKo4XLe3JUkMOIiIiIiIiGhkuk1oOx3xzxdYvTHpCsVaADXoKo5e
MeAgIiIiIiKiidKueqNSscc0GupVtTq8Ko5eMOAgIiIiIiKikei3eqNQNNud/MYLBgPjHsIFxdJg
qzj8hB8MOIiIiIiIiGhiWZaDMntvtDU3l8SHH26MexgtKhUbltXaM2NUVRwMOIiIiIiIiGjsGhPc
8x8bFQHU3vrawsSFHI1msKPuxcGAg4iIiIiIiIaun8ms53kolrg8pZtJCznKbfqlDKux6FkMOIiI
iIiIiGginJ8EVyo2XGf4E+PrYH1tAY8erY97GAAA1/HahhzA5UHHVUMQBhxEREREREQ0Vp2WLpTY
e8OXjdtLExNyNHa9ObtMpV2AMcjKDgYcRERERERENFT9TGJd10OlwoDDr0kJOapVG67b37KkfjHg
ICIiIiIioolTqTLc6NfG7SU8fLg67mGgWvW/TOUqGHAQERERERHR2J1fxlDt0MOBenP3zsrYQ46q
7pwuURnFMhUGHERERERERDQ2nSa8FZ0Bx1XdvbOC+/duje36dcMZ6fXJI702IiIiIiIiulH6OTpv
mu612D1FVRVEo8GhXX44rHU9zf37t+B6Hl6+3B3aODpxHQ+m5SKgShd+5nkeBEFoe77LfnYZBhxE
REREREQ0UXTjelRvpNMxfPbpg3EPAw8frMLzPLx69W7k120YDgKqdBp0CYLQNsDoN9Q4i0tUiIiI
iIiIaKzO92cwRry04Sb44OEabt9eHPn1mqY7tKai5zHgICIiIiIiorHo1H/DMBlwDMPjR7dHHnKY
pjuy62LAQURERERERBPDdQHbGt2k+KZZX1uEKI0uCrBtF67bvoLjssqOfqo+GHAQERERERHRUPQz
SbUsVm8MS6Vq4Mu/PoHrjDZAsuqB1bC3i2XAQURERERERBPDYvXGUFSqBr788icYhjny67bt0fTg
4C4qRERERERENDbnj9pb9vUJOAzTQiZbGNrlawG1p61iG5Ubuj76cAOoLVMZBQYcRERERERENHaN
5QvONQo4spkC/vrVk6Fd/trqAj76cOPS0+i6iS+//Gls4QYA2I43kG1gu2HAQURERERERBPDdkaz
nGFkxvjr6LqJL8YcbgCAc8l9Osjggz04iIiIiIiIaGI4I26AeV01wo1q1Rj3UOCc2UXlbKPRbvw2
HWXAQURERERERCPXafLqTni+EYkEsbiYHvcwLmUYkxNuAIDXxzax/WDAQURERERERBPDHfCkd5DC
4SA+/8OHUBRl3EPpyDBMfPHXJxMTbgD+7tOrhB4MOIiIiIiIiGjg+p2oDvqo/qCEw0H84+cfQlUV
YLi9MvvWCDcqZX3cQ2kxqruUAQcRERERERFNjgnMN0JhrRluTKhJDTcAjOw+ZcBBRERERERE1EEo
rOHzP0x2uGGa1uSGGyPEgIOIiIiIiIgmxwQt/2iEG1pAHfdQOjJNC19OergxovuUAQcRERERERFN
DEGYjIQjFNbw+e87hBsddgUZNcOw8OVXT1EqVcc9lEuN6i6VR3M1REREF9m2A9t2IAiALMuQpOHm
7u/3M3A77D2XTEQRCmlDvf5hMi0Lx8e5jk28wmENiXh0tIOqs20HB4fZjj+fn0tBlqWhXv8oH2c0
XQzDxHEm3/Hny0uzIxwNEQGAKAhwxtyIIxgMXF65IU5GCLO/nxn3EHoijijhYMBBREQj57oeTnIF
6LrZ8v1oNIRYNDymUU03VVGQTsU7TtTKZR1BTUMgMLnrhweNjzMioskmCELbHVNEEXCcMQyoLhgM
4PPPP5roZSnTRugQCA26WocBB9ENUyiUUSp3LmELBGqTpKvIZPIwTKvjz8OhAOJjOpJMkyGXL16Y
dAJAsViBJIoIh4NjGNX0CwRUJBNRnOSKbX+eyxcxN5ucmNLfYePjjIhoOkmSCMtqX3E5bI1wI6gx
3BgkaUQVLww4iG6YgKaiWKp0/Lmum3BdD2KfT0Ku60E3Lk4oztK0QF+XTdeD47ioVo2OPy+Xq5x4
XkEopMFxXBSK5Qs/s20HpVIF0RtQvcDHGRHR9JKk8QTxjWUpvYQbG7cXsbw4M7SxbD7fRjZbGNrl
j9qo7lMGHEQ3jKookCQRjtM5FTcME8FgfyGE0SXcEEVhorfYouHr1AOjwR5nTeo1EY2G4Lpu22qt
QrECTQtAUa73WwA+zogusm0Hntf+b0MURUjS8Hrh0M3UaQnKZacHAFkefa8kTVPxh98/7vk9cCQc
RGSIQbl6zZaUng04hllJer3f3RDRBYIAhILapVUcVwk4ulVvhILajSmPp/a6vYG+7hPvUYnFwrUq
Bv1iFUMuX8RMOnGt/xb5OCO6qFisoFJtv41kJBxEPB4Z8YiIas4HIcqIAw5NU/H5Hz6c6mbjk06W
W99zXPYe5CrvT/jqTnQDBYOXL1OpVg3E4xHfTy6e50G/pCS8dt1cnnLTiaKASCSEUofHYDQSGvGI
ridBEJBMRuFm3As9cUzTRqWiX+slGqN8nOVyOWxubkLXmxNHQRAR0FKQlRBkJQTTyKFaOUQoGMQn
n3wCWeZbMCKiTmRldAGHKImTGW74qHyZBqMKrfjqSjQkjuM2/7kePNeFh/pzlQd48GpJtVcLBjzU
ftg4zenP0PiI02RbEAQIACDUP68HEYIACBDq36uNo9GxuHEeQWik5LUSbkEQLvTbcD0PlmX7Xkpi
WjbcS56MJUmEolyvcjvqTywagigAxVL19HEtSSLisQh7tAyQIAhIpWI4OSleWLJRrRoIBrW+++1M
g2E/zmzbxubmJo6Pj1u+rwVnEAgmIQjNKhI1kIAkaSgXt/H99z/gk08+ZshBRNSBqoxuuZTruHjz
9j0eP7o9suvsyTWrsuw3tPJ7wJWvrETnOI4L1/XguLWP7oWvG5/XgovGz5tfe3A99zSUaPyv+flF
XpvP2n3ZkdD+i7ZPB/Vvep4Hz21egVBPP0Sh9nm1mkEgoEKShNq6XLH2UTzztSRJkBURilx7ETLa
7FZwViikXbfnauqTIAiIRsOIREJwHBeC0H1JAfVHFEWk01fbGWlaDfNxlsvl8PTpU9i2ffo9NRCH
FkxDlNo3p5NkDeHoKkrFbfzwww/4+GOGHERE7YhibUJsj2gnlTdv3kMSRTx8uDaS67tpZFmAJAod
w4pBLpnlqyrdKI7jwrIcWLYD23JgWrWPlm3Dstx68y2vNZioZwBnKylOP7Z8z2vmEdNaUSY0B26a
BsoVE7WaENSqRU4/NqtCIACiINQblzoQhNqLkigKEEQBklD7KIoCt9uiCwRBgCwz2KDhavc4s20b
7969Qy6Xw4MHD6BpvZcmv3r1Cru7u6dfS1IAwfA8ZKX7shdJ1hA5E3I87coJBgAAIABJREFUfvzY
13UTEV03nRqRBlRpZAEHALx89Q4AGHIMQaeKnGH0AmPAQdeKZTkwLbseWji1MKP+z7YdOI57uvzD
q4cXjaUgrudNbzAxKF7rp57joecbRWj50KzUqH8iCgJKpUNIsgRFkiDLImRZgqxIUBUJiiJBUWQo
IyxJJKKbpxFs7O7unlZf7Ozs4t69u13Pq+s6nj59ilKpdPq9YGgOgWDK1xgaIUe5uI1vvvkGd+7c
wcLCgr9fhIjommkEHY1Jb0CVUC5bXc41WC9fvYMoirh//1bX075+vYeDw5OhjaVY7Nwvb9qoanN5
ytnl9cPAgIOmxvnqC8t2YJnNIOO0+qIRYDQ+R20pxmVLRGgAvJYPZ/oi1T5x4cG2XUCwT/uA1PqF
NJ/oatUfAhSlFnyIggDAq/cWASB4kCURolTbyi6gKggEVF8VAI7jQL9kKU0vTRcrFb3jlmd+xmNa
FkzDgmlasB0XruPC8zyI9eVAtcBH9v07DornedB1E5Zlw7Ss+vKt2vIrURIhSxJUVYaqKlBVxdeL
la4bHbcqVhTZV/8Xy7Kh62b9dnTgOi5EqbZ0StMC0LTAUPpMeJ4H07SgGyZsy4Hj1EJUURROb59A
QEUgoIxl+c0w779hjtkwLOi6AcuyYTsOhHqFmCLL0DQVgYDa81jPPs4cx8HBwT4ODvbh1LeIleUQ
VC0GUexeXXZ+SYokBRCKLEKS+6u+aCxXKRd3sLm5iUwmg1u31loeK+f/FhrPX4ZhwnZcOLZTq5ST
RARUFZqmjnwb7nE8zmzbgWGYMEwLTv1v3nW9+janIhRVQUCVfT1W/Fy3rhswDAu27cB1XYhiLbAP
aCqCmnrlv/dBPrfounn6eK+N3+54Wsu2UT63tbSmBSBJva2bH8Zzout6qHbY9UWSJGj1ylDP81Ct
GqhWDdi2Ddf1IMsSEokIe39NMU0bz0Gv5y92IEoi7t5ZvvR0pYqOTCY/olFNt0BgdE1jGXDQRKpW
TRiGDcO0oOsWDKP2RrcZXgDwvNOqi0msvpAksVatIEuQZAmSKEEQW5uANif29X9ioxFo4+diy+lE
UWgGN64Ht/bL1z/WQoTm7eLBbbmdWm8v27Jh2w5s264FD6Pi4TR46nSnVXXr3LIYoVkZIgr1fiBC
vT+IAC2gIJGIIBzuPtGwbQe5fKnjz3sJOPL5UsdmqqlkrGsYYRgmCsUyTLP9G03X8QDHhWk1f64F
VMRi4ZFsbem6bm0rwYre8fd07Vqo2NgWWJZERKLh+jbA3a+jXNY7bikcjYR6mqQ5jot8vohqm8Cq
Mb6qbkISy4jHIwPbwcfzPFQqOgqFctvb5/T+g41KfVehUDCAWCw8kqBjFPffMFiWhVyu1PK4r/Hg
OC5M00a5okMURSR6vD/LZR2VShW5XBa5XOa00aqiRk53OAEAxxVxfHyMmZmZtpfz9u1bbG1tnX6t
BuIIhudamoj2Q5I1RGJrqJTe4fj4GMViCcvLaxDrj5NIWIOqKvA8D8Vipf3uV07z9imWKtACKhKJ
aM+T0n6N43FmWTbyhRIMo/0RXddxYDsODNNCCYAkiohEQgiHr749uet6KBbLKJ0LAM5er26YKOSB
cCSEWDTU105kg35uqVSqbZ8j2zEM68JtOyPLXR9Lw3xOdF2342t2QFWgaSps20E2m4dlOy0/Ny0b
juuB8cb0UlUJoiTUHkMj9uxZ7Tm/W8hB3YmSAMVHg9GrPl8z4KCxsiwHev0F1dBrgYZh1Hbi8Fyv
5eMoAwxFkWvLJ+TasglJkk6/lmUJiiy3fF37J9eXXciQFflcUHHmD/XMZL32dWNZx8U/5ubZmruk
tFaidK5MafQMaX6Nlu2mWipcPNSDDufcvzPfawQijlM7smq7MEwTpmEOPiBp1+ukwfFgt/QDAUpl
C5lsBZIsIhwKIBBQoAUUBAIKApoCaUJ2ifA8oFAsd9y28jK6YUI/MhGLhhCNhocwuub15E6KcFx/
96ntuMjliqhWdCSTsaFPrkzLQuY4f+muPQ2O6yJ7UkDMvvrt1umNdDeV+pHFZDI21K2Sp+X+O0/X
DRSK5Z52xHPr92fEDCIej1xymTp2d7dRKOTqO0aJHZuAVg0Xun7xPrVtG7/88gzZbOb0e6HIAtRA
ovdfrgtRUhGJ30a1fABDP8Hbty+xsrIGNaDBcWvhRSaT6/kxpxsmjo5OMDubGFqgNo7HWaFY9l2u
7bgu8oUSqrqOVDLW9+3hOC4y2TysC+HbRR6AUqkC0zQxk070/EZ90p9bOhnnuB23tlPd0XHuwi5R
DZPx6k+demz0cpqgJo98mUrDs2dbEEURG7cXx3L914UWkNouSxlW5SgDDhoJ162XHRu1AMPQLeim
BceuleS7jTDD8+ANsZhAEARomlr/F4CmqQgGAy2fS6JYr6S4WGnRuIyW4KLxOS6edpqcXd7TaK7a
stSn/nnztM0A6rRs2rRg6CZ004Shm/WjQWb9vjfhdliS4H+w7QMQx3FgmRWI9ftQFAWIQm3JSyAg
IxBQIIoCHMeFJIojf+dTKBRRKrcvte35MooVuK536cSuX9WqgexJ4UqXYZgWMtk80qn40CbJtu0g
k+kt3DirUCxf6Xoty0Ymk/c9qWvwAGRPCkgiilBw8E0lp+X+aydf8H/flMpVSFLtCP1Zuq5ja2sL
+/v7AABRVKAFUxe2bT3PslufEHRdx5MnT1Au18YmCCIisdW+l6R002hSWi2/x/b2a8zPL0GW077C
jYZGqOdngt2rcTzO8oX+guEG07RxdJzD7Ex/oU8/94Fp2sjlikgmY11PO+nPLZ2Me9xuPTDrFG7Q
dDobdAiCgFBwfAEHAPz88xsAYMhxBWeXGvkNOvp5DWPAQUNhmjYqVRO6bqFSMUZWlSErtTX3wXqA
EdQC0IJnAo2AetrfQBAFiIJY2+2j/lG8ZPui664R2vQz6z8NPFzvTGDl1nqfnAmwbMuGbpinoYdh
mKjqBqoVA1XdQOWKk//aWGpH23DmvahhWChXamEHhNryntp2kSIkWYAsiZAkYagTukpFv3K40VAq
V6GqykCP1lmWfeVJy9nLKhRKPb2x98vzPJycFOC6A37y6MJ13Su9kT8rd1KEIssDXW40LfffoOUL
ZQQCKhRFbh9shNI9V1sYpoRcLodEIoFSqYQffvihpd9GJL565SUp3ShqFKKooFp+j4ODPRiGjpnZ
/pqPmqYNwzChadP9PFEuV68UbjTUqjAKmJ3xH/r4DTcaKlUD4bB16ZK7SX9u6WQSxu16Xseljk03
8z3dddAIOoLB8U9XGXJcTXDEvVTG/4ihqed5Hqq6hWrVPP1nWc7ppNZ13YFWZQgCEAxpCIc0hCNB
hENBROofZUWGWO9VIYpi2zCDBq/ZI+Ty07WGIGeqd9xaUzrHcWGYVq1RWMVAVddRrRj1Ula947rr
bjyvtiOMey5Rsx0HgnWmz4cA6Pp+bWlLveKjttxFvlLw5Xke8oXOfT9EUUQ0EoSiyBBFEY7jQtcN
lCudA5FcvghNG1wDvVyueOnP1XqzU0kSm40gL3lj2csb+35Uq0abHg3t1VrUDkYu11s5vigIXStL
vPrlzfQx0bpsfJeZlPtvGI4zJ8jnMjg4OABQaxyqhWZ62rL1LMP04Lge9vf3sbm5efr9QfXb6JUk
awjHVlEtvUcul4Vh6FhcvHXal8PP47pc0QcacIz6ceY4Dgo9Vvf08rdnWTYqFb2nXkuXEYSWFZ+X
qlT0S/+Ohv3cIoq15p4Nrut2vJza+6fWF/JOT1GT/pxI14coCgiFZFQqvb32D8vPP7+BJApYW+OO
V34Eg9LIe3sx4CDfbNtBtWrWKjSqFiq6eWaSWpuwDmJWIUpiLcQIBxEON0IMDZHI/8/em3U3cqXp
ek/MAwIzOOU8SalUqqQqVVVXdx8fd/e58Fr2r/KPsn3jZa/26W4f96kuqTSkpJSUcyZnEnMg5vBF
kEyCGDgBJMDcz1rMJIGIwEZEYGPvd3/f+9kHwoWiyH3/iy/G2SarhrB/jYZPFg4LHv33VSaIdLo9
vN570SMTQDw6nUHjt2M5MDzd+wPodH3cXoB8yNhVkiUsU8e2dGxbPzaP9Ci+H4yMOFBVhYVaqW9Q
qWkcVEOoj5hQZGlfk1mdDcNwrGgwzPfDcbKB+6j2QebeP8kJ8r6HyTgMQyPv5ND1TJTaP0/tjnui
/PlheJ4/1qRPVWQKBedAcNr3tOl0e7gjRKognNzq+rxcv+OQJYlCIYdp6shy1j8kSYzr+kOve+B7
7NZ36bQbQCZE6Ebx1MLGYd6+eUujsXvwt2nVMO3hxqPTRJIU7PwN5N42PXeb1dVXPHjwEeVy1lek
aUoUxXQ6PdwRFSYgi147XHLxPFzGfdZqu2Mnx07Ows5ZqIq893lP6PX8kWaX2TG72PbpTUd1Xd3r
W7QDw++TXINxVbsuom8plfJ9z9fr7ZHttW3zROmPs94n9iGGhXPFMB8OSZLI5bRLFzgAvvv+OYAQ
OU6Bbal9BRX2OZz6f5hJfF8JgUMwljRN8YOInhvQ87LojCCIBwWNc6Bp6p6IkYkZzp6gYVnGUBHj
os3vBBdLJl4pjBJAHMc+In5kv+8Pnjp7lQbaHZdO2x1ZqWQkaeb4fjTaI/Aj2u0esiyTJAmKIqGp
Mqomo6lZlNAoxk2s8449sGK2j22bdLu9kZOKIIgmMhgcd46GeRwcbl+v549cofX9AJicIWoQhCNL
y0JWaaZSKfR9OcqytOezo7Oz2zxTFNA48UyWZWpH8volKevXyqU8siQNrboAWYWPD+n6jUPZO49H
KxApikI+b6OqykFqROB7bG6u43nuWOPQsxAn2bBIkmSs3OJEzUTPgmnVkGUVt7POTz/9yBdffIHj
OEiSlN1j5TyyPPoeS9PMpHQSZaYv+j6L44TemCi2YYKKLMvkclk03NZ2Y+h+SZIShtGpxDvbMiiV
8gOD8/1rgMTIiXtmhBkP9f6Y9b5lFLPYbtPIfNRUVUGS5axyXJKgXUKJdcFwTmI0OmrbnK2xo3iX
Uk3lKELkODmyImFZ/Z/B0wgYZxU7hMAhGMDtBbiuj7snasTReyEjW0U/23FNUz+IxjgsZui6NlTE
GDXpE3zYKMpwkStNUwqFHPFiluoSJwlxFBMEIa22S2dP8Gh3XLrd3qmFufdiXjbBjuKsChCehCzt
lcBSFXTdP6jCs8+4MN7jOm/TMkYOCCb1NS9JWYTKMDRtfHqOaRkjJy7RGfPWR+F5/tjni0VnZFsl
SaJcyrOxsXuq8xaGWXWnka95TJnDQiGH2/OHmuB5fkCSJOfu6+bl+o2jWHTGTsIty0BrK7x7945W
axdJkjGt2rHGoaclxUQ3ihhmeWpmoqdFN0ooionbecM333zDw4cP+8rZ2jlr5IQRsv5HHSEYn4aL
vs96nj/ysyrL0khBBUDXNZwx58UPTpd+dVTcOIqTs0YKHJCJNUf7iXnoW4Yxa+2W4NIqyAimz2Gh
w3E0Ws2TlTyeNt99/1zMU05AzlYHIjcuAiFwCAijmG7Hp+tmP1EYE58z3USWs1DjUilPuZynVMyj
6RrKERFDUURaiWAyZOkvysDAKk1TSqX8gcdHHMdEUZKZfnYORXt0XLzeKb44U0j2SrkkAHFKGCb4
QZPtnQ66pmLbWVrLODHFdb2xXhp5xyY/ZiA/CWzbxLbPNplTx0RU7VdGmtRnPBgzqDYN/dhVakXJ
VvbSU5jijRvIK4p87KA6c4A3Rk60wjDCMM4XeTAv128cx5kLNhoNnj79gSSJ0XQHy16cSMTGUVTN
PleKy7RQVBPbuUm3/YYnT57w8OFDlpez1cNx1xAyU+VJcNH3mT8mBcK2jk8xMc3Rn7vTVvQ67rWO
63uGidTz0LcMY9baXSjkhLhxxRgV6ZF39JkROAC++fZXLFvce+PI2e+/249WpDz8/+FtJoEQOD5A
0jSl6wZ0ux7dblbNIguhzCI0ziJoqKpCsehkYkYpT7HgoOkqqqKgqtmPEDIEl8F+GPFRCoUccVLa
i1BKiOKEMAhpdzLH/n3xo9txiaITDIb3/DyiJCEKE3wvpNv1M88RSQISdFVB0+UsZHbv4+D5Ads7
DfJODsPQ5vBzcjHtTdN0bP6/OWJl+bwEYwwSTeNkJq/jJj9BMJ1JyMmZ/fvt+fMXvHnzGkmSyeWv
o+n543e6giiqiVO4jeeuHZigLi8vZ15BY4wcT+sZNB1Od5+laTpW0DxJ9IWqKpgjPluTXnk97hoM
E7nntW+ZtXZPMxVHcLkcLRerqTJ2TsO9xJKxR+m54yNLP2QsS0VVzz7GOM94WAgcHwhxnNDpeLQ7
Ht2uTxQnJHG2on2WsY9uaFl0RikTNPJ5G03dFzNUEZkhmHkOUl0OjZP3oz32Iz32/293XBqNDvV6
i3qjTXACH4f9crXxfvS1BFGYIHmZaamuyWiajK4pBEHEzm4TWZIwDA1dz36OC/ueNmma5aqHUUQU
xX1lnvcZFmY8DcZ5b8DxEQBnxR/n4SJlYfTHMS7VY5rnb5au31l58uRHtrc3URSDXP76VKI25glZ
0bGcG6SdN30ix2UyjftsXKUPAFU9XqBQFJlqtXiq171I5rVvmdd2C2aD0/hwDNunkNdnSuAQjCbv
DDcXvQiEwHGFCcOYdsej0/Fw3YA4zlapzxKlYdsmpZJDaU/QcHLWQWSGqg6mBQgE84gkSQf39GHl
I5+3WVwoE0XxXkpXj3ojEzsa9fZYl/wDDqW0EKfEUYLnS8hSiKq+FzuSND1wp5fIVqf2TTIv6gvC
90Nc16PneWf23Jk0xw2IpmE+vF/OeBRZFNzovPuTMI3B/Cxev9MSRRFfffU1vZ6LqtrkCtcvrEzr
rCNJykG6ytOnT2k2mxQK1QtvxzTvs+M8kvar7Mwr89q3zGu7BfPHqGoqpqHMRMlYwXhMS0HXj5ac
vpj0FBACx5XD80I6XY9228PzQ+IoM1s8reuwZRlUa0XKpQLlUh7T1A+iMzJBQxjrCD4c9r09jL1I
2LxjU6uViPZWLN2ez+5uk2azw+5ui17v+BWsNIU0zvw7ojgmCGJcOUKRJTRNOYjw6Hk+Pc9HljJT
vVzOQh5TseU8JElCs9nBPUH7L5rjJjySNA2BY+KHHOC8Vaj6jzW71+80RFHEX/7yNZ7nohtFbGfl
sps0c0iSQi6fiRzr6+uEYUK5cjHlbC/iPjv+8z7fEaLz1rfsM6/tFswv+0LHQBSHEDhmmoKjnSt6
47x9vBA4rgBBENFs9Wi3e/h+RLSfenKKLwlFlSmXC9QqRWq1ErZtHlSCUDUVec4HEwLBJNlPbzGM
LMojn89RKRcOBA/PC9itt6jX2zQareNXtPajO5KUWEoJowRvL5VFO4jukGm1u3S6PSrlwsFrT4o4
jtnZaRJeYOWM03HchGcKrzhH4Q+zf/0g2cvXksdE/EVRxH/85Wt8IW4cy77I4bbfsLOziaqq5AvT
LWt7cffZxX/eL5J56lsOM6/tFswWZ0lTOYxpquRyGl2RqjKT2LZ6qdEbIASOuSWKYlptj1arR88L
iKKsJOZp+ot83qZaLVKtFikV8+i6iqZlP6L0kUBwcmQ58854L3iklMv5LCc9jOl5PtvbDba3G+zu
tsb7SeyZlcaHUln8ICtFqyiZ2BH4uywtlSdmrJmmUK+3x05aJClLl9FUpa9/iKJ4bInKSXHcl1+a
zv+k56zMw/UD2NndIvA9FhaW0Y3BahxC3Dg9kqRg52/Sbb1mY2MVYGoix0XeZ8d93pMkzQycBQLB
leVo9MZ+v5CmKaWiIQSOGaWQv9zoDRACx1wRJymddo9Wu0e3GxDF8V4FiJOpGpIsUSnnWViosLhQ
xrQM9P0oDVHlRCCYGLIsHRiFQhbhUS7luX17hcAP2a23MsFjp3FsadqjqSxhGNOTIzruJrVKnmLR
xjTPF83R63ljS//Zlkmx6AxNjfH9cEYEjgSYbF7+calApqGjnMDscByqev6v4Xm4fgBu1yUMvZHi
xjfffCvEjTOQeXJcp918ycbGKrIsk3MKE3+di7zPpGMWWZI0nfCn/WKZl77lKPPabsHscd4oDk2T
KRUNGs35Tsm8ahTy2kDllOOiN6aB6EVmnDRN6XR8Wu0ena5HFCZEcXxiTw1VlalWSywslKlVi5im
nlVn0DWRdiIQXBBZhIeOYeikuZRCIce1lRphGNFuu2ztRXc0W53xkdmHU1nimI2tFrv1LqalUcjb
FAvm2PJ7o3B7o1NoTEOnVMpfenTEcVFlURRP3OxYkiRkWRopIpumTi5nTfQ1z8I8XL9ms7knbthE
YYCqvY8+SuKYb7/9VnhunANZ0XEKt+i2X7OxscYNTR8qJJ2Hi7zPlGMm0kmcwBn6ullhXvqWo8xr
uwXzy9gojpJB1w0JQ2FMOwuomkyhcProjWkIHkLgmFGCMKLRcGm2eoRBlKWgHFMmcR/d0KjVSizW
ylQqhYOyk5ddclIgEOzVct9LBYMsVaxWKxGGEb2ez85uk+3tBjs7zbGl9EjJTISjBD+I6HZ9trYU
cjmDYsHCccwTmZGmaYo/puyt49iXPjmGLD1HluWRDvtBEGIYky8haujaQVWbo3hecOmD+Xm5fi9e
vATAsgaNMNfXV+n1hLhxXhTVxMqt0G2/Y3XtDbdu3hvrd3IaLvo+k2UZVVVG9oFBGB7rQ5QkKb0R
ooyiyJimce52nodZ71tGMa/tFlxNymWTzU33spshAEpFfUDYOG30xqTmqULgmCHSNKXT9Wk0XLpd
jzCKiaKTlXRVVYXFxTJLS1WqlcJBeLxIPREIZhtFUbAsBcsyyOdtSqU8t24u4QchjUbnIJXFHWNU
miYpYRATEuMHIa12D11TyOctCnkL2x498T9OOD1LRMi0MHR15MDa7fnk87njD3LKkFjD0EcP5v2A
IAgPUpFOQhhGB+LWJJiH69doNOh226iqjaTY+IF7EMGxtbmO67ZRFEOIGxNA0/OYdg3P3WZzc5Xl
lZsTOe5l3GeGoY0UOHwvIO/YY/ePoohGszP0uVzOvHyBY8b7llHMa7sFs8dJ01TGRXHYlkqhoNNq
jU/3FUwXx1ExjfeRtoeFjnHz0GnNUUWPMgNEUUyz2aPRdPH9kDA6WQqKLEtUq0WWl6vUapnhoLEX
qSEQCOYPSXpvVppLoZDPsbxcJQxCut3entjRpN5oj6ySlMQpQRwRBBGeF1KvdzEMlULBolCw0I/0
D8cNLpIkGVsWOgwvrlTbuIF1FMX0ej6WNXrS0u32SE4pcJimDs3Rz9cbbRZqpRMZM/d6Prv1FqWi
M7FVzlm/flEU8cMPPwJg2ln0hiRnaSqe59Fs7iJJMk7x1lTb8SFhWjWSyKPTadNo7FApn9+P4zLu
M8s0Rlag8oOQMIzRtNHCiuuOFoXVCaeznYVL61vGzCdO4uk2632i4MPgsMhRKZt4fkzgz24VsauM
rst90RujRIvjKqdMUuwQM+FLxPcjdhsdWq0eYRATnaQKigTlUp6lpQqLixVsy8AwdJF+IhBcMSSJ
96kstpmVoq0WuRtkqSwbm7usrW3TanWHHyCFKEqIogTfD3HdgO3tDratUyhY5B3zIO1jHN1uj1Ip
P/Q51/Uy35ALwrKMkSuyAI1GG0WRh64edl1v7L6jUBSFXM4cOdGKopit7QblUn7kqmUcJ7TbXbp7
E65GszOxEPlZv34///wLYRhgmGVULVtx931IY4+NzdVM3CjcQpIuf8J5lbCcFcL6M7a3NlheWhwr
/J2Ey7jPdF1HVRSiePikpdFoUakUhwornU7v4PM2jGmks52Wy+pbxvmveX5AkiRjr/es94mC+eKs
URxHqVZM1tZGjIcEU6VcOj415aIRAscl0O367Da6dDs+YZj5axyHYWisrNS4dm2BvGOjGxqGrglR
QyD4QFAUGUsxsMwslaVYdLh9a5lmq8Pa2jbrGzsE/vBV0jSFMMwqsPhBSLvjoSoy+bxJsWCjKjLR
iBD0ruuRpim5nIWiyCRJtirvuh6ef3xI6CTLt8qyjG2bI1dmkzRla7uBaegYRtY/xnFCz/PH+5kc
Q96xcV1/5CBsf0Bv6BqGoaMoMimZEWIQhEPP0+5ui2qthHGKUO5hKIo8s9dvdXWNra1NFMXAyi0d
PB4n0OkGpEmC7SyjqJM1wxRklVWs3CJuZ53Xr19RrVbOdbzLuM8kKfMoqjfaQ/cJwojNzV0s20BT
VSRZIo6yz/u4iBH9kAfSZXMZfYs8JtImSRI2NnexLfPA80jXtQGBbJb7RMGHw+EoDkNXqFZNdnZG
C5uCyVMu6+j6+wWKUREcFxm9AULguDDSNKXd9qg3urhuQBDGmQv4OCSoVopcv7ZAbaGEZRqYpn6i
sD+BQHB1kSQJ09QxTR3HsahWijy4f5PtnQZr6zvsbDdGhhofpLAAfhDRbPZQFAlFBUMf7tnj9nzc
3tlKsU26fGshb9PreWOj3Tw/ONGk6qQoikK5lGe33hq7nR+EY8toHiYlG9AvL1XO/cVu2yat9miT
tcu4fltb2/zyy89IkjzUW0PRKuTyGpo+fNVfcH50o0TgtWi1Wqyvr7O8vHyu413GfWbbJm7PG2lw
mqTpyEiCURSKzlmaOBUuo285mqZ4lCRJ+0r65mUJi36BY9b7RMF8cZ4ojsMiR97RCcNE+HFcEPm8
Rs7O+pNhwsZFG4seRggcUyZJUppNl3rDxfMCwjA+NsfRMHSuXatx7VoNJ2djmjqaps2EE75AIJgt
snBhC9u2yOdtrq3U6LoeG+u7rK1v0x4zIdmvwiJJmadPT4kwdAXTUMau8p2GOE4mWr5VURQKBYfm
GdJNzoNlGeRDm3Zncm7tpaIzkS/2XM6m2/WIR1SYOQ9nuX6dToeffvoJANtZGRmhIcSN6WPlFmk3
X/Lq1StqtRqqevZh32XdZ6Vinq3txsgKSqehkLdnLkLgovsWXdccrRgWAAAgAElEQVTGVqQ6KbPc
Jwo+LI76cURxgtu9OH+wDxHLUikOKQl7mcaihxECx5RIkpR6o0u93sX3I8IwGu+vIUG1WuT6ygK1
WgnLEtEaAoHg5EgSB9WTHMemWHC4dXuZZrPD+voO6xs7hMHoFJY4TomTlDhK8PwYXZMxDRVVG98H
qapCHI/2D4qi+FSO+ifByVlEUXTqlVtVUTBNvW918jQUCjlkRT63uCJLEuVKAXNCPgCZ4XSB7e3m
qU1UJ339Op0OX3/9V5IkxrIXhYhxySiqiWGW8bw6b9++5c6dO2c+1mXdZ6qqUKsW2dlpnktcyTv2
ySotXQIX2bdIkkQhb5/Jk+gos9onCuaPSXhx7D+2WLNZj108T4gc08AwZKqVk/luXHRqyj5C4Jgw
aZrSaLjs1jt4XkgQxmPLvMqKzLWVGrduLpHP5zBNfeKTAYFA8GEhSRKWZRyUnl2olXjw4CY72w1W
17fZ2WkOr8KSQpJmedhxnBAEMaoqYxgKhq4MJMnrukq1UqReb49MCfH8ANuevMdCseAgS/KJVw81
TaVaKRCG0ZkFDsjEFU1VaLa6Z6oMYRo6pZIz0agWAE3TqNVK7NZbJ/YbmfT1Oyxu6EYRwzqf74Ng
Mph2jSBo8u7dO27cuHGuKI7Lus80TaVWK9FsdfBGVFIahSzLlEvOzBtYXmTfktsTiTunFImHMat9
ouDqMipV5bDgsVAz2djqicoqE0bXZapVcyBq4yS+G+fhtMcSAscEqTe67Na7mbARRGOFDU1TuXFj
kZs3Fsk5NpZloIhoDYFAMGFURUHdS2Ep5G1WVmp0uz3WN3Z4926TXm/4ZCFNIEpSojgmDBN6SoRp
qpiGgqqq5PNZv7UvpoyauPR6PklxvCv/WZAkiUIhE4U7HXdk+VhFkXFyFrmchSRJEwlzNwydhZqO
5/n0eh6eH45deZKkrOSlbVsYxvQEbE1TWVwo47oe7Y5LPMLnSVWUiV+/o+LGMN8NweUgSQqmWaPn
bvL06VMeP358ruNd1n2mqgrVShHfDzLzUi8YG0miqfvpe+bcpD1cZN9SLObR9az/DMYIE7J0fN89
q32iYL44aRTHuP0hW2xWFJnFmsXmlksQTD6t7kNE02RqVQNFHi1ujEtROWv0xln6b+kf/uEfzn4n
CUjTlFbLY7fewe0FhMH4VBTLNrh5c4lryzVyOevgi18gEAguiiRJ8f2AXs9ja6vBm7cb1OvDKxUc
IGUTBsPUqJZzlEo5ZHl2+q4kSQjDiDhJSJMUWZZRFPlCSminaUoYRSRxQpKkBwM0WZZRVQVVHW7e
Om3CKCYKowNRZ789k64gsba2zs8/PwXAshdF5MaM0m6+II58Hj58eG7D0cNc1H12lDRNCfded/9z
J0kSsiKjqerQ8rHzxkX1LVEUH5zL/ePLsoSmaWfq52e1TxTMPqcROPa3PbpPmr6/56IoYXOrRxCI
SI7zoOt74oYiHytuHP39JH+PY3/be/fusbGxwevXr4/dR0RwnAPX9dncamVVUY4RNgqFHDdvLrG0
VMG2TUxDF527QCC4FGT5fQqL49gsLVdoNjq8fbvJ+ubu8ApP+6Vmo5jAj6jXu5TKOUpFeyYmErIs
Y1xS/rYkSeiaBjO2EKmpCpo63bDvX375hdXVVQBsZxndKE319a4CSZrsVQ0Zj4QEkoTE8PDf05Jz
rtNpveLZs2c4joPjTKaayEXcZ8OQJOnKp/ReVN+yLzpMilntEwWzz2miOEb5cRyO5FBVmaVFi63t
Hp4nRI6zYBhZWsrRyI3DTFvcOC1C4DgDYRixudWm1e7h+9HwXPY98nmbe3evs7BQxrZNEYonEAhm
in1j0rxjU6kUudftsbq6xbt3m8NLM6YQBBFBGOHtCx0lm3IpNxNCh+BiiKKI7777nlariSTJ5PI3
UDX7spt1uaQpCQlpkpCSrSCmJFkaRZrs/X3WoFkJWZaRJBlZkpElBUU+3RBOVnQMs3qQqvLFF1+c
y49DIBAIpsEkRI7DzymKzNKizdZ2D9cVxqOnwbZUKkcMRcdVTJmVxXvxzXYKkiRlZ7dDvd7F80Pi
aPQKTC5ncvfONZaXa+Ry5pVfZRAIBPONspcv7zgWxUKO27eWWVvf4fXrdVx3iBHdIaHD90MaDZdy
OUelnJuZLzjBdOh0Onz33fcEgY+iGOTy15GVD6v6QZLGJEmc/b8vXpwgKuPspCRJDMQcXoOUZeVA
7JCl48P+DatCGHbodDo8efKEL774YoptFggEgotjmOno4f8Xahb1hk+rdTqj4g+VfF6jVMy+288q
blxG9AYIgeNEpGlKq+2xvdOm1wsIx1RGsSyDO3dWWFmp4eRsEbEhEAjmCkmSsG0TyzJxHItrKzXW
NzKho9MZUn0khSCICcIY349oNntUqw6F/PwY+wlOztu3b3n27BkAhlnGyi1dcosugDQlISZOMlEj
TmPG132/OJIkJiEmirMBuyJrqLKaRXeM+Pzl8tdp1Z/RaDR4+vQpDx8+vMgmCwQCwbGcJYpj1O+H
/y+XDDRNZmfn/BWErjLlso6Ty+awZ/HcGPbYRYkbIASOY/GDiM2NJp2ul6WjjPisGYbO7dvLXL+2
gOPYmOaHtZolEAiuFpIEpmlgmgaOY7GyXGVzs86r1+u0Wt3BHfYiOsIwwvMDGrZBrZonl5vt0oyC
k3E0JcV2VtD0/GU3a6okSUyUhERJODOCxnHESUichEiShKroqPKg35ckKTiFW7SbL1lfXyeXy3Hj
xo1LarFAIBAMZ1oih5PT0DSZ3V1fmI8eQddlyiUdXVcGBIyLEjcmgRA4RpCmWTrK7m6XnheQxMM/
YLIic+vmErdvr5DfEzbEqqVAILhKGIaOYejkcjaLSxW2txu8er1OY0jllTQF34sIg5heL8BxTBZq
eRHNNsc0Gg2++/57kji+8ikpaZoQJxFRHJBMNeVkumRVLHxCKUCTNVSlv2KboppY9iI9d5Nnz55R
KpUmZjoqEAgEl8FpRA7TUFlZVqjXfVptkbIC4Dga5dL4lJRxv4967LTz4knMo4XAMQTXDdjcatLt
+gSj0lEkWKiVefDgBuVSfq7qrAsEAsFZMAwNw9BwchYLtTLbOw2ePXtLu+0ObJskKb1eSBDEdLs+
pZJNrZoXRqRzxps3b3n+PEtJ0Y0itrNyyS2aDkmaEEY+cTLEWHeeSVPCOCCMQzRVR1PeR1QZVoU4
9gn8Jt988w1/+tOfhOmoQCCYKU4TxXF0+3Eix/5j5bKBaSrUGz5hOL+i9nlQNZlSUccys0pK8y5u
gBA4+ojjhK3tNo2Gi+eHI6uj2DmTjx/cYnGxjOPMRolEgUAguCj2K684jkWlUmB9fYeXL9eGmpHG
cZKV0g5jOh2fWtWhWPzAq23MCT/++BObmxvA1S0Be2WFjQGyiI4oDjFUE3mvAouVWySOPaLIF6aj
AoFgJjmvyAEMRHAcft62NSxLpdH0aTY/rGiOQkGjWOiP2jj8+2kqpcyKuAGg3Llz53+d2NHmlDSF
dqfH6lqDZtMl8KOhURuqpnD//k0eP7rL0lIZ27aQZRG1IRAIPkwURca2TIqFHAuLZTRNpd1xSeLB
VZAkSfGDiF4vwPNCTENDVZVLaLXgJFx1cSNJE4LII4y8KVc/mTVSoiQkJUWRFCRJRtNyBH4Tz+uh
qiqFQuGyGykQCAR9nHeyPMwo8+ik3TQUcrZGkqZXPprDtlWqVQPbUgfOyeGf/cf2mZa4cZJ9yuUy
3W6XZrN57LE++AiOOE7Z3GrSaLp4XjgyHWVxscJH929QLhewLGGaJxAIBPsceHTYFstLVd683eDN
mw3io0JHCp4XEYRd3F5IpZSjUsmJKLgZY1/ckCQZp3ALRTUvu0kTJYh8oti/7GZcKlEcECcRhmoh
Kzq5/A06rde8evWKWq2GaV6tay4QCOaf80RyHP17VDSHrivUqhZ5J6bZCuj1osm+iUvGtBQKjoZh
DJYVP0tKyrDHpyFunJYPWuDwvJD1jQbttkcUDVfqTFPn449usbxcJZ/PiYgNgUAgGIFlGZimTj5v
c21lgWcv3rKxvjuwXRKnuF2fMIhodzxqNYdC3rqEFguOcpXFjSSNCcLeXJuHTpI0TfDCLrpqoWo2
ulEk8Js8ffpUpKoIBIIrwTCRA96nrBzmsNBhGAqLCxaeH9NuB7jufAsdtqXiOOpUhY1x245jGh6W
H6TAkabQaHTZ2m7j9oKhXhuSBNevL3Lv7nXK5Ty6LioACAQCwXFIkkQuZ2FZJo5jsblc5+dfXuN2
B/05wjCm1XLxg5BOwWNxoSDSVi6Rly9fHqSlWLnFKyVuhLFPGH3YURujCKJM9LFyi4Rhm0ajwfr6
OsvLy5fdNIFAIOjjtFEco/YZFc0B/eKHaSiYhkUYxnS6EZ1uOLKy5qwhKxI5WyWXU9FUeWykxVUS
N+ADFDjiOGFjs0mj4eIHw702HMfi449vs7hQwnFsUR1FIBAIToksSxSLDrZtUio6vH23yYuXq8RH
ouXSFLxeSBjG9LyQxYUCeefqTKznhUajwatXr4Cr5bmRpgl+1CNJ4stuykyTpeyk2LkVuu13vHr1
SggcAoFgJpmWyAGMFDo0TaFcUigVddxehNuNcGc0fcWyVGxbwbayaf4khY1Rz82SuAEfmMDh9gLW
N5p0Ot7AIBsACW7eWOT+vRuUSgU0TawkCgQCwXnQNJVarUQuZ7GwUOb583dsbAymrcRRQqvVIwxi
SiWbhVoBRRHi8kXgeR7ff/89kJWCvSriRpLEeFEPPoiUlIQk7h9sS7KCJJ18HBPFAapioKo2nufy
8uVL7ty5M+F2CgQCwfmZpMgBnFjoAMjZGralkqbg9iJ6XoTnxZcW2SErmUGqaSp7pqHjRYiTCh6j
9j/p4+OYdvDAByFwpCk0m102Nlv0egHDPg+arvLJwztcv1YTURsCgUAwQbIybCamaZB3bDY2d/n1
17d0u73+DVPo9QLCKKu2srRYwLaFqfO0+fHHn4jjGEUxsHKLl92ciRDFIUHUO37DuSMhiQLSJCSJ
fdIkhnRMdIokI6s2ip47kdgRxT66VSFqu7x7944bN26gqh/EUFEgEMwZZxU5gLHRHEe3GyV0SBI4
OY2cnfWRQZDQ7fpsbu2i6Raqop/+TZ0AVZXR9ezHMBR0Te5r89H3Nez3k/x93HNnnStfxBz7yn9r
pWnK1nabnZ02njcklEiCUtHh00d3qdXKGIbw2hAIBIJp8D5txaBcyvPy5Rqv3qwP+CBFYZKV7A4i
atU8lUpOiM5T4u3bt7RaWck121k51Yr/rBLEPtGV8dtISCKPJApIYn+8mDGMNCEJOySRi6LnUbTc
sbtEaYJulAj8Bm/fvhVRHAKBYGY5i8gxar9h4sdJhI59DENhdXWD+u46C+USf/fl53T9iJ4f4wUJ
fpjgRwlhlBAlKXGSkiTpwcK7JIEsSSiKhCpLaKqE7/ts1XeJo4Ao8lleXmRleamvbcPew6i/T7rN
[...]
1x6PE/fuTiMQ8LahdUR0VoODfRgc7Gt3M4gAALrf/OY312FYGCIi6kKlUvnEgUetNjN+9tn7nD6S
qEvs7cWwsLiC/WgCsiRDJ+jQ53Pj9q0bDDeIiOhcWGdDREQd66QxOSwWE8MNoi4TCHjx/ntzCAR6
YTAaEAj04v33bjPcICKic2PAQUREHU0t5DCbjfj8c4YbRN3I4bDi7p0pOOwW3L0zCYfD1u4mERHR
FcCAg4iIOt7xkMNkMuDzz96HkzdFRF3L43biF3/7MTxuV7ubQkREVwQDDiIi6gqHIUdfnwef/fQ9
uFz2djeJiIiIiDoIZ1EhIqKucRhyEBEREREdxwoOIiIiIiIiIup6DDiIiIiIiIiIqOsx4CAiIiIi
IiKirseAg4iIiIiIiIi6HgMOIiIiIiIiIup6DDiIiIiIiIiIqOsx4CAiIiIiIiKirseAg4iIiIiI
iIi6HgMOIiIiIiIiIup6DDiIiIiIiIiIqOsx4CAiIiIiIiKirseAg4iIiIiIiIi6nqHdDSA6j5Io
IRQroCxK6HWY4HOZ6pbLMvCHhWjda6N9NkwGbJfZTKJL9Yc/PsTeXgwA8Pf/909hMhnb3KL24WdB
RM3IsgydTtfuZhARnQrPXeoYcFyQ0EEBe6li7WcdgDujLhj0/EPUSkWS8XA1iUKpAgDYjhUwM+TA
oMfS5pZRJ4tGE3j5al11uSAIMBoNcDps8Hpd6Ovz8AuEiDrCSecvNV6PC7duBbVvUJfbCUfx9ddP
YDQa8JNP34Xb7Wx3k+iKOX7M+v1eTE+NnmlbC4uriMdTtZ/n5ybR0+M4bxOpC/Hc1RwDjguyeZCv
3Xgf2k0WMezlzbdWUnmx4TOOJEsMOKipYqmMUCjS8vp2uxXvvnMTQ0P+C2wVEdHJTnv+OsSQVtna
2jZEsQJRrGBza483CaS548fs3l4MwYkhGAz6U22nUCjh+cIKZEmuvTZzc1yrZlKX4bmrOQYcFyCe
LTfceAPAbqLAgENDFqNQLY2Rj7xm4rAy1Dq7w4re3p6612RJRi5fQOwgCVkGstk8vvzqMe7dm+bF
BBF1DKXzlxqv23XBrelOAb8XW1t70OkAf5+n3c2ha6BcFrG9HcHY2MCpfm9za7cu3KDrjeeu5hhw
XIBwvKj4eionIluswG4+XWpLyqwmPaYHHFiN5FCpyHDbjQj6ObYGtW6g34cH92cVl5VKZbxa2sDC
wioA4PHjJfT1edDrbe2GgojoIjU7f1FrJidHMDDgg6AXYLWY290cuiaWV7ZOFXDIMrC8vHWBLaJu
w3NXcww4NFaRZOynlAMOAAjHC5jst19ii662Ya8Fw14LZFSLOYi0YjIZMT83iUpFwsuX6wCApaVN
fPThfHsbRkREmrHbre1uAl0TBoMeoljB/n4CiUS65W4F+/txpFJZAIDeoEdFbKwSp+uH5y51rOfX
WCRVQqVJCdluUj38aEWxLCFdEJEpVCCeo1RNq+1oqVyRkCmIyBRElETpVL/LcIMuyszNsdp/b29H
ILd4uJTLIlLpLLLZPMRzXIyUSiIymRwymRzKZfHM2wGASkVCNptHOn2+bWn13mRZRjZXQDqdg9zC
B3tVPwtJkpDJ5pFKZZHPF1r+GyPSUqFQRCqVRSaTO9dxrQVRrCCTzSOdyaFUKp9rW6c9z5yExyud
1fj4YO2/19d3Wv691fXtt9s4ZdeWQ530XaXlMaTFeUuSpNo54rznG6B910iX2bZOxwoOjYXjhbqf
+1xmRNOl2h9mqSzhIFNCr8Ok9OuKCmUJa5EcoukSykdv/HWA02LAcK8VA+6Ty5POs51IsohX4Wzd
a/eDPbCZ6rvbxDJlLITSda/NjzrhtilPzSjLwNZBHuFEEdlC/U2GxaRHv9uMMZ8VeqExwpABfPUy
VvfaSK8F433spkLasVjMsNuttS+DcrncdKrRSCSGFy/XEQ6/nZ5YpwMGBnyYuTkBv//kvpKSJGF1
dRura9uIxd6OmA5ddQT2mekxDA72tfweMtk8FhdWsbG1+/bJjw4YHPBhfn4KnhafIp3nvX397VMc
RJMAgP/rf/wIm5u7ePp8Gbls9Zz54x/fw9Bg40CuV/GzOBSLpfDy1TpC2xFIlbfnZLPZhInxAdy8
OQarleM20cUpFEpYWt7E2to28rkjM7+9+Vu+eXMcAb+34ff29+P49i/PAQATE4OYu31DdR+ZbB5/
+MNDAEAg4MX7791WXTccjmLp9SZ2d6N1Nz1erwvBiSEEg0MQBPVnc6c9zywtbeDV0iYA4IP3b8Ov
8F4P8Xil8/L3eRCNxpFIZLC8uo25uRswGJrfihUKJWxshKu/7/eeejDJTvqu0mo7Zz1vHVcqlbGw
uIq1tW2USm/vQfx+D2ZnJzDQ78Mf/vgQmUwefX1ufPhB8wrey7xGOs2567xt60YMODRUKEtI5OqT
vyGvGRVJRixTqr0WjhdbDjii6RKeb6UhKVVZyEA6L+JFKI29RBHzo07FIECL7VRk1IcigGLiKsly
w3qSSjFGsSzh8UaqIdg4VChVsB7JYS9RxDvjPY0DiCq06ZSFH0Qt0R05HhSPIVST9oXFVTx/vqKw
DNjZiWJnJ4p33rmJm9NjCluoKpXK+NOXj2pfdPUbAiJ7MUT2YpiaGsW778zgpMkRdncP8JfvnqNS
OXZwvGnT7u4BPvvpe/D53Krb0OK9FQslZLN5AMCLl+t49my5ecNxdT8LAFhZDeH7h4t1gyQfKhZL
ePlqA2vrYfzk03fh9XKASNLewUESX371AwqFUsOyo3/Lt28HMT83Wbe8t7cHolhBsVjCykoIt28F
VWdqCYf3a8d+INCruI4kSXj41xdYXd1WXB6LpRCLpbC6to1Pf/wOLCp9zk97nimLldr6DeeFI3i8
khYkScLk5CgePlyEWBYR2o5gfGyw6e9sbr4dXHRychj5fGuV4J32XaXVds5z3joqk8nj93/8vhYg
HBWJxBGJxHHnziTi8RRKJRFOl/rwAu24Rmr13KXV30G3YcChoXC8UHfgGgwCPA4TCmWpLuCIpksQ
KzIM+uZX46m8qB5KHBPLlLAYymB+tDHZ1Wo7WhIlGX9dSyrONnNcvlTB440k3p90Q+BUd3TJCoUi
MukcAMBoNMBsVq7eePZ8BYuL1QFJe3ocuH0rCLfHCaki4SCWxNNnyygWSvjhh1dw9zgRCDSm7bIM
/PnrJ7Ubeo/HhdnZcbicdgiCDtGDJJ4vrCCXLeD1601YrSbcmg02bf/X3z6FIAiYmRlHf6AXBqMe
mXQOC4urSKdzkCQZD/+6iL/9+ceqAYEW761ue2++uAMBLzye6oXM8ac2V/mziEYT+P77RQDVv6k7
d6bQ53NDEARks3m8fLWOvb0YisUS/vurR/gfv/hR06ohotPKZvP445/+Wu2epQOmp0YxNjoAq9WM
QrGE3XAUzxdWIEkyFhZW4fX2YOhIpZQgCJiYGMTLl+vI54s4OEiqBoNbW3vV39ELGBzwKa7z6IeX
tXDDbrfi9u0gvB4XBEFAKp3F0tIGIpE4YrEU/vinv+Jnn39w4jSbrZxnWsHjlbRSkSSMjgTw6IeX
kCoSlpdDTQMOWQZeL1ef0pvMRgwO9GHp9UZL++qk7yqttnPe89YhSZLw1Z9/qIUbrh47Zm6Oo8fl
QKUiIZ5I4cWLNTx9evKDGK0+67rtaXTuuoi2dQsGHBraTdSnqn1OE3SodlN5tZOtdVORJBm7yeKJ
U8a+3M40hBL+HjMcFgNKooTdZBHikZKF/VQR8awFHrvxQrajpdfhbEO4YbMY4HOYoNMB8WwJqdzb
yo5csYKN/TwmOEsKXbLFF2u1/x4d7Vd8ShnZj9e+QHw+N37y6bswGt+eXt1uJ3y9bvz2d19DloEf
nrzCL37+UcN2NjZ3sLdX7XY1MODDjz+5V1eO7XI5MNDfi9/+7lsUiyU8e76C8bFB2Gzq5xKzyYSf
/ORdeD1vn4j4et0YGvLjt7/7BtlsHolEBsmk8oBnWr23ujaZTfjxJ/eaVkpc5c/i1dLbC9QPP5yv
uwBzuezo7/fhz988RmgrgkK+hI3NMKYmR1XfF9FpvXixVht75r0Ht3AjOFxbZrNZ4PW4YLdb8c23
zwBUZ3A4fqMwOtJfG4A5tB1RPJ7z+QIikTgAYGy0v+54ORTejWJ5OQSgegH++Wfv1d3cuFx2DA70
4bvvnmN9I4xEIoPFxVXcuTPV9D22cp5pBY9X0kqlIsFkMiI4PojllRCi0QTiibRq18j9/RjSbx6w
TE6OwGDQN31af6jTvqu02o4W5y0AWFndRiKRAVDt/vbTv3lQ9/n4/R6MjgTwxz89QjKZafj9o9p1
jdSKi2hbt+AgoxpJ5MrIH7thD/RUSyiNel1DWHA8DDkulikhc6zrxmS/HXMjToz3WTE9YMf7QTf0
+vr/hXvHBjHVajtaKpSlhvfvthvx/o0eTPbbcCNgw4OgG/6e+hLU7XhjGRnRRSmXRTx99hpLb/o4
6vXVJ/9Knj57Xfvv99+7rXgR39PjwMT4EAAgEU/jINbY7eLlq+pFgE5X/fJW6mtutVpw7940AECW
ZOwc6U+p5P33btXd0B8yGg0IBodqP6fS2YZ1AO3e21EPHsye+MV9lT+LWPzNWCI6YKC/sWRfpwNu
zUzUfj44SDWsQxRPpPBqaePEf0qD5lUkCf0DPgwM+FSfII+ODkD/pkpiLxJrWO71uuDqqZZtb2yE
FQfBC4cPjmyvX3E/hxfgQPW4UnpyKwg6vPvuDExvKuheLm0olqgf1cp5phU8Xkkrh+NOTBz5vllb
U+6WBQCra28HIp14M0BpKwFHp31XabUdLc5bwNuqGAB4cH9W8fOxWi344H318YIOtesaqRUX0bZu
wQoOjRy/YTcaBHgcb7+k/T2mum4qqVwZuWIFNrNyiWUkVf/FLQg6DB2r+LCYBAy4zQgd5GuvZQr1
IYtW29FSJFlsuBCaHrA3dD+Z8NsQORK0lMrVWVYcFv7Zkjb29g6qfUKPkCUZuUIR+5FY7UJC0Av4
yafvwulorCDKZPOI7icAAP39vXA16ac5MhrA6puLmWg0gV5vT21ZKp1FIl4doHdkONC0EiHg99am
B8vnmwd/fX3qA0fZj+zj6ABbh7R6b0rtb+aqfxZmkxFZ5AEZSKayik/vPJ4e/O//9dmbn9g1jxod
RJPK49McMzDgawgNPnh/7sTf0+mAnh47YgcpSBUJolhp6BYSHB/C4ydLqt1UNkPV7ilms0nxuM9k
8th/c1z19bnR26t+3jCZjJiaHMHCwiqkioTdvYOmM0q0MshgK3i8klYqbwal6/X2wOt1VceVWd3G
/Nxkw81noVDExkY14BgY8NWuPyS1ge3e6MTvKq22o8V5K5PNI5WsPsTwel3wNrlWsdmaT8Parmuk
VlxU27oF7xQ1IMkyIsn6IKHPZao7PI93UwGAnXgRk/3KXS6Ods8AqrOcKA0gOuixwH4kJDEeG9dD
q+1o6fhArCajAJNBaJga1qjXQafT1X1m6UKFAQdpJp3O1co/1fQP+HDvzpTqyOWHN+IAThzF2uVy
1P47magvezy6HZ+v+WjWNpsFv/qfP266TiuOVkVICk+FtHpvp3XVP4vR0f7ajDBffvUD5m9PYnDQ
B7P57eDTOh1OHF2frjdB0J04DgWAlseuyheKKJfKdV1WK3Xfy40VGsPDATx+sgQA2N6p76ZSKJSw
u1utqpqYGFSsworF3wY0SrMoHdcf6MXCQrXi4+AgceYpM0+Dxytp5Wj1xeTkCL77bgGiWMH2dqRu
ClngzeCi8uG6w4rbUNKJ31UXeQyd9ryVSr2t0OxXqCY5jXZdI7Wik9t2GXg21kAkVYJ47ITjd9V3
rzjspnK0imMvWVANOIrHbvbNRuXeRA6LHg6L+gWOVtvRUrFc36ZSWWqY7lXN8VlTiM7DajOjp6cx
uNjbO4AsyTAaDfjRR3cUy/oO5XJvqwaePn2Np09fq657VKFYH4oeLbe22k6e9vkyaPXeTuuqfxbT
U6OIxVLY3NxFLlvAX76rTrfZ6+vBQMCHQMALn8+tOisFEQAEg8N4cH/2XNuIx1NYWd3G1tYeimc4
bh0OK/wBLyJ7MaxvhHFnfqr2d7u7F63dW4yMBBR/v5B/u0+HQoXccYfVWgCQVZj94CLweCWtSJW3
1dEjwwE8evQSoljB6+WtuoCjOrjoFgDAajVjoP/t4LwnBRyd+F2l9TF0nvNWqXi6c04z7bpGakUn
t+0yMODQwG782HgVumqVQvJYpcLxZx/FsoSDTElxytjKsUFBT5pxRY1W29GSWDl5Nhc1x98P0XkM
DfoVbxAeP1nCy5frKJdFLL3exO1b6rNzVKSzdeeqVOp/Tzzys0F/OWHjSbR6b6d11T8LQRDw8Ud3
MDbWj1evNmqDMB52OXi+sAK73YJbt4KYGB+CoDL9N9FZyTLwbGEZiwtvx7/Q6wX09Diq3Vne3GhE
owmIZeWp3A9NjA8ishdDPlffTSUUigAAnE4bvB7lkuey+HbbesPJw8IdrVgplRvHFrkIPF5JK9KR
iuTDsZ+WljZxcJBEPJ6qzZhxdHDRqcmR+gpDuXnA0YnfVVptR4vzlihqd33RrmuklvbRwW27DAw4
zqkkSohlj33JysB6pHnZ+6FwvKgYcAiCrm7mkxO63KnSajta0vHLnzrczM1xLC9vQRQrWFxcRXBi
UHWKrqNPHGZnx0/sUnHoeJ/4o1+0Yod8wWj13k7runwWQ4N+DA363/SVjWM/mkA4HEUuV0A2W8D3
3y9iKxTBJx/fbakrAlGrXr/erN0k+Hxu3LkzBV+vu+HG4r+++A7RaKLptoYG+6ATdJAlGds7+/D5
3CiVytje2QcABINDqtMuG4/8XSt1DTvu6NNrU5PKuovA45W0NjExVBvIfG19pxZwHE6ZDB0wNq4+
jaySTv6uOu92tDhv6Y9st5UBW5tp1zVSKzq5bZeBAcc57cSLgMLI4a2KpksQJRmGYwenySDU9Sc7
Pj5Fq7TajpZMeh2Oxj8Wkx4fTbV24LEClC6DxWLCrVtBPH36GpWKhIXFVTy4f0txXbPpbUBps1kU
pyRrhdn89kvlpNkBLotW7+3U+71mn4XDboXDbsX4+CBkufr07vuHi0inc9gNR/F6eQuzKjP4EJ2W
JEl4vrAMoNoF7PjUgadlMhkxOtKPjY0wNt50U9l9080PqI7TocZiedsFLZvNq65XWyf3dh210Pmi
8XglrXjcTvj63IjuJ7DyZrDRSqWCjc0wgGo3FnuTQbaVdMN31Vm2o9V5y3zkBj53wsDkJ2+rPddI
rejktl0GThN7TrvnnE5VkmTsKUwZ6zo2kGYyX1bMUUKxAr55Ha/9e7pZP7WSVttRKro4a1cTl7U+
HSyUKkjlReh0UPwnyXLtv4kuy9TkCMyW6hfE8nIIiURacb2enrcjU+/ttTaWjOJ2jgxietI0XZIk
IxyOIhyOIq7SLi1o9d5Ovd8r/FkUCiUkEmkkEmnF6Tt1uuqAYB99eKf22tbW7pn3R3RcKp2rzRQ0
NOg/V7hxaOzNFLC5XAEHsQRC29XuKb4+t+LsU4eODt68u3egut6hw1kBADSdcUUrPF7pok3dGAEA
VMQKtkJ72DgyuOiN4HCT31TWad9VWm1Hq/PW0dlEIirTyLaqXddIrejktl0GBhznkMqLyBXq+3j5
XCbMjbpU/90ecTYMohNWCDj6XPXdVioVGXvHwhRJBnZiBeSLldq/i9qOUd/4p3KQaXyy2krgE3A3
dslZ3E4rVpeURAk/rKfwejfbsIzoIhmNBszPTdZ+Pjqf+FFutxNWa/UpZCgUQSrVfATqYrFU123s
UI/LAaezeiOwubnbdOCsRCKNP/33I/zpvx9h500Z+EXQ6r2d1lX+LHZ3o/jt777Bb3/3DdbWd1R/
3+Nx1kLdosJFIdFZiUfGvSg3GV+jVCojk22tu20g0AuTqXrDsb62Uxt/Y+KE8nqn0w63pxpy7OxE
62Y4aGx3pTbwok5XnVHlovF4pYs2NOSvHTvLy1u1v3G7w4pA4PTThXbad5VW29HqvOVw2OB6c/O/
txdDOqO+7tGBOpW06xqpFZ3ctsvAgOMcwvHGP/xhrxV+l0n1X6DHDI+9voIhlSsjV6oPFXwuEyym
+v5nL3cyWApnEU4UsRnN4/uVBDLHAhZ/T/2MA1ptx2ltTEo39vN4uZPBdqyA9f0cvltJIKIQ1hzn
tBjgOxa85IsVfPM6gaVwFjvxArZjBbzcyeCb1wmkcmVsRfPYiJ5cvkqkpYnxQTje3Gjv7EQVnzAK
goDZ2Ynaz99+91zxKQUA5PNF/PFPf8WXX/3Q0PVCpwNuTo8BqPZFf/xkSbHaqlKR6sKWwQssO9Tq
vZ3WVf4sjvaDXVkJqV6oRQ+Stffs7nEorkN0FkdL3kPbEcWuIaVSGd98+6xulpNmF796vYCJiSEA
wPJKCFJFgk538tSvOh1wa+btcfXwr4t1gwAe9XxhpdbWGzdGYDtl6f5Z8Hili2Yw6BF8U6kRi6WQ
eTO46PTU6Jlm5um07yqttqPleWtqcrT23z/88FJxnWKxhId/XVRs66F2XSO1opPbdhn09+/f/z/t
bkQ3kmVgcSdTd1AYDQJuDjpw0ulIkmVE0/V/QIIgwOt4G3zoANjNBuweCQxkuVo1Ek2VEMuUG6ZM
7bEbMd1vr3tNq+3oBR2SORH5Y0FMOi/iIF1CPFtWHd+j322B9VjI4rEbsZcs1s2KIstytV3pEg7S
JaTzIuQjdzUlUcaQx1LXVWV9vz557bEb6z7HVteh6yOdzmFzs1r+6PX2NL0pFgQdLGYTtkJ7AIBk
MosbwaGGiw6Px4n9gwSy2Tzy+SJC2xFYzKbaU5l8voCNzV188+1TZDJ55AtFjI321/U/B6qJe3g3
iny+iEQijXg8BavNAkEQUC6LiERi+Obbp4hGq902pqdHEXxzU3HU+vpO7ct/dnYCepWRwpPJTO29
DQz4FEu+tXpvrbbpqn8WJpMRZVHEwUESxWJ1IEa9XqiV2+byRWxt7eHhw8XaaObv3LsJp9Pe0B66
fk5z/lJjNBqQSKaRSmUhSzK2QnswGY2oVCRkMjlshfbwzV+eIRGv7/J148ZI0wHojEbD28ERAQyP
+BWPyeN6ehxIpjJIpbLIZgvY3TuA1WqGwWCAJElIJNJ4/HQJKyshANWpYn/08R3FY/m055n9/Xit
TH18bKBWOXaIxyud19Fjtre3BwMDvoZ1bDZLrXIDqAZ/H7w/B4Oh8eHiVmgPyWT1aXwwOKQY9HXS
d5VW29HyvOXucWJ7O4JisYR0Oof9aBxmswk6nQ65fBE74X385buF2ucMAA6nDeNjAxfyWQPan7u0
bFs34iCjZ7SfLtUN3glUu4O0krX2ucx4tZOtu3nfSxQxGaj/4/Q6jJgZcuDlTvbEgUxdNiPujroU
l2m1nekBOx6uihCbjDrsdZgQU+i6cpzJIODdiR482Ughp9Al5rgemxFzo06Ow0GXbmQkAO8rF2Kx
FOLxFDY2wxgfqy+7FgQBn3x8F3/++km15DGdw9ffPFXcntlswo9+dLeu73nddn50D3/440Ok0zns
7OyrdrsITgzh3t3p87/BE2j13s603yv6Wdy9M4VsLo/QVgSpZAbffbegus+52zcutDKFrqd335lB
PJ5CNltAPlfEd983/g36/R7odLpa/+1sLg+Hw6q6zV6vG06nrTa95fho482Amg/en0OlUsHOThSx
WAr//eUPiuvZHVb89Cf3L3Wkfx6vdNFcLjsCAW/tWBsbGzzXTWanfVdptR2tzlt6vYBPPrmHL774
DoVCCZFIvDZ17VEjIwFsbe2pthVo3zVSKzq5bReNFRxntLybbahmuBGwN1QqKFGqhqhIMnpshobf
d1qr3TmKZQlFUWrIJywmPcb7bJgZckDfZPpVLbZjNAjo6zEhV5Qa3rvRICDot2Gy346N/fqyMaUK
DqA6rseg1wK9XkChJCkOWuqwGDDut2Fm0NEw0wzACg46vdM+AdXpdLDZLdjYqI5qHoulcOPGcN28
9ACg1+sxNtoPu8OKTCbfMG6E3qDH9NQoPnh/rukXiNFowMT4IARBh3Qm21Cu7fG4cP/+DG7NTqiW
r2pZtaDVezvt0wng6n4WOp2uOjq+3Yq0wjYAIBDw4r33biEYPPkJOF0fWlRwANVja2x0AGVRRCJR
P6i41WrG/Pwk7r87g3JZxO5utWue3W5BwK8+JoBOB1QqFeztxWAw6PHgwa2G86QaQRAwOtoPh8OG
bDbXUCZtsZpw8+YYPvxgvtavXMlFPAXl8Urn0UoFB1DtqnJ4M/3uOzOw25XDxFYqOIDO+q7Sajta
nrfMJiPGxvpRLJaRTNZXfdgdVtx/ZwbTU6N4+WoDAOBUqeAA2nON1Mq5S6u2dSPdb37zm6szosgV
V5FkCEOB4gAAELxJREFUZIsVlEQJgq4aSthaCFQuYjslUUKmUIEkyzAbBTgt5y8GKparwYkoyTDq
BVhMAswGDhND3SmXK6BQKEKSZFgsJlgs5qbzwyuRZRmZbB7FNxf7NpvlUvqdn0SL93ZaV/mzyOcL
yOeLEEUJBqMeDrv1ysxFT51PFEWk0jlUxArMZhOcTtuZ+v5r6ehxZTab4HBY296mQzxeqRt10neV
FtvR8rxVHZg0D6kiwWIxwfFm5qdMJo//5//9EkA1RPjww/mWtteOa6RWdXLbtMSAg4iIiIiIiOiN
7Z0IvvzyMYBq15m5uRttbhG1io/HiYiIiIiI6FpYfLGG7SZTy0uSjFevNms/+88wZS+1DwcZJSIi
IiIioitvezuCp09fQ6cD5uYmMTVZP9NKvlDE48dLtTEu/H4P/H0etc1RB2LAQURERERERFdeb6+7
Oj11MoNnz5axsLACX58HFrMJhUIR+/vx2mQMVpsZH3zQ2tgb1DkYcBAREREREdGVZ7GY8Pln72Fx
cRVLy1uQKhIib6aVPWp0tB/vvHMT1nNM2UvtwYCDiIiIiIiIrgWTyYh7927i9u0biB4kEI+nkM+X
YDAIcDhs8Pd5Vadepc7HgIOIiIiIiIiuFaPRgIF+Hwb6fe1uCmmIs6gQERERERERUddjwEFERERE
REREXY8BBxERERERERF1PQYcRERERERERNT1GHAQERERERERUddjwEFEREREREREXY8BBxERERER
ERF1PQYcRERERERERNT1GHAQERERERERUddjwEFEREREREREXY8BBxERERERERF1PQYcRERERERE
RNT1GHAQERERERERUddjwEFEREREREREXY8BBxERERERERF1PQYcRERERERERNT1GHAQERERERER
UddjwEFEREREREREXc9QLpfb3QYiIiIiIiIionNhBQcRERERERERdT0GHERERERERETU9RhwEBER
EREREVHXY8BBRERERERERF2PAQcRERERERERdT0GHERERERERETU9RhwEBEREREREVHXY8BBRERE
RERERF2PAQcRERERERERdT0GHERERERERETU9RhwEBEREREREVHXY8BBRERERERERF2PAQcRERER
ERERdT0GHERERERERETU9RhwEBEREREREVHXY8BBRERERERERF2PAQcRERERERERdT0GHERERERE
RETU9RhwEBEREREREVHXY8BBRERERERERF2PAQcRERERERERdT0GHERERERERETU9RhwEBERERER
EVHXY8BBRERERERERF2PAQcRERERERERdT0GHERERERERETU9RhwEBEREREREVHXY8BBRERERERE
RF2PAQcRERERERERdT0GHERERERERETU9RhwEBEREREREVHXY8BBRERERERERF2PAQcRERERERER
dT0GHERERERERETU9RhwEBEREREREVHXY8BBRERERERERF2PAQcRERERERERdT0GHERERERERETU
9RhwEBEREREREVHXM7S7AURERNT9KpXKubeh1+s1aAkRERFdVww4iIiI6FQkSUKlUqn9MxqN8Hg8
teX9/f0tb2t3d7f239lsFtlsFnq9vvZPEFhsSkRERK1hwEF0ScrlMkRRhCzLEAQBJpPp1BfulUoF
pVIJsixDp9PBZDKd+omnJEkolUqQJAk6nQ4GgwFGo/FU2yCi6+nwHGS1WjE6OopgMAifzweLxaLZ
PgqFAqLRKFZXV7G3t4dUKgWj0QiDgZcsRNRZRFFEuVw+13UZEWmLVwtEl6BUKsHv9+PBgwdwuVwI
hUL4y1/+gkql0vIXoSiKsFqt+OijjzA5OYnl5WX88MMPyOfzLV/4VyoVCIKATz/9FMPDw0ilUnj4
8CEikQhMJtN53iIRXWGSJKFYLKK3txcPHjzA8PDwhe3LYrFgeHi4to9QKISHDx/i4OAAZrOZFR1E
1BEOr8s++eQTBINBrKys4NGjR6e6LiMi7en+8R//UW53I4iussNKiX/4h3+oe31rawu/+93vYLPZ
WtpOuVzGr3/967onpYVCAf/8z//ccgVGLpfD3/3d36Gvr6/u9X/6p3+qVZYQER11WHn2ySef4MaN
G21rRygUwhdffFGrPCMiapfDcONXv/pV3XVZKpXCv/7rv7IylqiNeDdDdMEqlQomJycbXh8ZGYHV
aoUsn5wxVioVuN3uhjJwi8UCt9vd0uB+sizDarU2hBsAMDk5qckAgUR0tRxexP/yl79sa7gBAMPD
w/j1r38Nq9UKURTb2hYiur7Uwg0AcLlc6Onp4TUVURsx4CC6YM0CDIfDAUmSLqUdkiTB4XCoLm8l
aCGi6+PoRbzf7293cwBUQ91f/epXDDmIqC2ahRuHyuUydDrdJbeMiA6xxpOIiIjqSJIEWZbxk5/8
pKUBRMPhMA4ODpDNZpHL5ZDL5Vrel81mg81mq1WYDQwMNF3fYrHgF7/4Bf7lX/4FkiSxax0RXYpW
wo1QKIRkMtly92Mi0h4DDiIiIqpTLBZx//79ppUbyWQSjx49wubmJsrlMvR6fd1TS0EQTnyKebSM
W5bl2s/BYBCzs7OqYYfT6cSnn36KP/zhD7Barad5a0REp9ZKuLG/v48vvvhC01mliOj0GHAQERFR
TaVSQW9vL+7du6e6zvfff48nT57AYDCca6pppVmkJEnC5uYmVlZWMDs7i08++UTxd4PBIJ4+fYpU
KsVBR4nowrQabvz7v/879Ho9q8qI2oxHIBEREdWUy2VMT0+rLv/iiy/w5MkTWK1WmEwmzS/mBUGA
yWSCzWbD0tISfvvb36qu++DBA5RKJU33T0R0iOEGUffhUUhEREQAUJsu+tatW4rLv//+e6ytrcFq
tV74IHo6nQ4WiwU7Ozv46quvFNcZHh6G3W6/tMGaiej6YLhB1J14JBIRERGAaveUkZERxWXJZLJW
uXGZMwSYzWa8fPkS4XBYcfnQ0BCnZCQiTTHcIOpePBqJiIgIQDXgGBsbU1z26NEjGAyGS5/+UKfT
wWQyYXFxUXF5MBjklLFEpBmGG0TdjUckERERAagGHGozp4TD4bYN5qnX67G1taW4zOfzsYsKEWmC
4QZR9+NRSURERACqM5i4XK6G15PJJHK5XNsu5nU6HSqVCkKhUMMyi8Vy5llciIgOMdwguhp4ZBIR
ERFkWYbD4VBcdnBw0PaLeb1ej2g0qrjM7XZzHA4iOjOGG0RXB49OIiIigiRJsNlsisv29/c74oK+
WCy2uwlEdMUw3CC6WniEEhERUcfT6/UMOIhIUww3iK4eHqVERETUFWKxmOLrXq/3kltCRN2O4QbR
1cQjlYiIiE6k1+vb3QRVZrO53U0goi7CcIPo6uLRSkRERERE1wLDDaKrjUcsERERERFdeQw3iK4+
HrVERERERHSlMdwguh545BIRERER0ZUlSRIKhQJ+/vOfq4YbAPCf//mf0Ol0DDeIuhiPXiIiIiIi
urIEQYDFYsF//Md/oFAoqK73s5/9DLIsQ5KkS2wdEWmJAQcREREREV1pBoMB+Xwe//Zv/6Yacvj9
fvzyl79EpVJhyEHUpRhwEBERERHRlceQg+jqY8BBRERERETXAkMOoquNAQcRERGdqFKptLsJqorF
YrubQERdhCEH0dXFgIOIiIi6gtfrVXw9FotdckuIqNsx5CC6mhhwEBERUcerVCowm83tbgYRXSEM
OYiuHgYcREREBL1ej1wup7hsYGAAsixfcosaMeAgIq0x5CC6WhhwEBEREQAgk8kovu52u9s+Bkel
UoHP51NclkgkoNfrL7lFRHRVMOQgujoYcBARERGAahXH/v5+w+sulws2m61tVRyyLEOv12N4eLhh
WaFQgCiKbWgVEV0lDDmIrgYGHERERAQAEARBMeAAgGAw2LYgoVKpYGRkRHFZNBqFIPByhojOjyEH
UffjFQEREREBqFZwhMNhxWW3bt2CLMuXXsUhyzJKpRLeeecdxeWrq6vsnkJEmmHIQdTdGHAQERER
gGrAsbW1pbjM5XLhzp07KBaLl9qmUqmEubk51SliQ6EQAw4i0hRDDqLuxYCDiIiIAAA6nQ6yLGNx
cVFx+bvvvouxsTEUCoULr+SQZRnFYhGjo6P48MMPFddZXl5GPp9nFxUi0hxDDqLuxCsCIiIiqjEY
DHj8+LHq8s8//xx3795FuVyGKIoXEnSIooh8Po/Z2Vl8/vnnqus9f/4cJpNJ8/0TEQEMOYi6EQMO
IiIiqtHr9SgWi01Djvv37+Pv//7vMfn/t3c/q01scQDHf2cmibX+C4EIIiKU+wJuC76A4Mon8E3u
E4mrbARpcSVu6kY3bVD8txj/RFpMicnMXVzqFWu9qbdtPNfPB7Jp0unZtDPz7Tln/vgjmqaJ8Xgc
k8kkJpNJzGazQ7/2vnc8Hkdd13H16tW4devWgTM3IiI2Njbi3bt3lqcAx0rkgLy0Fj0AAODX0ul0
4tGjR3H58uXo9/vf/cz58+djdXU1VldX4/379zEajaKqqmia5lBPW2m1WpFSin6/H91u98C9Nr5W
VVU8fvw4Tp06NffPAfhZX0eOmzdvxtLS0r7PXLx4Ma5fvx7379+P5eXlBYwSiBA4AIBvpJTi9OnT
MRgM4saNGwdGjj29Xi96vV6srKwc+9h2d3fj3r17kVKy9wZwYuaJHCsrK/Hw4cOYzWb+PsGC+M2D
Y5ZSOvC9nZ2dEzsBFkUROzs7B77/o3ECv5+iKCKlFIPBIKqqWvRwIuLvmRt37tyJ6XQarZb/0QAn
a57lKq1W68Qfpw38Q+CAY1aWZWxubu77+suXL2M8Hs8VFsqyjNFotO9kuru7G6PRaK416CmlGI/H
371R2dzctI4d2KfVakVZlnH37t0f7slxEjY2NmIwGIgbwEL9KHK8ffs2Pn786JoKFqi8du3an4se
BPyfpZTi8+fP8fr16+h2u1GWZTx//jzW1tai3W7PPYOjaZoYDoextLQUvV4vtra2Yn19PabT6dzH
KIoihsNhnDlzJpaXl+PDhw+xvr4e29vbbhiA70opRbvdjlevXsXTp0+jLMt/XbJylJ48eRJra2vx
7NmzaLfbbhyAhSuKIiaTSQyHwzh37lxcuHAhtra24sGDB5bPwYKl27dvm0MFJ+DrRyoWRRGdTufQ
J8C9pw00TRMppeh0Ooe+2K/rOiaTSdR1HSmlaLVa0W63D3UM4Pc0m81iOp1GSimuXLkSly5din6/
f6TBo6qqqKoq3rx5Ey9evIi6roUN4Jd0FNdlwNESOACAQ2ma5ssjXuu6jtlsFp1OJ7rd7k8f89On
T1/2JSrL8svL/kAAwLzMSQcADmVv9te3S9u2t7d/+phlWcbZs2f/69AAgN+YwAEAHAlTswGARbID
DgAAAJA9gQMAAADInsABAAAAZE/gAAAAALIncAAAAADZEzgAAACA7AkcAAAAQPYEDgAAACB7AgcA
AACQPYEDAAAAyJ7AAQAAAGRP4AAAAACyJ3AAAAAA2RM4AAAAgOwJHAAAAED2BA4AAAAgewIHAAAA
kD2BAwAAAMiewAEAAABkT+AAAAAAsidwAAAAANkTOAAAAIDsCRwAAABA9gQOAAAAIHsCBwAAAJA9
gQMAAADInsABAAAAZE/gAAAAALIncAAAAADZEzgAAACA7AkcAAAAQPYEDgAAACB7AgcAAACQPYED
AAAAyJ7AAQAAAGRP4AAAAACy9xfUVhmq1qr2sgAAAABJRU5ErkJggg==
" width="800px"&gt;</msg>
<status status="PASS" starttime="20230718 08:49:27.875" endtime="20230718 08:49:29.599"/>
</kw>
<msg timestamp="20230718 08:49:29.599" level="INFO">criteria is com.android.permissioncontroller:id/permission_allow_button
criteria is com.android.permissioncontroller:id/permission_allow_button
criteria is com.android.permissioncontroller:id/permission_allow_button
criteria is com.android.permissioncontroller:id/permission_allow_button
criteria is com.android.permissioncontroller:id/permission_allow_button
criteria is com.android.permissioncontroller:id/permission_allow_button
criteria is com.android.permissioncontroller:id/permission_allow_button
criteria is com.android.permissioncontroller:id/permission_allow_button
criteria is com.android.permissioncontroller:id/permission_allow_button
criteria is com.android.permissioncontroller:id/permission_allow_button
criteria is com.android.permissioncontroller:id/permission_allow_button</msg>
<msg timestamp="20230718 08:49:29.599" level="FAIL">Element locator 'id=com.android.permissioncontroller:id/permission_allow_button' did not match any elements after 5 seconds</msg>
<status status="FAIL" starttime="20230718 08:49:21.968" endtime="20230718 08:49:29.599"/>
</kw>
<kw name="Click Element" library="AppiumLibrary">
<arg>${permission}</arg>
<doc>Click element identified by `locator`.</doc>
<status status="NOT RUN" starttime="20230718 08:49:29.599" endtime="20230718 08:49:29.599"/>
</kw>
<kw name="Wait Until Element Is Visible" library="AppiumLibrary">
<arg>id=tv_why_user_title</arg>
<arg>10</arg>
<doc>Waits until element specified with `locator` is visible.</doc>
<status status="NOT RUN" starttime="20230718 08:49:29.599" endtime="20230718 08:49:29.599"/>
</kw>
<kw name="Wait Until Element Is Visible" library="AppiumLibrary">
<arg>id=v_click_why_buy</arg>
<arg>5</arg>
<doc>Waits until element specified with `locator` is visible.</doc>
<status status="NOT RUN" starttime="20230718 08:49:29.599" endtime="20230718 08:49:29.599"/>
</kw>
<kw name="Click Element" library="AppiumLibrary">
<arg>id=v_click_why_buy</arg>
<doc>Click element identified by `locator`.</doc>
<status status="NOT RUN" starttime="20230718 08:49:29.599" endtime="20230718 08:49:29.599"/>
</kw>
<kw name="Sleep" library="BuiltIn">
<arg>5s</arg>
<doc>Pauses the test executed for the given time.</doc>
<status status="NOT RUN" starttime="20230718 08:49:29.599" endtime="20230718 08:49:29.599"/>
</kw>
<status status="FAIL" starttime="20230718 08:49:05.118" endtime="20230718 08:49:29.599"/>
</kw>
<kw name="Close Application" library="AppiumLibrary" type="TEARDOWN">
<doc>Closes the current application and also close webdriver session.</doc>
<status status="PASS" starttime="20230718 08:49:29.608" endtime="20230718 08:49:30.263"/>
</kw>
<status status="FAIL" starttime="20230718 08:48:37.720" endtime="20230718 08:49:30.271">Element locator 'id=com.android.permissioncontroller:id/permission_allow_button' did not match any elements after 5 seconds</status>
</test>
<status status="FAIL" starttime="20230718 08:48:37.704" endtime="20230718 08:49:30.271"/>
</suite>
<doc>this test suite groups all test cases related to homepage feature</doc>
<status status="FAIL" starttime="20230718 08:48:37.480" endtime="20230718 08:49:30.279"/>
</suite>
<statistics>
<total>
<stat pass="0" fail="1" skip="0">All Tests</stat>
</total>
<tag>
</tag>
<suite>
<stat pass="0" fail="1" skip="0" id="s1" name="Tests">Tests</stat>
<stat pass="0" fail="1" skip="0" id="s1-s1" name="HomeTest">Tests.HomeTest</stat>
</suite>
</statistics>
<errors>
</errors>
</robot>
