<?xml version="1.0" encoding="UTF-8"?>
<robot generator="Robot 6.1 (Python 3.11.4 on win32)" generated="20230711 13:03:09.219" rpa="false" schemaversion="4">
<suite id="s1" name="HomeTest" source="C:\Users\monsh\PycharmProjects\Occazio\Tests\HomeTest.robot">
<test id="s1-t1" name="Lancer le slide" line="8">
<kw name="Derouler le slide" library="Home">
<kw name="Wait Until Element Is Visible" library="AppiumLibrary">
<arg>${BtnDemarrer}</arg>
<arg>10</arg>
<doc>Waits until element specified with `locator` is visible.</doc>
<kw name="Capture Page Screenshot" library="AppiumLibrary">
<doc>Takes a screenshot of the current page and embeds it into the log.</doc>
<msg timestamp="20230711 13:03:09.596" level="FAIL">No application is open</msg>
<status status="FAIL" starttime="20230711 13:03:09.596" endtime="20230711 13:03:09.628"/>
</kw>
<msg timestamp="20230711 13:03:09.629" level="WARN">Keyword 'Capture Page Screenshot' could not be run on failure: No application is open</msg>
<msg timestamp="20230711 13:03:09.631" level="FAIL">No application is open</msg>
<status status="FAIL" starttime="20230711 13:03:09.596" endtime="20230711 13:03:09.632"/>
</kw>
<kw name="Click Element" library="AppiumLibrary">
<arg>${BtnDemarrer}</arg>
<doc>Click element identified by `locator`.</doc>
<status status="NOT RUN" starttime="20230711 13:03:09.632" endtime="20230711 13:03:09.632"/>
</kw>
<kw name="Sleep" library="BuiltIn">
<arg>2s</arg>
<doc>Pauses the test executed for the given time.</doc>
<status status="NOT RUN" starttime="20230711 13:03:09.632" endtime="20230711 13:03:09.632"/>
</kw>
<kw name="Wait Until Element Is Visible" library="AppiumLibrary">
<arg>${fragement}</arg>
<doc>Waits until element specified with `locator` is visible.</doc>
<status status="NOT RUN" starttime="20230711 13:03:09.632" endtime="20230711 13:03:09.632"/>
</kw>
<kw name="Run Keyword And Return Status" library="BuiltIn">
<var>${buttons}</var>
<arg>Page Should Not Contain Element</arg>
<arg>${StopShowcase}</arg>
<doc>Runs the given keyword with given arguments and returns the status as a Boolean value.</doc>
<status status="NOT RUN" starttime="20230711 13:03:09.632" endtime="20230711 13:03:09.632"/>
</kw>
<for flavor="IN RANGE">
<var>${index}</var>
<value>4</value>
<iter>
<var name="${index}"/>
<kw name="Run Keyword If" library="BuiltIn">
<arg>${buttons}</arg>
<arg>Swipe By Percent</arg>
<arg>90</arg>
<arg>50</arg>
<arg>10</arg>
<arg>50</arg>
<arg>200</arg>
<arg>ELSE</arg>
<arg>Exit For Loop</arg>
<doc>Runs the given keyword with the given arguments, if ``condition`` is true.</doc>
<status status="NOT RUN" starttime="20230711 13:03:09.633" endtime="20230711 13:03:09.633"/>
</kw>
<status status="NOT RUN" starttime="20230711 13:03:09.632" endtime="20230711 13:03:09.633"/>
</iter>
<status status="NOT RUN" starttime="20230711 13:03:09.632" endtime="20230711 13:03:09.633"/>
</for>
<kw name="Click Element" library="AppiumLibrary">
<arg>${glissaire}</arg>
<doc>Click element identified by `locator`.</doc>
<status status="NOT RUN" starttime="20230711 13:03:09.633" endtime="20230711 13:03:09.633"/>
</kw>
<kw name="Click Element" library="AppiumLibrary">
<arg>${StopShowcase}</arg>
<doc>Click element identified by `locator`.</doc>
<status status="NOT RUN" starttime="20230711 13:03:09.633" endtime="20230711 13:03:09.634"/>
</kw>
<kw name="Wait Until Element Is Visible" library="AppiumLibrary">
<arg>${permission}</arg>
<doc>Waits until element specified with `locator` is visible.</doc>
<status status="NOT RUN" starttime="20230711 13:03:09.634" endtime="20230711 13:03:09.634"/>
</kw>
<kw name="Click Element" library="AppiumLibrary">
<arg>${permission}</arg>
<doc>Click element identified by `locator`.</doc>
<status status="NOT RUN" starttime="20230711 13:03:09.634" endtime="20230711 13:03:09.634"/>
</kw>
<kw name="Wait Until Element Is Visible" library="AppiumLibrary">
<arg>id=tv_why_user_title</arg>
<arg>10</arg>
<doc>Waits until element specified with `locator` is visible.</doc>
<status status="NOT RUN" starttime="20230711 13:03:09.634" endtime="20230711 13:03:09.634"/>
</kw>
<kw name="Wait Until Element Is Visible" library="AppiumLibrary">
<arg>id=v_click_why_buy</arg>
<arg>5</arg>
<doc>Waits until element specified with `locator` is visible.</doc>
<status status="NOT RUN" starttime="20230711 13:03:09.634" endtime="20230711 13:03:09.634"/>
</kw>
<kw name="Click Element" library="AppiumLibrary">
<arg>id=v_click_why_buy</arg>
<doc>Click element identified by `locator`.</doc>
<status status="NOT RUN" starttime="20230711 13:03:09.634" endtime="20230711 13:03:09.634"/>
</kw>
<kw name="Sleep" library="BuiltIn">
<arg>5s</arg>
<doc>Pauses the test executed for the given time.</doc>
<status status="NOT RUN" starttime="20230711 13:03:09.634" endtime="20230711 13:03:09.634"/>
</kw>
<status status="FAIL" starttime="20230711 13:03:09.596" endtime="20230711 13:03:09.634"/>
</kw>
<status status="FAIL" starttime="20230711 13:03:09.595" endtime="20230711 13:03:09.635">No application is open</status>
</test>
<status status="FAIL" starttime="20230711 13:03:09.221" endtime="20230711 13:03:09.636"/>
</suite>
<statistics>
<total>
<stat pass="0" fail="1" skip="0">All Tests</stat>
</total>
<tag>
</tag>
<suite>
<stat pass="0" fail="1" skip="0" id="s1" name="HomeTest">HomeTest</stat>
</suite>
</statistics>
<errors>
<msg timestamp="20230711 13:03:09.629" level="WARN">Keyword 'Capture Page Screenshot' could not be run on failure: No application is open</msg>
</errors>
</robot>
