<?xml version="1.0" encoding="UTF-8"?>
<robot generator="Robot 6.1 (Python 3.11.4 on win32)" generated="20230711 14:31:36.771" rpa="false" schemaversion="4">
<suite id="s1" name="Tests" source="C:\Users\monsh\PycharmProjects\Occazio\Tests">
<suite id="s1-s1" name="HomeTest" source="C:\Users\monsh\PycharmProjects\Occazio\Tests\HomeTest.robot">
<test id="s1-s1-t1" name="Lancer le slide" line="8">
<kw name="Run Keywords" library="BuiltIn" type="SETUP">
<arg>base.Start Appium</arg>
<arg>AND</arg>
<arg>base.Occazio</arg>
<doc>Executes all the given keywords in a sequence.</doc>
<kw name="Start Appium" library="Base">
<kw name="Run And Return Rc" library="OperatingSystem">
<arg>C:/Users/monsh/AppData/Roaming/npm/appium.cmd -p ${PORT}</arg>
<doc>Runs the given command in the system and returns the return code.</doc>
<msg timestamp="20230711 14:31:37.252" level="INFO">Running command 'C:/Users/monsh/AppData/Roaming/npm/appium.cmd -p 4723 2&gt;&amp;1'.</msg>
<status status="PASS" starttime="20230711 14:31:37.243" endtime="20230711 14:31:39.331"/>
</kw>
<kw name="Log To Console" library="BuiltIn">
<arg>appium -p ${PORT}</arg>
<doc>Logs the given message to the console.</doc>
<status status="PASS" starttime="20230711 14:31:39.332" endtime="20230711 14:31:39.333"/>
</kw>
<status status="PASS" starttime="20230711 14:31:37.243" endtime="20230711 14:31:39.333"/>
</kw>
<kw name="Occazio" library="Base">
<doc>Ouvrir l'application occazio</doc>
<kw name="Open Application" library="AppiumLibrary">
<arg>${URL}</arg>
<arg>deviceName=${DEVICE_NAME}</arg>
<arg>app=${APP}</arg>
<arg>platformVersion=${PLATFORM_VERSION}</arg>
<arg>automationName=${AUTOMATION_NAME}</arg>
<arg>platformName=${PLATFORM_NAME}</arg>
<doc>Opens a new application to given Appium server.
Capabilities of appium server, Android and iOS,
Please check https://github.com/appium/appium/blob/master/docs/en/writing-running-appium/server-args.md
| *Option*            | *Man.* | *Description*     |
| remote_url          | Yes    | Appium server url |
| alias               | no     | alias             |
| strict_ssl          | No     | allows you to send commands to an invalid certificate host like a self-signed one. |</doc>
<kw name="Capture Page Screenshot" library="AppiumLibrary">
<doc>Takes a screenshot of the current page and embeds it into the log.</doc>
<msg timestamp="20230711 14:31:41.957" level="FAIL">No application is open</msg>
<status status="FAIL" starttime="20230711 14:31:41.955" endtime="20230711 14:31:42.000"/>
</kw>
<msg timestamp="20230711 14:31:42.001" level="WARN">Keyword 'Capture Page Screenshot' could not be run on failure: No application is open</msg>
<msg timestamp="20230711 14:31:42.002" level="FAIL">WebDriverException: Message: An unknown server-side error occurred while processing the command. Original error: The application at 'C:\Users\monsh\PycharmProjects\Occazio\Tests/App/occazio.apk' does not exist or is not accessible
Stacktrace:
UnknownError: An unknown server-side error occurred while processing the command. Original error: The application at 'C:\Users\monsh\PycharmProjects\Occazio\Tests/App/occazio.apk' does not exist or is not accessible
    at getResponseForW3CError (C:\Users\monsh\AppData\Roaming\npm\node_modules\appium\node_modules\appium-base-driver\lib\protocol\errors.js:804:9)
    at asyncHandler (C:\Users\monsh\AppData\Roaming\npm\node_modules\appium\node_modules\appium-base-driver\lib\protocol\protocol.js:380:37)</msg>
<status status="FAIL" starttime="20230711 14:31:39.334" endtime="20230711 14:31:42.003"/>
</kw>
<status status="FAIL" starttime="20230711 14:31:39.333" endtime="20230711 14:31:42.004"/>
</kw>
<status status="FAIL" starttime="20230711 14:31:37.243" endtime="20230711 14:31:42.004"/>
</kw>
<kw name="Close Application" library="AppiumLibrary" type="TEARDOWN">
<doc>Closes the current application and also close webdriver session.</doc>
<kw name="Capture Page Screenshot" library="AppiumLibrary">
<doc>Takes a screenshot of the current page and embeds it into the log.</doc>
<msg timestamp="20230711 14:31:42.005" level="FAIL">No application is open</msg>
<status status="FAIL" starttime="20230711 14:31:42.005" endtime="20230711 14:31:42.006"/>
</kw>
<msg timestamp="20230711 14:31:42.008" level="WARN">Keyword 'Capture Page Screenshot' could not be run on failure: No application is open</msg>
<msg timestamp="20230711 14:31:42.008" level="FAIL">No application is open</msg>
<status status="FAIL" starttime="20230711 14:31:42.005" endtime="20230711 14:31:42.009">No application is open</status>
</kw>
<status status="FAIL" starttime="20230711 14:31:37.242" endtime="20230711 14:31:42.009">Setup failed:
WebDriverException: Message: An unknown server-side error occurred while processing the command. Original error: The application at 'C:\Users\monsh\PycharmProjects\Occazio\Tests/App/occazio.apk' does not exist or is not accessible
Stacktrace:
UnknownError: An unknown server-side error occurred while processing the command. Original error: The application at 'C:\Users\monsh\PycharmProjects\Occazio\Tests/App/occazio.apk' does not exist or is not accessible
    at getResponseForW3CError (C:\Users\monsh\AppData\Roaming\npm\node_modules\appium\node_modules\appium-base-driver\lib\protocol\errors.js:804:9)
    at asyncHandler (C:\Users\monsh\AppData\Roaming\npm\node_modules\appium\node_modules\appium-base-driver\lib\protocol\protocol.js:380:37)

Also teardown failed:
No application is open</status>
</test>
<status status="FAIL" starttime="20230711 14:31:37.210" endtime="20230711 14:31:42.010"/>
</suite>
<doc>this test suite groups all test cases related to homepage feature</doc>
<status status="FAIL" starttime="20230711 14:31:36.774" endtime="20230711 14:31:42.010"/>
</suite>
<statistics>
<total>
<stat pass="0" fail="1" skip="0">All Tests</stat>
</total>
<tag>
</tag>
<suite>
<stat pass="0" fail="1" skip="0" id="s1" name="Tests">Tests</stat>
<stat pass="0" fail="1" skip="0" id="s1-s1" name="HomeTest">Tests.HomeTest</stat>
</suite>
</statistics>
<errors>
<msg timestamp="20230711 14:31:42.001" level="WARN">Keyword 'Capture Page Screenshot' could not be run on failure: No application is open</msg>
<msg timestamp="20230711 14:31:42.008" level="WARN">Keyword 'Capture Page Screenshot' could not be run on failure: No application is open</msg>
</errors>
</robot>
