<?xml version="1.0" encoding="UTF-8"?>
<robot generator="Robot 6.1 (Python 3.11.4 on win32)" generated="20230718 08:47:00.210" rpa="false" schemaversion="4">
<suite id="s1" name="Tests" source="C:\Users\monsh\PycharmProjects\Occazio\Tests">
<suite id="s1-s1" name="HomeTest" source="C:\Users\monsh\PycharmProjects\Occazio\Tests\HomeTest.robot">
<test id="s1-s1-t1" name="Lancer le slide" line="8">
<kw name="Run Keyword" library="BuiltIn" type="SETUP">
<arg>Occazio Remote</arg>
<doc>Executes the given keyword with the given arguments.</doc>
<kw name="Occazio Remote" library="Base">
<doc>Ouvrir l'application occazio</doc>
<kw name="Open Application" library="AppiumLibrary">
<arg>${REMOTE_URL}</arg>
<arg>deviceName=${DEVICE_NAME_BROWSERSTACK}</arg>
<arg>app=${APP_BROWSERSTACK}</arg>
<arg>platformVersion=${PLATFORM_VERSION_BROWSERSTACK}</arg>
<arg>automationName=${AUTOMATION_NAME}</arg>
<arg>platformName=${PLATFORM_NAME_BROWSERSTACK}</arg>
<doc>Opens a new application to given Appium server.
Capabilities of appium server, Android and iOS,
Please check https://github.com/appium/appium/blob/master/docs/en/writing-running-appium/server-args.md
| *Option*            | *Man.* | *Description*     |
| remote_url          | Yes    | Appium server url |
| alias               | no     | alias             |
| strict_ssl          | No     | allows you to send commands to an invalid certificate host like a self-signed one. |</doc>
<status status="PASS" starttime="20230718 08:47:00.542" endtime="20230718 08:47:33.035"/>
</kw>
<status status="PASS" starttime="20230718 08:47:00.542" endtime="20230718 08:47:33.035"/>
</kw>
<status status="PASS" starttime="20230718 08:47:00.542" endtime="20230718 08:47:33.035"/>
</kw>
<kw name="Derouler le slide" library="Home">
<kw name="Wait Until Element Is Visible" library="AppiumLibrary">
<arg>${BtnDemarrer}</arg>
<arg>10</arg>
<doc>Waits until element specified with `locator` is visible.</doc>
<msg timestamp="20230718 08:47:37.127" level="INFO">criteria is bt_start_showcase
criteria is bt_start_showcase
criteria is bt_start_showcase</msg>
<status status="PASS" starttime="20230718 08:47:33.037" endtime="20230718 08:47:37.127"/>
</kw>
<kw name="Click Element" library="AppiumLibrary">
<arg>${BtnDemarrer}</arg>
<doc>Click element identified by `locator`.</doc>
<msg timestamp="20230718 08:47:37.136" level="INFO">Clicking element 'id=bt_start_showcase'.</msg>
<msg timestamp="20230718 08:47:38.155" level="INFO">criteria is bt_start_showcase</msg>
<status status="PASS" starttime="20230718 08:47:37.127" endtime="20230718 08:47:38.155"/>
</kw>
<kw name="Sleep" library="BuiltIn">
<arg>2s</arg>
<doc>Pauses the test executed for the given time.</doc>
<msg timestamp="20230718 08:47:40.155" level="INFO">Slept 2 seconds</msg>
<status status="PASS" starttime="20230718 08:47:38.155" endtime="20230718 08:47:40.155"/>
</kw>
<kw name="Wait Until Element Is Visible" library="AppiumLibrary">
<arg>${fragement}</arg>
<doc>Waits until element specified with `locator` is visible.</doc>
<msg timestamp="20230718 08:47:41.557" level="INFO">criteria is indicator_showcase</msg>
<status status="PASS" starttime="20230718 08:47:40.157" endtime="20230718 08:47:41.557"/>
</kw>
<kw name="Run Keyword And Return Status" library="BuiltIn">
<var>${buttons}</var>
<arg>Page Should Not Contain Element</arg>
<arg>${StopShowcase}</arg>
<doc>Runs the given keyword with given arguments and returns the status as a Boolean value.</doc>
<kw name="Page Should Not Contain Element" library="AppiumLibrary">
<arg>${StopShowcase}</arg>
<doc>Verifies that current page not contains `locator` element.</doc>
<msg timestamp="20230718 08:47:42.100" level="INFO">Current page not contains element 'id=bt_stop_showcase'.</msg>
<msg timestamp="20230718 08:47:42.100" level="INFO">criteria is bt_stop_showcase</msg>
<status status="PASS" starttime="20230718 08:47:41.560" endtime="20230718 08:47:42.100"/>
</kw>
<msg timestamp="20230718 08:47:42.100" level="INFO">${buttons} = True</msg>
<status status="PASS" starttime="20230718 08:47:41.558" endtime="20230718 08:47:42.100"/>
</kw>
<for flavor="IN RANGE">
<var>${index}</var>
<value>4</value>
<iter>
<var name="${index}">0</var>
<kw name="Run Keyword If" library="BuiltIn">
<arg>${buttons}</arg>
<arg>Swipe By Percent</arg>
<arg>90</arg>
<arg>50</arg>
<arg>10</arg>
<arg>50</arg>
<arg>200</arg>
<arg>ELSE</arg>
<arg>Exit For Loop</arg>
<doc>Runs the given keyword with the given arguments, if ``condition`` is true.</doc>
<kw name="Swipe By Percent" library="AppiumLibrary">
<arg>90</arg>
<arg>50</arg>
<arg>10</arg>
<arg>50</arg>
<arg>200</arg>
<doc>Swipe from one percent of the screen to another percent, for an optional duration.
Normal swipe fails to scale for different screen resolutions, this can be avoided using percent.</doc>
<status status="PASS" starttime="20230718 08:47:42.100" endtime="20230718 08:47:44.826"/>
</kw>
<status status="PASS" starttime="20230718 08:47:42.100" endtime="20230718 08:47:44.826"/>
</kw>
<status status="PASS" starttime="20230718 08:47:42.100" endtime="20230718 08:47:44.826"/>
</iter>
<iter>
<var name="${index}">1</var>
<kw name="Run Keyword If" library="BuiltIn">
<arg>${buttons}</arg>
<arg>Swipe By Percent</arg>
<arg>90</arg>
<arg>50</arg>
<arg>10</arg>
<arg>50</arg>
<arg>200</arg>
<arg>ELSE</arg>
<arg>Exit For Loop</arg>
<doc>Runs the given keyword with the given arguments, if ``condition`` is true.</doc>
<kw name="Swipe By Percent" library="AppiumLibrary">
<arg>90</arg>
<arg>50</arg>
<arg>10</arg>
<arg>50</arg>
<arg>200</arg>
<doc>Swipe from one percent of the screen to another percent, for an optional duration.
Normal swipe fails to scale for different screen resolutions, this can be avoided using percent.</doc>
<status status="PASS" starttime="20230718 08:47:44.830" endtime="20230718 08:47:47.922"/>
</kw>
<status status="PASS" starttime="20230718 08:47:44.826" endtime="20230718 08:47:47.922"/>
</kw>
<status status="PASS" starttime="20230718 08:47:44.826" endtime="20230718 08:47:47.922"/>
</iter>
<iter>
<var name="${index}">2</var>
<kw name="Run Keyword If" library="BuiltIn">
<arg>${buttons}</arg>
<arg>Swipe By Percent</arg>
<arg>90</arg>
<arg>50</arg>
<arg>10</arg>
<arg>50</arg>
<arg>200</arg>
<arg>ELSE</arg>
<arg>Exit For Loop</arg>
<doc>Runs the given keyword with the given arguments, if ``condition`` is true.</doc>
<kw name="Swipe By Percent" library="AppiumLibrary">
<arg>90</arg>
<arg>50</arg>
<arg>10</arg>
<arg>50</arg>
<arg>200</arg>
<doc>Swipe from one percent of the screen to another percent, for an optional duration.
Normal swipe fails to scale for different screen resolutions, this can be avoided using percent.</doc>
<status status="PASS" starttime="20230718 08:47:47.922" endtime="20230718 08:47:50.461"/>
</kw>
<status status="PASS" starttime="20230718 08:47:47.922" endtime="20230718 08:47:50.461"/>
</kw>
<status status="PASS" starttime="20230718 08:47:47.922" endtime="20230718 08:47:50.461"/>
</iter>
<iter>
<var name="${index}">3</var>
<kw name="Run Keyword If" library="BuiltIn">
<arg>${buttons}</arg>
<arg>Swipe By Percent</arg>
<arg>90</arg>
<arg>50</arg>
<arg>10</arg>
<arg>50</arg>
<arg>200</arg>
<arg>ELSE</arg>
<arg>Exit For Loop</arg>
<doc>Runs the given keyword with the given arguments, if ``condition`` is true.</doc>
<kw name="Swipe By Percent" library="AppiumLibrary">
<arg>90</arg>
<arg>50</arg>
<arg>10</arg>
<arg>50</arg>
<arg>200</arg>
<doc>Swipe from one percent of the screen to another percent, for an optional duration.
Normal swipe fails to scale for different screen resolutions, this can be avoided using percent.</doc>
<status status="PASS" starttime="20230718 08:47:50.461" endtime="20230718 08:47:52.879"/>
</kw>
<status status="PASS" starttime="20230718 08:47:50.461" endtime="20230718 08:47:52.879"/>
</kw>
<status status="PASS" starttime="20230718 08:47:50.461" endtime="20230718 08:47:52.879"/>
</iter>
<status status="PASS" starttime="20230718 08:47:42.100" endtime="20230718 08:47:52.879"/>
</for>
<kw name="Click Element" library="AppiumLibrary">
<arg>${glissaire}</arg>
<doc>Click element identified by `locator`.</doc>
<msg timestamp="20230718 08:47:52.888" level="INFO">Clicking element 'id=v_seekbar_overlay'.</msg>
<msg timestamp="20230718 08:47:54.871" level="INFO">criteria is v_seekbar_overlay</msg>
<status status="PASS" starttime="20230718 08:47:52.879" endtime="20230718 08:47:54.871"/>
</kw>
<kw name="Click Element" library="AppiumLibrary">
<arg>${StopShowcase}</arg>
<doc>Click element identified by `locator`.</doc>
<msg timestamp="20230718 08:47:54.880" level="INFO">Clicking element 'id=bt_stop_showcase'.</msg>
<msg timestamp="20230718 08:47:55.931" level="INFO">criteria is bt_stop_showcase</msg>
<status status="PASS" starttime="20230718 08:47:54.871" endtime="20230718 08:47:55.931"/>
</kw>
<kw name="Wait Until Element Is Visible" library="AppiumLibrary">
<arg>${permission}</arg>
<doc>Waits until element specified with `locator` is visible.</doc>
<msg timestamp="20230718 08:48:03.080" level="INFO">&lt;?xml version='1.0' encoding='UTF-8' standalone='yes' ?&gt;
&lt;hierarchy index="0" class="hierarchy" rotation="0" width="1080" height="2186"&gt;
  &lt;android.widget.FrameLayout index="0" package="fr.dsquad.occazio" class="android.widget.FrameLayout" text="" checkable="false" checked="false" clickable="false" enabled="true" focusable="false" focused="false" long-clickable="false" password="false" scrollable="false" selected="false" bounds="[42,538][1038,1829]" displayed="true"&gt;
    &lt;android.widget.LinearLayout index="0" package="fr.dsquad.occazio" class="android.widget.LinearLayout" text="" checkable="false" checked="false" clickable="false" enabled="true" focusable="false" focused="false" long-clickable="false" password="false" scrollable="false" selected="false" bounds="[42,538][1038,1829]" displayed="true"&gt;
      &lt;android.widget.FrameLayout index="0" package="fr.dsquad.occazio" class="android.widget.FrameLayout" text="" resource-id="android:id/content" checkable="false" checked="false" clickable="false" enabled="true" focusable="false" focused="false" long-clickable="false" password="false" scrollable="false" selected="false" bounds="[42,538][1038,1829]" displayed="true"&gt;
        &lt;android.view.ViewGroup index="0" package="fr.dsquad.occazio" class="android.view.ViewGroup" text="" checkable="false" checked="false" clickable="false" enabled="true" focusable="false" focused="false" long-clickable="false" password="false" scrollable="false" selected="false" bounds="[42,538][1038,1829]" displayed="true"&gt;
          &lt;android.widget.TextView index="0" package="fr.dsquad.occazio" class="android.widget.TextView" text="Je suis là pour" resource-id="fr.dsquad.occazio:id/tv_why_user_title" checkable="false" checked="false" clickable="false" enabled="true" focusable="false" focused="false" long-clickable="false" password="false" scrollable="false" selected="false" bounds="[243,622][837,745]" displayed="true" /&gt;
          &lt;android.widget.GridLayout index="1" package="fr.dsquad.occazio" class="android.widget.GridLayout" text="" resource-id="fr.dsquad.occazio:id/grid_why_user" checkable="false" checked="false" clickable="false" enabled="true" focusable="false" focused="false" long-clickable="false" password="false" scrollable="false" selected="false" bounds="[84,829][996,1607]" displayed="true"&gt;
            &lt;android.view.ViewGroup index="0" package="fr.dsquad.occazio" class="android.view.ViewGroup" text="" resource-id="fr.dsquad.occazio:id/grid_why_buy" checkable="false" checked="false" clickable="false" enabled="true" focusable="false" focused="false" long-clickable="false" password="false" scrollable="false" selected="false" bounds="[84,829][452,1197]" displayed="true"&gt;
              &lt;android.view.View index="0" package="fr.dsquad.occazio" class="android.view.View" text="" resource-id="fr.dsquad.occazio:id/v_click_why_buy" checkable="false" checked="false" clickable="true" enabled="true" focusable="true" focused="false" long-clickable="false" password="false" scrollable="false" selected="false" bounds="[84,829][452,1197]" displayed="true" /&gt;
              &lt;android.widget.ImageView index="1" package="fr.dsquad.occazio" class="android.widget.ImageView" text="" resource-id="fr.dsquad.occazio:id/iv_why_buy" checkable="false" checked="false" clickable="false" enabled="true" focusable="false" focused="false" long-clickable="false" password="false" scrollable="false" selected="false" bounds="[203,871][334,1002]" displayed="true" /&gt;
              &lt;android.widget.TextView index="2" package="fr.dsquad.occazio" class="android.widget.TextView" text="CHERCHER UN VÉHICULE" checkable="false" checked="false" clickable="false" enabled="true" focusable="false" focused="false" long-clickable="false" password="false" scrollable="false" selected="false" bounds="[105,1049][431,1150]" displayed="true" /&gt;
            &lt;/android.view.ViewGroup&gt;
            &lt;android.view.ViewGroup index="1" package="fr.dsquad.occazio" class="android.view.ViewGroup" text="" resource-id="fr.dsquad.occazio:id/grid_why_sell" checkable="false" checked="false" clickable="false" enabled="true" focusable="false" focused="false" long-clickable="false" password="false" scrollable="false" selected="false" bounds="[628,829][996,1197]" displayed="true"&gt;
              &lt;android.view.View index="0" package="fr.dsquad.occazio" class="android.view.View" text="" resource-id="fr.dsquad.occazio:id/v_click_why_sell" checkable="false" checked="false" clickable="true" enabled="true" focusable="true" focused="false" long-clickable="false" password="false" scrollable="false" selected="false" bounds="[628,829][996,1197]" displayed="true" /&gt;
              &lt;android.widget.ImageView index="1" package="fr.dsquad.occazio" class="android.widget.ImageView" text="" resource-id="fr.dsquad.occazio:id/iv_why_sell" checkable="false" checked="false" clickable="false" enabled="true" focusable="false" focused="false" long-clickable="false" password="false" scrollable="false" selected="false" bounds="[747,871][878,1002]" displayed="true" /&gt;
              &lt;android.widget.TextView index="2" package="fr.dsquad.occazio" class="android.widget.TextView" text="VENDRE UN VÉHICULE" resource-id="fr.dsquad.occazio:id/tv_why_sell" checkable="false" checked="false" clickable="false" enabled="true" focusable="false" focused="false" long-clickable="false" password="false" scrollable="false" selected="false" bounds="[649,1049][975,1150]" displayed="true" /&gt;
            &lt;/android.view.ViewGroup&gt;
            &lt;android.view.ViewGroup index="2" package="fr.dsquad.occazio" class="android.view.ViewGroup" text="" resource-id="fr.dsquad.occazio:id/grid_why_buy_sell" checkable="false" checked="false" clickable="false" enabled="true" focusable="false" focused="false" long-clickable="false" password="false" scrollable="false" selected="false" bounds="[84,1239][452,1607]" displayed="true"&gt;
              &lt;android.view.View index="0" package="fr.dsquad.occazio" class="android.view.View" text="" resource-id="fr.dsquad.occazio:id/v_click_why_buy_sell" checkable="false" checked="false" clickable="true" enabled="true" focusable="true" focused="false" long-clickable="false" password="false" scrollable="false" selected="false" bounds="[84,1239][452,1607]" displayed="true" /&gt;
              &lt;android.widget.ImageView index="1" package="fr.dsquad.occazio" class="android.widget.ImageView" text="" resource-id="fr.dsquad.occazio:id/iv_why_buy_sell" checkable="false" checked="false" clickable="false" enabled="true" focusable="false" focused="false" long-clickable="false" password="false" scrollable="false" selected="false" bounds="[203,1281][334,1412]" displayed="true" /&gt;
              &lt;android.widget.TextView index="2" package="fr.dsquad.occazio" class="android.widget.TextView" text="REMPLACER MON VÉHICULE" resource-id="fr.dsquad.occazio:id/tv_why_buy_sell" checkable="false" checked="false" clickable="false" enabled="true" focusable="false" focused="false" long-clickable="false" password="false" scrollable="false" selected="false" bounds="[84,1480][452,1581]" displayed="true" /&gt;
            &lt;/android.view.ViewGroup&gt;
            &lt;android.view.ViewGroup index="3" package="fr.dsquad.occazio" class="android.view.ViewGroup" text="" resource-id="fr.dsquad.occazio:id/grid_why_other" checkable="false" checked="false" clickable="false" enabled="true" focusable="false" focused="false" long-clickable="false" password="false" scrollable="false" selected="false" bounds="[628,1239][996,1607]" displayed="true"&gt;
              &lt;android.view.View index="0" package="fr.dsquad.occazio" class="android.view.View" text="" resource-id="fr.dsquad.occazio:id/v_click_why_other" checkable="false" checked="false" clickable="true" enabled="true" focusable="true" focused="false" long-clickable="false" password="false" scrollable="false" selected="false" bounds="[628,1239][996,1607]" displayed="true" /&gt;
              &lt;android.widget.ImageView index="1" package="fr.dsquad.occazio" class="android.widget.ImageView" text="" resource-id="fr.dsquad.occazio:id/iv_why_other" checkable="false" checked="false" clickable="false" enabled="true" focusable="false" focused="false" long-clickable="false" password="false" scrollable="false" selected="false" bounds="[747,1281][878,1412]" displayed="true" /&gt;
              &lt;android.widget.TextView index="2" package="fr.dsquad.occazio" class="android.widget.TextView" text="DÉCOUVRIR" checkable="false" checked="false" clickable="false" enabled="true" focusable="false" focused="false" long-clickable="false" password="false" scrollable="false" selected="false" bounds="[703,1504][922,1558]" displayed="true" /&gt;
            &lt;/android.view.ViewGroup&gt;
          &lt;/android.widget.GridLayout&gt;
          &lt;android.widget.TextView index="2" package="fr.dsquad.occazio" class="android.widget.TextView" text="Je ne souhaite pas optimiser Occazio" resource-id="fr.dsquad.occazio:id/tv_why_skip" checkable="false" checked="false" clickable="true" enabled="true" focusable="true" focused="false" long-clickable="false" password="false" scrollable="false" selected="false" bounds="[285,1691][996,1787]" displayed="true" /&gt;
        &lt;/android.view.ViewGroup&gt;
      &lt;/android.widget.FrameLayout&gt;
    &lt;/android.widget.LinearLayout&gt;
  &lt;/android.widget.FrameLayout&gt;
&lt;/hierarchy&gt;</msg>
<kw name="Capture Page Screenshot" library="AppiumLibrary">
<doc>Takes a screenshot of the current page and embeds it into the log.</doc>
<msg timestamp="20230718 08:48:06.490" level="INFO" html="true">&lt;/td&gt;&lt;/tr&gt;&lt;tr&gt;&lt;td colspan="3"&gt;&lt;img src="data:image/png;base64, iVBORw0KGgoAAAANSUhEUgAABDgAAAlgCAYAAABtGofVAAAAAXNSR0IArs4c6QAAAARzQklUCAgI
CHwIZIgAACAASURBVHic7N15eFv1nS/+95GOdsmSZUne4jW77SSQPYWEQlJKWgJla1lahlKgnc5A
2s6dTgvMcn9TMtN7f3eA3rkzpVCGbgS4hZLQNpQmYQeHhGx24qxeEu+7ZWtfzv1DsSxZsi3J8iLn
/XoenseSjo6+x8Q60vt8v5+PkGUslUBERERERERElMFkMz0AIiIiIiIiIqLJYsBBRERERERERBmP
AQcRERERERERZTwGHERERERERESU8RhwEBEREREREVHGY8BBRERERERERBmPAQcRERERERERZTwG
HERERERERESU8RhwEBEREREREVHGY8BBRERERERERBmPAQcRERERERERZTwGHERERERERESU8Rhw
EBEREREREVHGY8BBRERERERERBmPAQcRERERERERZTwGHERERERERESU8RhwEBEREREREVHGY8BB
RERERERERBmPAQcRERERERERZTwGHERERERERESU8RhwEBEREREREVHGY8BBRERERERERBmPAQcR
ERERERERZTwGHERERERERESU8RhwEBEREREREVHGY8BBRERERERERBmPAQcRERERERERZTwGHERE
RERERESU8RhwEBEREREREVHGY8BBRERERERERBmPAQcRERERERERZTwGHERERERERESU8RhwEBER
EREREVHGY8BBRERERERERBmPAQcRERERERERZTwGHERERERERESU8RhwEBEREREREVHGY8BBRERE
RERERBmPAQcRERERERERZTwGHERERERERESU8RhwEBEREREREVHGE2d6AER0+Xlj929meggxtt10
z0wPgYiIiIiIJoEzOIjiWLjKB0FIfHtBAJas903dgIiIiIiIiGhcnMFBFIfXJWD5Z7049rYyoe0X
r/PB504iESEiIiIimmZVVUvj3t/V1Y2Ojq5pHk3ycnOtqKxcglybFVXLoo+ltqYOHZ1dOHDgUzgc
zhka4dgKCvKg1WrGfNzpdKG1tX0aRzQ3MeAgiuPiaTk23+vC+cMKuByAUiNBVAAyeejxYADw+0JB
iFIjYePtLvzXDw0zO2giIiIiokuGw4BlVUuxbFkFbDbLhM9paLiAmto61NbWobr60DSMMjHXXbcR
N9+0FWVlxRDGmGa9fFkFAECSJDQ0XMCu3Xuwf//70znMMZnN2Vh2aXzjcbs96O3tm4YRzV1ClrFU
mulBEM1GOpOELV9zIic/CI1BglwByOShP5dgQEDAD7iGBPS0yPHOS2oMdHHFV6JYg4OIiIhoalx3
3UasX7ca69evGjMMmIgkSXA4XaiuPoT9+99HTc3JNI8yMevXr8YD3/gqcnOtKT2/o6MLz/381zMe
1pjN2Viz5soJtzt48AgDjkniDI4pIIpy2GxWBAKBtE71UioVsFotkIISOru64PcH0rbvmTJbj8lW
HMDnv+GCpTD+eOSiBLkIKNUSjJYgjJYA/vxLLdrOy6d5pEREREREoWDj7rtumzAMcDhdqK9vDN9e
FmfZiiAI0Ou02LJ5EzZftxE1tXV46aXfTWvQsf2Rh7BlyzWT2kdurhWPPfpd7N37Lp7+yc/SNDKa
zRhwpEl+Xi5uueWLqFq2FIUF+ZDJQmmp3x9Ac3MrjhytwWuv/R79/QNJ7besrATbbrwelZVLkZ9v
C6ewgUAQLa1tqKk5id2735z29VqPPfo9WK054ds/feYFnDp1NqHnztZjGlawIIDbvjcEMbHyGwCA
nMIg7vhvQ3jtKR2aT/PPioiIiIimR1lZCR544KvhJRqROju7w0tO6usb0dBwYcz9VFUtRVlZSWhJ
y/IK6C7VixAEAcuXVWBZ1VLsfuNP2Lnz1SmtcaHTafHoo98d83h27X4TDQ1NqK2tixn/sqqlWL9+
NcrKiqMe27LlGthyrdix48lZWZ+D0odLVNLg5pu34u67b4dWox53O/vgEH7+818nvBbs3q99BV/6
0hegUIz/hdnt9uDlV17Hb3+7O+ExT8add96Ce+6+Peq+f/ynH+Pw4eMTPne2HtMwmUzCfT8agtEW
BAC01cvxh//UYsu9LpQu80dt23pOjj88o8UN33ChaEnoscFeGZ7/oR7BAAuOjodLVIiIiIgmb9u2
G/DgA1+NWYqyb//7OFB9CNUHPoUkJfd1TxAEaLUarF+/Olz3ItKQw4kdO56cstkcTz+1A+XlJVH3
NTRcwLPP/Qq1tXUTHo8gCKiqWorvbP9mTN2R+vombP/Oo2kfc6SCgjwsXboIojj5i55+vx91dWdY
fDQJcpXa9E8zPYhMds/dt+NrX/sylApF+D6Px4vOzm44nS6o1WrIZKHaDCqVEmvXrMTAgB3nzjWM
u99v/+X9uPnmrZDLR+o6+Hx+dHf3wOFwQqPRhGeJiKKIK1ZUQSEqcOz4iSk4yhElJUV45JGHYgKK
d975EG1tHeM+d7YeU6SNd3hQtnwkyPjod2q0nBVh75Gj6mpv1Lb7f6NBR6MIr0uGxWtDLWJVGgkq
DdBYy1kc47n7rttmeggxdu58baaHQERERJQQnU6Lb//l13HHHTdFhRsHDhzGP/33H2PfvvfQ3Nya
8v59Ph8aGprw5p/2o6a2DsuWVUCn0wIILTG/7rqN6OzqRkND06SPJdL2Rx7CqlUrou7r6OjCt//q
+0kt/e/s7MIbb/wJOr0OixcvCN+fnW2CzWrBgQOfpm3Mo61YXomAPwCf1zfp/wL+ALKzTbhwsWXK
xjvX8FvYJFx55TLcccfN4TcVr9eHXbv3YNeuPRgYsAMArNYc3HbbNtzw+c2Qy2WQy2X42r1fQU1t
3ZhvOldftQ433HBd+LbP58fru/6I3/3uDxgcHArv9ytfvgXXX//Z8Ovfdts2HDlaM6Vr4775zb+Y
cKZKPLP5mIbJRQkLVvqi7rvqNjesRQHMv9Ifs/3mr7lQtDSAhaOeM/8KH97/rQoB//TO4lAqFTCb
s1FYmA+TyQhRFOF2e9DV2YXWtg7Y7YMIBoPTOiYiIiIiSi+dTosdTzweNcvB4XThiSf+bdwZDjqd
FmVloeeUlZVAr9Oio7MLnZ3dABCz5AMIFRutqTmJBx78Du6681bcddetAEKzJL6z/ZuoqlqKp59+
Ji3HddNNW+PW3MjNteKRhx9MuoaGJEl49tlfoqGhCdsfeSh8/5Yt1+DAJ4dnvPAoTQ0GHJNw663b
wrMRJEnCz579Jf70p/1R23R19eCnP30B/f0D4WUdBr0Ot97yRfzkfz8bd7833bQ1/AVfkiT89JkX
8NZbb8fs99//z3MYGLDjy1++GQAgkwm49ZYvTlkYsG3bDXGLECVith5TJLkIaA3RAYDeKGHl57xx
t9ebJKzc4om5X2MIQi4CgdhMZMrMn1+K22+/CWvXrIRCIUb9riUJ6O3tw5/e2o833vgT1x0SERER
ZTCbzYrcPFv4dk1tHXbseBJDQ46YbXNzrVi7dhW2bN4UtdQkctbHcCDicLpQc/wkqg8cwoEDn0Z9
ZpQkCS/ufBXVBw7hsUe/F176Mb+8FDqddtKfL3U6bTg8iWc4+EilUOjeve/CZrVE7X/79m+ipubk
jHwuXrCwPGbpTGdnN86drZ/2scxFDDhSZLGYUVW5JHy79sSpmHAj0ksv/Q5XX70eJcXzAABr1lwJ
UZTHdA0xGPRYsKAsfPv06fMxQUCkX/36FVx99XoUFOQCABYvWZjS8UwkN9eKO++8JXy7vr4pZm3c
WGbrMY0myABFEoVFxyIqAdk0NVMRRTluueVGfPELn4PZbIpZfykIAgQh9O/1zq/cirVrVuLZZ3+F
ulNnpmeARERERJRWDQ1NePTRf8aOHX+P6upDePrpZ2JmbeTmWnHnV27B5s2bJmwVO/y4XqfFhg2r
sWHDagw5nNi9aw92v/FmVAhQX9+ER7b/EP+y4+8BAI8+9qO0hAQ337QV+ktLYIBQaNPZ2Y3N120M
3zeZkOPFna+iatnS8MVavU6Lm2/aihd3vjrJkSdv83UbYTRmRd1Xe+IUA440YcCRojWrQwHFsA8/
ODDhcz45cDgccJhMRlRWLsWxY7VR2xQXFUbVtzhZd3rC/Z44URcOAwx6HXJzrWltTwsADz5wL7IM
egDAhYst+ODDAwkHHLP1mEbzOAU8+aBxSl8jnWQyGW655Ubcc/ftUXVNxiKXy7BwYTn+5m++jR//
j5/gLN9EiYiIiDJSfX0Ttm//Yczn49BMiNtw07bPjxlsNDRcwJBjZLZHrs0aM6NAr9Pi7rtvw003
b8Vzz/0K+/a9F37M4XDih4/+c/jndNh20w1Rt59++pnwsaUr5Hj66Wfw3LNPRb3mdAccy5ZVxIQb
QGLfJSkxDDhSVF5eGnX7k4OHJ3zO0WO1uOOOm8K3Fywoiwk4DFmGqNt2++CE++2/VO9jmMlkjBsG
fOtb9+HaazciEAjg9df/iFdeeX3CfQOhntpr114JINTK9ec//3V4/V4ipvKYUlW+woct97ogScCf
X9CisVaESivh2z+xT/zkBPzn9iy4HQJKq/y4/j4nIAB7f6FB/XHFxE9O0MaNG3DXnbcmFG5Eys21
4pFHHsLjj+8I14qhmbFp02ewdetmLF4UKn51+sw57NmzD++999EMj4yIiIhmu9GfjXNzrXj0h9+N
uQjZ2dmN6gOfYt++d8dtE7t+3SqsW78a69evDreI1eu0cWttpHNpR1XV0qjZG/v2vx8+tqee+imA
9IQcHR1d2Lf//fC+9DotqqqWxq09Mhnf//7DYz72D//wD3juuf+Ium/NmjX4wQ9+MO4+P7iZAUii
GHCkyGrNCf88OORAV1fPhM85d64BkiSF09R5hfkx29hHfeHU63UT7teg14d/liQJvb19MdtULF2E
L2zdEn7tu+68FXv27A0X+ByLyWTEX9x7Z/h5+/e/h8OHjycVcEzVMU3GZ+90QWeUwj+/8Lhhgmek
+Dp3uaAzSeGf0xVwaDQafOnmrRO22x1L0bxCbN68Cbt27UEgEJj4CZR2999/D2750hei7quqXIKq
yiVYsKAMzz8/+1rpEhER0exUVlaCHTsejwoKOju7sfOl17Bv33sJtYr9uPoQPq4+BN2l5Rs33bw1
HHRs2bwJ5WUlaVuSEmn9+tVRtw+MKv6ZzpDjQPWhqP2sX7867QHHWDo7O3HiRGx3yBtvvHFaXv9y
wYAjRVkRsxIG7eOHBMOcTieGHE4YLn3B12q1MducOXseg0OO8DZLEqg/sWjR/PDPnZ3dccMWnV4X
NU1NFOXQajUTBhzf+MZXYTabAISKgP7XCzsnHM9oU3VMk2G0jrzJZ+dOXWeRbNvIviNfczIEQcCq
lctRfGm502herw8n687AbrejaF4hSkuLYqYoyuUybL1hM1xOF9ye2EKpkSJDuUg+nx8HDhyCzzeN
1VTniE2bPhMTbkS65UtfwLlzDZzJQURERAkpLy+JCjd2v/EnPPfcrxIKNkZzOJx4ceer2LV7D/5l
x9+Hi5NOVMsjVaNnnHwcp7tJukKO0ftOdMl9Ovz+97+Pua+kpARVVVXTNobLAQOOFKnUqvDPXm/8
Lhvx+LwjLUU1lxLRSH5/ANUfH8TnPvdZAEBlxWJcffV6fPBBddz9bb1hc9Qf5nvvfRx3uyNHjuPU
qXNYsiQ0Ff7Djz6ZcMnH+vWrcc2mDQBCX3J/8cuXJwxE4pmqY0qbS+/V6SgwOta+00kU5Vi1+goo
lbGzQdxuD/7lX59CTc1J+P0BqFUqfOMbX41qvTssL8+Gb3/7/pTH4XC6cOxYLXy+5P9NXO62bt2c
0DYMOIiIiCgR+/a9B0EQsP2Rh/D0T36GvXvfHXPbyHaxQPz2sEAo6Nj+nUfxyCMPYfmyiimZvQEg
qktjzTizKdIVctTU1oVfM5lZ6ZPhcDjw9tuxTRY4eyP9GHCkSJSP/OqSmeLv840EHGqVKu42v3nx
t6isXIqCglwIgoBHHn4QVmsO3njjzXDXFaVSgdtu3Ybbbx+p6XHmzHm8/Mrv4u7T7w/gh4/+f1i2
rAJejxcnTo5f6FOj0eDr990d/lJ84MBhvPvuhwkf53QcU7oJ8vTMsJhqolzEwoXlcR97440/4ciR
mnBa73K78YtfvoTy8pIxn0PTb7jmxmS3ISIiIhq2d++7qK4+NGa72G3bbsD6datiCooCocKje/e9
h/3734tpD/v0088gN9cad7/TLZ3LVQBEzXqZSgcOHIDTGRsO6fX6mGUrVqsVNpstZltKDAOOFKVj
itZY++jp6cOP/8fTePSH30VurhUajRr3f/1u3HHHzejq7AYA5OXnQqtRh59TX9+Ef/nXp+DxjD2b
xO8P4MiRmoTGdt9f3BnuYmIfHMJzP/9VoocV11Qd0+VIkMniVl8GgLff+SBmKqLD4cSZs+cZcBAR
ERHNcaNDCJ1Oiwe+8dUJ28WWl5fgofKv4e67b8PuXXuw86XXoh6f6m6GyUh3yDEd4i1PAYAf//jH
Mffdd9992LZt21QPac5Krv0CTZv6+iZ893uP48jRkS4rBr0O5eUlKC8viQoC9u1/H3/z3/4e3d29
aXnt5csrcf3114Zvv/zy62l5U5vJY5prIpc6RcrNtcbcJ5fLoI8o2koz7/SZc2nZhoiIiGgsZWUl
2PHE49iy5Zq44YbD6Yq5b7g97Pbt34QuidkNBoMeoiif1HiT8dRTP8W+/e9H3bdlyzXY/shD0zaG
RDU0NKCpqSmhbUtKShhuTBJncMxSZnM2vv71u7F8WcWE21591Tq4XC688MLOSc92EEU5Hnzga+E3
qNoTp7B7955J7XPYTB3TXBMMBtDe0RnVyWfYfffddakuxkjhz+LieVi/btV0DpEmsGfPPlRVLplw
GyIiIqJUDV9EHDbcVaWm5iQ6L82gBoCysmJs3nwNNm/eFO6asmHDGrzxxpuor5/4i7nBoMfq1VfA
4/bg4KEj01aAPtWZHLqIRg/xQp50i1d7Ix6NRjNhu1iaGAOOWchg0OMf/+Fvw29IkiThZN0ZHDx4
BG2t7ZDJ5SguKsSGDWtQWloElUqJG794PfLz8/CjH/3/4ZoWqbjnnjtQWloEIFSw8tlnf5nxxzTX
eL0+HDtWi6rKJTFpfHFRIf7xH7+PXbv2oKOjC8uXVeCOO26GShVbQdXvD6C3tw/BYGwXGaVSGe6e
M1pHRxckSYLL5Y77XJrYe+99hAULysbspPK71//IAqNEREQ0KZGFR3fufA07X3otbleV+vom1Nf/
Ei+++Ft8Z/u3sGx5BR577EdJhRtKpRJKpRJrVl+ZdMgRWfQzsuBoIlIJOSJDn/r6xqReLxX3338/
7r8/urD/yy+/jFdeeSVmO9bemDwGHClKpeXSaEEp/pfDv/3bh8N/eIFAED9//jd44403Y7Z7ceer
uP/+e8JfklatXI6//usHw3/oyVq4sBzbbvx8+Pbu3YmltomYqWOai4LBIKqrP8UXv3A9srONUY8J
goAVyyuxYnnlhPs5ePAInnzyP+Fyu2Meq6xYjH/913+I+7y/+uvvc1ZNGjz//G9w7lwDtm7dHC4o
evrMOezZs4/hBhEREaXF3r3voqbmZELLzR0OJ3b8y5Ow2SwJbR8ZboTvyzIkHXI0NFyICjbWr1+N
6jitYseSTMixfv3qmNeeCZ2dnVG316xZg+uuu25GxjLXMOBIUWRrWHkS680UipHWnvG6r1z1mbW4
8oqRXsh/3PPnuEHAsOef/w1sNguu+sxaAMC1n70ab/1pP07WnUl4TMMeevAvwlf6GxsvYudLrya9
j3hm8pjGEggIkF/qmuL3TU1PbwAI+ATIFaHXCfjT9zpNTRdx6NCRMddUTsTpcmPXrj/GDTdo+rz3
3kcMM4iIiGhKJVNLT5KkqO2feOIxAMD+/e9j3773wvfHCzfCj2UZsHjxwjHbz45WXX0IN20buci6
bt2qpAIOIPGQY92oZdvJvk66HDhwIPyzxWLBww8/PCPjmIsYcKTI7faEf1YqYv+wx6JQjgQcblfs
l8uNmzaEf/Z4vHj55dcn3OfOna/hMxvWQBAEyGQCrr12Y9JhwO2334QlS0baUtbVncGNEbM5Rouc
2gUAV165HMXF88K39+zZG77KP1PHNJ6mGhHlV4QKdTYen7o/g4YaEQtWXnqdE+l9nV//5rdYsnQR
iuYVJPW8QCCIP//5HRaxJCIiIroMlZWV4LFHvwubzYKa2jrs2PFkVGvYSMuqlkIQBJyoPRV1f2Fh
fjjc8Pl84Yu4wz8XFuajtbUdvb19E46npuYkHE5XuP7Hls2b8NJLryXd5GCikCM314otmzeFH3M4
XaipOZnUa6TDgQMH4HKN1P74wQ9+AJ1ON+3jmKsYcKTI4RhpwWTISqxDhUqlhFajCd+2Dw7FbFNY
mB/+ubW1HQMD9gn329R0Ed3dveGikyUlRQmNJ9Ktt94YdXvr1s1JPf9LN2+Nuv3BB9XweEIdUGbq
mMbz1i/UuM4LBIPA2y+F/p+kYdVRjL2/1MDvBQQBeOcl9cRPSEJvbx927HgSjz76XcwrzE9oJofP
58dbf34b//VfL8adQUREREREc9t3v/OtcOe95csqsHnzNUk3FTh16ixEMfRV0uVyYcGCcgBAbW0d
FswvQ2PTxYTCjWG7d+3BXXfdGr79yCMP4bHHnkhqTMD4IYdtVLfB3bvS00ghWZ988kn45y9/+cso
KyubkXHMVWwTm6K29o7wzwa9DhaLecLnzC8vhVw+8ivviqhePEyjHvkSnMzyAWdECqjRJP9FWp9E
G6hkzdQxjcc1KMMffqbFnue0cA+FggGvS0AgfvfV1F9nSMCe57T447NaOAfT/+fW3NyKv/u7/463
3/kQA/bBMWvD+P0BtLV14oVfvIRnnvkFww0iIiIiAoBw2JGs2tq6mGUofn8AH318EK2t7Unta9fu
PVEdTZYvq8Ddd92W0rjGaiEb2cnR4XRhV5o6RSZreHlKZWUlvvKVr8zIGOYyzuBIUVPTxajba1Zf
iT1vjt/WsWpUe9Tzcar2uiKWrSTTe1ofMa0pMhhI1PsfVCdVy8FmtWDx4pElLYeP1ETNaolcwjNT
x5Qsv0dAT4scttLJffn3eYDgNOYHg4ND+MlPfoaSknlYt3YVVq1agcJ5BVCrVLDbB3HmzHl8cvAw
PvnkMOzjhCBERERENPdVVx9CWVlx1O3RdDpt3GUrY90/WQ6HE8899ytsf+Sh8H133XUrOjq7omp/
JCreTI5ITz/10yk5jokML0/RaDT4u7/7u2l//csBA44UHTlSA78/APFSgdF161ZNGHCsWrUi/LPL
5caRI8djtunu7gm3aS0syEd+Xm7UbJF4Fi9egJyc7PDtrq6ehI9j2P/8n/+e1Pa33bYtKuDYteuP
OHw49niAmTumZAWDwJvPa3HzXztgtKXW/tTjFHD8XSV8nqkrXBpPIBBAfX0TmpqasWv3m1AoRAiC
gGAwCK/XC4/Hm1SwcfrMOdz7F38V9zGvN83TXIiIiIho2ry481V0dnXDZg3V4Bhdh2Lz5k34xje+
iscfj14isn37N1FeVoJHH/vRlIQDe/e+i6qqpVGhxHe2fxNlZSV47rlfJb2/p576Kaoql8TMUNm3
/318PEPFRYeXpzz88MOsuzFFuEQlRR0dXag9MVJs58orl8dU5Y109dXrsXTJwvDt48dPxm21efRY
bfhnUZTja/d+ecKx3HPPHVG3Dx8+NuFzplMmHVNPqwzPP2rA8z80xNTk2P8bDZ58wIgnHzBiz3Oa
qMckCXjhcQP+45EsfPCqekrqeSQiEAjA6XRiYMCO/v4B2O2DcLs9Sc/a8PsD6Ovrj/sfZ4AQERER
Zba9e9/FiztfjQk3qqqWYvsjD8Gg1+GJJx4Pz/DedtMN2LJ5E8rLS/Cd7d9KqYtfIp566qcxrVtv
vukGPPfsU6iKaCU7kaqqpXj6qR0x4UZDw4Xw7I6ZcODAAXzxi1/EunXrZmwMcx1ncEzCH/7wFpYv
q4BMFur08fDDD0IhivjgwwNR223cuAF/+ZdfD78RBIMSdo/RJvWtt97Bths/H/5j3Hj1egQCQbzw
wovo6Yku1JOba8WDD9wb1YK1seki9o9aczbsW9+6D9deuxGBQACvv/5HvPLKxN1M0mEqj4mIiIiI
iNKjtrYO+/a/jy2bN0XV6Bv+2eF0YedLr0Zd8HK53OGCoj7f5Gf6/vDRf8Zjj30PyyICjdxcK3Y8
8RgaGi6guvoQauLU/6iqWoplVUuxefMm2GyWmBCmprYOTzzxb5MeX6ocDgeqqqpYd2OKMeCYhOrq
Q/jzn9/B5z9/LQDAmGXA97//ML7c+CU0t7RCEATMKyxAScm8qD+wP/zxLRw/fiLuPl0uF577+a/x
N9/7NtRqFQDgs9d8BuvWrsS58w3o7e2HIAAWSw7ml5dCpRppUTs45MDPfvbLuPutWLoIX9i6JTyO
u+68FXv27MVgnE4u6TZVx0REREREROn19NPPAEBUS1UgFG489tiPUF/fFHV/a2t70kVFx+NwOPHY
Y09g+/ZvRi1XEQQB5eUlKC8vGXNG8VgzS/btfx9PP/3MjM5E1ul0+MEPfjBjr3+5YMAxSf/+f56D
IAj43OeugSAIEAQBZWXFUYV7hkmShDd+/xaefXb8L+zV1Yfwv/7tP/DQg/eG26RqNOqoFHO01tYO
/Md/Pj9mL2edXhf1By+Kcmi1mmkJOICpOSYiIiIiIkq/0SHHcLhx/nzjtLy+JEl46qmf4kD1ITzw
wNdgs1miHk90iUxnZzeeevoZfp+4jDDgSIP//e/P4vDhY7j11hsxf35ZVCtYAAgEgjh7th6v/N/X
cfDgkYT2WV19CHV1Z3DrrTfi6qvWxfxRD2tt7cAHH1Tj1dd+D6dz7GI/R44cx6lT57BkSagw6Icf
fYKOjq4EjzA90n1MREREREQ0NYZDjg0b1kxruBHp4+pDqD7wKTZv3oSbtt0Q9yJyPA0NF7D7Zjxf
4wAAIABJREFUjTexb9970z5ro/bEKVRVLknr/ihxQpaxlBUD0yg314qKisUwmYyQJAl9fQM4caIO
3d29k9pvWVkJFi4sh14fqrY7ODiEurozaG5uTXgfoijHsmUV8Hq8OHHy9KTGkw7pOKapotFL+Oa/
2SFEZFUv/6sOredCmaC1MIB7/mkIw+GxJAHP/m0WHP3T2z0lU72x+zczPYQY2266Z6aHQERERDTr
5OZap/3CaDyCIECn02L9+tWwWS2oWjYyE9zpcKG+vhGdXd2orj4Eh8M5o8tR1q9fjbLSxMKY8TQ0
XojbxpfGxoCDaAyL1viw6Q43NIYgTh9UYt8v1Qj4QwGGXC7hs3e5sXSDF16XgA9/p8aJD5UT7JGG
MeAgIiIioskYvUyFnf4I4BIVojGdOajAmYOKuI8FAgL2/VqDfb/WxH2ciIiIiIimDgMNioczOIiI
iIiIiIgo48km3oSIiIiIiIiIaHZjwEFEREREREREGY8BBxERERERERFlPAYcRERERERERJTxGHAQ
ERERERERUcZjwEFEREREREREGY8BBxERERERERFlPAYcRERERERERJTxGHAQERERERERUcZjwEFE
REREREREGY8BBxERERERERFlPAYcRERERERERJTxGHAQERERERERUcZjwEFEREREREREGY8BBxER
ERERERFlPAYcRERERERERJTxGHAQERERERERUcZjwEFEREREREREGY8BBxERERERERFlPAYcRERE
RERERJTxGHAQERERERERUcZjwEFEREREREREGY8BBxERERERERFlPAYcRERERERERJTxGHAQERER
ERERUcZjwEFEREREREREGY8BBxERERERERFlPAYcRERERERERJTxGHAQERERERERUcZjwEFERERE
REREGY8BBxERERERERFlPAYcRERERERERJTxGHAQERERERERUcZjwEFEREREREREGY8BBxERERER
ERFlPAYcRERERERERJTxGHAQERERERERUcZjwEFEREREREREGY8BBxERERERERFlPAYcRERERERE
RJTxGHAQERERERERUcZjwEFEREREREREGY8BBxERERERERFlPAYcRERERERERJTxGHAQERERERER
UcZjwEFEREREREREGY8BBxERERERERFlPAYcRERERERERJTxGHAQERERERERUcYTZ3oARERERERE
RFPhts8PQSFKAIDOXjn2f6yd4RHRVGLAQURERERElMHKinzQa4NR9zU0KzDkmPyEfZMxgKI8f9R9
A3YZLrQpJr1vonRjwEFERERERJTByub5YDMHou5TKSQcqlVPet+VC7wxAcfFdpEBB81KrMFBRERE
REQ0xxTl+yGTSZPah0oZRIHVP/GGRLMEAw4iIiIiIqI5RqWUUDbPN6l9LCjxQS5P04CIpgEDDiIi
IiIiojmobN7kZl+UFnL2BmUWBhxERERERERzkCU7AFNWYOIN48iz+mHQBSfekGgWYcBBREREREQ0
Rww6ZIisvLGgJLVlKguKR54XCAJOtzDJkRFNPXZRISJKA1EhhzFLD6s1G2LEYtWsLB2CwSCcTjeC
wdDHDafLjYGBIfT1DyIY4JURyGRQaHRQaHSQKZWQiQrIRBEyuQJyhQKCEPpAFfD7EfC6EfB6EPC6
4Xe54HM5IAVSuzKVCo0mCGt2AKasIDQqCSplEGqlBLVKgkolQZIAj0eA2yuD2wN4vDI4XQI6e+Xo
HZDD7+eHQ6K5TBAAlVoJsykLORYTVCoFsgy6mO1C7xVe9A8MYmjIhf7+QdjtjhkYMc1FHp8AV48c
tpzQ+bE434/DJyUEA4mfg1SqIPJtI8tT2jrFlGeCAIBeF0S+xQ+NWoIoSvD6BDhdMrR0yOHxpn7N
XaUMYl6+HzqNBFEuweMV0DsgR3uXCGly9VUBAFmGIPIs/nALXrdHhv5BGdq65JCCPKfPRgw4iIhS
oNGokJ9vwbxCG8zmLKhUyvAX8WTY7Q709w+ita0LzS1d8Psuj7WuMlGE0mAM/ac1QJZABTO5KEIu
6gGtPup+v9cN75Ad7v5e+N0upOUTTQRTVgAFuX4UWAMwGQIQJzhziloJOu3wh8CRD4NOt4DOHjla
O0V09Mjh8Vyekyg1GhXKygqRl2tO6nmdnX2ob2yB0+GeopGln81mxqKFxVAqM/fjVld3P2pqzqVl
XwqliPw8CwryLUk9zz7oxOnTjQjM0kBYoRBRWGhDQYEFVosJGk3ibTmLkRf+2e8PoKOzFy0tnWhr
64bL5ZmK4dJlQC6TcK5RGQ44lIpQsdHzTcqE97Gg2Ad5xGnq3AUF1i5PPuAosPmxbJEH2cb4f7+S
BHT0yHG0ToV+e+LVTJUKCSsr3SjO90MW53Tq9gg4eV6JMw2JH3OkXIsfyxZ5YcmOf8w+v4BzTQrU
nFEiyKBjVsncMy4R0TTTaFSYXz4PRUW5MBi0kMU7oyYpK0uHrCwdiotDH3I7OnvR0tyJxqZWeL1z
LOwQBCj1BqhNOVDqsyCTpacsu6hUQzSroTXb4Pe44Orrgcfeh6Av9crxcrmEfKsfC0p8sJgmDjUS
oVVLKC30o7TQD69PQHu3HGcbFejpl19WH46s1myUluQhK0s/8cYRNFo1hhwuNDpap2hk6adWK2Gx
mKBWp/YBezbwpjF0lcvlyM7OQmlpQVLP6+rqw5mzF0Jz5GcJhULEvHk2lJYWINeWXFg3FlGUo7DA
isICKwKBIHp6BtDQ2IKLzR3w+6ZvphplPrkMaGpVYMVSDzSqUOhfNs+fVMARWVzUPiRDe5cYN0gY
z+pl7qhlLvEIApBnCeD6q5w4ekqVUCCh0wZx3XondJqxL2ioVRJWVnhgHiNYGc+KJR4sKfdivOtW
ClHC0vle5Fn82Fet5QzNWeTyDTgEwJydhdKSAphMeuh0Guh0GgBAf/8gvF4fWlq70NnZh75+O5De
C4JElEFycowoKclHWWkBFIqpfdvMtZmRazNj6dJS1De0or6hBU6HK92TEqaXACj1WdBa8qDQ6FKa
6ZIoUaWBIW8eNGYrnD0d8Az0Qwok/gVNFCUU5/uwqNQHoyE47oebyVAqJBTn+1Fo86OtS8Tphssj
6FAoReTkGJMONwDAoNfCYjGhta0LXs/k2h4SpUIQQkFbSXE+Fi0shkajmrLXkstlsNmyYbNlY+WV
S3C+vhmnTzdxVgclRCYLzYy40CpicVno/dJiCsBkDKB/YOKLC/m26OKiDc2K0H6TOEWtXe5GeVH0
e3WfXYbefjl8fgEqpQSr2Q+9VgqPeWWFBwKA0+OEHKJcwrXrXDHhRu+ALFR7JChAqw3CYgpAJgNK
C5M7X1xZ4Q7/zoDQV8CuHjn6B2UIBgG9VkKuJQCFGHr9bGMQV69y4Z0D2qReh6bOZRdwCDIBebk5
WLF8IUwmQ9xthu+3XUrkO7v6cPJkPTo6eiFl9LcMIkpGVpYOy5YtQEG+BfJpbgKv0ahRWVGORQuL
cfbcRZw+3QSPxzutY0gHuVoNnbXg0oyN6VuSISpVyMovhs9kgaOrFd6hwQmXruRa/KhY4IU1O5D0
VapUyeXAvDw/8q1+XGgTUVevhH1wev+tTSdLjgkWiynl5+fkGGGzZKO5pTONoyKamFqjRGXFfJSW
5E950D2aQiFiyeJSLJhfhNbWLhw5eppBB41LJoTOd2calVhU6guH9QtLfDh4fOJzzPyIYMIfAM5f
uBRwyBL7HlRS6IsKN9xeAZ8cV6O1I/ZvZ3GZFyuWeMLn3eVLPOi6VLcqnhVLPeF6GADgcAmoPqpG
V2/0vrWaINYscyPfmvjsp+ICX1S44XQJ+OiIBt190WNRq4K4erUbFlNo33mWAEoKfWhqUST8WjR1
Lp8FwEJoevn6tVW4ZtPKMcONeGzWbHz2mlVYuXIJ5OLl8ysjulyJChGVleXYsmUdiublTnu4EUmh
EFGxtAybr1uDwkIr5PIMeQ8SAJXRDGPRfKizTNMabkRSaLTImlcOna0AMkX8K0JaTRArK934zJVu
5OZMX7gRSS4PTR++eqUbxYU+yOVzL0yXyWWwWEzINmWlvA+TUQ+LxQRZpvwdUMYTFXKUlRXg85/b
gIULiqY93IgaiyhHUVEutmxei0ULi2dsHDT7DZ/HHE4ZOnpGPsMU5fknPL+MLi7a0iHC6wslJIm8
9QoyCVcsGQnggkHgw0/jhxtAaLbGkbqR2VByGbCyMn6Ap1YFo8MXP/D+IU1MuAEATpcM7x7Uoq0z
sc9wgkzCFUtHXtfrE/DOJ9qYcAMIFRr94JAa/ojsZElZ5l2Emqsuj08IAqDVqnHNNatQUpKf8m4W
LijCZ69ZBa1WDcztWcREl62cHCOu37IOVZXzoZzBD7KjZWXpsPHqK7FmTWXoPWgWE2Qy6HPnwZBf
BFE5dVO4EyWTyaCz5CKroBiiJnoKaU52ABuucGNRqQ8q5cyHCln6INYuc2PFEg902tlTbyAdzOYs
WHKMkCUzx3kUQRCQYzHCOolZIESJEATAaNJjw/rlWLe2akqXoyRDEATodBpcccUifPaalcjKiu3Q
QhQZ1A/PvgBGio2OZ+Go4qJnm0LPFwQktGxzfpEPGvXI+bT+oiJuABHpbKMyKkiwZAdgMccuL51f
7Is6tvpmxfiFSSXgwHF1QuV75hf5oI0Y95kGBexDY39VdntkuNA28rvNNgYn1WWG0mfuBxwCoNNq
sGnjSpiMya/5Hc1qycaGDctnNMEnoqkxrygXmzZeiaysqa0TMRmlJflYv64KpmzDlNWHmAxBLsJQ
WAKN2ZJQZ5TppNRnwVBQAqXeAAiALcePlRVuWM2z6wOJKAcWlfouFUebXWNLmQBYLSbk5Ew+mDBn
G2G1ZvNCA00ZQQDMZiOu+swKFBZYZ3o4cclkMuTm5uDqq65ATo5xpodDs0zkUpKL7Qo4XSNvmOXz
xq9LVRrxeJ9dhu5L4YQoJnYRYF7eyPMlCTh5PrHCpmcaopd3FOfHjjPXMnJOlDB+rY5hbo8sofpW
keMOBoEzCRRkbbgY/X0wzzJHztkZbs5/S1cqRKxetTRuuCFJQH+/HS0tXejs6kV//yCAUA0Om9WM
0tIC6PWamOdZLSasXlWBQ4dOwneZtHQkmuuuWLEICxbMg5iOdhlTzGYz4zMbluPTT+vQ1d2HYGDm
Zx4AgEyhhCG/CEp91qwNiBRqDQwFJTBJDVhU0AWjfvbOkijM9UMQJNSeVaG3f3aFRckyGQ3IyTFB
FCd/HHK5DDk5RpjNWejtsadhdEQj5KIMhQU2rFldMesvZgmCEJ7dd+jwSTRfZG0aComaKCcBja0K
VMwPLaEwmwIwGwNxa1zk2/xR9S2Gi4sCoeKeiYjsWtJnl8PpSux6+sV2BXx+T7h4Z7z2rCbDyL4H
h2RwONN3rT5y3P12ObzeiT/H9AzIEQyOzJgxZc3ezxSXk9n9zj1JclGG0tIC5Mfptx4MBlF7oh4n
6+pjOqR0dvahs7MPp882XSryVxIzpbakOA8XL7ajta0bwVnUtoyIkpdJ4cawLIMO69ctw4cfHUNP
T/+Md1kRRBGGgkvhxiy/tF6Q3Ycy4wC0itl/paXAFoAgeFB7VoWeOOuAM4XVmh2adZEmOWYjrJZs
BhyUVuFwY00FFBl0PlCrlVi9sgIAGHIQgEtfuAWEv+OcbVJgSZk3/EV8QakPnxyLPadEtnT1+QXU
RyxvSWRSplYThFIx8oGkfzDxAEKSQu1ocy4V7hzdJUUUpah9D4yzfCRZalX0uEVRwspKd0LPDQaF
8IwZlZLfCWeDzHn3TsFw1enRXC4P3n3vU/T3D437fJ/Xj6NHz6Czqw9XbVgeU2hwyeJSdHb1wcuA
gyhjhcKNorRcWZ5uGo0Ka9dWovpALfp6B2Yu5JDJYMibB6XOMOvDjTx9B0qNTdAqXDM9lITlWwPw
+rw44VfBnsSHxdlCr9cgx5wFlTJ91eWVSgUsOSa0ZXXDbnekbb8UbWjIhba27pkexrTI1HBjmFqt
xJpVDDlohCiX4PeHzskulwzt3XIU2ELhQVGeH4drJfgDI+dstSqIfOvIzPSL7WLU4/IEOqioVdHb
uN3JfSbwRMyaUCqkqJBm9L49CcywSFRkzRAgVA8rK4UZnrN80tdlI/M+KSVIFOUoKc6PKcYXCARw
4mT9hOFGpNaWLpw5ewHBYPQ/dIvFBHN21qQKphHRzCkvL0R5eeGUhBt+vx89PQNoutCG9o4e9PXZ
EZiCMDQ0k6MKZrNxZmpyCIA+txBKgxGCMLtPKZkYbgwrzvejpMAHZQZeHbJYJtcadiw5Oca0zgqh
aB6PF00X2nC+vnmmhzLlBCE0K2iqwo1AIIi+PjvaO3rQdKENPT0D8PvTv8RZpVJi1ZVLWZODAIxa
pgLg/IWRmhIKUUJZUXSx0QUl0QU8zzZGh9KJnOJHL2PxJ3nKiuxKIgjRocrofQfTeDpUJFhfZCIz
1DCORpmzOZPs0hrdSMGghI6OXpw7dzHp/R07dhYWSzYsOcaoteXFRbno6R1A0MtaHESZJMuow/Jl
C6BM01Vll8uD8/XNaG/vQW+fPSYQHSaKIiw5RhQUWFFaUgClcvJvw1kGHRYtKsGxY2fgdCY2pTJd
1CYLVAYjZLLJh0QBnxdexyC8Q3YEvB4EA34EL30JkMlFyBQKiEo1RLUGCp0eokqdcKhi03WixHgh
beFGv12G7j45eu0yDA7J4HLL4PIIEITQVSelUoJeI8GW40eBzQ+dRppUACUIoanDDqeAxhZFQgXT
ZgOlSoGcHCP0eu3EGydJq1Ujx2xES0sn3O7Z2Z6vo6MXH3x4dNrbJMtkAmzWbCxaXAIxhWK/fn8A
zS2dqKtriFnGOxcZDDpcccXitIUbXq8PjU1taG3tQvc4YYZcJkN2dhby8y0oLytMS6cWtVqFNWsq
sXffJ/CzThxFaOkQMeQUoNeG/qjL5vlwtnEk9CgtHPn30tMvR1+cGh0T8fmjz03JXj+KDDGCQSAQ
MYNk9L7T2S08MOqc2tUrR1cKy0Iji7nSzJmzAYdcLkN+XnTtjUAggJOnGlLeZ1NTG7JNhqirvVlG
/bR/cCGiyREVItauqYRKlVhl7/F0dPSioakVzc0d8Psmrung9/nR3t6D9o4eHK85h7LSAswvL0RW
lm5S7yUlxXno6uxF44W2hMaRDnKVChqzBXJF6r/HYDAI90Av3P098LtdY16SCQa9CPq88DtHliOI
Wh002ZcCFvnYpzObrhNlpiboFM6UxwmEriy1dYo426RAT7886oNX1HZ+AU4X0D8ANHeIOHwSMOoD
KC30oaTAD60mtW+MKqWE8mI/HC4ZOroz4/RttWTDYpm6WRY5FiNsNjMuXGifsteYDI/HC49nmsMX
AbBZzSgosKYUbgSDEto7elBbex5+/+yvUzNZao0S8+fPgzk7a1L7CQaDGLAPoaGhFRcvdsDl9kwY
DgUCQXR396O7ux91dQ3Iy8vBwoXFyLWZUx6HIAB6nQZXrFiEQ4dOprwfmpsaWxSoWnip2KgxiJzs
AHr65CjIjS4uWt+c2jnGNWpJilaV3PlOHZHxeUcFGi5P9O10tnYfvZRmyCnD8VOzozU0JS8zPiGl
QIAQU/1akjCpq5v9A4OQRp2tjFl6yGZptwAiim/JohKYjPpJdfqw2x345OAJ9PYOIBhM4SQrhcKO
s2cv4Oy5CygtyceK5YsmdQWvsnI++u1D6OmenqKjWkseRJV64g3H4HU64Ohshc85hFQG7Hc6MOh0
wKFQQmO2QmPKgWzUFdjcS+GGdhLhRiAINDYrcKpeiUFHkiHUpcMaGJTj2Gk5mjsCqFzgQZ4lkNJU
VospgDyrH/2DMng8sztcF0U5rFYTsk2GhJ/j9/shSUi4e4UxSw+rNRttbd3sanZJtsmAJUtKYUri
9x6pu6cfNTXn4HJ50jyy2UcuypBrM2N+eeGk9uNyeXD02Bk0XWhLecaL3x9Ac3MnWlu7YM4xYu3q
SmRl6VLalyjKUVyUi96eAdQ3tKQ2IJqTzjUpsHS+Nzz7YUGxDz19csyPWK7i8QpR3VOS4fbI4PYK
UF8KH0xZiYekMpmELP3I9oOjiogGAwJcHgGaS6FJKjUyxuL0CAgERgqpGg1zP9ydy2b3p6MUCYIQ
U3sDAHw+H5yO1AOO7q5+SKO+yCgU4qxth0hEsTRaFebPn1zHlIbGVuzbfxDd3f2phRujSUBjYxve
fucQOjt7x1zeMhGNRoWy0gKo1VN/1UGZZYJCq0+p7kYwGICjqw325nr4HIMphRtR+/N54ehowWD7
Rfg9I+/xefoOlJkaJxVuuNwCDtWqcaROlXy4MZoE9PTJ8dFRDWrOqOBMsvjasJJ8P3LNs//DlznH
iBxz4rUAgsEgGhrbQl8Sk3kdc9aU1PjIRHq9BgvmF6EgTve4RPT3D+LUqQYMDCRepyyT6XQaLF5c
mvL5QJIk9Pba8fY7B9HUlHq4ESkYlNDd1Y/9bx9EQ2NryvtRKBRYvLgEIqseUgS3R4a2zpF/E/Py
/NDrRhUXbRMRHGOGYiJ6+0fOlcasIAwJBhHFBf6oJS09cdqj99tH9p2lT3zfE5GCAvrsI6+XnRWE
Xpd5Na8oZI4GHLFXfyRJgpdXd4gue4sXlSZ8dXg0v9+Pg4dO4tNP66Zk2rnd7sB7HxzFufPNKV+N
nl8+D2ZzFmTpXJw6mgCojeaUlqYEgwEMtl6Ao7sdQZ9v4ickwTPQB3tzAzxDduTq2iddULR3QIYD
x9RobBbDlejTwe8TUFevxNFTqpTa3Gk1Egps/rRevUo7AbDkmGBOIuDo6x9EW2sXursH4HAk/v8t
22SA1WKCcJkX/FapFCgpyUd5irMRHA4Xzp1vRmvr5dE1RVSIsFnNKS9N8fsDaGhsxf53DsFun9zy
t3jcbi8+PVyHQ5+eTKkgqSCE6tSUlxWkfWyU2c5FtH5ViBKuXukKzyiUAJxpmtzy3abWkf0LACrn
J/Z5aXHpyHaSBNTHmUXS2hH9+W1J2cT7NmUFEuoA0xoR/AgCULUwwVlsAmDL4XfM2WROBhzBoIQB
e/TVB0EQoNOqU/5iAwDGSU5pJ6KZpdWqUVKcl3LXlKPHzqKpqW1K16X7fX4cPnIKbe3dKXddmV8+
Ly3F6sai1GVBVKuTfj8MBgMYarsIz+AAkI6ZL3H43S5kB0+jWHduUuFG55AZR85Z0N6rhCRNwfu+
BFxoUaDunBL2FEKOPFsAZuPsncVhzg7NqpAnEbT19Aygu6cfvb0D6OkZSPh5MpkMORbTZd05QhTl
KCrKxdIlZSl9TvF4fWhqasO588kXYc9UWq0q5TAoEAiitbULnxw8MaWFPP2+ABob23D0+NmUni+K
IuaXz+MsDorS3iVGnXdMWSOfNbp65ZNuR97UqsCQc2QfJYU+FOaN/3dSudCDbOPIONq64o+jvlkB
r2/kPa50ng8W89j7ViokrF/hTmhJ6JkGRVTr2dJCP8rmTXAhRgDWr3Dh2vUurFgy95f1ZYo5GXAA
iDtNUBAEGE36lHdpMsUGHHb7UMrTyYloei1eXJJyyNnQ2IqLF9unp+ieBBw5cjpU9yeF5RsFBVaY
jPopm8WhSmH2RjAYxFB7Mzz2/vT2dhuldJ4PlfPdMGhT///UPmRD/cB8SKZFUBvNU9r3rbFFgVP1
Cgw6kvtSqlZKMJsC0Khn5/nHas2GJSfxZSNDQy709dnh9fphH3Sgpze5Npo55izYrKkXZsxkgkxA
fr4FlRXzUwpv/f4AWpo7cPIy6ZgChGpvmLONKc3ekCQJ/f2DOHL09LT8vvz+AC5e6EhpuQpncdBY
Glvi19iov5iGznIScKhWFf7zEARgwwo3FpV5Y7qJyeUSrqxwo2rRyEwMr0/Apyfi1/cKBAScPD/y
+UMuAzaucoeCiFH7zrf5seUzzqgAZzz+gIBjowqLrlnmxvLFHsjksX/sZlMAWzY4UVrohwBg6Xwv
8qycyTEbzNlINxAIoL29B3l5OeH7ZDIZCvKt6O7qT2mfBflWyEZNgR0YGErPGnwimlKiQkRxUWqz
N+x2B2pqzsHjSe+SivG4XB4cO34W69ZUQqfTJP18m82Mnp4BuAPpXUojV6kuzd5I7ku/q6cT3sEB
SFMdbizwwjCJdbPtQzY0DpTA6dNCJgf0uaErvO6B3ikLZuqbldBrJSws9UEhJn4+sZiCMBqCcLln
17UKQ5YWOWZjUi2Qo2ZtSEBvrx29vXbYEuwmIYoicnKyYDLp0d9/edSPAAAIQK4tG1VV81OatSVJ
oY4pxy+TjinD1CplynVKHA4Xjh0/O61FWD0eL2pqzyHHbEy68Kgoiigvm4czZy5M0egoE51rUqBi
gSeq5oXbI6BpjOAjWe1dIk6cVYY7toiihJUVHlQs8KLfLoPXFypEajYGIUac94LBUDjicI59XjtV
r0SB1Q9bTug9S6WUsG6FGyuWekIzRyRAqwlCq47ebyLXKuovKpBtDGBhSejznkwGVCzwYlGpDz0D
Mng8AkRRgl4rxSwTPVWvRHvXnP1qnVFm16eiNAoEg+juiQ4y5HIZFi0sgsWafDGyggILCgttMW0c
29p7EAhcPh8KiDJVfl5OUtPlh4XqbpwItfybZp0dvTh77mJK9T4K8q1paYM7mkJnGLclazx+jxue
wX4EU1hHnqhQuOGZVLjRNpSLxoFSOH3a8H0yuRz63MKpnckhAY0tIrp6k9u/KSsAoz4IWQJri6dT
qDVs4udZn8+P3l477IMjLYD7+uzo7kmuG5Alx5RwIDJX5JiNqFhaDmNWarNTu7r7UXviPNyXQceU
SEqlAlZb8u2LvV4fGpva0NnZOwWjGp/L5cHBQ8nX4xAEQKNRRl3wI/L6hJh6Fk2tYlo7sNWeUeHY
KVXUtQG1UkKeJYDi/FBAERlueH0CPjqqwYXWCUIWCXjvkAbdfdEXrNRKCRZTAJbsQFQ7DNTjAAAg
AElEQVS4ceKsEr0DiV/c+rRWjdqzyqhxi6KE3JwAigv8KLAFosKNYBA4WqfC0Tq2lZ0t5mzA4fcH
cOFCO3yjTgRyuYjVqyqSmqauUISeM/rKr9PpRmtrV8rr5Ilo+uTnWSCXJz97o729B/ZBZ0wHpenS
1NQGdwoBh8GgRXa2AXIxvW/zSp0BMjHxKzwSAGdPZ1R3k3QbCTdS/3/UOpR/KdyInS0zHSGHfUiO
1k4RDlfiS1VkslCFeq1m9gQcarUSZrMxbiezsfT22dHTOxA13d/vD4RCD3viszFUKiVycowpzXjK
RAaDFgsWFKUc6vT3D+LU6Ub09w2meWSzm1yUwWg0QJNCtymny4Pz55unYFQTk4ISBgcdaG9PPlyR
y+UMOChGZLFRSQLOTrK4aDx155V48wMdmtvHLtbt8Qqov6jAH9/Vorktse9nfr+AvR9rUXtGCZcn
dr8SgN5+Od75JNS1zJvkBNzaMyq89aEWze0ifGOMOxgE2rvl2F+txan69P/uKHVzdx6NNHwiasGS
xSXhuwUBMGbpcM01K3Ho0MkJp7JarSasWV0JjSb2w9qp040xAQoRzU55Kc7gqG9oSbmjSTq4XB60
t/dAq0m+SLLVmo2Ojl64/Om5OitTKiFXqpIqYugdHIDPOTRlyztKCn2omO+ddLjRNFAMl2/sL+Wh
kCO0jn2qlqtcbBNhNQeg0yT+702vDUKjDmJosi1s08RqzYY1idkbkhRantLbG1tUtLfPjp6efhiN
ic9OMJuNsNqy4WhIvcBsJlCrlSgtLUBpSWq1FZxON+rrW9Da0pXmkc1+qS5P8fv96Onpn9alKaN5
fX7UN7Zg3jxbUs+Ty+XIz7PgKM5M0choNtj/sXbijSJ09oh46Q+GhLfvH5Antf0w+6AMH3yqgUwm
wZYTml2hECV4fAKGnAK6+8TU6tlIQO1ZFWrPqWAz+2HQBSGXh5badPfJ4XSNnBffO5jc7wYA+u1y
fPCpBoJMgs0cgFYjQamQEAgATpcM3X3yqIKnNHvM3YADoZPR+fMXUVyUG3U1SRAEWHJMuP5z61F7
sh6tLZ0xQYfJpEdpaQEWLSyJqbsBAAP2ITQ2tSHg5+wNotnOZstOKdxwuTzo7x9CcIZnabW0dKGw
wJZ0wGHOzoJCIabtA7moUkOQJTcLxmPvQ8A3NV8IzKYAFpX6JtUutXmwABcGiuD2TzzjQCYXoc2x
IejzwDuU/qveHq8MHT1y5JgC0GsT+7Sn1wahUc2OGRyiQg6LxZRUIDEwMIienoG4MyGdDjd6eu0o
KPRCneByK4NeC0uOCa0tnfB65+YFCFEhR3FxHpYsLokp2JcIj8eLxsZWnD13edZkkItyGAzJf9nx
eHxoaZ3ZQCgYCKK/fxAulyepmiuCEGojbMo2XHYzdmj2CAaFqalRIYXCms6e9O8aAKSggI7uOf2V
ec6Z2/+3JGDI4UL1J7XYeNUVMV8OZDIZllctwPKqBZAkoKurFwqFiOwJqmr7fH68/8FReJOd70RE
M8JkMkBIYWnBTM/eGNbZ2Qv7oANarSqmDtB4DAZtyi1x45Er1Un9HgM+L/xez5S0hFUqg6iY70X2
JFqlJhNuDBNVaigNJvg9HgR96S3gCoSukA05ZdAn2AVGq5agVUuQySQEgzN7JcliMSXVOQUYKSY6
3uM9PQMoLLAmvM+cHCNsNjOamzuTGksmkMkEFBbYULG0PKUld4FAAC0tnThZ15DWtfaZRJQnH3D8
P/buu7uR60wX/VMRhZwYm2ySzY7qlixZGntsjY9n5qy77jr3A9wve9bMPTMeW9bIVm5Jzc4MzWYC
iIzKdf8AQAAkQKBARPL5abWYEDYBEMB+6t3v9jwP5Yo+FRUvlmnjzZt3ePx409f5RFFEMsGAg4iu
v+moaR0hz/VwcnyKL//76aUTFUGo7TrQX7jxLcrl6o3ZTo1o1iWTMYgDHOrc3TucmmVoR0dZmD7D
FlmWEQxqQ9su1m8Fh1UpwxvR7TefdBENu+hQYNeT5wE7uWVs5/yFGw1KMAxJHc1621xJbCur7Ucg
4EFRJvuCJIoC5ueSSCb7L1/WdQPZbB6VSvf+LLl6hYef7dgT8Qjm5wer2ppqArC4mMaHT+5C0/w/
/lzPw/uDDH786WbtmNJKlESEQhpk2d/xPcOwpiLcAADLtrE7QHgnigKSCf/LC4iIZs01e/XvzHU9
7L8/xp/+69tL30j1ks+X8G///hWOjk8n1nCQiPwLh7SOS816sSx7aoLMatUYaKlMMKj6qvq4jCgr
EHzcjo6pw3NHM5GKRx0EVP93jucBW28UfP99BflMBZ7n/zaVVBWCz51k+uU6AspVwde6XkXyMOm5
fCoVRzod9/VYy2TyOOnQe6OV53q1Hh2n3as8zhMEAalU3NdOLrNgbi6BJ483B1peAQAnx6d4+vQV
qpWbtWNKK0kUoQ24ne60hN3wMNBYRFFEggEHEd0ANyLgAGpvko5PTvG//+1LvHy56+u8lmXj51/e
4P/8x9+RL5SmZsJDRP3yH2506wswKcViebLjEQQIkgTBx23p2NZAAUI/JAkD9R/YeqNg642KcslF
8XAPej7ne4ye1/jfaJiWAD/zF1mu3R6TND+fwFw63vfpHcdBJptHPte7XD6TzePkJNfzdK2SiSjm
55OD/OlPpVg8ggf31gYObXK5IraebyPXx+19nQmCAGWAZXuWbePUR8g2ao5d+/vx75r8QRARXeJ6
9+A4zwP0qom/f/MLtp5vY2PjFlZuLSCR6NwQLZcr4e32Pt68eQfDtBhsEM2oQXpwWLY90kmsX5Zl
wxtgPMlkDO/2j2FfsZeIKEm+dk8BANe2R1btVq4IsGygz96T8LzadnXP3yrQjdpjwbNtlA5rWz5q
8QQEob/HiGMZ8JzRlfgbplDflq6/206WPMjS5B6r8UQE6XTCV9n/6WkR2Wyhrz8xy6xNLkulCiKR
/qoXZFnCXDqOVCqGbGZ6JqaD0IIB3Nm4hbW1pYHOXy5X8er1O7ybkiUWkyTLEqKRsP8zet5U9GNq
8OB/PIIgIBz2vySPiGjW3KyAo8EDisUKfvzxJX58+hIAsDDf3EfetKzmUY7pmd8Q0YBU1f9TXSFf
9rXuf9SKxQqcASbVQzte5zPc8DyvFgKMKCQqVcT6Mo7+Lv98uNHg2TbKh3sAPGjxZF8hh1kqwDYG
X+7Y8/ItAbbjY4mK7EESJ/ditTCf8t1cNJPNI5Pp/wh0NlvASSbfd8AB1JbNLMynZjrgUBQZG2tL
eHB/baDzm6aF7Z0DvLyhO6YMi227KBYrkx7GGddxUSiUsbSY7vs8tYAjOMJRERFNh5sZcLSqvyc8
OspOdhxERNPMZ1BRqzYZ3aT75FRCJichGvagyN2vx3WBn16qeLmjwDA6hxeubaN8+A4AeoYcRjEP
s5CD54z2aK6fm9v1AG9CpeehsIZ0Kuar6WWxWEE2m/d1BLpxntWV+b4rRVRVQTodRzQWQrEwPZPT
fomSiNXVBXzweHOghqm242Bv7/BG75hCREQ3z43pwUFE5EcwFOh7ycI4yIr/JSLD5Hmur0mSKIoj
Ha/rCnj6QsXue7lrvwrDFPDdLwG8eKt2DTfOLs+2UTp4h0rmCG6HC/TgQc9nUTp8B1uvDuNX6EqW
/S05sWx/PTuGaX4uifQg1RuXbA3bTTZbwMmJv74D6XoVx8wRgOWlNJ48vouAqvg+u+d5OGjsmDJF
SytmlThgc9JREUURIZ/j8YCpWmZDRDQqN7KCQxAFrNyaRyIeharKZ12lFxaab4IaFR25XAmmaSGX
L+Ld/jF3TyGaQblcEbFY2NcOD6Gg5mvHkFGLRcOQBugkWdXNgXZfOc9zXPityBCVACCWa2UUI2AY
Ir76UcPBiYT76xZScQeSVFvicZSR8Oy1gkxeguf2dz96jo3y4T7MUgFqJAZJ1QB4sA29tixFr47s
d2kVDnq+doixbAFOn7/jMCmqjLm5uK9dPUzTQjabR2mAcv/saQEnmRwWF9N9r5gKhTTMzSXwbv8I
etX0fZ2TsjCfxOPHm4hEBltScHySw08/v77RO6Z04noe7EF2IJEEBLUA9Op03J6CICAY8tdPw3Nd
nN7wJrNEdDPcnIBDqE0Q7t9fw/racs81+Y2wozX0ME0b2zvv8eLFDgrFMvtzEM0I0/T/hjYYDECc
YMXEeVowAHGAMvVq1YAzpGDWtSx4ntd3ZYasaRBL0mh7mXjAzr6CnfcKVNmDprnQddHXNqvnWeUS
rHJpiIP0Jxx0EQj4CDgsTKSCY2E+6bv3RtZn741WruPi9LSAfL7oa7vLdCqGhYUUdrYPBrrecUsk
Inhwfw3pVP+70rTK5YrY2trG6QBVMtedYzsolPyHa5IoIhgM4PR0BIMagCDWAhff+L6ViG6Aax9w
iJKI26sLuHdvDfMDbq/WoKoy7t+7jfv3buPkJIcXL3ewu3c0lKOjRDQ6lmX5XoMeCk1XBUdIC0Aa
YDy2bQ9tq1bHMuG5LoQ+K0kkVYMgSgCsoVz/pbxa5YZpTXi/1CsKBV2ENA9+7mrb9teUdBhEScTc
XALxeP9Bg+d5yGQLVzqK3Gg26ifgiEYjmE8nsP/uGLY9ut1vhiEU0nDnzgpWVxcHOn+louP1m3d4
9+5oyCO72cR6wDEtRFFEyG8Fh1d7LSQiuu6mZ4H5CCiKjM8+fYTf/+5XVw43zpubS+D3v/sVfvXR
PcjKtc+JiGbaaa44UBXB0mIakjwdT5MLCykoiv+1+MViBY49nIDDtUxfYYmsBfsOQ6gmEnKh+aje
AABzAgHHXDqBdDoB0UcSk8sVkc3mr3RQoFo1kD0tQNf7X24iCEA6HcfCfHLg6x0HVZWxsbGM+/du
D3R+07Tw9u0+XrzcHfLIrg/Lqm057JeqylhYmI7HjyxLWFr031fGcRwcHrOhPhFdf9dzZi4AkXAQ
n332AZaX5kZ6VY8ebiAej+Drr39BqVxl+R/RFDo6yg40abi9uoh3747g2JNdu68FA4gnIr53Ujg9
LQy1qZxtVGtbv8r9BS2SrEDRQnCMar2HB/Uyn3IQi/R/W1V1AbohjP21Z24ujlQy5us8giBicTGN
ZMLf+c4LhTXflRiJRBRz80m8P8xMZS8tSRJx+/YSHj2846tXUIPjuNjbO8LPz95M5e83TRzbQbFU
QdTHlsOSJCGZiCIaDU18u1hZkQaq8HFdD7lT9uAgouvv2gUcoihgfj6JT3/9CPF4pOvpXNfD2+19
5HJF5HIlAB6OjpuLK2tHegQkEhEkElFsrC93fdOxvDSH//GHX+Obb5/h+CTHJStEU6ZWweH/Tf/S
UhpaMADdMCcaXm6sL0ML9L8NZ0OxWIHtDK8k36pW4PrcHjWYmoNVLcOuzt42neOWjDuYTzlQlf4f
bKcFEaXKeKuMkskY5tIJyLK/6pza62n31+VREkUR6XQcc+k4jo9zExlDN4IA3Lo1jyePN3v2B+uk
tmPKCZ7+/Aq2Nd1LcKaBbbsoFv0FHACgaQGsry/j6dNXIxpZb4IoIBYNY2kx7fu8ruvi6GhKmogQ
EY3Q9Qo4BCAaC+MP//QJlA7LRjzPQ6lUxfMX23i7/b52ZLPL+8jGi8DRURYQgG+/28L6+jIe3F9D
NBK60GQvHo/gD//0Cf79//sKuXyJlRxEU8QybVQqOjRN9b116e3VRZRL1Ylur3fr1jzUAbaKzJ4W
hrtFpOvCNnTIWqjvo8xyIAg1Eqv175jUXqazQABWFm2k4v4C8lxBQqky3uUpCwtJzA152ec4pJIx
zM+npi7gWFhI4fEHd3z3VGg4Pj7F059eo1LWhzyy66mxTOXWsr8KX0WRsbiQwjPl7cSCJEWRB6ze
cJEvTK5xMhHROF2rgEPTVPz644cdww3bdvDd91t4+WrPf/jg1SZIL1/s4uXLXXzwaANPHt+9cPRK
UWR88vFDfPnVjzO1HR3RTbCze4BYLNzx+eEydzZu4dXrvYkFHLdW5hEJB30HM7bt4OgoO9AOMpde
brUMLxIDxP4rSoLJOZjl4kDbM94U6YSDBZ/VG4YpoFASYZrjq+CIRENIp+IDBW6Tpigy5tJxJBKR
euXm5CWTMTx8sI6kz+U+DblcCc9f7AzUV+KmMk0Tx8f+KxkEQUAopGFhPoX9/eMRjKw3RZawurLg
+3yW7eD163cjGBHdBKtLNv7wWfXs6+9+CeDZa/9VpUTjMh3d84ZAUWRsrN/C0tLFsr1KRcdfvvge
L18OEG6c5wG//PIWf/nie1QqF4+WLC2lcWfjlu9JFBGN1u7uIZwBlmuEQhoePdgYqHT8qmRFwuNH
dwbq3l8LN4bfMd8sFeDa/i5XUlREFm5B1oJDH891ENRc3F83MZfy9/icxPKUhbkE0unBti+dBqn6
lrHTIBzWsLm5glu35gc6f6Wi483bd9jb444pfngeUC5XBwo5QiENjz+4A20CO6oEAgo+/PDeQJU+
ju3g4CAzglHRMG2sWvjooYGPHhq4t84DpUSDuhYBhyAKSCajePJ4s+37nufh9LSA//zTN3j//mSo
1/n+/Qn+80/foFSqXMhMHn+wiWQy6qu7PBGNVqWiI5crDbSbyoMHa1henvPd5POqfv3JQyQSUd/V
GwCws3OAqm4MfUyuZcEsl+D6DIvUcBTB9CJElUd9WqmKh8f3TKwu2b62hgWATE5CoTS+x6QaUJBK
JxAOz25QpWkBzKUTCIcHWw4yLGpAwZ07K7i7uTrQ+U3Twvb2e7x4sTPkkd0Mpmm39V3rlyDU3m/+
+pMHIxhVd7Is4fbtRdzZuOX7vI7j4P3ByUSXWVJvkuThsycGntwz8eSeic+eGAgF2dOPaBDXIuAI
BgP4+FcPLlRNmKaFr795hnx+NKWo+XwJX/73UxhGe8qqKDI+/tWDiST8RNTdq9d7vndfaPiHzx4j
Gg0DY8ot791bxcqted+NHIHa7inZ08LQtoc9zyjk4Fr+jy4FEykEk3MQWeEGABAlD482TazfsuH3
bs7kJBxlJJjW+IL0xYUU5tKz13vjvOSEqzgkWcL62hIePlgf6EBI644pgzRPJsAwTOztHUEfIASW
JAmLC2k8erQx/IF1UDuIF8PHvxosVLEsLk+ZBXdWLShy8+9ZEIC7a8OvwrwpVpdsrC1bWFu2MJdk
8+WbZuYDDkkWsTCfulAya9s2XrzcxcnJaJuJnZzk8PLlLqxza8vT6TgWFlIDTU6IaDR2dw9RKJbh
ef4nBYoi4/Pff4RYLDLykGNlZR6PP9iEpg0Wkr56vYdKdXQNB+1qGWZlsGqY0NwSwgu3bnwlR0B1
8fFDA/fXLV99N4Baif3egYTM6fheX2RZwtxc4tLdyWZFNBLC3FxiIsvOBFHAav3ve5ClrJ7n4X19
xxRryP11bppKRcerASf+mqbi/v013FoZbHlR3wQgFg3jN//wwUCPF8d1cXScRSaTH8HgaJg2Vi7+
Pa/f4t/4oH7/SRWff6rj8091PLk//GpWmm4zH3CoioLV1faGS67r4uQkj62t7bGMYWtrG/l86cKk
aXVlgb04iKbM1tb2wKW6sVgE//LHT7G8NAdxRMtVPvzwLv7xtx8OvKPC6WkBR0enI+/yX80cwTH9
hygCgGBiDvHbm1DC0bFVxEyTVNzBP36s4/6GBcVnuAEARxkJx1kJtjO+G29uLoF0Ko4BVktNpXQq
PpEqjqXFNB5/sDlQXx0AOD7J4edfuGPKMNSqOA4HquIAgHBIwz/+9kN89NE9yMrww0ZRErG8NId/
/uOntWB9AJZpj+29MA0uGnaR7lBlEAm5WJpnyEHk12wHHEKt4dP5jtKmaePZ1tuxrTe0LBtPn76C
YbSXkq2uLCAU1m7kG3iiabW7e4hsNj9Q9QFQe8755z9+iiePN6EM8QhwMBjAH/7wCT54dOdKO1Rs
bW2jXKn2PuEVOaZRW6oy4M4oihZC/PYdhNILEOSbEQTLkoe7ayZ+94mOWwuO754bAOA4wLtDGdn8
+Ko3BFHA3Fxy4J0+plE8HsHCfHKsfXXS6TgePlgbuAomlyvhxYsdZDPcMWVYrlLFAQABVcGjh+v4
3W8/GuqyZFWV8eHjTfzzHz8dOOy2HQfv9o9YvTED7q6ZZ1MFyxZQrjZfHDZXuUyFyK+ZflepBVRs
nGu45HoeSqXK2LtFHxxkUCxVoKpK25ra1ZUFFIsVmAafoIimxTffPcf//JfPBl4CAgBPHm9iaTGN
l692sbt7OHBvj2AwgNuri7j/YG2g7WBbvXq9h8Oj7Mh6b5xXzR5DCUWgRmID5biiJCOyuIrQ3BKM
Yh56LgOrWgEGDJ+mkSB6SMVd3F62sLpoIxz0rlQF8fadgndHMlx3fMl5KhnDXDruKwxwXRflio5q
dfSlwYIgIBzSfE0EBUFAMhXH3FwCh4fZEY6uJhIN4e7mCpaW5gY6f6Wi4/Xbd9jdPRzyyG42w7Dw
9u0+5ueTWJhPDnQZkiRhZWUe8XgEL17sYHfvcODHvaxIuL26iHt3b19ptyLPA8qlKr777vnAl0Hj
s7bcPFDw/khCRRfxaLPW5+rWgg1Z9mDbPFpK1K+ZDjgURcbqufWPlmXj9ZvJNFPa3T1APBZuO/q6
sb6MN2/2GXAQTZFCvoRfnr3Fh0/uXmkZWTodRzodx0cf3sPO7gHevt1HvlCG10fjv4WFFDY2lnF7
dXEoS9mKxQqeP98Zy4SywXMclI/2IcnKlbaAFSUZwUQawUQatmnAMXQ4lgHHMuGaZn3Hlu63qWNZ
taanA/RW6Zcse4iE3J79MlTFQyjoIaS5CAU9JGMOwkEP4hAKBQ5PJLzZk1Ee99awC0nfk63T0yJ+
/OkVDg6Gu4NZN3c3V/Hxr+77qn5KJaNYWEjh8Ch79S3kL6FpKjbv3MKdOysDnd+ybGzvHOAld0wZ
iVKpgqdPX+GP/+PXA/dNEwQB0WgIn376CB99dA+7e4d4+/Y9jo56h2eiKCAWi+DOnVu4vbo4cMVG
K8Mw8NXffuLOKTNgZclGKNh8Anr7TkGxIuLhZq2qQ5aBzdsWnr+5Wt+q+ZSNdMKFFvAgih5MS0Cu
KOHg6GrLHQXRw8qCg3jUQUD14DgCimUR+0cSdGOw16pY1MXSnI1IqHawQzdE5Ioi3h9L8LqE+7GI
C1FqeSJvOZkkAYl48yCUaQqoVHuPbZBxNKiKh1CoebCmXBFh9WgKfv48lYp4oZG4LHuIhJunKZXF
s/BrecFGOuFAVTxUqiKevb65vc5mOuBIJKIIBttfCGzLxs6EjnC8frOPhw/W295gBYMa4vEICoXy
RMZERJ1tbW0jnY5jZWUB0hVnn6GQhkcPN/Do4QYymTx03UC+UEKpVEW5XIXrekin49A0FfFYBJFI
COGwBnEYs14Atu3g2++eoViqDOXyfF13tYJK9gjh+WVIytVfTGU1AFn1X1nj2jaquRNUsycD7fDS
zULaxoMNE4tzbluH+3ErlgQ8f6vi5HS8L9uxeATpVMJ3CHeSySGTyY00OGiVPS3g+OQUK7cWep+4
TpIkpFMxpJIxZLOjWfYhKxLW15fx4P76laqzlhZTSKc+G+LI/MnlS3i29fZa9v7wPCCXK+Dpz6/w
yYA7lbRSFBmbd1awsb6McrmKUqmKfKEE3TBRyJfgOC7C4SAikRDi8TA0LYB0avBqjfMsy8bLl7tc
mjIj7qw0D4BWdAH7R7Xn2mxOQjpRm5Rv3LIHCzgE4PFdE/fXTQS1zk/GtlMLVX54FvC1K5cgAB/c
M/DoTudG2Y4LvN1T8PXPAbh9BiiLczY+emB23fXEsgW83Fbw43P1QhXjH39TQSTU+XdcSDn4X39o
vj/aPZDxl6+7H5S5yjgabt+y8JsPmwecvvxew9u9ywP41SUbv/1V8zn2qx80vN5tP8/SnIM/fNZc
hvzldxpyJRGff6IjFmkGH64LBhyz6nyTLtt2cHCQgT2hxNq2bJxk8tC0QFsp76DNxIhotP72t5+h
KgoWFpJDCxsaR7pXVvqfaF2FbTv46m8/4fAoC9eZzNIO/TQDUVYQSi1AnFA/DVGWEZ5bgqRqKB/t
wzGuPhF7tGni4Z3ubwzHxbQEbL1V8f5k/LtyLcwlkEr5671RKlWQzRbGustHPlfEyUm+1gDYx99y
KhXH0mJ6JAFHbceURXzw6M6VdlRTFHni/U8EQbjWu8KZpo03r99BkWU8ebw5lMsURRHRaBjRaBjL
y4MtTfLLth28er2Hpz+9Hsv10dWoioflliaiewfN18/d9/JZwJFKOEjEHOQK/f8NKoqHf/lt9ewy
upEl4N6ahaU5G//19yDyxd7XIYrAv/5jBQvp7pctibVtbuNRF//+ZbBnxcPHjww82jQvXcKpyB4+
uGtiac7Gv38ZGsmynWkZR7+iYRefPjEuhEw3fQPxmW4yGouG2752XRf5QmlCo6nJZHJwnPY/+PPj
JKLpYFk2/vLF9zg6Oh246eikPdt6i4PDzNj6bnRTOTlA9fQErjPZkmgtloCWSENUBm/UCgBrtyzc
uW1NPNxwXeDFtoLd93LfR8GGJRTSkJ5L+C6Zz2TzyGbHe/TYdT2cnhZwelr0dT5VVZBKxRGNhoY+
pkQ8itu3F6Fp1+Qo2jV/x2wYFl682MHW89ncdcR1XRyfnOInhhszY3PNgtSSJ7xuOcL/ek9B6zGL
u2v9L3UXBOCff9Mebrgu8P5YwvO3Cp69VrHzXm6r2IiEPPzxN1Vogd7vJT64a56FG6Yl4P2xhNe7
Cnbey6jo7a9Tc0kHH96/vKry1491fHC3GSp4qO0WVhurgr0DGVZLiJCMu21VDABweCJj/6j5r3XF
atUQ2n6WyXUOcYYxjnH74K55MdzwcO2fr3uZ6QqOaOxiwDHppSCFQhnOuaOosRgDDqJpZVk2vvlu
C7/77RMkk7ErlZGP29OfXuH5i53p6PHjAeWjfQBAMDUHUZrcy0swmYZVKcK0BpRwM9YAACAASURB
VLtdQkEXGysW4pHJhka2Azx/q+LFtgLDHP/xiPn5pO/SecuykcnkUSyOf7lUY5mK334hyVQMiwup
oY9ZEABxhp5PerpGv0o3um5i6/k2gloAa2tLkx5O31zXxeFhFl/89Qf23Zgh67ear1G5gohcy+5Y
ping8ETCrYVakHB7ycY3P/XXaurxPaNteUWuIOLP3wRRKre/jqiKh3/8WMfKYu0xEw56+PSxgS++
vbynliJ78ABsvVbw9EWgrYJBEGpBwYON5u+2uWrhx63O1exrtyw8vNOyTKcq4Itvgzg5bQ8htICL
P/yDjrl6aLM052B9xcL2u1oo9Lcf24P4//d/Fc/Co1xBxJ/+dvnvNKxxjFujYHH3vYyXOwoyOQm2
LfQVVF1nM13BETy3A4LreqhUJ7s+tFLR4Z179rnKTg1ENHqFfAn/5z++xt7e4YWAcho1lqU823o7
HeFGi/LxPsrHB3DsyY1LlGTIWgjCgCFLIupOvHKjqgv49pcAfn6hQtfH/1ItKzLm5uK+A/pa9cZk
tjE1DQvZbAGlkr8jauF6pUogcE0qLehKKmUdX3/zC57+9GrSQ+mLbdt4/nwH//lf3zDcmCGpuINk
rPl+Y+fg4uvV9n5z0qwFPNxe7v26qigeHm02T1fVBfzp7xfDDaBWffHnr4M4aalouH3LRjjY+33Q
tz8H8N0v2oXlGZ4HfPOT1lYlEdQ8RDscMBBED5980OxTYVoC/uOr0IVQAag1+Pzz3zW0blj36M5w
+m1NyzgG9e0vAfzlmyAOT+Sz+2PQBq/XxUz/9uffeLmui0J+Cio4XFZwEM0ay7Lxl7/+gBcvdwbe
8nUcisUKvvzvH7G9/R62NYXj9IBq5gjFd9uwh9AHY1CSGoAoDdYzIBzsvVvKKJ0WRPztqYbXO+qV
uttfxcJ8EulUwtd5PA/IZPI4PZ1MwAEAp6cFnJyc+j5fOhXD0lJqBCOiWWQYFn559gZf/PWHqX49
MAwLX3/zDN/98PzGl6TPmtYlJ54HvOnQgHLnvQzDbL4G3FntHXDcW7PaGmI/e61eumOI5wE/PGuG
uwJqIcdl9o/knk1P94/aX3+TsYt/R3dvWwi1HEx4/kZBodR9rLohYud983ZKxl0kOlyuX9MyjkEc
nEjYusHNRLuZ6YCjdfsty7Kxu3c0wdE0HR5kYNvNJ4d+tgkjoingAd99/xx//st3OD0twB3htqOD
ePVqD3/6r2/w7t3R1FeamKUCctsvUM1lJtLfxHOdC9V0/bIcAc6EgoW9Axlf/aBh/1Ae5a63lxIl
AfPzSSSSUV/ny+eLyGbzE31sFosVnGTzba/B/YjGIpifS17rRprkj2O72N09wL/9+39jf/940sNp
01iS8qf/+gZv3uwz3Jgxguhhdan5HHWclVDtEEJ4bnNXFQBYTDs9lx7cWmherm0DL3d6L504yrT3
44iFL7+Oo0zv58nz25l3OmjQehu4LvB8u/dE/c1ue6XL0tzVg4VpGccgDo5nutvEyMz0rfLi5S48
1I687O4e4s2bd5MeEgDg+YsdiKKItbVFZLMF/PzszaSHRET98oCDgwwymTw2N1fw5PFm29bPk1As
VvDd989xcHAy9cFGK9eyUNzfhlHMITy/XFs2MqbrdkwTnjtYuXa5IvjaLm8YcgURz98q2DtUYJqT
bXaQTiWQTsV89484yUxueUqr3GltR5WlpXTf5xEApFIxLCwksb9/MrrB0UypbSFbwhdf/oDVlQU8
eXx3JA1p/TBN66z/EoON2bS+bCOgNu+87f3u07E3e/JZ5YYo1io0nr7osvRdABIty15yRanvsP5/
/yUESayNyRzCriDnqw87FVSm4i1jLUh9vfZl8hJct9l7ovX3HdS0jIOGZ6YDjt3dQ+zuHk56GBcU
CmV89bef8NXffpr0UIhoQJZlY2trG7u7h3j4cB1rt5egaYFLtw4btuxpAdvb7/Hm7f7U9dromweY
hTyschlaIoVgah6SGhhp0GHpVdjVCrwBw6BMTsJpXkQi6mDUu94WSrVgY/dAhjENa2YFYGEh6Xtr
2GrVQDabR7Vq9D7xiJ3mCjjJ5LC4mPb195pIRDE/n8L7gww8lzNHarItB2/fvsf++xNsbqxgbX0J
qTFu3et5HipVA8+f116TKpXJ9pujq9loWWpi28KlDSqPMjJKFRGRUO31bO2W3TXgCGlu2/KUQoe+
G9106tExTOefirVA+1JQWfbw6ZP+HteuK0CshzEB9WrBwrSMg4ZrpgMOIqJRq1R0fPvdFp4+fYXN
zRVs3llBNBqGKI5uin50lMWLl7t4f3AynX02BuA5NqqZI1RPTxCIxhFMzkEOhiGKw31T5boOKplD
WNXB+zG5roCttyoiYRfL88O//V0XyBYkvN2TsXcoT6SJaDeJRBTpVByyz2Qnk8mNfWvYbhzbRTZb
QD5fRCLR/zIbURSRTsUwl47j+Dg3whHSrDINC8+23uLFqx3MzyVx795tLC2mR7a0yXFcHBxm8ObN
O+y9O2LFxjUQCrpYSDVfV/aPpZ69lnbfy/jgbq2RZSziYiFt4yhz8TlaC7Q/QMzJ9r681PlG3rGI
i9gAO5cpV5zJTss4aLh4dxAR9eI1Kzq2nm8jFgvj1vI8VlcWkErFrjxJt20bB4dZHB5m8W7/CNWK
PrH+CyPnujDypzDypxBlBUo4AjUSgxKKQlLVK1V2WNUKykf7MMvF/vbSu0SpLOLrnzQ8vmfi9pJ1
5TcvpiXg5FTEu0MZ70/kWtO3KbyPFxdSvrdZtR0HJ5k88vnSiEbl32l9y1g/AQcAJJMxLCykGHCM
jIepfOD75NguDg4yODzMIhQKYHV1Eevry0Op6nBdF9nTAg7eZ/DqzV6tKmr2bzKqu3vbQutbBk31
8JuPLq8YaF3OAgCbtzsHHLLUfjrHnd69nVsrTa7iqsdIpmUcNFwMOIiI/PCAQr6MQr6MZ1tvocgy
4vEI5ucTiEZCCIWDEEURoWAAoVCwrdIjmy3Adpz653kUixXk8yWcnhZquy/dsDexrm2dhR0AIMoK
5GAQciAIUVEgijIEWYIgirhY4NpkGzrMYg5WpQzPGV7FRaks4qsfNLzakbE85yARq5eydhuKB9hO
rcO6YQrQTQGGIaCiC8gXRRjm9L8D2npeC/F8m7LHbrVq4Ouvn+Hrb55NbAzZbAH/+advLnvozpYh
3Md61cT337/A9z+8mMj1D5vneSiX9bPwWxJFJJMxJJMxzM8nkEzELu3Z4XkedN3E8fEpsrkCTo5z
yOdLsGx7Kn9furq1czuULKQdLKT9vW6tLNqQJe9C5Yd1rnfG+cBjmpwPX46zEo47bMvaS6V6tSfY
aRkHDRcDDiKiQdUrO05Ocjg54RHfq3JtC2bRglmcfKPKMx6QOZWROb0hL5fT+354MNPw+0zDGKbN
dbxNvNqSksbrwYsXO5MeEU2ZxTkb0R47lPRDkT1srFp4eW63D91on2RPuD/6pXS9fayliogfnnVp
nnoDxkHDdUPesREREREREU3G5u32ZuHb+zI8H8tI1m41l7dsrNgXAo6qLsK0hLOmmYP0khiXiiHA
cZq7q8Sjk+k3NrJxnAtxWd8xXgw4iIiIiIiIRkSWPNxaaE6ecwURf/026OsyAoFm4+t00kE04qJY
al/6eJoXsThXO0086kCWPdh9bPv6+adVaPVeH++PZfzySu1xjqvxXAGnBQlzydpYkzEXkbA78t1c
xjWOC8uFhtTrg/oz/QuCiYiIiIiIZtTGqtXW0HLnvf/1I9v7zfMIAO6tXdwmZfegeexaloAHG723
mI+GXdxets/6gUhj6t2xf9QcqyAAH97vc5txAVhI25eexM9vMIpxnF8u1M/SpMSEqliuIwYcRERE
REREI7Kx0pwIuy7wZs9/Ef3OvgzTak6c15btC2sfXu8p0M3mNx9tmohFL5lcC8BnH+pnF+OhPUgZ
pedvFBgtY91YsXFntUcgIwC/+7iKf/1dFR8/6h5EuC1Lf3rtgjaKcZzkJLgtN/vKgg1R7B67LM3b
uLfeO4w679ruuHdFDDiIiIiIiIhGIBZxkU42j84fn0qo6v6nYK4rYP+wOVsPah5WF9srCFxHwNPn
zeUlquLhn39T6VhpEAm7+Nd/rGBprjm27T3lwrKXUbEdAd+fa+j5m490/OqhAbFDFUkq4eD/+n0F
Gys2BAAf3DWxNN+7giIZc5CMd6+OuOo4Hm1eHIfrCDjONndjCYc8/PE3VUTCLprbZXvQAi4+fGDg
f3xWhSDUAovGvxrv3L/6z3E9ezUPC3twEBERERERjcDdNbOt0GJnf/Dp1+s9GRst1QV3Vi3sHbRf
3sttFcvzDlbq4Uc46OF//q6KQklEsSzCcWvfS8UdCC0Dy+ZF/P2n8e4g8npXQTLu4H69ekEUgcf3
TDzYsJDJizAMAbLsIRLyLjRNffZaxcFx59vyJCednV6SgP/7nyrIl0R4LlCqivjL1+39T/odRzjo
IR7tbxy/vFYxn66e3feLaQf/zx/LKJZqzWADAQ+RkAuxa4uUThGG1+FHnU53s9uaMuAgIiIiIiIa
NgG4vdw8um/bArbfDb4E5Cgjo1QREAnVJrVL8zYCqgvDbK+6+PM3Gv7p1zpWl5rXHYu4XXdWeX8s
4a/fBvtqSDpsXz/VYJgCHt81z3aJkWUPi+nOVReuC/ywFcCz190boT57rWJtyT5r7ikIQKIeTJxv
ADq8cbQHDQfHEn5+qeLJvWavFFHAuYDEOxvTszcqPuq3/0dP50OPmxV4MOAgIiIiIiIastVFGyGt
OdncP5ZgO1ebbO4dKHi0WZs0SyJwd83Gzy/bJ/ueK+DPXwextmzh4aZ1oVqjIVcQ8fytite74+m7
0c3T5wHsHcj48L6JxTmnrSFrg+sCR1kJT58HcHIqdbiUpkJRxJ/+ruG3vzIQCZ0LdS65+fseR0bC
jy8CyJyKuGyxyNPnKvJFEU/umR23oLUdAe+PZPzwXEVA8fDR/ebPul/qIItTblbgIcTiG1zCQ0RE
REREdA1pARfppAst4EISAdMUcHwqoVyZvnaMguhhIeUgFPSgKh4cB6hURZycSm1NVvu7MGAxbSMe
deF5QNUQcZwRL1S8XDoOrT4OFyhXRWRORf/jQK2CJpVwoCqAbQMVXcRRRoLTe4OV7mMc/KxDv5Rp
woCDiIiIiIiIqKPBpsuTmGQPHldcn6CDS1SIiIiIiIiI2viLKKahamDwlqONc85+0MGAg4iIiIiI
iAhAv1HFNAQa/WgdZ+/4wt+ppxEDDiIiIiIiIrrhxhFs9Hvu0YQLg4UdsxV0MOAgIiIiIiKiG6p3
6DD+xSr9XMbVgof+4wvvytc1Tgw4iIiIiIiI6IYZVrDR5VTDXsNyIWMYvONGp0u5/JyzU83BgIOI
iIiIiIhukMvTB98/HUdDjr7yjPMn6j+QuC5BBwMOIiIiIiIiugEGDTa8S7/s/9qHl4QIEPoIPfw3
De0/6JjOkIMBBxEREREREV1zfccX3X/SZz4hCIAoihBFCYIoQhQECKIIQRBq/yAAgnAWEXgA4Hnw
4MHz6v9cF27jo+vAcV14XnMAncKSjqHHWQ4x7Baj01nNwYCDiIiIiIiIrqkrBht9hBqiJEKSZEiS
BEmUIIqinwHWIoKz4KP+Teni6VzXheM6cBwHjmPDcZxzo24PMYTz478Qdgwr6JiekIMBBxERERER
EV1DfsON/oINQQAkWYYsKZBkGaIwngl+rSpEhCIrAADX8+DYFmzHhm3bbRUezbhDaP7/QloxrL1U
pifkYMBBRERERERE10zPCKPzdy8JNmRZhqIokOsBw6SJggBRUaEoKgDAsi3YlgXLtlpO5dX/3yHo
uPCNq7QYnY4lKww4iIiIiIiI6JrwU7XRO9gQRbEWaijq2Co1BqXIChRZQcDzYFsmTMuE67r1n3YI
Oprf9h10TGs1BwMOIiIiIiIiugb6DTd6BxuSJEFR1bPlILNEFASoagCqGoBlW7BMA/ZZv45m0HFh
wxUfS1d6V3NMJuRgwEFEREREREQzrt8lKd5lJ4ckSVDVAGT5ekyVG1Udtm3BPBd0NHp0dM81egcV
3U8xmZDjetxrREREREREdENdPdwQRQGqqkFRZq9iox+yXOsdYlkmDNNoW7py1WUr0xRyMOAgIiIi
IiKiGdVPuHF51YYaCCCgBoY5qKml1JuSGoYOwzTq3+132cr0hxwMOIiIiIiIiGgGXS3ckGQJgUAQ
kigOe2BTLxDQICsKDEOHbdv173qdQw6gr2qOaQg5bt49SURERERERDPuauFGIKAhFAzfyHCjQRIl
hIJhaAGt5bte/b9zvK5fXDiZnw16h40VHERERERERDRDBg83REmEFghCkqRRDGwmqWoAkiRD16tw
3NYmpL2qOfwuWRl9JcfNjauIiIiIiIhoxgwebiiKgnAownCjA0mSEA5HoLY1We1QyVH79vlPOppE
JQcDDiIiIiIiIpoBvabM9QUSHdZJBAIBaFpwdEO7JjQtBC3Q2nC144KVvkOOzkYXcjDgICIiIiIi
oinXT7jR+WRaMAj1huySMgyqqiGoBdF+6/YKOfzWa4wm5GDAQURERERERDPn8kaYgCAAwVAIiqyc
PyX1oCgqQqFIWxeOy0OOC1/0+O7lPxkUAw4iIiIiIiKaYhcnwhd6bpwPN0QBwWAYssR9NQYlSzJC
oTBEwU/I0dl49lDhLipEREREREQ0tfoIN86phRshSCKbiV6VJEkIhsKoVspwvdpt3WF/lZYNUrrv
lDLMnVUikTBWVpahaRokUTgLXhhwEBERERER0RTqddz/Yt8NQQCCGsONYZJECcFgGJVK+SxImGTI
sby0iOVbi4Dn1Vugumc/4xIVIiIiIiIimgm9mopqwRC3gR2BWiVHCP4ajw7freWlWrhxdv3t18MK
DiIiIiIiIpoyly1N6RZuBNlzY4RkSUZQC6GqV9CouBikkmPQKo6gpmFpeQEAYBg6dnd3UCgUYNt2
c4x9/zZEREREREREI9er78bFbwQCAe6WMgaKosL1XBiGjmYg0SGcGEHIsbK6DAAoFgt4/nwLjuNc
OA2XqBAREREREdGMuLhjiqIoUNXAZIZzAwVUDYqionFHtP6/M7/bx14U1DTEYlFYltU13AAYcBAR
EREREdHU6GNpSgtREqFpwZGOiC5qNnK9JOQYqA1H5zPNzacBAHt7u13DDYABBxEREREREU2pnn03
Agw3JkXTQvXP+gk5/FRxXPxuMpmAaZo4OTm+dEzyrz9Zv/QERERERERERKPgeb0P8zdOc/5jJltF
oWCObnB0KUmSsHJrHslEAIIgQBBq/TPOf2zo9XU3wWAQ6+sr2N3dxZ2N+UtPywoOIiIiIiIimkrd
wo1K1WK4MQWKRQtV3YbneV3vq6sKh8PwPA+5XK7naRlwEBERERER0dhdZQKcPdWHOBK6ilyuFjR1
Cjlanf9ev/e/qqpwXRfFYrHnaRlwEBERERER0dTpVhFwmtNhme7ExkXtLMtFLt+spmkNLgYNNVqp
qopKpdLXaRlwEBERERER0Vj1O9E9fzrLcpDLGaMYEl1BoWDCstxLw41O+jmNJEkMOIiIiIiIiGg2
dTvyz3BjeuWLF5eqNL5u5beKQxCES7eGbcWAg4iIiIiIiKbO+Ymwrtsola0JjYZ6qZRtGEZ7EDGs
Kg7X7W9JEgMOIiIiIiIiGpteE9puR/zzBVZvTLtCsRZADbuKo18MOIiIiIiIiGiqdKreqFTsCY2G
+lWtjq6Kox8MOIiIiIiIiGgsBq3eKBTNTie/8YLBwKSHcEGxNNwqDj/hBwMOIiIiIiIimlqW5aDM
3hsdLSwk8eGHm5MeRptKxYZltffMGFcVBwMOIiIiIiIimrjGBPf8x0ZFAHW2sb40dSFHoxnsuHtx
MOAgIiIiIiKikRtkMut5HoolLk/pZdpCjnKHfimjaizaigEHERERERERTYXzk+BKxYbrjH5ifB1s
rC/h8eONSQ8DAOA6XseQA7g86LhqCMKAg4iIiIiIiCaq29KFEntv+LJ559bUhByNXW9al6l0CjCG
WdnBgIOIiIiIiIhGapBJrOt6qFQYcPg1LSFHtWrDdQdbljQoBhxEREREREQ0dSpVhhuD2rxzC48e
rU16GKhW/S9TuQoGHERERERERDRx55cxVLv0cKD+3Lu7OvGQo6o7Z0tUxrFMhQEHERERERERTUy3
CW9FZ8BxVffuruLB/dsTu37dcMZ6ffJYr42IiIiIiIhulEGOzpumey12T1FVBdFocGSXHw5rPU/z
4MFtuJ6Hly/3RjaOblzHg2m5CKjShZ95ngdBEDqe77KfXYYBBxEREREREU0V3bge1RvpdAyfffpw
0sPAo4dr8DwPr169G/t1G4aDgCqdBV2CIHQMMAYNNVpxiQoRERERERFN1Pn+DMaYlzbcBB88Wsed
O8tjv17TdEfWVPQ8BhxEREREREQ0Ed36bxgmA45RePL4zthDDtN0x3ZdDDiIiIiIiIhoarguYFvj
mxTfNBvryxCl8UUBtu3CdTtXcFxW2TFI1QcDDiIiIiIiIhqJQSaplsXqjVGpVA188dencJ3xBkhW
PbAa9XaxDDiIiIiIiIhoalis3hiJStXAF1/8CMMwx37dtj2eHhzcRYWIiIiIiIgm5vxRe8u+PgGH
YVrIZAsju3wtoPa1VWyjckPXxx9uALVlKuPAgIOIiIiIiIgmrrF8wblGAUc2U8Bfv3w6sstfX1vC
Rx9uXnoaXTfxxRc/TizcAADb8YayDWwvDDiIiIiIiIhoatjOeJYzjM0Efx1dN/GXCYcbAOBccp8O
M/hgDw4iIiIiIiKaGs6YG2BeV41wo1o1Jj0UOC27qLQ2Gu3Fb9NRBhxEREREREQ0dt0mr+6U5xuR
SBDLy+lJD+NShjE94QYAeANsEzsIBhxEREREREQ0NdwhT3qHKRwO4vPffwhFUSY9lK4Mw8Rf/vp0
asINwN99epXQgwEHERERERERDd2gE9VhH9UflnA4iH/6/EOoqgKMtlfmwBrhRqWsT3oobcZ1lzLg
ICIiIiIioukxhflGKKw1w40pNa3hBoCx3acMOIiIiIiIiIi6CIU1fP776Q43TNOa3nBjjBhwEBER
ERER0fSYouUfjXBDC6iTHkpXpmnhi2kPN8Z0nzLgICIiIiIioqkhCNORcITCGj7/XZdwo8uuIONm
GBa++PInlErVSQ/lUuO6S+XxXA0REdFFtu3Ath0IAiDLMiRptLn7+4MM3C57zyUTUYRC2kivf5RM
y8LJSa5rE69wWEMiHh3voOps28HhUbbrzxcXUpBlaaTXP87HGc0WwzBxksl3/fnKrfkxjoaIAEAU
BDgTbsQRDAYur9wQpyOEOTjITHoIfRHHlHAw4CAiorFzXQ+nuQJ03Wz7fjQaQiwantCoZpuqKEin
4l0nauWyjqCmIRCY3vXDw8bHGRHRdBMEoeOOKaIIOM4EBlQXDAbw+ecfTfWylFkjdAmEhl2tw4CD
6IYpFMoolbuXsAUCtUnSVWQyeRim1fXn4VAA8QkdSabpkMsXL0w6AaBYrEASRYTDwQmMavYFAiqS
iShOc8WOP8/li1iYT05N6e+o8XFGRDSbJEmEZXWuuBy1RrgR1BhuDJM0pooXBhxEN0xAU1EsVbr+
XNdNuK4HccAnIdf1oBsXJxStNC0w0GXT9eA4LqpVo+vPy+UqJ55XEAppcBwXhWL5ws9s20GpVEH0
BlQv8HFGRDS7JGkyQXxjWUo/4cbmnWWsLM+NbCxbz3eQzRZGdvnjNq77lAEH0Q2jKgokSYTjdE/F
DcNEMDhYCGH0CDdEUZjqLbZo9Lr1wGiwJ1mTek1EoyG4rtuxWqtQrEDTAlCU6/0WgI8zoots24Hn
df7bEEURkjS6Xjh0M3VbgnLZ6QFAlsffK0nTVPz+d0/6fg8cCQcRGWFQrl6zJaWtAccoK0mv97sb
IrpAEIBQULu0iuMqAUev6o1QULsx5fHUWa830Nd94j0usVi4VsWgX6xiyOWLmEsnrvXfIh9nRBcV
ixVUqp23kYyEg4jHI2MeEVHN+SBEGXPAoWkqPv/9hzPdbHzayXL7e47L3oNc5f0JX92JbqBg8PJl
KtWqgXg84vvJxfM86JeUhNeum8tTbjpRFBCJhFDq8hiMRkJjHtH1JAgCksko3Ix7oSeOadqoVPRr
vURjnI+zXC6Hra0t6Hpz4igIIgJaCrISgqyEYBo5VCtHCAWD+OSTTyDLfAtGRNSNrIwv4BAlcTrD
DR+VL7NgXKEVX12JRsRx3OY/14PnuvBQf67yAA9eLan2asGAh9oPG6c5+xkaH3GWbAuCAAEAhPrn
9SBCEAABQv17tXE0OhY3ziMIjZS8VsItCMKFfhuu58GybN9LSUzLhnvJk7EkiVCU61VuR4OJRUMQ
BaBYqp49riVJRDwWYY+WIRIEAalUDKenxQtLNqpVA8GgNnC/nVkw6seZbdvY2trCyclJ2/e14BwC
wSQEoVlFogYSkCQN5eIOvvvue3zyyccMOYiIulCV8S2Xch0Xb96+x5PHd8Z2nX25ZlWWg4ZWfg+4
8pWV6BzHceG6Hhy39tG98HXj81pw0fh582sPrueehRKN/zU/v8jr8FmnL7sSOn/R8emg/k3P8+C5
zSsQ6umHKNQ+r1YzCARUSJJQW5cr1j6KLV9LkgRZEaHItRcho8NuBa1CIe26PVfTgARBQDQaRiQS
guO4EITeSwpoMKIoIp2+2s5Is2qUj7NcLoeffvoJtm2ffU8NxKEF0xClzs3pJFlDOLqGUnEH33//
PT7+mCEHEVEnolibENtj2knlzZv3kEQRjx6tj+X6bhpZFiCJQtewYphLZvmqSjeK47iwLAeW7cC2
HJhW7aNl27Ast958y2sPJuoZQGslxdnHtu95zTxiVivKhObATdNAuWKi33jMZAAAIABJREFUVhOC
WrXI2cdmVQgEQBSEeuNSB4JQe1ESRQGCKEASah9FUeB2W3SBIAiQZQYbNFqdHme2bePdu3fI5XJ4
+PAhNK3/0uRXr15hb2/v7GtJCiAYXoSs9F72IskaIi0hx5MnT3xdNxHRddOtEWlAlcYWcADAy1fv
AIAhxwh0q8gZRS8wBhx0rViWA9Oy66GFUwsz6v9s24HjuGfLP7x6eNFYCuJ63uwGE8PitX/qOR76
vlGEtg/NSo36J6IgoFQ6giRLUCQJsixCliXIigRVkaAoEhRFhjLGkkQiunkawcbe3t5Z9cXu7h7u
37/X87y6ruOnn35CqVQ6+14wtIBAMOVrDI2Qo1zcwddff427d+9iaWnJ3y9CRHTNNIKOxqQ3oEoo
l60e5xqul6/eQRRFPHhwu+dpX7/ex+HR6cjGUix275c3a1S1uTyldXn9KDDgoJlxvvrCsh1YZjPI
OKu+aAQYjc9RW4px2RIRGgKv7UNLX6TaJy482LYLCPZZH5Bav5DmE12t+kOAotSCD1EQAHj13iIA
BA+yJEKUalvZBVQFgYDqqwLAcRzolyyl6afpYqWid93yzM94TMuCaVgwTQu248J1XHieB7G+HKgW
+Mi+f8dh8TwPum7CsmyYllVfvlVbfiVKImRJgqrKUFUFqqr4erHSdaPrVsWKIvvq/2JZNnTdrN+O
DlzHhSjVlk5pWgCaFhhJnwnP82CaFnTDhG05cJxaiCqKwtntEwioCASUiSy/GeX9N8oxG4YFXTdg
WTZsx4FQrxBTZBmapiIQUPsea+vjzHEcHB4e4PDwAE59i1hZDkHVYhDF3tVl55ekSFIAocgyJHmw
6ovGcpVycRdbW1vIZDK4fXu97bFy/m+h8fxlGCZsx4VjO7VKOUlEQFWhaerYt+GexOPMth0YhgnD
tODU/+Zd16tvcypCURUEVNnXY8XPdeu6AcOwYNsOXNeFKNYC+4CmIqipV/57H+Zzi66bZ4/32vjt
rqe1bBvlc1tLa1oAktTfuvlRPCe6rodql11fJEmCVq8M9TwP1aqBatWAbdtwXQ+yLCGRiLD31wzT
tMkc9Hr+YheiJOLe3ZVLT1eq6Mhk8mMa1WwLBMbXNJYBB02latWEYdgwTAu6bsEwam90m+EFAM87
q7qYxuoLSRJr1QqyBEmWIIkSBLG9CWhzYl//JzYagTZ+LradThSFZnDjenBrv3z9Yy1EaN4uHty2
26n99rItG7btwLbtWvAwLh7Ogqdud1pVt84tixGalSGiUO8HItT7gwjQAgoSiQjC4d4TDdt2kMuX
uv68n4Ajny91baaaSsZ6hhGGYaJQLMM0O7/RdB0PcFyYVvPnWkBFLBYey9aWruvWthKs6F1/T9eu
hYqNbYFlSUQkGq5vA9z7OsplveuWwtFIqK9JmuO4yOeLqHYIrBrjq+omJLGMeDwytB18PM9DpaKj
UCh3vH3O7j/YqNR3FQoFA4jFwmMJOsZx/42CZVnI5Uptj/saD47jwjRtlCs6RFFEos/7s1zWUalU
kctlkctlzhqtKmrkbIcTAHBcEScnJ5ibm+t4OW/fvsX29vbZ12ogjmB4oa2J6CAkWUMkto5K6R1O
Tk5QLJawsrIOsf44iYQ1qKoCz/NQLFY6737lNG+fYqkCLaAikYj2PSkd1CQeZ5ZlI18owTA6H9F1
HQe248AwLZQASKKISCSEcPjq25O7rodisYzSuQCg9Xp1w0QhD4QjIcSioYF2Ihv2c0ulUu34HNmJ
YVgXbts5We75WBrlc6Lrul1fswOqAk1TYdsOstk8LNtp+7lp2XBcD4w3ZpeqShAlofYYGrNnz2rP
+b1CDupNlAQoPhqMXvX5mgEHTZRlOdDrL6iGXgs0DKO2E4fnem0fxxlgKIpcWz4h15ZNSJJ09rUs
S1Bkue3r2j+5vuxChqzI54KKlj/Ulsl67evGso6Lf8zNszV3SWmvROlemdLoGdL8Gm3bTbVVuHio
Bx3OuX8t32sEIo5TO7JquzBME6ZhDj8g6dTrpMHxYLf1AwFKZQuZbAWSLCIcCiAQUKAFFAQCCgKa
AmlKdonwPKBQLHfdtvIyumFCPzYRi4YQjYZHMLrm9eROi3Bcf/ep7bjI5YqoVnQkk7GRT65My0Lm
JH/prj0Njusie1pAzL767dbtjXQvlfqRxWQyNtKtkmfl/jtP1w0UiuW+dsRz6/dnxAwiHo9ccpk6
9vZ2UCjk6jtGiV2bgFYNF7p+8T61bRu//PIM2Wzm7HuhyBLUQKL/X64HUVIRid9BtXwIQz/F27cv
sbq6DjWgwXFr4UUmk+v7MacbJo6PTzE/nxhZoDaJx1mhWPZdru24LvKFEqq6jlQyNvDt4TguMtk8
rAvh20UegFKpAtM0MZdO9P1GfdqfW7qZ5Lgdt7ZT3fFJ7sIuUQ3T8epP3Xps9HOaoCaPfZlKw7Nn
2xBFEZt3lidy/deFFpA6LksZVeUoAw4aC9etlx0btQDD0C3opgXHrpXku40ww/PgjbCYQBAEaJpa
/xeApqkIBgNtn0uiWK+kuFhp0biMtuCi8TkunnaWtC7vaTRXbVvqU/+8edpmAHVWNm1aMHQTumnC
0M360SCzft+bcLssSfA/2M4BiOM4sMwKxPp9KIoCRKG25CUQkBEIKBBFAY7jQhLFsb/zKRSKKJU7
l9r2fRnFClzXu3RiN6hq1UD2tHClyzBMC5lsHulUfGSTZNt2kMn0F260KhTLV7pey7KRyeR9T+oa
PADZ0wKSiCIUHH5TyVm5/zrJF/zfN6VyFZJUO0LfStd1bG9v4+DgAAAgigq0YOrCtq3nWXb7E4Ku
63j69CnK5drYBEFEJLY28JKUXhpNSqvl99jZeY3FxVuQ5bSvcKOhEer5mWD3axKPs3xhsGC4wTRt
HJ/kMD83WOgzyH1gmjZyuSKSyVjP0077c0s3kx63Ww/MuoUbNJtagw5BEBAKTi7gAICff34DAAw5
rqB1qZHfoGOQ1zAGHDQSpmmjUjWh6xYqFWNsVRmyUltzH6wHGEEtAC3YEmgE1LP+BoIoQBTE2m4f
9Y/iJdsXXXeN0GaQWf9Z4OF6LYGVW+t90hJg2ZYN3TDPQg/DMFHVDVQrBqq6gcoVJ/+1sdSOtqHl
vahhWChXamEHhNryntp2kSIkWYAsiZAkYaQTukpFv3K40VAqV6GqylCP1lmWfeVJS+tlFQqlvt7Y
++V5Hk5PC3DdIT959OC67pXeyLfKnRahyPJQlxvNyv03bPlCGYGACkWROwcboXTf1RaGKSGXyyGR
SKBUKuH7779v67cRia9deUlKL4oahSgqqJbf4/BwH4ahY25+sOajpmnDMExo2mw/T5TL1SuFGw21
KowC5uf8hz5+w42GStVAOGxduuRu2p9bupmGcbue13WpY9PNfE93HTSCjmBw8tNVhhxXExxzL5XJ
P2Jo5nmeh6puoVo1z/5ZlnM2qXVdd6hVGYIABEMawiEN4UgQ4VAQkfpHWZEh1ntViKLYMcyg4Wv2
CLn8dO0hSEv1jltrSuc4LgzTqjUKqxio6jqqFaNeyqp3XXfdi+fVdoRxzyVqtuNAsFr6fAiArh/U
lrbUKz5qy13kKwVfnuchX+je90MURUQjQSiKDFEU4TgudN1AudI9EMnli9C04TXQy+WKl/5crTc7
lSSx2QjykjeW/byxH0S1anTo0dBZrUXtcORy/ZXji4LQs7LEq1/e3AATrcvGd5lpuf9G4SRzinwu
g8PDQwC1xqFaaK6vLVtbGaYHx/VwcHCAra2ts+8Pq99GvyRZQzi2hmrpPXK5LAxDx/Ly7bO+HH4e
1+WKPtSAY9yPM8dxUOizuqefvz3LslGp6H31WrqMILSt+LxUpaJf+nc06ucWUaw192xwXbfr5dTe
P7W/kHd7ipr250S6PkRRQCgko1Lp77V/VH7++Q0kUcD6One88iMYlMbe24sBB/lm2w6qVbNWoVG1
UNHNlklqbcI6jFmFKIm1ECMcRDjcCDE0RCKhs+BCksS2j3xhnG613RAa91HnyUJr4NH+uKoFIqVy
FXq1GXrUAhAdpdLFxm89nTU8rX8BoFQ2UKmaEFsauwqi8P+z92bdjVxput4T84DADE45T1IqlSqp
SlXV1d3Hx919LryW/av8o2zfeNmrfbrbx32qSyoNKSkl5ZzJmcQciDl8ESSTIAZOAAkw97MWM0kg
IrAREdjY+93f935Ypo5t6di2fmwe6VF8PxgZcaCqCgu1Ut+gUtM4qIZQHzGhyNK+JrM6G4bhWNFg
mO+H42QD91Htg8y9f5IT5H0Pk3EYhkbeyaHrmSi1f57aHfdE+fPD8Dx/rEmfqsgUCs6B4LTvadPp
9nBHiFRBOLnV9Xm5fschSxKFQg7T1JHlrH9IkhjX9Yde98D32K3v0mk3gEyI0I3iqYWNw7x985ZG
Y/fgb9OqYdrDjUeniSQp2PkbyL1teu42q6uvePDgI8rlrK9I05Qoiul0ergjKkxAFr12uOTiebiM
+6zVdsdOjp2chZ2zUBV57/Oe0Ov5I80us2N2se3Tm47qurrXt2gHht8nuQbjqnZdRN9SKuX7nq/X
2yPba9vmidIfZ71P7EMMC+eKYT4ckiSRy2mXLnAAfPf9cwAhcpwC21L7Cirsczj1/zCT+L4SAodg
LGma4gcRPTeg52XRGUEQDwoa50DT1D0RIxMznD1Bw7KMoSLGRZvfCS6WTLxSGCWAOI59RPzIft8f
PHX2Kg20Oy6dtjuyUslI0szx/Wi0R+BHtNs9ZFkmSRIURUJTZVRNRlOzKKFRjJtY5x17YMVsH9s2
6XZ7IycVQRBNZDA47hwN8zg43L5ezx+5Quv7ATA5Q9QgCEeWloWs0kylUuj7cpRlac9nR2dnt3mm
KKBx4pksy9SO5PVLUtavlUt5ZEkaWnUBsgofH9L1G4eydx6PViBSFIV83kZVlYPUiMD32Nxcx/Pc
scahZyFOsmGRJMlYucWJmomeBdOqIcsqbmedn376kS+++ALHcZAkKbvHynlkefQ9lqaZSekkykxf
9H0Wxwm9MVFswwQVWZbJ5bJouK3txtD9kiQlDKNTiXe2ZVAq5QcG5/vXAImRE/fMCDMe6v0x633L
KGax3aaR+aipqoIky1nluCRBu4QS64LhnMRodNS2OVtjR/EupZrKUYTIcXJkRcKy+j+DpxEwzip2
CIFDMIDbC3BdH3dP1Iij90JGtop+tuOapn4QjXFYzNB1baiIMWrSJ/iwUZThIleaphQKOeLFLNUl
ThLiKCYIQlptl86e4NHuuHS7vVMLc+/FvGyCHcVZFSA8CVnaK4GlKui6f1CFZ59xYbzHdd6mZYwc
EEzqa16SsgiVYWja+PQc0zJGTlyiM+atj8Lz/LHPF4vOyLZKkkS5lGdjY/dU5y0Ms+pOI1/zmDKH
hUIOt+cPNcHz/IAkSc7d183L9RtHseiMnYRbloHWVnj37h2t1i6SJGNatWONQ09LioluFDHM8tTM
RE+LbpRQFBO384ZvvvmGhw8f9pWztXPWyAkjZP2POkIwPg0XfZ/1PH/kZ1WWpZGCCoCuazhjzosf
nC796qi4cRQnZ40UOCATa472E/PQtwxj1totwaVVkBFMn8NCh+NotJonK3k8bb77/rmYp5yAnK0O
RG5cBELgEBBGMd2OT9fNfqIwJj5nuoksZ6HGpVKecjlPqZhH0zWUIyKGooi0EsFkyNJflIGBVZqm
lEr5A4+POI6JoiQz/ewcivbouHi9U3xxppDslXJJAOKUMEzwgybbOx10TcW2s7SWcWKK63pjvTTy
jk1+zEB+Eti2iW2fbTKnjomo2q+MNKnPeDBmUG0a+rGr1IqSreylpzDFGzeQVxT52EF15gBvjJxo
hWGEYZwv8mBert84jjMXbDQaPH36A0kSo+kOlr04kYiNo6iafa4Ul2mhqCa2c5Nu+w1Pnjzh4cOH
LC9nq4fjriFkpsqT4KLvM39MCoRtHZ9iYpqjP3enreh13Gsd1/cME6nnoW8Zxqy1u1DICXHjijEq
0iPv6DMjcAB88+2vWLa498aRs99/tx+tSHn4/8PbTAIhcHyApGlK1w3odj263ayaRRZCmUVonEXQ
UFWFYtHJxIxSnmLBQdNVVEVBVbMfIWQILoP9MOKjFAo54qS0F6GUEMUJYRDS7mSO/fviR7fjEkUn
GAzv+XlESUIUJvheSLfrZ54jkgQk6KqCpstZyOzex8HzA7Z3GuSdHIahzeHn5GLam6bp2Px/c8TK
8nkJxhgkmsbJTF7HTX6CYDqTkJMz+/fb8+cvePPmNZIkk8tfR9Pzx+90BVFUE6dwG89dOzBBXV5e
zryCxhg5ntYzaDqc7j5L03SsoHmS6AtVVTBHfLYmvfJ63DUYJnLPa98ya+2eZiqO4HI5Wi5WU2Xs
nIZ7iSVjj9Jzx0eWfshYloqqnn2McZ7xsBA4PhDiOKHT8Wh3PLpdnyhOSOJsRfssYx/d0LLojFIm
aOTzNpq6L2aoIjJDMPMcpLocGifvR3vsR3rs/9/uuDQaHer1FvVGm+AEPg775Wrj/ehrCaIwQfIy
01Jdk9E0GV1TCIKInd0msiRhGBq6nv0cF/Y9bdI0y1UPo4goivvKPO8zLMx4Gozz3oDjIwDOij/O
w0XKwuiPY1yqxzTP3yxdv7Py5MmPbG9voigGufz1qURtzBOyomM5N0g7b/pEjstkGvfZuEofAKp6
vEChKDLVavFUr3uRzGvfMq/tFswGp/HhGLZPIa/PlMAhGE3eGW4uehEIgeMKE4Yx7Y5Hp+PhugFx
nK1SnyVKw7ZNSiWH0p6g4eSsg8gMVR1MCxAI5hFJkg7u6cPKRz5vs7hQJorivZSuHvVGJnY06u2x
LvkHHEppIU6JowTPl5ClEFV9L3YkaXrgTi+RrU7tm2Re1BeE74e4rkfP887suTNpjhsQTcN8eL+c
8SiyKLjRefcnYRqD+Vm8fqcliiK++uprej0XVbXJFa5fWJnWWUeSlIN0ladPn9JsNikUqhfejmne
Z8d5JO1X2ZlX5rVvmdd2C+aPUdVUTEOZiZKxgvGYloKuHy05fTHpKSAEjiuH54V0uh7ttofnh8RR
ZrZ4WtdhyzKo1oqUSwXKpTymqR9EZ2SChjDWEXw47Ht7GHuRsHnHplYrEe2tWLo9n93dJs1mh93d
Fr3e8StYaQppnPl3RHFMEMS4coQiS2iachDh0fN8ep6PLGWmermchTymYst5SJKEZrODe4L2XzTH
TXgkaRoCx8QPOcB5q1D1H2t2r99piKKIv/zlazzPRTeK2M7KZTdp5pAkhVw+EznW19cJw4Ry5WLK
2V7EfXb8532+I0TnrW/ZZ17bLZhf9oWOgSgOIXDMNAVHO1f0xnn7eCFwXAGCIKLZ6tFu9/D9iGg/
9eQUXxKKKlMuF6hVitRqJWzbPKgEoWoq8pwPJgSCSbKf3mIYWZRHPp+jUi4cCB6eF7Bbb1Gvt2k0
WsevaO1HdyQpsZQSRgneXiqLdhDdIdNqd+l0e1TKhYPXnhRxHLOz0yS8wMoZp+O4Cc8UXnGOwh9m
//pBspevJY+J+IuiiP/4y9f4Qtw4ln2Rw22/YWdnE1VVyRemW9b24u6zi/+8XyTz1LccZl7bLZgt
zpKmchjTVMnlNLoiVWUmsW31UqM3QAgcc0sUxbTaHq1Wj54XEEVZSczT9Bf5vE21WqRaLVIq5tF1
FU3LfkTpI4Hg5Mhy5p3xXvBIKZfzWU56GNPzfLa3G2xvN9jdbY33k9gzK40PpbL4QVaKVlEysSPw
d1laKk/MWDNNoV5vj520SFKWLqOpSl//EEXx2BKVk+K4L780nf9Jz1mZh+sHsLO7ReB7LCwsoxuD
1TiEuHF6JEnBzt+k23rNxsYqwNREjou8z477vCdJmhk4CwSCK8vR6I39fiFNU0pFQwgcM0ohf7nR
GyAEjrkiTlI67R6tdo9uNyCK470KECdTNSRZolLOs7BQYXGhjGkZ6PtRGqLKiUAwMWRZOjAKhSzC
o1zKc/v2CoEfsltvZYLHTuPY0rRHU1nCMKYnR3TcTWqVPMWijWmeL5qj1/PGlv6zLZNi0RmaGuP7
4YwIHAkw2bz841KBTENHOYHZ4ThU9fxfw/Nw/QDcrksYeiPFjW+++VaIG2cg8+S4Trv5ko2NVWRZ
JucUJv46F3mfSccssiRpOuFP+8UyL33LUea13YLZ47xRHJomUyoaNJrznZJ51SjktYHKKcdFb0wD
0YvMOGma0un4tNo9Ol2PKEyI4vjEnhqqKlOtllhYKFOrFjFNPavOoGsi7UQguCCyCA8dw9BJcymF
Qo5rKzXCMKLddtnai+5otjrjI7MPp7LEMRtbLXbrXUxLo5C3KRbMseX3RuH2RqfQmIZOqZS/9OiI
46LKoiieuNmxJEnIsjRSRDZNnVzOmuhrnoV5uH7NZnNP3LCJwgBVex99lMQx3377rfDcOAeyouMU
btFtv2ZjY40bmj5USDoPF3mfKcdMpJM4gTP0dbPCvPQtR5nXdgvml7FRHCWDrhsShsKYdhZQNZlC
4fTRG9MQPITAMaMEYUSj4dJs9QiDKEtBOaZM4j66oVGrlVislalUCgdlJy+75KRAINir5b6XCgZZ
qlitViIMI3o9n53dJtvbDXZ2mmNL6ZGSmQhHCX4Q0e36bG0p5HIGxYKF45gnMiNN0xR/TNlbx7Ev
fXIMWXqOLMsjHfaDIMQwJl9C1NC1g6o2R/G84NIH8/Ny/V68eAmAZQ0aYa6vr9LrCXHjvCiqiZVb
odt+x+raG27dvDfW7+Q0XPR9JssyqqqM7AODMDzWhyhJUnojRBlFkTFN49ztPA+z3reMYl7bLbia
lMsmm5vuZTdDAJSK+oCwcdrojUnNU4XAMUOkaUqn69NouHS7HmEUE0UnK+mqqgqLi2WWlqpUK4WD
8HiReiIQzDaKomBZCpZlkM/blEp5bt1cwg9CGo3OQSqLO8aoNE1SwiAmJMYPQlrtHrqmkM9bFPIW
tj164n+ccHqWiJBpYejqyIG12/PJ53PHH+SUIbGGoY8ezPsBQRAepCKdhDCMDsStSTAP16/RaNDt
tlFVG0mx8QP3IIJja3Md122jKIYQNyaApucx7Rqeu83m5irLKzcnctzLuM8MQxspcPheQN6xx+4f
RRGNZmfoc7mcefkCx4z3LaOY13YLZo+TpqmMi+KwLZVCQafVGp/uK5gujqNiGu8jbQ8LHePmodOa
o4oeZQaIophms0ej6eL7IWF0shQUWZaoVossL1ep1TLDQWMvUkMgEMwfkvTerDSXQiGfY3m5ShiE
dLu9PbGjSb3RHlklKYlTgjgiCCI8L6Re72IYKoWCRaFgoR/pH44bXCRJMrYsdBheXKm2cQPrKIrp
9Xwsa/SkpdvtkZxS4DBNHZqjn6832izUSicyZu71fHbrLUpFZ2KrnLN+/aIo4ocffgTAtLPoDUnO
0lQ8z6PZ3EWSZJziram240PCtGokkUen06bR2KFSPr8fx2XcZ5ZpjKxA5QchYRijaaOFFdcdLQqr
E05nOwuX1reMmU+cxNNt1vtEwYfBYZGjUjbx/JjAn90qYlcZXZf7ojdGiRbHVU6ZpNghZsKXiO9H
7DY6tFo9wiAmOkkVFAnKpTxLSxUWFyvYloFh6CL9RCC4YkgS71NZbDMrRVstcjfIUlk2NndZW9um
1eoOP0AKUZQQRQm+H+K6AdvbHWxbp1CwyDvmQdrHOLrdHqVSfuhzrutlviEXhGUZI1dkARqNNooi
D1097Lre2H1HoSgKuZw5cqIVRTFb2w3KpfzIVcs4Tmi3u3T3JlyNZmdiIfKzfv1+/vkXwjDAMMuo
Wrbi7vuQxh4bm6uZuFG4hSRd/oTzKmE5K4T1Z2xvbbC8tDhW+DsJl3Gf6bqOqihE8fBJS6PRolIp
DhVWOp3ewedtGNNIZzstl9W3jPNf8/yAJEnGXu9Z7xMF88VZoziOUq2YrK2NGA8Jpkq5dHxqykUj
BI5LoNv12W106XZ8wjDz1zgOw9BYWalx7doCecdGNzQMXROihkDwgaAoMpZiYJlZKkux6HD71jLN
Voe1tW3WN3YI/OGrpGkKYZhVYPGDkHbHQ1Vk8nmTYsFGVWSiESHoXdcjTVNyOQtFkUmSbFXedT08
//iQ0EmWb5VlGds2R67MJmnK1nYD09AxjKx/jOOEnueP9zM5hrxj47r+yEHY/oDe0DUMQ0dRZFIy
I8QgCIeep93dFtVaCeMUodzDUBR5Zq/f6uoaW1ubKIqBlVs6eDxOoNMNSJME21lGUSdrhinIKqtY
uUXczjqvX7+iWq2c63iXcZ9JUuZRVG+0h+4ThBGbm7tYtoGmqkiyRBxln/dxESP6IQ+ky+Yy+hZ5
TKRNkiRsbO5iW+aB55GuawMC2Sz3iYIPh8NRHIauUK2a7OyMFjYFk6dc1tH19wsUoyI4LjJ6A4TA
cWGkaUq77VFvdHHdgCCMMxfwcUhQrRS5fm2B2kIJyzQwTf1EYX8CgeDqIkkSpqljmjqOY1GtFHlw
/ybbOw3W1nfY2W6MDDU+SGEB/CCi2eyhKBKKCoY+3LPH7fm4vbOVYpt0+dZC3qbX88ZGu3l+cKJJ
1UlRFIVyKc9uvTV2Oz8Ix5bRPExKNqBfXqqc+4vdtk1a7dEma5dx/ba2tvnll5+RJHmot4aiVcjl
NTR9+Kq/4PzoRonAa9FqtVhfX2d5eflcx7uM+8y2TdyeN9LgNEnTkZEEoygUnbM0cSpcRt9yNE3x
KEmS9pX0zcsSFv0Cx6z3iYL54jxRHIdFjryjE4aJ8OO4IPJ5jZyd9SfDhI2LNhY9jBA4pkySpDSb
LvWGi+cFhGF8bI6jYehcu1bj2rUaTs7GNHU0TZsJJ3yBQDBbZOHCFrZtkc/bXFup0XU9NtZ3WVvf
pj1mQrJfhUWSMk+fnhJh6AqmoYxd5TsNcZxMtHyroigUCg7NM6Seu+IzAAAgAElEQVSbnAfLMsiH
Nu3O5NzaS0VnIl/suZxNt+sRj6gwcx7Ocv06nQ4//fQTALazMjJCQ4gb08fKLdJuvuTVq1fUajVU
9ezDvsu6z0rFPFvbjZEVlE5DIW/PXITARfctuq6NrUh1Uma5TxR8WBz144jiBLd7cf5gHyKWpVIc
UhL2Mo1FDyMEjimRJCn1Rpd6vYvvR4RhNN5fQ4Jqtcj1lQVqtRKWJaI1BALByZEkDqonOY5NseBw
6/YyzWaH9fUd1jd2CIPRKSxxnBInKXGU4PkxuiZjGiqqNr4PUlWFOB7tHxRF8akc9U+Ck7OIoujU
K7eqomCaet/q5GkoFHLIinxucUWWJMqVAuaEfAAyw+kC29vNU5uoTvr6dTodvv76ryRJjGUvChHj
klFUE8Ms43l13r59y507d858rMu6z1RVoVYtsrPTPJe4knfsk1VaugQusm+RJIlC3j6TJ9FRZrVP
FMwfk/Di2H9ssWazHrt4nhA5poFhyFQrJ/PduOjUlH2EwDFh0jSl0XDZrXfwvJAgjMeWeZUVmWsr
NW7dXCKfz2Ga+sQnAwKB4MNCkiQsyzgoPbtQK/HgwU12thusrm+zs9McXoUlhSTN8rDjOCEIYlRV
xjAUDF0ZSJLXdZVqpUi93h6ZEuL5AbY9eY+FYsFBluQTrx5qmkq1UiAMozMLHJCJK5qq0Gx1z1QZ
wjR0SiVnolEtAJqmUauV2K23Tuw3Munrd1jc0I0ihnU+3wfBZDDtGkHQ5N27d9y4ceNcURyXdZ9p
mkqtVqLZ6uCNqKQ0ClmWKZecmTewvMi+JbcnEndOKRIPY1b7RMHVZVSqymHBY6FmsrHVE5VVJoyu
y1Sr5kDUxkl8N87DaY8lBI4JUm902a13M2EjiMYKG5qmcuPGIjdvLJJzbCzLQBHRGgKBYMKoioK6
l8JSyNusrNTodnusb+zw7t0mvd7wyUKaQJSkRHFMGCb0lAjTVDENBVVVyeezfmtfTBk1cen1fJLi
eFf+syBJEoVCJgp3Ou7I8rGKIuPkLHI5C0mSJhLmbhg6CzUdz/Pp9Tw8Pxy78iRJWclL27YwjOkJ
2JqmsrhQxnU92h2XeITPk6ooE79+R8WNYb4bgstBkhRMs0bP3eTp06c8fvz4XMe7rPtMVRWqlSK+
H2TmpV4wNpJEU/fT98y5SXu4yL6lWMyj61n/GYwRJmTp+L57VvtEwXxx0iiOcftDttisKDKLNYvN
LZcgmHxa3YeIpsnUqgaKPFrcGJeictbojbP039I//MM/nP1OEpCmKa2Wx269g9sLCIPxqSiWbXDz
5hLXlmvkctbBF79AIBBcFEmS4vsBvZ7H1laDN283qNeHVyo4QMomDIapUS3nKJVyyPLs9F1JkhCG
EXGSkCYpsiyjKPKFlNBO05QwikjihCRJDwZosiyjqgqqOty8ddqEUUwURgeizn57Jl1BYm1tnZ9/
fgqAZS+KyI0Zpd18QRz5PHz48NyGo4e5qPvsKGmaEu697v7nTpIkZEVGU9Wh5WPnjYvqW6IoPjiX
+8eXZQlN087Uz89qnyiYfU4jcOxve3SfNH1/z0VRwuZWjyAQkRznQdf3xA1FPlbcOPr7Sf4ex/62
9+7dY2Njg9evXx+7j4jgOAeu67O51cqqohwjbBQKOW7eXGJpqYJtm5iGLjp3gUBwKcjy+xQWx7FZ
Wq7QbHR4+3aT9c3d4RWe9kvNRjGBH1GvdymVc5SK9kxMJGRZxrik/G1JktA1DWZsIVJTFTR1umHf
v/zyC6urqwDYzjK6UZrq610FkjTZqxoyHgkJJAmJ4eG/pyXnXKfTesWzZ89wHAfHmUw1kYu4z4Yh
SdKVT+m9qL5lX3SYFLPaJwpmn9NEcYzy4zgcyaGqMkuLFlvbPTxPiBxnwTCytJSjkRuHmba4cVqE
wHEGwjBic6tNq93D96Phuex75PM29+5eZ2GhjG2bIhRPIBDMFPvGpHnHplIpcq/bY3V1i3fvNoeX
ZkwhCCKCMMLbFzpKNuVSbiaEDsHFEEUR3333Pa1WE0mSyeVvoGr2ZTfrcklTEhLSJCElW0FMSbI0
ijTZ+/usQbMSsiwjSTKyJCNLCop8uiGcrOgYZvUgVeWLL744lx+HQCAQTINJiByHn1MUmaVFm63t
Hq4rjEdPg22pVI4Yio6rmDIri/fim+0UJEnKzm6Her2L54fE0egVmFzO5O6daywv18jlzCu/yiAQ
COYbZS9f3nEsioUct28ts7a+w+vX67juECO6Q0KH74c0Gi7lco5KOTczX3CC6dDpdPjuu+8JAh9F
McjlryMrH1b1gySNSZI4+39fvDhBVMbZSUmSGIg5vAYpy8qB2CFLx4f9G1aFMOzQ6XR48uQJX3zx
xRTbLBAIBBfHMNPRw/8v1CzqDZ9W63RGxR8q+bxGqZh9t59V3LiM6A0QAseJSNOUVttje6dNrxcQ
jqmMYlkGd+6ssLJSw8nZImJDIBDMFZIkYdsmlmXiOBbXVmqsb2RCR6czpPpICkEQE4Qxvh/RbPao
Vh0K+fkx9hOcnLdv3/Ls2TMADLOMlVu65BZdAGlKQkycZKJGnMaMr/t+cSRJTEJMFGcDdkXWUGU1
i+4Y8fnL5a/Tqj+j0Wjw9OlTHj58eJFNFggEgmM5SxTHqN8P/18uGWiazM7O+SsIXWXKZR0nl81h
z+K5MeyxixI3QAgcx+IHEZsbTTpdL0tHGfFZMwyd27eXuX5tAcexMc0PazVLIBBcLSQJTNPANA0c
x2JlucrmZp1Xr9dptbqDO+xFdIRhhOcHNGyDWjVPLjfbpRkFJ+NoSortrKDp+ctu1lRJkpgoCYmS
cGYEjeOIk5A4CZEkCVXRUeVBvy9JUnAKt2g3X7K+vk4ul+PGjRuX1GKBQCAYzrREDienoWkyu7u+
MB89gq7LlEs6uq4MCBgXJW5MAiFwjCBNs3SU3d0uPS8giYd/wGRF5tbNJW7fXiG/J2yIVUuBQHCV
MAwdw9DJ5WwWlypsbzd49XqdxpDKK2kKvhcRBjG9XoDjmCzU8iKabY5pNBp89/33JHF85VNS0jQh
TiKiOCCZasrJdMmqWPiEUoAma6hKf8U2RTWx7EV67ibPnj2jVCpNzHRUIBAILoPTiBymobKyrFCv
+7TaImUFwHE0yqXxKSnjfh/12GnnxZOYRwuBYwiuG7C51aTb9QlGpaNIsFAr8+DBDcql/FzVWRcI
BIKzYBgahqHh5CwWamW2dxo8e/aWdtsd2DZJUnq9kCCI6XZ9SiWbWjUvjEjnjDdv3vL8eZaSohtF
bGflkls0HZI0IYx84mSIse48k6aEcUAYh2iqjqa8j6gyrApx7BP4Tb755hv+9Kc/CdNRgUAwU5wm
iuPo9uNEjv3HymUD01SoN3zCcH5F7fOgajKloo5lZpWU5l3cACFw9BHHCVvbbRoNF88PR1ZHsXMm
Hz+4xeJiGceZjRKJAoFAcFHsV15xHItKpcD6+g4vX64NNSON4yQrpR3GdDo+tapDsfiBV9uYE378
8Sc2NzeAq1sC9soKGwNkER1RHGKoJvJeBRYrt0gce0SRL0xHBQLBTHJekQMYiOA4/Lxta1iWSqPp
02x+WNEchYJGsdAftXH499NUSpkVcQNAuXPnzv86saPNKWkK7U6P1bUGzaZL4EdDozZUTeH+/Zs8
fnSXpaUytm0hyyJqQyAQfJgoioxtmRQLORYWy2iaSrvjksSDqyBJkuIHEb1egOeFmIaGqiqX0GrB
Sbjq4kaSJgSRRxh5U65+MmukRElISooiKUiSjKblCPwmntdDVVUKhcJlN1IgEAj6OO9keZhR5tFJ
u2ko5GyNJE2vfDSHbatUqwa2pQ6ck8M/+4/tMy1x4yT7lMtlut0uzWbz2GN98BEccZyyudWk0XTx
vHBkOsriYoWP7t+gXC5gWcI0TyAQCPY58OiwLZaXqrx5u8GbNxvER4WOFDwvIgi7uL2QSilHpZIT
UXAzxr64IUkyTuEWimpedpMmShD5RLF/2c24VKI4IE4iDNVCVnRy+Rt0Wq959eoVtVoN07xa11wg
EMw/54nkOPr3qGgOXVeoVS3yTkyzFdDrRZN9E5eMaSkUHA3DGCwrfpaUlGGPT0PcOC0ftMDheSHr
Gw3abY8oGq7UmabOxx/dYnm5Sj6fExEbAoFAMALLMjBNnXze5trKAs9evGVjfXdguyROcbs+YRDR
7njUag6FvHUJLRYc5SqLG0kaE4S9uTYPnSRpmuCFXXTVQtVsdKNI4Dd5+vSpSFURCARXgmEiB7xP
WTnMYaHDMBQWFyw8P6bdDnDd+RY6bEvFcdSpChvjth3HNDwsP0iBI02h0eiytd3G7QVDvTYkCa5f
X+Te3euUy3l0XVQAEAgEguOQJIlczsKyTBzHYnO5zs+/vMbtDvpzhGFMq+XiByGdgsfiQkGkrVwi
L1++PEhLsXKLV0rcCGOfMPqwozZGEUSZ6GPlFgnDNo1Gg/X1dZaXly+7aQKBQNDHaaM4Ru0zKpoD
+sUP01AwDYswjOl0IzrdcGRlzVlDViRytkoup6Kp8thIi6skbsAHKHDEccLGZpNGw8UPhnttOI7F
xx/fZnGhhOPYojqKQCAQnBJZligWHWzbpFR0ePtukxcvV4mPRMulKXi9kDCM6XkhiwsF8s7VmVjP
C41Gg1evXgFXy3MjTRP8qEeSxJfdlJkmS9lJsXMrdNvvePXqlRA4BALBTDItkQMYKXRomkK5pFAq
6ri9CLcb4c5o+oplqdi2gm1l0/xJChujnpslcQM+MIHD7QWsbzTpdLyBQTYAEty8scj9ezcolQpo
mlhJFAgEgvOgaSq1WolczmJhoczz5+/Y2BhMW4mjhFarRxjElEo2C7UCiiLE5YvA8zy+//57ICsF
e1XEjSSJ8aIefBApKQlJ3D/YlmQFSTr5OCaKA1TFQFVtPM/l5cuX3LlzZ8LtFAgEgvMzSZEDOLHQ
AZCzNWxLJU3B7UX0vAjPiy8tskNWMoNU01T2TEPHixAnFTxG7X/Sx8cx7eCBD0LgSFNoNrtsbLbo
9QKGfR40XeWTh3e4fq0mojYEAoFggmRl2ExM0yDv2Gxs7vLrr2/pdnv9G6bQ6wWEUVZtZWmxgG0L
U+dp8+OPPxHHMYpiYOUWL7s5EyGKQ4Kod/yGc0dCEgWkSUgS+6RJDOmY6BRJRlZtFD13IrEjin10
q0LUdnn37h03btxAVT+IoaJAIJgzzipyAGOjOY5uN0rokCRwcho5O+sjgyCh2/XZ3NpF0y1URT/9
mzoBqiqj69mPYSjomtzX5qPva9jvJ/n7uOfOOle+iDn2lf/WStOUre02OzttPG9IKJEEpaLDp4/u
UquVMQzhtSEQCATT4H3aikG5lOflyzVevVkf8EGKwiQr2R1E1Kp5KpWcEJ2nxNu3b2m1spJrtrNy
qhX/WSWIfaIr47eRkEQeSRSQxP54MWMYaUISdkgiF0XPo2i5Y3eJ0gTdKBH4Dd6+fSuiOAQCwcxy
FpFj1H7DxI+TCB37GIbC6uoG9d11Fsol/u7Lz+n6ET0/xgsS/DDBjxLCKCFKUuIkJUnSg4V3SQJZ
[...]
9+7/7nQj6OzimRLimZIq2xpymWA21F9I5EsS9uIFVfbhtOrhsupV2RYRXU5arRYT44PYDUZOLGsv
lcoI7IQwNuqDXs9el0Tdqr+/DxqNBvl8Efm88jWFy+XAzPQYZmfG29g6IjoLQRAwMOCC1WJGuVxG
uSyiVDr7mDvdRKOpjCfk8Tgxf30Sfv8oBIG1Ab2AV4NERNR1Dis5vvrjA8RjqabrZjI5fP+XZ/js
Z/fa1DoiOovZmXH09dnw6NFLxBoc1y6XHXfemoXP5+5A64jorIaHBzA8PNDpZhABADS//e1vr8Kw
MERE1IOKxdKJA4+aLUb8/LP3OH0kUY/Y349icWkV4UgcsiRDI2gw4HHi5o1rDDeIiOhcWGdDRERd
66QxOUwmA8MNoh7j87nx3ru34PP1Q6fXwefrx3vv3mS4QURE58aAg4iIuppSyGE06vH55ww3iHqR
zWbGW7dnYLOa8Nbtadhslk43iYiILgEGHERE1PWOhxwGgw6ff/Ye7LwpIupZLqcdv/rlR3A5HZ1u
ChERXRIMOIiIqCcchhwDAy589rN34XBYO90kIiIiIuoinEWFiIh6xmHIQURERER0HCs4iIiIiIiI
iKjnMeAgIiIiIiIiop7HgIOIiIiIiIiIeh4DDiIiIiIiIiLqeQw4iIiIiIiIiKjnMeAgIiIiIiIi
op7HgIOIiIiIiIiIeh4DDiIiIiIiIiLqeQw4iIiIiIiIiKjnMeAgIiIiIiIiop7HgIOIiIiIiIiI
eh4DDiIiIiIiIiLqebpON4DoPIplCYFoHqWyhH6bAR6HoWa5LAN/WIzUvDY+YMG0z9LOZhK11R/+
+AD7+1EAwN/9Pz+DwaDvcIs6h58FETUjyzI0Gk2nm0FEdCo8dyljwHFBAgd57CcL1Z81AG6PO6DT
8g9RLaIk48FaAvmiCADYieYxN2LDsMvU4ZZRN4tE4njxckNxuSAI0Ot1sNsscLsdGBhw8QuEiLrC
SecvJW6XAzdu+NVvUI/bDUbw7bePodfr8NNP34HTae90k+iSOX7Mer1uzM6Mn2lbi0triMWS1Z8X
bk2jr8923iZSD+K5qzkGHBdk6yBXvfE+tJcoYNTNm2+1JHPlus84lCgy4KCmCsUSAoFQy+tbrWa8
8/Z1jIx4L7BVREQnO+356xBD2sbW13dQLosol0Vsbe/zJoFUd/yY3d+Pwj81Ap1Oe6rt5PNFPFtc
hSzJ1dfmrk+q1UzqMTx3NceA4wLEMqW6G28A2IvnGXCoyKQXKqUx8pHXDBxWhlpntZnR399X85os
ycjm8ogeJCDLQCaTw9ffPMKdO7O8mCCirtHo/KXE7XRccGt6k8/rxvb2PjQawDvg6nRz6AoolcrY
2QlhYmLoVL+3tb1XE27Q1cZzV3MMOC5AMFZo+HoyW0amIMJqPF1qS42ZDVrMDtmwFspCFGU4rXr4
vRxbg1o3NOjBvbvzDZcViyW8XN7E4uIaAODRo2UMDLjQ727thoKI6CI1O39Ra6anxzA05IGgFWA2
GTvdHLoiVla3TxVwyDKwsrJ9gS2iXsNzV3MMOFQmSjLCycYBBwAEY3lMD1rb2KLLbdRtwqjbBBmV
Yg4itRgMeizcmoYoSnjxYgMAsLy8hQ8/WOhsw4iISDVWq7nTTaArQqfTolwWEQ7HEY+nWu5WEA7H
kExmAABanRZiub5KnK4enruUsZ5fZaFkEWKTErK9hHL40YpCSUIqX0Y6L6J8jlI1tbajppIoIZ0v
I50vo1iWTvW7DDfoosxdn6j+985OCHKLh0upVEYylUEmk0P5HBcjxWIZ6XQW6XQWpVL5zNsBAFGU
kMnkkEqdb1tqvTdZlpHJ5pFKZSG38MFe1s9CkiSkMzkkkxnkcvmW/8aI1JTPF5BMZpBOZ891XKuh
XBaRzuSQSmdRLJbOta3TnmdOwuOVzmpycrj63xsbuy3/3trGzpttnLJry6Fu+q5S8xhS47wlSVL1
HHHe8w3QuWukdrat27GCQ2XBWL7m5wGHEZFUsfqHWSxJOEgX0W8zNPr1hvIlCeuhLCKpIkpHb/w1
gN2kw2i/GUPOk8uTzrOdUKKAl8FMzWt3/X2wGGq720TTJSwGUjWvLYzb4bQ0nppRloHtgxyC8QIy
+dqbDJNBi0GnERMeM7RCfYQhA/jmRbTmtbF+EyYH2E2F1GMyGWG1mqtfBqVSqelUo6FQFM9fbCAY
fDM9sUYDDA15MHd9Cl7vyX0lJUnC2toO1tZ3EI2+GTEdmsoI7HOzExgeHmj5PaQzOSwtrmFze+/N
kx8NMDzkwcLCDFwtPkU6z3v79vsnOIgkAAD/83/8BFtbe3jybAXZTOWc+ckndzAyXD+Q62X8LA5F
o0m8eLmBwE4IkvjmnGw0GjA1OYTr1ydgNnPcJro4+XwRyytbWF/fQS57ZOa313/L169Pwud11/1e
OBzD9395BgCYmhrGrZvXFPeRzuTwhz88AAD4fG689+5NxXWDwQiWX21hby9Sc9PjdjvgnxqB3z8C
QVB+Nnfa88zy8iZeLm8BAN5/7ya8Dd7rIR6vdF7eARcikRji8TRW1nZw69Y16HTNb8Xy+SI2N4OV
3/e6Tz2YZDd9V6m1nbOet44rFktYXFrD+voOisU39yBerwvz81MYGvTgD398gHQ6h4EBJz54v3kF
bzuvkU5z7jpv23oRAw4V5UsS4tna5G/EbYQoyYimi9XXgrFCywFHJFXEs+0UpEZVFjKQypXxPJDC
fryAhXF7wyBAje2IMmpDEaBh4irJct16kkIxRqEk4dFmsi7YOJQvitgIZbEfL+Dtyb76AUQbtOmU
hR9ELdEcOR4aHkOoJO2LS2t49my1wTJgdzeC3d0I3n77Oq7PTjTYQkWxWMKfvn5Y/aKr3RAQ2o8i
tB/FzMw43nl7DidNjrC3d4C//PAMonjs4Hjdpr29A3z2s3fh8TgVt6HGeyvki8hkcgCA5y828PTp
SvOG4/J+FgCwuhbA/QdLNYMkHyoUinjxchPrG0H89NN34HZzgEhS38FBAl9/8yPy+WLdsqN/yzdv
+rFwa7pmeX9/H8plEYVCEaurAdy84VecqSUYDFePfZ+vv+E6kiThwV+fY21tp+HyaDSJaDSJtfUd
fPrJ2zAp9Dk/7XmmVBar69edF47g8UpqkCQJ09PjePBgCeVSGYGdECYnhpv+ztbWm8FFp6dHkcu1
Vgnebd9Vam3nPOeto9LpHL764/1qgHBUKBRDKBTD7dvTiMWSKBbLsDuUhxfoxDVSq+cutf4Oeg0D
DhUFY/maA1enE+CyGZAvSTUBRyRVRFmUodM2vxpP5srKocQx0XQRS4E0Fsbrk121tqOmsiTjr+uJ
hrPNHJcrini0mcB7004InOqO2iyfLyCdygIA9HodjMbG1RtPn61iaakyIGlfnw03b/jhdNkhiRIO
ogk8ebqCQr6IH398CWefHT5ffdouy8Cfv31cvaF3uRyYn5+Ew26FIGgQOUjg2eIqspk8Xr3agtls
wI15f9P2f/v9EwiCgLm5SQz6+qHTa5FOZbG4tIZUKgtJkvHgr0v45S8+UgwI1HhvNdt7/cXt87nh
clUuZI4/tbnMn0UkEsf9+0sAKn9Tt2/PYMDjhCAIyGRyePFyA/v7URQKRfz3Nw/xP371k6ZVQ0Sn
lcnk8Mc//bXSPUsDzM6MY2J8CGazEflCEXvBCJ4trkKSZCwursHt7sPIkUopQRAwNTWMFy82kMsV
cHCQUAwGt7f3K7+jFTA85Gm4zsMfX1TDDavVjJs3/XC7HBAEAclUBsvLmwiFYohGk/jjn/6Kn3/+
/onTbLZynmkFj1dSiyhJGB/z4eGPLyCJElZWAk0DDlkGXq1UntIbjHoMDw1g+dVmS/vqpu8qtbZz
3vPWIUmS8M2ff6yGG44+K+auT6LPYYMoSojFk3j+fB1Pnpz8IEatz7pmeyqduy6ibb2CAYeK9uK1
qeqA3QANKt1UXu5mqt1UJEnGXqJw4pSxL3bSdaGEt88Im0mHYlnCXqKA8pGShXCygFjGBJdVfyHb
UdOrYKYu3LCYdPDYDNBogFimiGT2TWVHtiBiM5zDFGdJoTZber5e/e/x8cGGTylD4Vj1C8TjceKn
n74Dvf7N6dXptMPT78Tvfv8tZBn48fFL/OoXH9ZtZ3NrF/v7lW5XQ0MefPLxnZpybIfDhqHBfvzu
99+jUCji6bNVTE4Mw2JRPpcYDQb89KfvwO1680TE0+/EyIgXv/v9d8hkcojH00gkGg94ptZ7q2mT
0YBPPr7TtFLiMn8WL5ffXKB+8MFCzQWYw2HF4KAHf/7uEQLbIeRzRWxuBTEzPa74vohO6/nz9erY
M+/eu4Fr/tHqMovFBLfLAavVjO++fwqgMoPD8RuF8bHB6gDMgZ1Qw+M5l8sjFIoBACbGB2uOl0PB
vQhWVgIAKhfgn3/2bs3NjcNhxfDQAH744Rk2NoOIx9NYWlrD7dszTd9jK+eZVvB4JbWIogSDQQ//
5DBWVgOIROKIxVOKXSPD4ShSrx+wTE+PQafTNn1af6jbvqvU2o4a5y0AWF3bQTyeBlDp/vazv7lX
8/l4vS6Mj/nwxz89RCKRrvv9ozp1jdSKi2hbr+AgoyqJZ0vIHbth9/VVSij1Wk1dWHA8DDkumi4i
fazrxvSgFbfG7JgcMGN2yIr3/E5otbX/C/ePDWKq1nbUlC9Jde/fadXjvWt9mB604JrPgnt+J7x9
tSWoO7H6MjKii1IqlfHk6Sssv+7jqNVWnvw38uTpq+p/v/fuzYYX8X19NkxNjgAA4rEUDqL13S5e
vKxcBGg0lS/vRn3NzWYT7tyZBQDIkozdI/0pG3nv3Rs1N/SH9Hod/P6R6s/JVKZuHUC993bUvXvz
J35xX+bPIhp7PZaIBhgarC/Z12iAG3NT1Z8PDpJ16xDF4km8XN488V+jQfNEScLgkAdDQx7FJ8jj
40PQvq6S2A9F65a73Q44+ipl25ubwYaD4AWDB0e2N9hwP4cX4EDluGr05FYQNHjnnTkYXlfQvVje
bFiiflQr55lW8HgltRyOOzF15Ptmfb1xtywAWFt/MxDp1OsBSlsJOLrtu0qt7ahx3gLeVMUAwL27
8w0/H7PZhPffUx4v6FCnrpFacRFt6xWs4FDJ8Rt2vU6Ay/bmS9rbZ6jpppLMlpAtiLAYG5dYhpK1
X9yCoMHIsYoPk0HAkNOIwEGu+lo6XxuyqLUdNYUShboLodkha133kymvBaEjQUuxVJllxWbiny2p
Y3//oNIn9AhZkpHNFxAORasXEoJWwE8/fQd2W30FUTqTQyQcBwAMDvbD0aSf5ti4D2uvL2YikTj6
3X3VZclUBvFYZYDesVFf00oEn9ddnR4sl2se/A0MKA8cZT2yj6MDbB1S6701an8zl/2zMBr0yCAH
yEAimWn49M7l6sP/+/efvf6JXfOo3kEk0Xh8mmOGhjx1ocH779068fc0GqCvz4roQRKSKKFcFuu6
hfgnR/Do8bJiN5WtQKV7itFoaHjcp9M5hF8fVwMDTvT3K583DAY9ZqbHsLi4BkmUsLd/0HRGiVYG
GWwFj1dSi/h6ULp+dx/cbkdlXJm1HSzcmq67+cznC9jcrAQcQ0Oe6vWHpDSw3Wvd+F2l1nbUOG+l
MzkkE5WHGG63A+4m1yoWS/NpWDt1jdSKi2pbr+CdogokWUYoURskDDgMNYfn8W4qALAbK2B6sHGX
i6PdM4DKLCeNBhAddplgPRKS6I+N66HWdtR0fCBWg16AQSfUTQ2r12qg0WhqPrNUXmTAQapJpbLV
8k8lg0Me3Lk9ozhy+eGNOIATR7F2OGzV/07Ea8sej27H42k+mrXFYsIX/+uTpuu04mhVhNTgqZBa
7+20LvtnMT4+WJ0R5utvfsTCzWkMD3tgNL4ZfFqjwYmj69PVJgiaE8ehANDy2FW5fAGlYqmmy6pY
871cX6ExOurDo8fLAICd3dpuKvl8EXt7laqqqanhhlVY0dibgKbRLErHDfr6sbhYqfg4OIifecrM
0+DxSmo5Wn0xPT2GH35YRLksYmcnVDOFLPB6cFH5cN3RhttopBu/qy7yGDrteSuZfFOhOdigmuQ0
OnWN1Ipubls78GysglCyiPKxE47XUdu94rCbytEqjv1EXjHgKBy72TfqG/cmspm0sJmUL3DU2o6a
CqXaNhVLUt10r0qOz5pCdB5mixF9ffXBxf7+AWRJhl6vw08+vN2wrO9QNvumauDJk1d48uSV4rpH
5Qu1oejRcmuz5eRpn9tBrfd2Wpf9s5idGUc0msTW1h6ymTz+8kNlus1+Tx+GfB74fG54PE7FWSmI
AMDvH8W9u/Pn2kYslsTq2g62t/dROMNxa7OZ4fW5EdqPYmMziNsLM9W/2739SPXeYmzM1/D387k3
+7Q1qJA77rBaCwAyDWY/uAg8XkktkvimOnps1IeHD1+gXBbxamW7JuCoDC66DQAwm40YGnwzOO9J
AUc3flepfQyd57xVLJzunNNMp66RWtHNbWsHBhwq2IsdG69CU6lSSByrVDj+7KNQknCQLjacMlY8
NijoSTOuKFFrO2oqiyfP5qLk+PshOo+RYW/DG4RHj5fx4sUGSqUyll9t4eYN5dk5ROls3blEsfb3
ykd+1mnbEzaeRK33dlqX/bMQBAEffXgbExODePlyszoI42GXg2eLq7BaTbhxw4+pyREICtN/E52V
LANPF1ewtPhm/AutVkBfn63SneX1jUYkEke51Hgq90NTk8MI7UeRy9Z2UwkEQgAAu90Ct6txyXOp
/GbbWt3Jw8IdrVgplurHFrkIPF5JLdKRiuTDsZ+Wl7dwcJBALJaszphxdHDRmemx2gpDuXnA0Y3f
VWptR43zVrms3vVFp66RWtpHF7etHRhwnFOxLCGaOfYlKwMboeZl74eCsULDgEMQNDUzn5zQ5U6R
WttRk4Zf/tTl5q5PYmVlG+WyiKWlNfinhhWn6Dr6xGF+fvLELhWHjveJP/pFW+6SLxi13ttpXZXP
YmTYi5Fh7+u+sjGEI3EEgxFks3lkMnncv7+E7UAIH3/0VktdEYha9erVVvUmweNx4vbtGXj6nXU3
Fv/15Q+IROJNtzUyPACNoIEsydjZDcPjcaJYLGFnNwwA8PtHFKdd1h/5u27UNey4o0+vDU0q6y4C
j1dS29TUSHUg8/WN3WrAcThlMjTAxKTyNLKNdPN31Xm3o8Z5S3tku60M2NpMp66RWtHNbWsHBhzn
tBsrAA1GDm9VJFVEWZKhO3ZwGnRCTX+y4+NTtEqt7ajJoNXgaPxjMmjx4UxrBx4rQKkdTCYDbtzw
48mTVxBFCYtLa7h390bDdY2GNwGlxWJqOCVZK4zGN18qJ80O0C5qvbdT7/eKfRY2qxk2qxmTk8OQ
5crTu/sPlpBKZbEXjODVyjbmFWbwITotSZLwbHEFQKUL2PGpA0/LYNBjfGwQm5tBbL7uprL3upsf
UBmnQ4nJ9KYLWiaTU1yvuk72zTpKofNF4/FKanE57fAMOBEJx7H6erBRURSxuRUEUOnGYm0yyHYj
vfBddZbtqHXeMh65gc+eMDD5ydvqzDVSK7q5be3AaWLPae+c06lKkoz9BlPGOo4NpJnIlRrmKIFo
Ht+9ilX/PdmqnVpJre00Kro4a1cTh7k2HcwXRSRzZWg0aPhPkuXqfxO1y8z0GIymyhfEykoA8Xiq
4Xp9fW9Gpt7fb20smYbbOTKI6UnTdEmSjGAwgmAwgphCu9Sg1ns79X4v8WeRzxcRj6cQj6caTt+p
0VQGBPvwg9vV17a39868P6LjkqlsdaagkWHvucKNQxOvp4DNZvM4iMYR2Kl0T/EMOBvOPnXo6ODN
e/sHiusdOpwVAEDTGVfUwuOVLtrMtTEAgFgWsR3Yx+aRwUWv+Ueb/GZj3fZdpdZ21DpvHZ1NJKQw
jWyrOnWN1Ipubls7MOA4h2SujGy+to+Xx2HArXGH4r+bY/a6QXSCDQKOAUdttxVRlLF/LEyRZGA3
mkeuIFb/XdR29Nr6P5WDdP2T1VYCH5+zvkvO0k6qYXVJsSzhx40kXu1l6pYRXSS9XoeFW9PVn4/O
J36U02mH2Vx5ChkIhJBMNh+BulAo1nQbO9TnsMFur9wIbG3tNR04Kx5P4U///RB/+u+H2H1dBn4R
1Hpvp3WZP4u9vQh+9/vv8Lvff4f1jV3F33e57NVQt9DgopDorMpHxr0oNRlfo1gsIZ1prbutz9cP
g6Fyw7Gxvlsdf2PqhPJ6u90Kp6sScuzuRmpmOKhvt1gdeFGjqcyoctF4vNJFGxnxVo+dlZXt6t+4
1WaGz3f66UK77btKre2odd6y2SxwvL7539+PIpVWXvfoQJ2NdOoaqRXd3LZ2YMBxDsFY/R/+qNsM
r8Og+M/XZ4TLWlvBkMyWkC3WhgoehwEmQ23/sxe7aSwHMwjGC9iK5HB/NY70sYDF21c744Ba27Gb
65PSzXAOL3bT2InmsRHO4ofVOEINwprj7CYdPMeCl1xBxHev4lgOZrAby2MnmseL3TS+exVHMlvC
diSHzcjJ5atEapqaHIbt9Y327m6k4RNGQRAwPz9V/fn7H541fEoBALlcAX/801/x9Tc/1nW90GiA
67MTACp90R89Xm5YbSWKUk3YMnyBZYdqvbfTusyfxdF+sKurAcULtchBovqenX22husQncXRkvfA
Tqhh15BisYTvvn9aM8tJs4tfrVbA1NQIAGBlNQBJlKDRnDz1q0YD3Jh7c1w9+OtSzSCARz1bXK22
9dq1MVhOWbp/Fjxe6aLpdFr4X1dqRKNJpF8PLjo7M36mmXm67btKre2oed6amR6v/vePP75ouE6h
UMSDvy41bOuhTl0jtaKb29YO2rt37/7vTjeiF8kysLSbrjko9DoB14dtOOl0JMkyIqnaPyBBEOC2
vQk+NACsRh32jgQGslypGokki4imS3VTpvZZ9ZgdtNa8ptZ2tIIGiWwZuWNBTCpXxkGqiFimpDi+
x6DTBPOxkMVl1WM/UaiZFUWW5Uq7UkUcpIpI5cqQj9zVFMsyRlymmq4qG+Ha5LXPqq/5HFtdh66O
VCqLra1K+aPb3df0plgQNDAZDdgO7AMAEokMrvlH6i46XC47wgdxZDI55HIFBHZCMBkN1acyuVwe
m1t7+O77J0inc8jlC5gYH6zpfw5UEvfgXgS5XAHxeAqxWBJmiwmCIKBUKiMUiuK7758gEql025id
HYf/9U3FURsbu9Uv//n5KWgVRgpPJNLV9zY05GlY8q3We2u1TZf9szAY9CiVyzg4SKBQqAzEqNUK
1XLbbK6A7e19PHiwVB3N/O0712G3W+vaQ1fPac5fSvR6HeKJFJLJDGRJxnZgHwa9HqIoIZ3OYjuw
j+/+8hTxWG2Xr2vXxpoOQKfX694MjghgdMzb8Jg8rq/PhkQyjWQyg0wmj739A5jNRuh0OkiShHg8
hUdPlrG6GgBQmSr2Jx/dbngsn/Y8Ew7HqmXqkxND1cqxQzxe6byOHrP9/X0YGvLUrWOxmKqVG0Al
+Hv/vVvQ6eofLm4H9pFIVJ7G+/0jDYO+bvquUms7ap63nH127OyEUCgUkUplEY7EYDQaoNFokM0V
sBsM4y8/LFY/ZwCw2S2YnBi6kM8aUP/cpWbbehEHGT2jcKpYM3gnUOkO0krWOuAw4uVupubmfT9e
wLSv9o/TbdNjbsSGF7uZEwcydVj0eGvc0XCZWtuZHbLiwVoZ5SajDrttBkQbdF05zqAT8M5UHx5v
JpFt0CXmuD6LHrfG7RyHg9pubMwH90sHotEkYrEkNreCmJyoLbsWBAEff/QW/vzt40rJYyqLb797
0nB7RqMBP/nJWzV9z2u285M7+MMfHyCVymJ3N6zY7cI/NYI7b82e/w2eQK33dqb9XtLP4q3bM8hk
cwhsh5BMpPHDD4uK+7x189qFVqbQ1fTO23OIxZLIZPLIZQv44X7936DX64JGo6n2385kc7DZzIrb
7Hc7YbdbqtNbTo7X3wwoef+9WxBFEbu7EUSjSfz31z82XM9qM+NnP73b1pH+ebzSRXM4rPD53NVj
bWJi+Fw3md32XaXWdtQ6b2m1Aj7++A6+/PIH5PNFhEKx6tS1R42N+bC9va/YVqBz10it6Oa2XTRW
cJzRyl6mrprhms9aV6nQSKNqCFGS0WfR1f2+3VzpzlEoSSiUpbp8wmTQYnLAgrkRG7RNpl9VYzt6
nYCBPgOyBanuvet1AvxeC6YHrdgM15aNNargACrjegy7TdBqBeSLUsNBS20mHSa9FswN2+pmmgFY
wUGnd9onoBqNBharCZublVHNo9Ekrl0brZmXHgC0Wi0mxgdhtZmRTufqxo3Q6rSYnRnH++/davoF
otfrMDU5DEHQIJXO1JVru1wO3L07hxvzU4rlq2pWLaj13k77dAK4vJ+FRqOpjI5vNSPVYBsA4PO5
8e67N+D3n/wEnK4ONSo4gMqxNTE+hFK5jHi8dlBxs9mIhYVp3H1nDqVSGXt7la55VqsJPq/ymAAa
DSCKIvb3o9DptLh370bdeVKJIAgYHx+EzWZBJpOtK5M2mQ24fn0CH7y/UO1X3shFPAXl8Urn0UoF
B1DpluYCmQAAEPxJREFUqnJ4M/3O23OwWhuHia1UcADd9V2l1nbUPG8ZDXpMTAyiUCghkait+rDa
zLj79hxmZ8bx4uUmAMCuUMEBdOYaqZVzl1pt60Wa3/72t5dnRJFLTpRkZAoiimUJgqYSSlhaCFQu
YjvFsoR0XoQkyzDqBdhN5y8GKpQqwUlZkqHXCjAZBBh1HCaGelM2m0c+X4AkyTCZDDCZjE3nh29E
lmWkMzkUXl/sWyymtvQ7P4ka7+20LvNnkcvlkcsVUC5L0Om1sFnNl2Yueup+5XIZyVQWYlmE0WiA
3W45U99/NR09roxGA2w2c8fbdIjHK/WibvquUmM7ap63KgOT5iCJEkwmA2yvZ35Kp3P4P//f1wAq
IcIHHyy0tL1OXCO1qpvbpiYGHERERERERESv7eyG8PXXjwBUus7cunWtwy2iVvHxOBEREREREV0J
S8/XsdNkanlJkvHy5Vb1Z+8ZpuylzuEgo0RERERERHTp7eyE8OTJK2g0wK1b05iZrp1pJZcv4NGj
5eoYF16vC94Bl9LmqAsx4CAiIiIiIqJLr7/fWZmeOpHG06crWFxchWfABZPRgHy+gHA4Vp2MwWwx
4v33Wxt7g7oHAw4iIiIiIiK69EwmAz7/7F0sLa1heWUbkigh9Hpa2aPGxwfx9tvXYT7HlL3UGQw4
iIiIiIiI6EowGPS4c+c6bt68hshBHLFYErlcETqdAJvNAu+AW3HqVep+DDiIiIiIiIjoStHrdRga
9GBo0NPpppCKOIsKEREREREREfU8BhxERERERERE1PMYcBARERERERFRz2PAQUREREREREQ9jwEH
EREREREREfU8BhxERERERERE1PMYcBARERERERFRz2PAQUREREREREQ9jwEHEREREREREfU8BhxE
RERERERE1PMYcBARERERERFRz2PAQUREREREREQ9jwEHEREREREREfU8BhxERERERERE1PMYcBAR
ERERERFRz2PAQUREREREREQ9jwEHEREREREREfU8BhxERERERERE1PN0pVKp020gIiIiIiIiIjoX
VnAQERERERERUc9jwEFEREREREREPY8BBxERERERERH1PAYcRERERERERNTzGHAQERERERERUc9j
wEFEREREREREPY8BBxERERERERH1PAYcRERERERERNTzGHAQERERERERUc9jwEFEREREREREPY8B
BxERERERERH1PAYcRERERERERNTzGHAQERERERERUc9jwEFEREREREREPY8BBxERERERERH1PAYc
RERERERERNTzGHAQERERERERUc9jwEFEREREREREPY8BBxERERERERH1PAYcRERERERERNTzGHAQ
ERERERERUc9jwEFEREREREREPY8BBxERERERERH1PAYcRERERERERNTzGHAQERERERERUc9jwEFE
REREREREPY8BBxERERERERH1PAYcRERERERERNTzGHAQERERERERUc9jwEFEREREREREPY8BBxER
ERERERH1PAYcRERERERERNTzGHAQERERERERUc9jwEFEREREREREPY8BBxERERERERH1PAYcRERE
RERERNTzGHAQERERERERUc9jwEFEREREREREPY8BBxERERERERH1PF2nG0BERES9TxTFc29Dq9Wq
0BIiIiK6qhhwEBER0alIkgRRFKv/9Ho9XC5Xdfng4GDL29rb26v+dyaTQSaTgVarrf4TBBabEhER
UWsYcBC1SalUQrlchizLEAQBBoPh1BfuoiiiWCxClmVoNBoYDIZTP/GUJAnFYhGSJEGj0UCn00Gv
159qG0R0NR2eg8xmM8bHx+H3++HxeGAymVTbRz6fRyQSwdraGvb395FMJqHX66HT8ZKFiLpLuVxG
qVQ613UZEamLVwtEbVAsFuH1enHv3j04HA4EAgH85S9/gSiKLX8RlstlmM1mfPjhh5iensbKygp+
/PFH5HK5li/8RVGEIAj49NNPMTo6imQyiQcPHiAUCsFgMJznLRLRJSZJEgqFAvr7+3Hv3j2Mjo5e
2L5MJhNGR0er+wgEAnjw4AEODg5gNBpZ0UFEXeHwuuzjjz+G3+/H6uoqHj58eKrrMiJSn+Yf//Ef
5U43gugyO6yU+Id/+Iea17e3t/H73/8eFoulpe2USiX85je/qXlSms/n8c///M8tV2Bks1n87d/+
LQYGBmpe/6d/+qdqZQkR0VGHlWcff/wxrl271rF2BAIBfPnll9XKMyKiTjkMN7744oua67JkMol/
/dd/ZWUsUQfxbobogomiiOnp6brXx8bGYDabIcsnZ4yiKMLpdNaVgZtMJjidzpYG95NlGWazuS7c
AIDp6WlVBggkosvl8CL+17/+dUfDDQAYHR3Fb37zG5jNZpTL5Y62hYiuLqVwAwAcDgf6+vp4TUXU
QQw4iC5YswDDZrNBkqS2tEOSJNhsNsXlrQQtRHR1HL2I93q9nW4OgEqo+8UXXzDkIKKOaBZuHCqV
StBoNG1uGREdYo0nERER1ZAkCbIs46c//WlLA4gGg0EcHBwgk8kgm80im822vC+LxQKLxVKtMBsa
Gmq6vslkwq9+9Sv8y7/8CyRJYtc6ImqLVsKNQCCARCLRcvdjIlIfAw4iIiKqUSgUcPfu3aaVG4lE
Ag8fPsTW1hZKpRK0Wm3NU0tBEE58inm0jFuW5erPfr8f8/PzimGH3W7Hp59+ij/84Q8wm82neWtE
RKfWSrgRDofx5ZdfqjqrFBGdHgMOIiIiqhJFEf39/bhz547iOvfv38fjx4+h0+nONdV0o1mkJEnC
1tYWVldXMT8/j48//rjh7/r9fjx58gTJZJKDjhLRhWk13Pj3f/93aLVaVpURdRiPQCIiIqoqlUqY
nZ1VXP7ll1/i8ePHMJvNMBgMql/MC4IAg8EAi8WC5eVl/O53v1Nc9969eygWi6run4joEMMNot7D
o5CIiIgAoDpd9I0bNxouv3//PtbX12E2my98ED2NRgOTyYTd3V188803DdcZHR2F1Wpt22DNRHR1
MNwg6k08EomIiAhApXvK2NhYw2WJRKJaudHOGQKMRiNevHiBYDDYcPnIyAinZCQiVTHcIOpdPBqJ
iIgIQCXgmJiYaLjs4cOH0Ol0bZ/+UKPRwGAwYGlpqeFyv9/PKWOJSDUMN4h6G49IIiIiAlAJOJRm
TgkGgx0bzFOr1WJ7e7vhMo/Hwy4qRKQKhhtEvY9HJREREQGozGDicDjqXk8kEshmsx27mNdoNBBF
EYFAoG6ZyWQ68ywuRESHGG4QXQ48MomIiAiyLMNmszVcdnBw0PGLea1Wi0gk0nCZ0+nkOBxEdGYM
N4guDx6dREREBEmSYLFYGi4Lh8NdcUFfKBQ63QQiumQYbhBdLjxCiYiIqOtptVoGHESkKoYbRJcP
j1IiIiLqCdFotOHrbre7zS0hol7HcIPocuKRSkRERCfSarWdboIio9HY6SYQUQ9huEF0efFoJSIi
IiKiK4HhBtHlxiOWiIiIiIguPYYbRJcfj1oiIiIiIrrUGG4QXQ08comIiIiI6NKSJAn5fB6/+MUv
FMMNAPjP//xPaDQahhtEPYxHLxERERERXVqCIMBkMuE//uM/kM/nFdf7+c9/DlmWIUlSG1tHRGpi
wEFERERERJeaTqdDLpfDv/3bvymGHF6vF7/+9a8hiiJDDqIexYCDiIiIiIguPYYcRJcfAw4iIiIi
IroSGHIQXW4MOIiIiOhEoih2ugmKCoVCp5tARD2EIQfR5cWAg4iIiHqC2+1u+Ho0Gm1zS4io1zHk
ILqcGHAQERFR1xNFEUajsdPNIKJLhCEH0eXDgIOIiIig1WqRzWYbLhsaGoIsy21uUT0GHESkNoYc
RJcLAw4iIiICAKTT6YavO53Ojo/BIYoiPB5Pw2XxeBxarbbNLSKiy4IhB9HlwYCDiIiIAFSqOMLh
cN3rDocDFoulY1UcsixDq9VidHS0blk+n0e5XO5Aq4joMmHIQXQ5MOAgIiIiAIAgCA0DDgDw+/0d
CxJEUcTY2FjDZZFIBILAyxkiOj+GHES9j1cEREREBKBSwREMBhsuu3HjBmRZbnsVhyzLKBaLePvt
txsuX1tbY/cUIlINQw6i3saAg4iIiABUAo7t7e2GyxwOB27fvo1CodDWNhWLRdy6dUtxithAIMCA
g4hUxZCDqHcx4CAiIiIAgEajgSzLWFpaarj8nXfewcTEBPL5/IVXcsiyjEKhgPHxcXzwwQcN11lZ
WUEul2MXFSJSHUMOot7EKwIiIiKq0ul0ePTokeLyzz//HG+99RZKpRLK5fKFBB3lchm5XA7z8/P4
/PPPFdd79uwZDAaD6vsnIgIYchD1IgYcREREVKXValEoFJqGHHfv3sXf/d3fYXp6GrIsI5fLoVgs
olgsQhTFU/87/N1cLgdJkjAxMYG///u/V6zcAIBHjx7h4OCA3VOI6EIx5CDqLbpON4CIiIi6i8Fg
wP379zEyMoKBgYGG6zgcDnz00Uf46KOPEI1GEY/HEQ6HIcvyqWZb0el00Gg0GBgYgNPpVBxr46hw
OIzHjx/DaDS2vB8iorM6GnJ88cUXMJlMdet4vV588skn+Oqrr2CxWDrQSiICGHAQ/d/27h2nlSQM
wOhf3bbFUyBLBAQk3gHbYBfsZFaEiJyQgIjIiCAxFohXYCRAIEDgxwQjuKPLhTF3wJ4azpGc2FKr
Eru7P1dVA/CTlFJMTk5Gs9mMlZWVNyPHs3q9HvV6PRqNxpeP7eHhITY2NiKlZO8NYGSGiRyNRiN2
dnai1+v5fYIx8c2DL5ZSevOz29vbkZ0Ai6KI29vbNz9/b5zA91MURaSUotlsRqfTGfdwIuKvmRtr
a2vR7XajUvEfDTBawyxXqVQqI3+cNvCDwAFfrCzLaLVar94/OTmJ+/v7ocJCWZZxdXX16mT68PAQ
V1dXQ61BTynF/f39L29UWq2WdezAK5VKJcqyjPX19Xf35BiF3d3daDab4gYwVu9FjouLi7i+vnZN
BWNULi8v/zHuQcD/WUopnp6e4uzsLObn56Msyzg6OorNzc2oVqtDz+AYDAbRbrdjYmIi6vV6HBwc
xNbWVnS73aGPURRFtNvtmJ6ejqmpqbi8vIytra24ublxwwD8UkopqtVqnJ6exv7+fpRl+Y9LVj7T
3t5ebG5uxuHhYVSrVTcOwNgVRRGPj4/RbrdjdnY25ubm4uDgILa3ty2fgzFLq6ur5lDBCPz9kYpF
UUStVvvwCfD5aQODwSBSSlGr1T58sd/v9+Px8TH6/X6klKJSqUS1Wv3QMYDvqdfrRbfbjZRSLC0t
xeLiYiwsLHxq8Oh0OtHpdOL8/DyOj4+j3+8LG8B/0mdclwGfS+AAAD5kMBi8POK13+9Hr9eLWq0W
8/Pzv33Mu7u7l32JyrJ8edkfCAAYljnpAMCHPM/++nlp283NzW8fsyzLmJmZ+bdDAwC+MYEDAPgU
pmYDAONkBxwAAAAgewIHAAAAkD2BAwAAAMiewAEAAABkT+AAAAAAsidwAAAAANkTOAAAAIDsCRwA
AABA9gQOAAAAIHsCBwAAAJA9gQMAAADInsABAAAAZE/gAAAAALIncAAAAADZEzgAAACA7AkcAAAA
QPYEDgAAACB7AgcAAACQPYEDAAAAyJ7AAQAAAGRP4AAAAACyJ3AAAAAA2RM4AAAAgOwJHAAAAED2
BA4AAAAgewIHAAAAkD2BAwAAAMiewAEAAABkT+AAAAAAsidwAAAAANkTOAAAAIDsCRwAAABA9gQO
AAAAIHsCBwAAAJA9gQMAAADInsABAAAAZO9PdO74KRKiwJ0AAAAASUVORK5CYII=
" width="800px"&gt;</msg>
<status status="PASS" starttime="20230718 08:48:03.080" endtime="20230718 08:48:06.498"/>
</kw>
<msg timestamp="20230718 08:48:06.498" level="INFO">criteria is com.android.permissioncontroller:id/permission_allow_button
criteria is com.android.permissioncontroller:id/permission_allow_button
criteria is com.android.permissioncontroller:id/permission_allow_button
criteria is com.android.permissioncontroller:id/permission_allow_button
criteria is com.android.permissioncontroller:id/permission_allow_button
criteria is com.android.permissioncontroller:id/permission_allow_button
criteria is com.android.permissioncontroller:id/permission_allow_button</msg>
<msg timestamp="20230718 08:48:06.498" level="FAIL">Element locator 'id=com.android.permissioncontroller:id/permission_allow_button' did not match any elements after 5 seconds</msg>
<status status="FAIL" starttime="20230718 08:47:55.931" endtime="20230718 08:48:06.503"/>
</kw>
<kw name="Click Element" library="AppiumLibrary">
<arg>${permission}</arg>
<doc>Click element identified by `locator`.</doc>
<status status="NOT RUN" starttime="20230718 08:48:06.503" endtime="20230718 08:48:06.503"/>
</kw>
<kw name="Wait Until Element Is Visible" library="AppiumLibrary">
<arg>id=tv_why_user_title</arg>
<arg>10</arg>
<doc>Waits until element specified with `locator` is visible.</doc>
<status status="NOT RUN" starttime="20230718 08:48:06.503" endtime="20230718 08:48:06.503"/>
</kw>
<kw name="Wait Until Element Is Visible" library="AppiumLibrary">
<arg>id=v_click_why_buy</arg>
<arg>5</arg>
<doc>Waits until element specified with `locator` is visible.</doc>
<status status="NOT RUN" starttime="20230718 08:48:06.503" endtime="20230718 08:48:06.503"/>
</kw>
<kw name="Click Element" library="AppiumLibrary">
<arg>id=v_click_why_buy</arg>
<doc>Click element identified by `locator`.</doc>
<status status="NOT RUN" starttime="20230718 08:48:06.503" endtime="20230718 08:48:06.503"/>
</kw>
<kw name="Sleep" library="BuiltIn">
<arg>5s</arg>
<doc>Pauses the test executed for the given time.</doc>
<status status="NOT RUN" starttime="20230718 08:48:06.503" endtime="20230718 08:48:06.503"/>
</kw>
<status status="FAIL" starttime="20230718 08:47:33.036" endtime="20230718 08:48:06.503"/>
</kw>
<kw name="Close Application" library="AppiumLibrary" type="TEARDOWN">
<doc>Closes the current application and also close webdriver session.</doc>
<status status="PASS" starttime="20230718 08:48:06.503" endtime="20230718 08:48:07.566"/>
</kw>
<status status="FAIL" starttime="20230718 08:47:00.542" endtime="20230718 08:48:07.566">Element locator 'id=com.android.permissioncontroller:id/permission_allow_button' did not match any elements after 5 seconds</status>
</test>
<status status="FAIL" starttime="20230718 08:47:00.526" endtime="20230718 08:48:07.574"/>
</suite>
<doc>this test suite groups all test cases related to homepage feature</doc>
<status status="FAIL" starttime="20230718 08:47:00.226" endtime="20230718 08:48:07.574"/>
</suite>
<statistics>
<total>
<stat pass="0" fail="1" skip="0">All Tests</stat>
</total>
<tag>
</tag>
<suite>
<stat pass="0" fail="1" skip="0" id="s1" name="Tests">Tests</stat>
<stat pass="0" fail="1" skip="0" id="s1-s1" name="HomeTest">Tests.HomeTest</stat>
</suite>
</statistics>
<errors>
</errors>
</robot>
